mode: atomic
restaurante/main.go:21.13,23.42 1 1
restaurante/main.go:23.42,26.3 2 0
restaurante/main.go:26.8,28.3 1 1
restaurante/main.go:29.2,30.54 2 1
restaurante/main.go:34.32,37.6 2 1
restaurante/main.go:37.6,40.43 2 1
restaurante/main.go:40.43,45.18 3 0
restaurante/main.go:45.18,47.5 1 0
restaurante/main.go:47.10,49.5 1 0
restaurante/main.go:53.3,53.30 1 1
restaurante/main.go:57.45,59.95 1 0
restaurante/main.go:59.95,63.3 3 0
restaurante/main.go:75.13,92.13 5 1
restaurante/main.go:92.13,94.3 1 1
restaurante/main.go:97.2,97.11 1 1
restaurante/routers/router.go:9.13,132.2 4 1
restaurante/tests/http_utils.go:14.64,18.2 3 4
restaurante/docs/docs.go:3999.13,4001.2 1 1
restaurante/models/CambiosHorario.go:18.45,20.2 1 2
restaurante/models/CambiosHorario.go:21.13,23.2 1 1
restaurante/models/CambiosHorario.go:25.55,34.2 2 1
restaurante/models/Cliente.go:18.38,20.2 1 1
restaurante/models/Cliente.go:22.13,24.2 1 1
restaurante/models/Domicilio.go:25.40,27.2 1 2
restaurante/models/Domicilio.go:29.13,31.2 1 1
restaurante/models/Domicilio.go:34.50,47.2 2 1
restaurante/models/Incidencia.go:19.41,21.2 1 2
restaurante/models/Incidencia.go:23.13,25.2 1 1
restaurante/models/Incidencia.go:27.51,36.2 2 1
restaurante/models/MetodoPago.go:12.41,14.2 1 1
restaurante/models/MetodoPago.go:16.13,18.2 1 1
restaurante/models/Nomina.go:17.37,19.2 1 2
restaurante/models/Nomina.go:21.13,23.2 1 1
restaurante/models/Nomina.go:25.47,34.2 2 1
restaurante/models/NominaTrabajador.go:38.47,40.2 1 1
restaurante/models/NominaTrabajador.go:42.13,44.2 1 1
restaurante/models/Pago.go:21.35,23.2 1 1
restaurante/models/Pago.go:25.13,27.2 1 1
restaurante/models/Pago.go:29.45,40.2 2 1
restaurante/models/Pedido.go:33.37,35.2 1 2
restaurante/models/Pedido.go:37.13,39.2 1 1
restaurante/models/Pedido.go:41.47,53.2 2 1
restaurante/models/PedidoCliente.go:11.45,13.2 1 1
restaurante/models/PedidoCliente.go:15.13,17.2 1 1
restaurante/models/Producto.go:18.39,20.2 1 1
restaurante/models/Producto.go:22.13,24.2 1 1
restaurante/models/ProductoPedido.go:11.45,13.2 1 1
restaurante/models/ProductoPedido.go:15.13,17.2 1 1
restaurante/models/Reserva.go:26.38,28.2 1 2
restaurante/models/Reserva.go:30.13,32.2 1 1
restaurante/models/Reserva.go:34.48,43.2 2 1
restaurante/models/Restaurante.go:20.42,22.2 1 1
restaurante/models/Restaurante.go:25.61,27.16 2 2
restaurante/models/Restaurante.go:27.16,29.3 1 1
restaurante/models/Restaurante.go:30.2,31.12 2 1
restaurante/models/Restaurante.go:35.60,39.2 3 2
restaurante/models/Restaurante.go:41.13,43.2 1 1
restaurante/models/Trabajador.go:26.41,28.2 1 2
restaurante/models/Trabajador.go:30.13,32.2 1 1
restaurante/models/Trabajador.go:34.51,42.36 2 2
restaurante/models/Trabajador.go:42.36,43.33 1 2
restaurante/models/Trabajador.go:43.33,46.5 2 1
restaurante/models/Trabajador.go:47.4,47.14 1 1
restaurante/models/Trabajador.go:50.32,51.29 1 2
restaurante/models/Trabajador.go:51.29,54.5 2 1
restaurante/models/Trabajador.go:55.4,55.14 1 1
restaurante/database/database.go:19.21,31.16 8 2
restaurante/database/database.go:31.16,33.3 1 1
restaurante/database/database.go:35.2,38.12 3 1
restaurante/database/database.go:43.21,46.16 3 2
restaurante/database/database.go:46.16,49.3 2 1
restaurante/controllers/CambiosHorarioController.go:19.96,21.2 1 0
restaurante/controllers/CambiosHorarioController.go:31.95,33.3 1 0
restaurante/controllers/CambiosHorarioController.go:34.89,36.3 1 0
restaurante/controllers/CambiosHorarioController.go:37.93,39.3 1 0
restaurante/controllers/CambiosHorarioController.go:40.89,42.3 1 0
restaurante/controllers/CambiosHorarioController.go:43.71,45.3 1 0
restaurante/controllers/CambiosHorarioController.go:57.45,62.16 4 3
restaurante/controllers/CambiosHorarioController.go:62.16,71.3 4 1
restaurante/controllers/CambiosHorarioController.go:73.2,74.35 2 2
restaurante/controllers/CambiosHorarioController.go:74.35,80.35 2 3
restaurante/controllers/CambiosHorarioController.go:80.35,82.4 1 1
restaurante/controllers/CambiosHorarioController.go:82.9,84.4 1 2
restaurante/controllers/CambiosHorarioController.go:85.3,85.33 1 3
restaurante/controllers/CambiosHorarioController.go:85.33,87.4 1 1
restaurante/controllers/CambiosHorarioController.go:87.9,89.4 1 2
restaurante/controllers/CambiosHorarioController.go:90.3,90.33 1 3
restaurante/controllers/CambiosHorarioController.go:93.2,98.15 2 2
restaurante/controllers/CambiosHorarioController.go:111.55,118.26 5 3
restaurante/controllers/CambiosHorarioController.go:118.26,126.3 4 1
restaurante/controllers/CambiosHorarioController.go:126.8,126.23 1 2
restaurante/controllers/CambiosHorarioController.go:126.23,135.3 4 1
restaurante/controllers/CambiosHorarioController.go:137.2,142.40 2 1
restaurante/controllers/CambiosHorarioController.go:142.40,144.3 1 1
restaurante/controllers/CambiosHorarioController.go:145.2,145.38 1 1
restaurante/controllers/CambiosHorarioController.go:145.38,147.3 1 1
restaurante/controllers/CambiosHorarioController.go:149.2,155.15 3 1
restaurante/controllers/CambiosHorarioController.go:169.43,174.72 4 11
restaurante/controllers/CambiosHorarioController.go:174.72,183.3 4 1
restaurante/controllers/CambiosHorarioController.go:185.2,185.80 1 10
restaurante/controllers/CambiosHorarioController.go:185.80,187.17 2 9
restaurante/controllers/CambiosHorarioController.go:187.17,196.4 4 1
restaurante/controllers/CambiosHorarioController.go:197.3,197.29 1 8
restaurante/controllers/CambiosHorarioController.go:198.8,206.3 4 1
restaurante/controllers/CambiosHorarioController.go:208.2,208.48 1 8
restaurante/controllers/CambiosHorarioController.go:208.48,210.3 1 7
restaurante/controllers/CambiosHorarioController.go:210.8,218.3 4 1
restaurante/controllers/CambiosHorarioController.go:220.2,220.22 1 7
restaurante/controllers/CambiosHorarioController.go:220.22,225.3 4 2
restaurante/controllers/CambiosHorarioController.go:225.8,226.89 1 5
restaurante/controllers/CambiosHorarioController.go:226.89,228.18 2 4
restaurante/controllers/CambiosHorarioController.go:228.18,237.5 4 1
restaurante/controllers/CambiosHorarioController.go:238.4,238.39 1 3
restaurante/controllers/CambiosHorarioController.go:239.9,247.4 4 1
restaurante/controllers/CambiosHorarioController.go:249.3,249.83 1 3
restaurante/controllers/CambiosHorarioController.go:249.83,251.18 2 2
restaurante/controllers/CambiosHorarioController.go:251.18,260.5 4 1
restaurante/controllers/CambiosHorarioController.go:261.4,261.37 1 1
restaurante/controllers/CambiosHorarioController.go:262.9,270.4 4 1
restaurante/controllers/CambiosHorarioController.go:273.2,273.60 1 3
restaurante/controllers/CambiosHorarioController.go:273.60,282.3 4 1
restaurante/controllers/CambiosHorarioController.go:284.2,289.34 2 2
restaurante/controllers/CambiosHorarioController.go:289.34,291.3 1 2
restaurante/controllers/CambiosHorarioController.go:292.2,292.32 1 2
restaurante/controllers/CambiosHorarioController.go:292.32,295.3 1 2
restaurante/controllers/CambiosHorarioController.go:297.2,303.15 3 2
restaurante/controllers/CambiosHorarioController.go:319.42,322.27 3 10
restaurante/controllers/CambiosHorarioController.go:322.27,330.3 4 1
restaurante/controllers/CambiosHorarioController.go:332.2,333.72 2 9
restaurante/controllers/CambiosHorarioController.go:333.72,342.3 4 1
restaurante/controllers/CambiosHorarioController.go:344.2,345.74 2 8
restaurante/controllers/CambiosHorarioController.go:345.74,354.3 4 1
restaurante/controllers/CambiosHorarioController.go:354.8,354.23 1 7
restaurante/controllers/CambiosHorarioController.go:354.23,363.3 4 1
restaurante/controllers/CambiosHorarioController.go:365.2,365.80 1 6
restaurante/controllers/CambiosHorarioController.go:365.80,367.17 2 2
restaurante/controllers/CambiosHorarioController.go:367.17,376.4 4 1
restaurante/controllers/CambiosHorarioController.go:377.3,377.29 1 1
restaurante/controllers/CambiosHorarioController.go:380.2,380.48 1 5
restaurante/controllers/CambiosHorarioController.go:380.48,382.15 2 5
restaurante/controllers/CambiosHorarioController.go:382.15,387.4 4 1
restaurante/controllers/CambiosHorarioController.go:390.2,390.21 1 5
restaurante/controllers/CambiosHorarioController.go:390.21,391.89 1 4
restaurante/controllers/CambiosHorarioController.go:391.89,393.18 2 4
restaurante/controllers/CambiosHorarioController.go:393.18,402.5 4 1
restaurante/controllers/CambiosHorarioController.go:403.4,403.39 1 3
restaurante/controllers/CambiosHorarioController.go:406.3,406.83 1 3
restaurante/controllers/CambiosHorarioController.go:406.83,408.18 2 3
restaurante/controllers/CambiosHorarioController.go:408.18,417.5 4 1
restaurante/controllers/CambiosHorarioController.go:418.4,418.37 1 2
restaurante/controllers/CambiosHorarioController.go:422.2,422.60 1 3
restaurante/controllers/CambiosHorarioController.go:422.60,431.3 4 1
restaurante/controllers/CambiosHorarioController.go:433.2,438.34 2 2
restaurante/controllers/CambiosHorarioController.go:438.34,440.3 1 2
restaurante/controllers/CambiosHorarioController.go:441.2,441.32 1 2
restaurante/controllers/CambiosHorarioController.go:441.32,443.3 1 2
restaurante/controllers/CambiosHorarioController.go:445.2,451.15 3 2
restaurante/controllers/CambiosHorarioController.go:465.45,468.27 3 4
restaurante/controllers/CambiosHorarioController.go:468.27,476.3 4 1
restaurante/controllers/CambiosHorarioController.go:478.2,478.60 1 3
restaurante/controllers/CambiosHorarioController.go:478.60,486.3 3 1
restaurante/controllers/CambiosHorarioController.go:486.8,486.21 1 2
restaurante/controllers/CambiosHorarioController.go:486.21,494.3 3 1
restaurante/controllers/CambiosHorarioController.go:494.8,501.3 3 1
restaurante/controllers/ClienteController.go:17.85,19.2 1 0
restaurante/controllers/ClienteController.go:21.62,23.2 1 0
restaurante/controllers/ClienteController.go:25.73,27.2 1 0
restaurante/controllers/ClienteController.go:29.73,31.2 1 0
restaurante/controllers/ClienteController.go:33.73,35.2 1 0
restaurante/controllers/ClienteController.go:43.38,45.2 1 6
restaurante/controllers/ClienteController.go:47.39,48.16 1 7
restaurante/controllers/ClienteController.go:48.16,50.3 1 1
restaurante/controllers/ClienteController.go:52.2,54.71 2 6
restaurante/controllers/ClienteController.go:70.38,78.16 5 3
restaurante/controllers/ClienteController.go:78.16,87.3 4 1
restaurante/controllers/ClienteController.go:90.2,90.42 1 2
restaurante/controllers/ClienteController.go:90.42,92.36 2 1
restaurante/controllers/ClienteController.go:92.36,97.4 1 1
restaurante/controllers/ClienteController.go:99.3,106.9 4 1
restaurante/controllers/ClienteController.go:110.2,110.26 1 1
restaurante/controllers/ClienteController.go:110.26,112.3 1 1
restaurante/controllers/ClienteController.go:114.2,120.15 3 1
restaurante/controllers/ClienteController.go:134.39,138.27 3 4
restaurante/controllers/ClienteController.go:138.27,147.3 4 1
restaurante/controllers/ClienteController.go:149.2,152.26 3 3
restaurante/controllers/ClienteController.go:152.26,160.3 4 1
restaurante/controllers/ClienteController.go:160.8,160.23 1 2
restaurante/controllers/ClienteController.go:160.23,169.3 4 1
restaurante/controllers/ClienteController.go:172.2,180.15 4 1
restaurante/controllers/ClienteController.go:194.36,198.74 3 5
restaurante/controllers/ClienteController.go:198.74,207.3 4 1
restaurante/controllers/ClienteController.go:210.2,210.71 1 4
restaurante/controllers/ClienteController.go:210.71,213.3 2 4
restaurante/controllers/ClienteController.go:216.8,217.16 2 4
restaurante/controllers/ClienteController.go:217.16,226.3 4 1
restaurante/controllers/ClienteController.go:227.2,230.59 2 3
restaurante/controllers/ClienteController.go:230.59,231.28 1 2
restaurante/controllers/ClienteController.go:231.28,240.4 4 1
restaurante/controllers/ClienteController.go:241.3,248.9 4 1
restaurante/controllers/ClienteController.go:252.2,260.15 4 1
restaurante/controllers/ClienteController.go:276.35,282.27 4 9
restaurante/controllers/ClienteController.go:282.27,291.3 4 1
restaurante/controllers/ClienteController.go:294.2,295.55 2 8
restaurante/controllers/ClienteController.go:295.55,296.27 1 2
restaurante/controllers/ClienteController.go:296.27,303.4 3 1
restaurante/controllers/ClienteController.go:303.9,311.4 3 1
restaurante/controllers/ClienteController.go:312.3,312.9 1 2
restaurante/controllers/ClienteController.go:316.2,317.81 2 6
restaurante/controllers/ClienteController.go:317.81,326.3 4 1
restaurante/controllers/ClienteController.go:329.2,333.34 3 5
restaurante/controllers/ClienteController.go:333.34,335.3 1 1
restaurante/controllers/ClienteController.go:336.2,336.22 1 5
restaurante/controllers/ClienteController.go:336.22,338.3 1 4
restaurante/controllers/ClienteController.go:338.8,341.3 2 1
restaurante/controllers/ClienteController.go:344.2,344.35 1 5
restaurante/controllers/ClienteController.go:344.35,346.17 2 2
restaurante/controllers/ClienteController.go:346.17,355.4 4 1
restaurante/controllers/ClienteController.go:356.3,356.51 1 1
restaurante/controllers/ClienteController.go:357.8,360.3 1 3
restaurante/controllers/ClienteController.go:363.8,363.66 1 4
restaurante/controllers/ClienteController.go:363.66,364.28 1 2
restaurante/controllers/ClienteController.go:364.28,373.4 4 1
restaurante/controllers/ClienteController.go:374.3,381.9 4 1
restaurante/controllers/ClienteController.go:385.2,393.15 4 2
restaurante/controllers/ClienteController.go:407.38,413.27 4 3
restaurante/controllers/ClienteController.go:413.27,421.3 4 1
restaurante/controllers/ClienteController.go:423.2,425.60 2 2
restaurante/controllers/ClienteController.go:425.60,432.3 3 1
restaurante/controllers/ClienteController.go:432.8,440.3 3 1
restaurante/controllers/DomicilioController.go:33.40,45.21 8 1
restaurante/controllers/DomicilioController.go:45.21,47.3 1 0
restaurante/controllers/DomicilioController.go:48.2,48.20 1 1
restaurante/controllers/DomicilioController.go:48.20,50.3 1 0
restaurante/controllers/DomicilioController.go:51.2,51.21 1 1
restaurante/controllers/DomicilioController.go:51.21,53.3 1 0
restaurante/controllers/DomicilioController.go:54.2,54.17 1 1
restaurante/controllers/DomicilioController.go:54.17,56.3 1 0
restaurante/controllers/DomicilioController.go:59.2,59.23 1 1
restaurante/controllers/DomicilioController.go:59.23,65.3 2 0
restaurante/controllers/DomicilioController.go:68.2,70.16 3 1
restaurante/controllers/DomicilioController.go:70.16,79.3 4 1
restaurante/controllers/DomicilioController.go:82.2,82.16 1 0
restaurante/controllers/DomicilioController.go:82.16,90.3 4 0
restaurante/controllers/DomicilioController.go:93.2,99.15 3 0
restaurante/controllers/DomicilioController.go:113.41,117.27 3 1
restaurante/controllers/DomicilioController.go:117.27,126.3 4 1
restaurante/controllers/DomicilioController.go:128.2,131.26 3 0
restaurante/controllers/DomicilioController.go:131.26,140.3 4 0
restaurante/controllers/DomicilioController.go:142.2,148.15 3 0
restaurante/controllers/DomicilioController.go:162.38,168.72 4 5
restaurante/controllers/DomicilioController.go:168.72,177.3 4 1
restaurante/controllers/DomicilioController.go:180.2,180.73 1 4
restaurante/controllers/DomicilioController.go:180.73,182.3 1 3
restaurante/controllers/DomicilioController.go:182.8,190.3 4 1
restaurante/controllers/DomicilioController.go:192.2,192.76 1 3
restaurante/controllers/DomicilioController.go:192.76,194.17 2 3
restaurante/controllers/DomicilioController.go:194.17,203.4 4 1
restaurante/controllers/DomicilioController.go:204.3,204.31 1 2
restaurante/controllers/DomicilioController.go:205.8,213.3 4 0
restaurante/controllers/DomicilioController.go:215.2,215.70 1 2
restaurante/controllers/DomicilioController.go:215.70,217.3 1 1
restaurante/controllers/DomicilioController.go:217.8,225.3 4 1
restaurante/controllers/DomicilioController.go:228.2,228.56 1 1
restaurante/controllers/DomicilioController.go:228.56,230.3 1 0
restaurante/controllers/DomicilioController.go:231.2,231.52 1 1
restaurante/controllers/DomicilioController.go:231.52,233.3 1 0
restaurante/controllers/DomicilioController.go:234.2,234.62 1 1
restaurante/controllers/DomicilioController.go:234.62,236.3 1 0
restaurante/controllers/DomicilioController.go:237.2,237.54 1 1
restaurante/controllers/DomicilioController.go:237.54,239.3 1 0
restaurante/controllers/DomicilioController.go:242.2,247.16 4 1
restaurante/controllers/DomicilioController.go:247.16,256.3 4 1
restaurante/controllers/DomicilioController.go:259.2,265.15 3 0
restaurante/controllers/DomicilioController.go:280.37,286.27 4 1
restaurante/controllers/DomicilioController.go:286.27,295.3 4 1
restaurante/controllers/DomicilioController.go:298.2,299.53 2 0
restaurante/controllers/DomicilioController.go:299.53,307.3 4 0
restaurante/controllers/DomicilioController.go:310.2,311.72 2 0
restaurante/controllers/DomicilioController.go:311.72,320.3 4 0
restaurante/controllers/DomicilioController.go:323.2,323.54 1 0
restaurante/controllers/DomicilioController.go:323.54,325.3 1 0
restaurante/controllers/DomicilioController.go:326.2,326.52 1 0
restaurante/controllers/DomicilioController.go:326.52,328.3 1 0
restaurante/controllers/DomicilioController.go:329.2,329.56 1 0
restaurante/controllers/DomicilioController.go:329.56,331.3 1 0
restaurante/controllers/DomicilioController.go:332.2,332.52 1 0
restaurante/controllers/DomicilioController.go:332.52,334.3 1 0
restaurante/controllers/DomicilioController.go:335.2,335.54 1 0
restaurante/controllers/DomicilioController.go:335.54,337.3 1 0
restaurante/controllers/DomicilioController.go:340.2,343.48 2 0
restaurante/controllers/DomicilioController.go:343.48,352.3 4 0
restaurante/controllers/DomicilioController.go:355.2,361.15 3 0
restaurante/controllers/DomicilioController.go:375.40,380.27 4 1
restaurante/controllers/DomicilioController.go:380.27,389.3 4 1
restaurante/controllers/DomicilioController.go:391.2,393.48 2 0
restaurante/controllers/DomicilioController.go:393.48,400.3 3 0
restaurante/controllers/DomicilioController.go:400.8,408.3 3 0
restaurante/controllers/DomicilioController.go:424.53,432.43 5 1
restaurante/controllers/DomicilioController.go:432.43,440.3 4 1
restaurante/controllers/DomicilioController.go:443.2,443.46 1 0
restaurante/controllers/DomicilioController.go:443.46,451.3 4 0
restaurante/controllers/DomicilioController.go:454.2,456.75 2 0
restaurante/controllers/DomicilioController.go:456.75,465.3 4 0
restaurante/controllers/DomicilioController.go:467.2,473.15 3 0
restaurante/controllers/IncidenciaController.go:28.41,33.16 4 1
restaurante/controllers/IncidenciaController.go:33.16,42.3 4 1
restaurante/controllers/IncidenciaController.go:44.2,50.15 3 0
restaurante/controllers/IncidenciaController.go:68.55,73.34 3 3
restaurante/controllers/IncidenciaController.go:73.34,81.3 4 1
restaurante/controllers/IncidenciaController.go:83.2,84.39 2 2
restaurante/controllers/IncidenciaController.go:84.39,92.3 4 1
restaurante/controllers/IncidenciaController.go:94.2,95.59 2 1
restaurante/controllers/IncidenciaController.go:95.59,103.3 4 1
restaurante/controllers/IncidenciaController.go:106.2,117.51 5 0
restaurante/controllers/IncidenciaController.go:117.51,125.3 4 0
restaurante/controllers/IncidenciaController.go:125.8,125.23 1 0
restaurante/controllers/IncidenciaController.go:125.23,134.3 4 0
restaurante/controllers/IncidenciaController.go:137.2,143.15 3 0
restaurante/controllers/IncidenciaController.go:158.39,164.72 4 4
restaurante/controllers/IncidenciaController.go:164.72,173.3 4 4
restaurante/controllers/IncidenciaController.go:176.2,176.67 1 0
restaurante/controllers/IncidenciaController.go:176.67,178.17 2 0
restaurante/controllers/IncidenciaController.go:178.17,187.4 4 0
restaurante/controllers/IncidenciaController.go:188.3,188.32 1 0
restaurante/controllers/IncidenciaController.go:189.8,197.3 4 0
restaurante/controllers/IncidenciaController.go:200.2,200.47 1 0
restaurante/controllers/IncidenciaController.go:200.47,202.3 1 0
restaurante/controllers/IncidenciaController.go:202.8,210.3 4 0
restaurante/controllers/IncidenciaController.go:213.2,213.44 1 0
restaurante/controllers/IncidenciaController.go:213.44,215.3 1 0
restaurante/controllers/IncidenciaController.go:215.8,223.3 4 0
restaurante/controllers/IncidenciaController.go:226.2,226.64 1 0
restaurante/controllers/IncidenciaController.go:226.64,228.3 1 0
restaurante/controllers/IncidenciaController.go:228.8,236.3 4 0
restaurante/controllers/IncidenciaController.go:239.2,239.69 1 0
restaurante/controllers/IncidenciaController.go:239.69,242.3 2 0
restaurante/controllers/IncidenciaController.go:245.2,246.16 2 0
restaurante/controllers/IncidenciaController.go:246.16,255.3 4 0
restaurante/controllers/IncidenciaController.go:258.2,274.15 4 0
restaurante/controllers/IncidenciaController.go:291.38,297.27 4 3
restaurante/controllers/IncidenciaController.go:297.27,305.3 4 1
restaurante/controllers/IncidenciaController.go:308.2,309.54 2 2
restaurante/controllers/IncidenciaController.go:309.54,317.3 4 0
restaurante/controllers/IncidenciaController.go:320.2,321.72 2 2
restaurante/controllers/IncidenciaController.go:321.72,330.3 4 2
restaurante/controllers/IncidenciaController.go:333.2,333.67 1 0
restaurante/controllers/IncidenciaController.go:333.67,335.17 2 0
restaurante/controllers/IncidenciaController.go:335.17,344.4 4 0
restaurante/controllers/IncidenciaController.go:345.3,345.32 1 0
restaurante/controllers/IncidenciaController.go:348.2,348.47 1 0
restaurante/controllers/IncidenciaController.go:348.47,350.3 1 0
restaurante/controllers/IncidenciaController.go:352.2,352.44 1 0
restaurante/controllers/IncidenciaController.go:352.44,354.3 1 0
restaurante/controllers/IncidenciaController.go:356.2,356.64 1 0
restaurante/controllers/IncidenciaController.go:356.64,358.3 1 0
restaurante/controllers/IncidenciaController.go:360.2,360.69 1 0
restaurante/controllers/IncidenciaController.go:360.69,363.3 2 0
restaurante/controllers/IncidenciaController.go:366.2,366.49 1 0
restaurante/controllers/IncidenciaController.go:366.49,375.3 4 0
restaurante/controllers/IncidenciaController.go:378.2,394.15 4 0
restaurante/controllers/IncidenciaController.go:408.41,411.16 3 1
restaurante/controllers/IncidenciaController.go:411.16,419.3 4 1
restaurante/controllers/IncidenciaController.go:421.2,422.26 2 0
restaurante/controllers/IncidenciaController.go:422.26,430.3 4 0
restaurante/controllers/IncidenciaController.go:430.8,430.23 1 0
restaurante/controllers/IncidenciaController.go:430.23,439.3 4 0
restaurante/controllers/IncidenciaController.go:441.2,446.15 3 0
restaurante/controllers/LoginController.go:51.35,53.79 2 6
restaurante/controllers/LoginController.go:53.79,62.3 4 1
restaurante/controllers/LoginController.go:64.2,70.16 4 5
restaurante/controllers/LoginController.go:70.16,72.108 1 2
restaurante/controllers/LoginController.go:72.108,80.4 4 1
restaurante/controllers/LoginController.go:81.3,84.9 3 1
restaurante/controllers/LoginController.go:88.2,91.16 3 3
restaurante/controllers/LoginController.go:91.16,93.105 1 2
restaurante/controllers/LoginController.go:93.105,101.4 4 1
restaurante/controllers/LoginController.go:102.3,105.9 3 1
restaurante/controllers/LoginController.go:109.2,114.15 3 1
restaurante/controllers/LoginController.go:118.80,133.16 6 3
restaurante/controllers/LoginController.go:133.16,142.3 4 0
restaurante/controllers/LoginController.go:144.2,153.15 3 3
restaurante/controllers/LoginController.go:156.42,158.37 1 6
restaurante/controllers/LoginController.go:158.37,162.3 3 1
restaurante/controllers/LoginController.go:165.2,165.83 1 5
restaurante/controllers/LoginController.go:165.83,168.3 2 1
restaurante/controllers/LoginController.go:171.2,172.22 2 4
restaurante/controllers/LoginController.go:172.22,180.3 4 1
restaurante/controllers/LoginController.go:181.2,184.56 2 3
restaurante/controllers/LoginController.go:184.56,186.3 1 1
restaurante/controllers/LoginController.go:187.2,190.101 3 3
restaurante/controllers/LoginController.go:190.101,192.3 1 2
restaurante/controllers/LoginController.go:194.2,194.32 1 3
restaurante/controllers/LoginController.go:194.32,202.3 4 1
restaurante/controllers/LoginController.go:204.2,204.47 1 2
restaurante/controllers/MetodoPagoController.go:29.81,31.2 1 1
restaurante/controllers/MetodoPagoController.go:37.71,39.2 1 1
restaurante/controllers/MetodoPagoController.go:41.60,41.98 1 7
restaurante/controllers/MetodoPagoController.go:57.41,62.16 4 1
restaurante/controllers/MetodoPagoController.go:62.16,71.3 4 1
restaurante/controllers/MetodoPagoController.go:73.2,79.15 3 0
restaurante/controllers/MetodoPagoController.go:93.42,97.27 3 3
restaurante/controllers/MetodoPagoController.go:97.27,106.3 4 1
restaurante/controllers/MetodoPagoController.go:108.2,111.26 3 2
restaurante/controllers/MetodoPagoController.go:111.26,120.3 4 1
restaurante/controllers/MetodoPagoController.go:122.2,128.15 3 1
restaurante/controllers/MetodoPagoController.go:142.39,146.73 3 2
restaurante/controllers/MetodoPagoController.go:146.73,155.3 4 1
restaurante/controllers/MetodoPagoController.go:157.2,158.16 2 1
restaurante/controllers/MetodoPagoController.go:158.16,167.3 4 0
restaurante/controllers/MetodoPagoController.go:169.2,175.15 3 1
restaurante/controllers/MetodoPagoController.go:190.38,196.27 4 4
restaurante/controllers/MetodoPagoController.go:196.27,205.3 4 1
restaurante/controllers/MetodoPagoController.go:207.2,209.28 2 3
restaurante/controllers/MetodoPagoController.go:209.28,211.81 2 2
restaurante/controllers/MetodoPagoController.go:211.81,220.4 4 1
restaurante/controllers/MetodoPagoController.go:222.3,224.17 3 1
restaurante/controllers/MetodoPagoController.go:224.17,233.4 4 0
restaurante/controllers/MetodoPagoController.go:235.3,241.16 3 1
restaurante/controllers/MetodoPagoController.go:242.8,249.3 3 1
restaurante/controllers/MetodoPagoController.go:263.41,269.27 4 3
restaurante/controllers/MetodoPagoController.go:269.27,278.3 4 1
restaurante/controllers/MetodoPagoController.go:280.2,282.45 2 2
restaurante/controllers/MetodoPagoController.go:282.45,289.3 3 1
restaurante/controllers/MetodoPagoController.go:289.8,297.3 3 1
restaurante/controllers/NominaController.go:37.37,42.16 4 1
restaurante/controllers/NominaController.go:42.16,51.3 4 1
restaurante/controllers/NominaController.go:53.2,58.33 5 0
restaurante/controllers/NominaController.go:58.33,59.64 1 0
restaurante/controllers/NominaController.go:59.64,60.12 1 0
restaurante/controllers/NominaController.go:62.3,62.63 1 0
restaurante/controllers/NominaController.go:62.63,63.12 1 0
restaurante/controllers/NominaController.go:65.3,65.46 1 0
restaurante/controllers/NominaController.go:65.46,66.12 1 0
restaurante/controllers/NominaController.go:68.3,68.52 1 0
restaurante/controllers/NominaController.go:71.2,71.31 1 0
restaurante/controllers/NominaController.go:71.31,79.3 4 0
restaurante/controllers/NominaController.go:81.2,87.15 3 0
restaurante/controllers/NominaController.go:102.35,106.72 3 2
restaurante/controllers/NominaController.go:106.72,115.3 4 1
restaurante/controllers/NominaController.go:117.2,117.26 1 1
restaurante/controllers/NominaController.go:117.26,119.3 1 1
restaurante/controllers/NominaController.go:121.2,121.51 1 1
restaurante/controllers/NominaController.go:121.51,123.3 1 1
restaurante/controllers/NominaController.go:125.2,128.16 3 1
restaurante/controllers/NominaController.go:128.16,137.3 4 1
restaurante/controllers/NominaController.go:139.2,143.16 3 0
restaurante/controllers/NominaController.go:143.16,152.3 4 0
restaurante/controllers/NominaController.go:154.2,160.15 3 0
restaurante/controllers/NominaController.go:176.34,182.27 4 2
restaurante/controllers/NominaController.go:182.27,191.3 4 1
restaurante/controllers/NominaController.go:194.2,195.50 2 1
restaurante/controllers/NominaController.go:195.50,203.3 4 0
restaurante/controllers/NominaController.go:206.2,206.36 1 1
restaurante/controllers/NominaController.go:206.36,214.3 4 0
restaurante/controllers/NominaController.go:215.2,218.62 2 1
restaurante/controllers/NominaController.go:218.62,227.3 4 1
restaurante/controllers/NominaController.go:230.2,236.15 3 0
restaurante/controllers/NominaController.go:250.37,255.27 4 2
restaurante/controllers/NominaController.go:255.27,264.3 4 1
restaurante/controllers/NominaController.go:266.2,267.40 2 1
restaurante/controllers/NominaController.go:267.40,275.3 4 1
restaurante/controllers/NominaController.go:277.2,278.62 2 0
restaurante/controllers/NominaController.go:278.62,287.3 4 0
restaurante/controllers/NominaController.go:289.2,294.15 3 0
restaurante/controllers/NominaTrabajadorController.go:28.47,34.16 4 1
restaurante/controllers/NominaTrabajadorController.go:34.16,43.3 4 1
restaurante/controllers/NominaTrabajadorController.go:46.2,47.33 2 0
restaurante/controllers/NominaTrabajadorController.go:47.33,57.3 1 0
restaurante/controllers/NominaTrabajadorController.go:60.2,66.15 3 0
restaurante/controllers/NominaTrabajadorController.go:81.45,87.72 4 3
restaurante/controllers/NominaTrabajadorController.go:87.72,96.3 4 1
restaurante/controllers/NominaTrabajadorController.go:99.2,99.40 1 2
restaurante/controllers/NominaTrabajadorController.go:99.40,107.3 4 1
restaurante/controllers/NominaTrabajadorController.go:108.2,123.16 7 1
restaurante/controllers/NominaTrabajadorController.go:123.16,132.3 4 1
restaurante/controllers/NominaTrabajadorController.go:135.2,136.41 2 0
restaurante/controllers/NominaTrabajadorController.go:136.41,137.23 1 0
restaurante/controllers/NominaTrabajadorController.go:137.23,139.4 1 0
restaurante/controllers/NominaTrabajadorController.go:139.9,141.4 1 0
restaurante/controllers/NominaTrabajadorController.go:143.2,150.16 4 0
restaurante/controllers/NominaTrabajadorController.go:150.16,159.3 4 0
restaurante/controllers/NominaTrabajadorController.go:160.2,172.16 7 0
restaurante/controllers/NominaTrabajadorController.go:172.16,181.3 4 0
restaurante/controllers/NominaTrabajadorController.go:184.2,199.15 4 0
restaurante/controllers/NominaTrabajadorController.go:219.56,229.20 8 2
restaurante/controllers/NominaTrabajadorController.go:229.20,237.3 4 1
restaurante/controllers/NominaTrabajadorController.go:240.2,249.12 4 1
restaurante/controllers/NominaTrabajadorController.go:249.12,251.3 1 0
restaurante/controllers/NominaTrabajadorController.go:254.2,254.11 1 1
restaurante/controllers/NominaTrabajadorController.go:254.11,256.3 1 0
restaurante/controllers/NominaTrabajadorController.go:256.8,256.20 1 1
restaurante/controllers/NominaTrabajadorController.go:256.20,258.3 1 0
restaurante/controllers/NominaTrabajadorController.go:261.2,261.25 1 1
restaurante/controllers/NominaTrabajadorController.go:261.25,264.3 2 0
restaurante/controllers/NominaTrabajadorController.go:267.2,270.50 2 1
restaurante/controllers/NominaTrabajadorController.go:270.50,278.3 4 1
restaurante/controllers/NominaTrabajadorController.go:278.8,278.23 1 0
restaurante/controllers/NominaTrabajadorController.go:278.23,287.3 4 0
restaurante/controllers/NominaTrabajadorController.go:290.2,296.15 3 0
restaurante/controllers/NominaTrabajadorController.go:299.50,315.2 2 2
restaurante/controllers/NominaTrabajadorController.go:330.56,336.37 4 2
restaurante/controllers/NominaTrabajadorController.go:336.37,344.3 4 1
restaurante/controllers/NominaTrabajadorController.go:347.2,371.16 6 1
restaurante/controllers/NominaTrabajadorController.go:371.16,380.3 4 1
restaurante/controllers/NominaTrabajadorController.go:382.2,382.26 1 0
restaurante/controllers/NominaTrabajadorController.go:382.26,390.3 4 0
restaurante/controllers/NominaTrabajadorController.go:393.2,399.15 3 0
restaurante/controllers/PagoController.go:27.31,27.54 1 14
restaurante/controllers/PagoController.go:52.35,57.16 4 5
restaurante/controllers/PagoController.go:57.16,66.3 4 1
restaurante/controllers/PagoController.go:69.2,69.23 1 4
restaurante/controllers/PagoController.go:69.23,74.31 3 10
restaurante/controllers/PagoController.go:74.31,76.4 1 1
restaurante/controllers/PagoController.go:80.2,89.29 8 4
restaurante/controllers/PagoController.go:89.29,90.62 1 10
restaurante/controllers/PagoController.go:90.62,91.12 1 1
restaurante/controllers/PagoController.go:93.3,93.54 1 9
restaurante/controllers/PagoController.go:93.54,94.12 1 1
restaurante/controllers/PagoController.go:96.3,96.61 1 8
restaurante/controllers/PagoController.go:96.61,97.12 1 1
restaurante/controllers/PagoController.go:99.3,99.44 1 7
restaurante/controllers/PagoController.go:99.44,100.12 1 1
restaurante/controllers/PagoController.go:102.3,102.49 1 6
restaurante/controllers/PagoController.go:102.49,103.12 1 2
restaurante/controllers/PagoController.go:105.3,105.63 1 4
restaurante/controllers/PagoController.go:105.63,106.12 1 1
restaurante/controllers/PagoController.go:109.3,109.46 1 3
restaurante/controllers/PagoController.go:113.2,113.29 1 4
restaurante/controllers/PagoController.go:113.29,121.3 4 1
restaurante/controllers/PagoController.go:124.2,130.15 3 3
restaurante/controllers/PagoController.go:144.36,148.27 3 3
restaurante/controllers/PagoController.go:148.27,157.3 4 1
restaurante/controllers/PagoController.go:159.2,161.26 3 2
restaurante/controllers/PagoController.go:161.26,170.3 4 1
restaurante/controllers/PagoController.go:173.2,177.26 3 1
restaurante/controllers/PagoController.go:177.26,179.3 1 1
restaurante/controllers/PagoController.go:181.2,187.15 3 1
restaurante/controllers/PagoController.go:201.33,206.72 3 10
restaurante/controllers/PagoController.go:206.72,215.3 4 1
restaurante/controllers/PagoController.go:218.2,221.67 2 9
restaurante/controllers/PagoController.go:221.67,223.17 2 8
restaurante/controllers/PagoController.go:223.17,232.4 4 1
restaurante/controllers/PagoController.go:233.3,233.26 1 7
restaurante/controllers/PagoController.go:234.8,242.3 4 1
restaurante/controllers/PagoController.go:245.2,245.64 1 7
restaurante/controllers/PagoController.go:245.64,247.60 1 6
restaurante/controllers/PagoController.go:247.60,256.4 4 1
restaurante/controllers/PagoController.go:257.3,257.22 1 5
restaurante/controllers/PagoController.go:258.8,266.3 4 1
restaurante/controllers/PagoController.go:269.2,269.47 1 5
restaurante/controllers/PagoController.go:269.47,271.3 1 4
restaurante/controllers/PagoController.go:271.8,279.3 4 1
restaurante/controllers/PagoController.go:282.2,282.69 1 4
restaurante/controllers/PagoController.go:282.69,283.37 1 4
restaurante/controllers/PagoController.go:283.37,292.4 4 1
restaurante/controllers/PagoController.go:293.3,293.28 1 3
restaurante/controllers/PagoController.go:296.2,296.66 1 3
restaurante/controllers/PagoController.go:296.66,299.3 2 2
restaurante/controllers/PagoController.go:299.8,308.3 4 1
restaurante/controllers/PagoController.go:311.2,312.16 2 2
restaurante/controllers/PagoController.go:312.16,321.3 4 1
restaurante/controllers/PagoController.go:323.2,329.15 3 1
restaurante/controllers/PagoController.go:344.32,350.27 4 10
restaurante/controllers/PagoController.go:350.27,359.3 4 1
restaurante/controllers/PagoController.go:362.2,363.48 2 9
restaurante/controllers/PagoController.go:363.48,371.3 4 1
restaurante/controllers/PagoController.go:374.2,375.72 2 8
restaurante/controllers/PagoController.go:375.72,384.3 4 1
restaurante/controllers/PagoController.go:387.2,387.67 1 7
restaurante/controllers/PagoController.go:387.67,389.17 2 7
restaurante/controllers/PagoController.go:389.17,398.4 4 1
restaurante/controllers/PagoController.go:399.3,399.26 1 6
restaurante/controllers/PagoController.go:403.2,403.64 1 6
restaurante/controllers/PagoController.go:403.64,405.60 1 5
restaurante/controllers/PagoController.go:405.60,414.4 4 1
restaurante/controllers/PagoController.go:415.3,415.22 1 4
restaurante/controllers/PagoController.go:416.8,424.3 4 1
restaurante/controllers/PagoController.go:426.2,426.47 1 4
restaurante/controllers/PagoController.go:426.47,428.3 1 1
restaurante/controllers/PagoController.go:430.2,430.69 1 4
restaurante/controllers/PagoController.go:430.69,431.37 1 2
restaurante/controllers/PagoController.go:431.37,439.4 4 1
restaurante/controllers/PagoController.go:440.3,440.28 1 1
restaurante/controllers/PagoController.go:443.2,443.55 1 3
restaurante/controllers/PagoController.go:443.55,445.3 1 1
restaurante/controllers/PagoController.go:448.2,450.66 2 3
restaurante/controllers/PagoController.go:450.66,453.3 2 2
restaurante/controllers/PagoController.go:453.8,462.3 4 1
restaurante/controllers/PagoController.go:465.2,465.43 1 2
restaurante/controllers/PagoController.go:465.43,474.3 4 1
restaurante/controllers/PagoController.go:477.2,483.15 3 1
restaurante/controllers/PagoController.go:497.35,502.27 4 3
restaurante/controllers/PagoController.go:502.27,511.3 4 1
restaurante/controllers/PagoController.go:513.2,515.43 2 2
restaurante/controllers/PagoController.go:515.43,522.3 3 1
restaurante/controllers/PagoController.go:522.8,530.3 3 1
restaurante/controllers/PedidoClienteController.go:26.88,28.2 1 2
restaurante/controllers/PedidoClienteController.go:30.83,32.2 1 1
restaurante/controllers/PedidoClienteController.go:34.77,36.2 1 1
restaurante/controllers/PedidoClienteController.go:38.74,40.2 1 1
restaurante/controllers/PedidoClienteController.go:42.108,44.2 1 1
restaurante/controllers/PedidoClienteController.go:46.96,48.2 1 1
restaurante/controllers/PedidoClienteController.go:50.13,57.2 6 1
restaurante/controllers/PedidoClienteController.go:69.44,73.16 4 2
restaurante/controllers/PedidoClienteController.go:73.16,82.3 4 1
restaurante/controllers/PedidoClienteController.go:84.2,90.15 3 1
restaurante/controllers/PedidoClienteController.go:106.42,111.75 3 7
restaurante/controllers/PedidoClienteController.go:111.75,120.3 4 1
restaurante/controllers/PedidoClienteController.go:123.2,123.70 1 6
restaurante/controllers/PedidoClienteController.go:123.70,131.3 4 1
restaurante/controllers/PedidoClienteController.go:134.2,134.70 1 5
restaurante/controllers/PedidoClienteController.go:134.70,137.56 2 5
restaurante/controllers/PedidoClienteController.go:137.56,146.4 4 1
restaurante/controllers/PedidoClienteController.go:149.3,150.54 2 4
restaurante/controllers/PedidoClienteController.go:150.54,159.4 4 1
restaurante/controllers/PedidoClienteController.go:162.3,164.17 3 3
restaurante/controllers/PedidoClienteController.go:164.17,172.4 4 1
restaurante/controllers/PedidoClienteController.go:175.3,176.17 2 2
restaurante/controllers/PedidoClienteController.go:176.17,185.4 4 1
restaurante/controllers/PedidoClienteController.go:186.3,187.13 2 1
restaurante/controllers/PedidoClienteController.go:191.2,191.16 1 5
restaurante/controllers/PedidoClienteController.go:191.16,193.3 1 3
restaurante/controllers/PedidoClienteController.go:196.2,202.15 3 2
restaurante/controllers/PedidoController.go:34.37,59.17 12 4
restaurante/controllers/PedidoController.go:59.17,62.3 2 1
restaurante/controllers/PedidoController.go:64.2,64.32 1 4
restaurante/controllers/PedidoController.go:64.32,67.3 2 1
restaurante/controllers/PedidoController.go:69.2,69.26 1 4
restaurante/controllers/PedidoController.go:69.26,72.15 3 1
restaurante/controllers/PedidoController.go:72.15,75.4 2 1
restaurante/controllers/PedidoController.go:78.2,78.17 1 4
restaurante/controllers/PedidoController.go:78.17,81.3 2 1
restaurante/controllers/PedidoController.go:83.2,83.22 1 4
restaurante/controllers/PedidoController.go:83.22,86.3 2 1
restaurante/controllers/PedidoController.go:88.2,88.25 1 4
restaurante/controllers/PedidoController.go:88.25,89.16 1 2
restaurante/controllers/PedidoController.go:89.16,91.4 1 1
restaurante/controllers/PedidoController.go:91.9,93.4 1 1
restaurante/controllers/PedidoController.go:97.2,99.16 3 4
restaurante/controllers/PedidoController.go:99.16,107.3 3 1
restaurante/controllers/PedidoController.go:110.2,110.23 1 3
restaurante/controllers/PedidoController.go:110.23,117.3 3 2
restaurante/controllers/PedidoController.go:120.2,125.15 2 1
restaurante/controllers/PedidoController.go:140.35,143.45 2 3
restaurante/controllers/PedidoController.go:143.45,152.3 4 1
restaurante/controllers/PedidoController.go:154.2,161.45 6 2
restaurante/controllers/PedidoController.go:161.45,170.3 4 1
restaurante/controllers/PedidoController.go:172.2,178.15 3 1
restaurante/controllers/PedidoController.go:196.46,203.40 5 3
restaurante/controllers/PedidoController.go:203.40,208.3 4 1
restaurante/controllers/PedidoController.go:211.2,212.64 2 2
restaurante/controllers/PedidoController.go:212.64,217.3 4 1
restaurante/controllers/PedidoController.go:219.2,220.15 2 1
restaurante/controllers/PedidoController.go:236.41,243.40 5 3
restaurante/controllers/PedidoController.go:243.40,248.3 4 1
restaurante/controllers/PedidoController.go:251.2,253.76 3 2
restaurante/controllers/PedidoController.go:253.76,258.3 4 1
restaurante/controllers/PedidoController.go:261.2,262.38 2 1
restaurante/controllers/PedidoController.go:262.38,265.3 2 1
restaurante/controllers/PedidoController.go:267.2,268.15 2 1
restaurante/controllers/PedidoController.go:284.49,292.40 5 3
restaurante/controllers/PedidoController.go:292.40,300.3 4 1
restaurante/controllers/PedidoController.go:303.2,305.62 2 2
restaurante/controllers/PedidoController.go:305.62,314.3 4 1
restaurante/controllers/PedidoController.go:316.2,322.15 3 1
restaurante/controllers/PedidoController.go:338.47,343.19 3 3
restaurante/controllers/PedidoController.go:343.19,350.3 3 1
restaurante/controllers/PedidoController.go:353.2,384.16 4 2
restaurante/controllers/PedidoController.go:384.16,392.3 3 1
restaurante/controllers/PedidoController.go:395.2,400.15 2 1
restaurante/controllers/ProductoController.go:32.39,44.16 8 1
restaurante/controllers/ProductoController.go:44.16,46.3 1 0
restaurante/controllers/ProductoController.go:47.2,47.21 1 1
restaurante/controllers/ProductoController.go:47.21,49.3 1 0
restaurante/controllers/ProductoController.go:50.2,50.24 1 1
restaurante/controllers/ProductoController.go:50.24,52.3 1 0
restaurante/controllers/ProductoController.go:55.2,56.16 2 1
restaurante/controllers/ProductoController.go:56.16,65.3 4 1
restaurante/controllers/ProductoController.go:68.2,68.27 1 0
restaurante/controllers/ProductoController.go:68.27,69.20 1 0
restaurante/controllers/ProductoController.go:69.20,71.4 1 0
restaurante/controllers/ProductoController.go:71.9,71.39 1 0
restaurante/controllers/ProductoController.go:71.39,73.4 1 0
restaurante/controllers/ProductoController.go:76.2,82.15 3 0
restaurante/controllers/ProductoController.go:95.40,99.27 3 2
restaurante/controllers/ProductoController.go:99.27,108.3 4 1
restaurante/controllers/ProductoController.go:110.2,111.16 2 1
restaurante/controllers/ProductoController.go:111.16,119.3 4 1
restaurante/controllers/ProductoController.go:121.2,127.15 3 0
restaurante/controllers/ProductoController.go:148.37,163.52 12 1
restaurante/controllers/ProductoController.go:163.52,171.3 4 1
restaurante/controllers/ProductoController.go:174.2,175.16 2 0
restaurante/controllers/ProductoController.go:175.16,183.3 4 0
restaurante/controllers/ProductoController.go:184.2,188.16 3 0
restaurante/controllers/ProductoController.go:188.16,197.3 4 0
restaurante/controllers/ProductoController.go:199.2,205.15 3 0
restaurante/controllers/ProductoController.go:225.36,231.27 4 1
restaurante/controllers/ProductoController.go:231.27,240.3 4 1
restaurante/controllers/ProductoController.go:242.2,244.30 2 0
restaurante/controllers/ProductoController.go:244.30,258.53 9 0
restaurante/controllers/ProductoController.go:258.53,266.4 4 0
restaurante/controllers/ProductoController.go:269.3,270.17 2 0
restaurante/controllers/ProductoController.go:270.17,278.4 4 0
restaurante/controllers/ProductoController.go:279.3,279.19 1 0
restaurante/controllers/ProductoController.go:279.19,281.4 1 0
restaurante/controllers/ProductoController.go:284.3,284.27 1 0
restaurante/controllers/ProductoController.go:284.27,292.4 4 0
restaurante/controllers/ProductoController.go:295.3,295.47 1 0
restaurante/controllers/ProductoController.go:295.47,304.4 4 0
restaurante/controllers/ProductoController.go:306.3,312.16 3 0
restaurante/controllers/ProductoController.go:313.8,320.3 3 0
restaurante/controllers/ProductoController.go:335.39,341.27 4 1
restaurante/controllers/ProductoController.go:341.27,350.3 4 1
restaurante/controllers/ProductoController.go:353.2,354.16 2 0
restaurante/controllers/ProductoController.go:354.16,362.3 4 0
restaurante/controllers/ProductoController.go:363.2,363.49 1 0
restaurante/controllers/ProductoController.go:363.49,371.3 4 0
restaurante/controllers/ProductoController.go:373.2,374.65 2 0
restaurante/controllers/ProductoController.go:374.65,383.3 4 0
restaurante/controllers/ProductoController.go:385.2,390.15 3 0
restaurante/controllers/ProductoController.go:394.59,396.16 2 3
restaurante/controllers/ProductoController.go:396.16,397.33 1 1
restaurante/controllers/ProductoController.go:397.33,399.4 1 1
restaurante/controllers/ProductoController.go:400.3,400.63 1 0
restaurante/controllers/ProductoController.go:402.2,404.33 2 2
restaurante/controllers/ProductoController.go:404.33,406.3 1 1
restaurante/controllers/ProductoController.go:408.2,409.16 2 1
restaurante/controllers/ProductoController.go:409.16,411.3 1 0
restaurante/controllers/ProductoController.go:412.2,412.58 1 1
restaurante/controllers/ProductoController.go:415.56,416.27 1 6
restaurante/controllers/ProductoController.go:416.27,418.3 1 2
restaurante/controllers/ProductoController.go:419.2,419.26 1 4
restaurante/controllers/ProductoController.go:419.26,421.3 1 1
restaurante/controllers/ProductoController.go:422.2,422.56 1 3
restaurante/controllers/ProductoController.go:422.56,424.3 1 1
restaurante/controllers/ProductoController.go:425.2,425.93 1 2
restaurante/controllers/ProductoController.go:425.93,427.3 1 1
restaurante/controllers/ProductoController.go:428.2,428.12 1 1
restaurante/controllers/ProductoController.go:431.71,433.41 2 1
restaurante/controllers/ProductoController.go:433.41,434.27 1 1
restaurante/controllers/ProductoController.go:434.27,436.4 1 0
restaurante/controllers/ProductoController.go:437.3,437.65 1 1
restaurante/controllers/ProductoController.go:439.2,439.22 1 0
restaurante/controllers/ProductoPedidoController.go:34.45,36.33 2 2
restaurante/controllers/ProductoPedidoController.go:36.33,43.3 3 1
restaurante/controllers/ProductoPedidoController.go:45.2,52.26 4 1
restaurante/controllers/ProductoPedidoController.go:52.26,59.3 3 0
restaurante/controllers/ProductoPedidoController.go:59.8,59.23 1 1
restaurante/controllers/ProductoPedidoController.go:59.23,67.3 3 1
restaurante/controllers/ProductoPedidoController.go:70.2,71.93 2 0
restaurante/controllers/ProductoPedidoController.go:71.93,79.3 3 0
restaurante/controllers/ProductoPedidoController.go:82.2,83.35 2 0
restaurante/controllers/ProductoPedidoController.go:83.35,92.3 2 0
restaurante/controllers/ProductoPedidoController.go:95.2,105.15 3 0
restaurante/controllers/ProductoPedidoController.go:120.43,126.72 2 3
restaurante/controllers/ProductoPedidoController.go:126.72,134.3 3 1
restaurante/controllers/ProductoPedidoController.go:137.2,137.62 1 2
restaurante/controllers/ProductoPedidoController.go:137.62,144.3 3 1
restaurante/controllers/ProductoPedidoController.go:147.2,148.16 2 1
restaurante/controllers/ProductoPedidoController.go:148.16,156.3 3 0
restaurante/controllers/ProductoPedidoController.go:158.2,165.16 4 1
restaurante/controllers/ProductoPedidoController.go:165.16,173.3 3 1
restaurante/controllers/ProductoPedidoController.go:175.2,180.15 2 0
restaurante/controllers/ProductoPedidoController.go:197.45,199.33 2 4
restaurante/controllers/ProductoPedidoController.go:199.33,206.3 3 1
restaurante/controllers/ProductoPedidoController.go:209.2,210.82 2 3
restaurante/controllers/ProductoPedidoController.go:210.82,218.3 3 1
restaurante/controllers/ProductoPedidoController.go:220.2,220.31 1 2
restaurante/controllers/ProductoPedidoController.go:220.31,227.3 3 1
restaurante/controllers/ProductoPedidoController.go:229.2,236.26 4 1
restaurante/controllers/ProductoPedidoController.go:236.26,243.3 3 0
restaurante/controllers/ProductoPedidoController.go:243.8,243.23 1 1
restaurante/controllers/ProductoPedidoController.go:243.23,251.3 3 1
restaurante/controllers/ProductoPedidoController.go:254.2,255.16 2 0
restaurante/controllers/ProductoPedidoController.go:255.16,263.3 3 0
restaurante/controllers/ProductoPedidoController.go:266.2,267.75 2 0
restaurante/controllers/ProductoPedidoController.go:267.75,275.3 3 0
restaurante/controllers/ProductoPedidoController.go:277.2,282.15 2 0
restaurante/controllers/ReservaController.go:27.85,29.2 1 1
restaurante/controllers/ReservaController.go:31.62,33.2 1 0
restaurante/controllers/ReservaController.go:35.73,37.2 1 0
restaurante/controllers/ReservaController.go:39.89,41.2 1 0
restaurante/controllers/ReservaController.go:43.153,45.12 2 0
restaurante/controllers/ReservaController.go:45.12,47.3 1 0
restaurante/controllers/ReservaController.go:48.2,48.14 1 0
restaurante/controllers/ReservaController.go:48.14,50.3 1 0
restaurante/controllers/ReservaController.go:51.2,51.25 1 0
restaurante/controllers/ReservaController.go:63.38,68.16 4 2
restaurante/controllers/ReservaController.go:68.16,77.3 4 1
restaurante/controllers/ReservaController.go:80.2,80.26 1 1
restaurante/controllers/ReservaController.go:80.26,85.34 4 1
restaurante/controllers/ReservaController.go:85.34,87.4 1 1
restaurante/controllers/ReservaController.go:90.2,96.15 3 1
restaurante/controllers/ReservaController.go:109.39,113.27 3 3
restaurante/controllers/ReservaController.go:113.27,122.3 4 1
restaurante/controllers/ReservaController.go:124.2,127.26 3 2
restaurante/controllers/ReservaController.go:127.26,136.3 4 1
restaurante/controllers/ReservaController.go:137.2,140.29 4 1
restaurante/controllers/ReservaController.go:140.29,142.3 1 1
restaurante/controllers/ReservaController.go:144.2,150.15 3 1
restaurante/controllers/ReservaController.go:163.36,168.72 3 10
restaurante/controllers/ReservaController.go:168.72,177.3 4 1
restaurante/controllers/ReservaController.go:180.2,183.74 2 9
restaurante/controllers/ReservaController.go:183.74,185.17 2 8
restaurante/controllers/ReservaController.go:185.17,194.4 4 1
restaurante/controllers/ReservaController.go:195.3,195.29 1 7
restaurante/controllers/ReservaController.go:196.8,204.3 4 1
restaurante/controllers/ReservaController.go:207.2,207.71 1 7
restaurante/controllers/ReservaController.go:207.71,209.17 2 6
restaurante/controllers/ReservaController.go:209.17,218.4 4 1
restaurante/controllers/ReservaController.go:219.3,219.25 1 5
restaurante/controllers/ReservaController.go:220.8,228.3 4 1
restaurante/controllers/ReservaController.go:231.2,231.53 1 5
restaurante/controllers/ReservaController.go:231.53,233.3 1 4
restaurante/controllers/ReservaController.go:233.8,241.3 4 1
restaurante/controllers/ReservaController.go:244.2,244.71 1 4
restaurante/controllers/ReservaController.go:244.71,245.33 1 2
restaurante/controllers/ReservaController.go:245.33,254.4 4 1
restaurante/controllers/ReservaController.go:255.3,255.35 1 1
restaurante/controllers/ReservaController.go:259.2,259.60 1 3
restaurante/controllers/ReservaController.go:259.60,261.3 1 1
restaurante/controllers/ReservaController.go:264.2,264.54 1 3
restaurante/controllers/ReservaController.go:264.54,266.3 1 1
restaurante/controllers/ReservaController.go:268.2,268.64 1 3
restaurante/controllers/ReservaController.go:268.64,270.3 1 1
restaurante/controllers/ReservaController.go:271.2,271.52 1 3
restaurante/controllers/ReservaController.go:271.52,273.3 1 1
restaurante/controllers/ReservaController.go:274.2,274.69 1 3
restaurante/controllers/ReservaController.go:274.69,277.3 2 2
restaurante/controllers/ReservaController.go:277.8,285.3 4 1
restaurante/controllers/ReservaController.go:288.2,293.16 4 2
restaurante/controllers/ReservaController.go:293.16,302.3 4 1
restaurante/controllers/ReservaController.go:305.2,311.15 3 1
restaurante/controllers/ReservaController.go:325.35,331.27 4 8
restaurante/controllers/ReservaController.go:331.27,340.3 4 1
restaurante/controllers/ReservaController.go:343.2,344.49 2 7
restaurante/controllers/ReservaController.go:344.49,352.3 4 1
restaurante/controllers/ReservaController.go:355.2,356.72 2 6
restaurante/controllers/ReservaController.go:356.72,365.3 4 1
restaurante/controllers/ReservaController.go:368.2,368.74 1 5
restaurante/controllers/ReservaController.go:368.74,370.17 2 5
restaurante/controllers/ReservaController.go:370.17,379.4 4 1
restaurante/controllers/ReservaController.go:380.3,380.29 1 4
restaurante/controllers/ReservaController.go:383.2,383.71 1 4
restaurante/controllers/ReservaController.go:383.71,385.17 2 4
restaurante/controllers/ReservaController.go:385.17,394.4 4 1
restaurante/controllers/ReservaController.go:395.3,395.25 1 3
restaurante/controllers/ReservaController.go:398.2,398.53 1 3
restaurante/controllers/ReservaController.go:398.53,400.3 1 3
restaurante/controllers/ReservaController.go:402.2,402.84 1 3
restaurante/controllers/ReservaController.go:402.84,404.3 1 1
restaurante/controllers/ReservaController.go:406.2,406.60 1 3
restaurante/controllers/ReservaController.go:406.60,408.3 1 1
restaurante/controllers/ReservaController.go:410.2,410.54 1 3
restaurante/controllers/ReservaController.go:410.54,412.3 1 1
restaurante/controllers/ReservaController.go:414.2,414.64 1 3
restaurante/controllers/ReservaController.go:414.64,416.3 1 1
restaurante/controllers/ReservaController.go:417.2,417.52 1 3
restaurante/controllers/ReservaController.go:417.52,419.3 1 1
restaurante/controllers/ReservaController.go:420.2,420.69 1 3
restaurante/controllers/ReservaController.go:420.69,423.3 2 2
restaurante/controllers/ReservaController.go:423.8,431.3 4 1
restaurante/controllers/ReservaController.go:434.2,437.54 2 2
restaurante/controllers/ReservaController.go:437.54,446.3 4 1
restaurante/controllers/ReservaController.go:449.2,455.15 3 1
restaurante/controllers/ReservaController.go:470.46,480.24 8 3
restaurante/controllers/ReservaController.go:480.24,483.17 3 3
restaurante/controllers/ReservaController.go:483.17,491.4 4 1
restaurante/controllers/ReservaController.go:492.3,492.18 1 2
restaurante/controllers/ReservaController.go:495.2,496.16 2 2
restaurante/controllers/ReservaController.go:496.16,505.3 4 1
restaurante/controllers/ReservaController.go:508.2,508.26 1 1
restaurante/controllers/ReservaController.go:508.26,512.34 4 1
restaurante/controllers/ReservaController.go:512.34,514.4 1 1
restaurante/controllers/ReservaController.go:517.2,523.15 3 1
restaurante/controllers/ReservaController.go:536.38,542.27 4 4
restaurante/controllers/ReservaController.go:542.27,551.3 4 1
restaurante/controllers/ReservaController.go:554.2,555.49 2 3
restaurante/controllers/ReservaController.go:555.49,563.3 4 1
restaurante/controllers/ReservaController.go:566.2,571.84 4 2
restaurante/controllers/ReservaController.go:571.84,580.3 4 1
restaurante/controllers/ReservaController.go:583.2,589.15 3 1
restaurante/controllers/RestauranteController.go:26.42,31.16 4 1
restaurante/controllers/RestauranteController.go:31.16,40.3 4 1
restaurante/controllers/RestauranteController.go:42.2,42.30 1 0
restaurante/controllers/RestauranteController.go:42.30,43.46 1 0
restaurante/controllers/RestauranteController.go:43.46,45.4 1 0
restaurante/controllers/RestauranteController.go:48.2,54.15 3 0
restaurante/controllers/RestauranteController.go:67.43,71.27 3 2
restaurante/controllers/RestauranteController.go:71.27,80.3 4 1
restaurante/controllers/RestauranteController.go:82.2,85.26 3 1
restaurante/controllers/RestauranteController.go:85.26,94.3 4 0
restaurante/controllers/RestauranteController.go:96.2,102.15 3 1
restaurante/controllers/RestauranteController.go:115.40,120.78 3 2
restaurante/controllers/RestauranteController.go:120.78,129.3 4 1
restaurante/controllers/RestauranteController.go:132.2,132.41 1 1
restaurante/controllers/RestauranteController.go:132.41,134.83 2 0
restaurante/controllers/RestauranteController.go:134.83,136.4 1 0
restaurante/controllers/RestauranteController.go:139.2,140.16 2 1
restaurante/controllers/RestauranteController.go:140.16,149.3 4 1
restaurante/controllers/RestauranteController.go:151.2,157.15 3 0
restaurante/controllers/RestauranteController.go:171.39,177.27 4 2
restaurante/controllers/RestauranteController.go:177.27,186.3 4 1
restaurante/controllers/RestauranteController.go:188.2,190.33 2 1
restaurante/controllers/RestauranteController.go:190.33,192.86 2 0
restaurante/controllers/RestauranteController.go:192.86,201.4 4 0
restaurante/controllers/RestauranteController.go:204.3,207.49 2 0
restaurante/controllers/RestauranteController.go:207.49,209.91 2 0
restaurante/controllers/RestauranteController.go:209.91,211.5 1 0
restaurante/controllers/RestauranteController.go:214.3,215.17 2 0
restaurante/controllers/RestauranteController.go:215.17,224.4 4 0
restaurante/controllers/RestauranteController.go:226.3,232.16 3 0
restaurante/controllers/RestauranteController.go:233.8,240.3 3 1
restaurante/controllers/RestauranteController.go:253.42,259.27 4 2
restaurante/controllers/RestauranteController.go:259.27,268.3 4 1
restaurante/controllers/RestauranteController.go:270.2,272.50 2 1
restaurante/controllers/RestauranteController.go:272.50,279.3 3 0
restaurante/controllers/RestauranteController.go:279.8,287.3 3 1
restaurante/controllers/TrabajadorController.go:25.58,27.16 2 5
restaurante/controllers/TrabajadorController.go:27.16,29.3 1 0
restaurante/controllers/TrabajadorController.go:30.2,30.36 1 5
restaurante/controllers/TrabajadorController.go:34.64,35.47 1 5
restaurante/controllers/TrabajadorController.go:35.47,36.40 1 4
restaurante/controllers/TrabajadorController.go:36.40,38.4 1 2
restaurante/controllers/TrabajadorController.go:40.2,40.12 1 3
restaurante/controllers/TrabajadorController.go:57.41,69.19 8 3
restaurante/controllers/TrabajadorController.go:69.19,71.3 1 1
restaurante/controllers/TrabajadorController.go:71.8,71.30 1 2
restaurante/controllers/TrabajadorController.go:71.30,73.3 1 2
restaurante/controllers/TrabajadorController.go:76.2,76.24 1 3
restaurante/controllers/TrabajadorController.go:76.24,78.3 1 1
restaurante/controllers/TrabajadorController.go:79.2,79.15 1 3
restaurante/controllers/TrabajadorController.go:79.15,81.3 1 1
restaurante/controllers/TrabajadorController.go:84.2,85.16 2 3
restaurante/controllers/TrabajadorController.go:85.16,94.3 4 1
restaurante/controllers/TrabajadorController.go:97.2,97.30 1 2
restaurante/controllers/TrabajadorController.go:97.30,99.42 2 1
restaurante/controllers/TrabajadorController.go:99.42,102.4 2 1
restaurante/controllers/TrabajadorController.go:103.3,103.46 1 1
restaurante/controllers/TrabajadorController.go:103.46,106.4 2 1
restaurante/controllers/TrabajadorController.go:107.3,107.88 1 1
restaurante/controllers/TrabajadorController.go:111.2,111.28 1 2
restaurante/controllers/TrabajadorController.go:111.28,119.3 4 1
restaurante/controllers/TrabajadorController.go:122.2,128.15 3 1
restaurante/controllers/TrabajadorController.go:142.42,146.27 3 3
restaurante/controllers/TrabajadorController.go:146.27,154.3 4 1
restaurante/controllers/TrabajadorController.go:156.2,158.26 3 2
restaurante/controllers/TrabajadorController.go:158.26,166.3 4 1
restaurante/controllers/TrabajadorController.go:168.2,175.15 4 1
restaurante/controllers/TrabajadorController.go:189.39,194.72 3 13
restaurante/controllers/TrabajadorController.go:194.72,203.3 4 1
restaurante/controllers/TrabajadorController.go:204.2,209.59 3 12
restaurante/controllers/TrabajadorController.go:209.59,211.3 1 11
restaurante/controllers/TrabajadorController.go:211.8,219.3 4 1
restaurante/controllers/TrabajadorController.go:222.2,222.64 1 11
restaurante/controllers/TrabajadorController.go:222.64,224.3 1 10
restaurante/controllers/TrabajadorController.go:224.8,232.3 4 1
restaurante/controllers/TrabajadorController.go:235.2,235.70 1 10
restaurante/controllers/TrabajadorController.go:235.70,237.3 1 9
restaurante/controllers/TrabajadorController.go:237.8,245.3 4 1
restaurante/controllers/TrabajadorController.go:248.2,248.55 1 9
restaurante/controllers/TrabajadorController.go:248.55,250.3 1 8
restaurante/controllers/TrabajadorController.go:250.8,258.3 4 1
restaurante/controllers/TrabajadorController.go:261.2,261.88 1 8
restaurante/controllers/TrabajadorController.go:261.88,263.17 2 7
restaurante/controllers/TrabajadorController.go:263.17,272.4 4 1
restaurante/controllers/TrabajadorController.go:273.3,273.40 1 6
restaurante/controllers/TrabajadorController.go:274.8,282.3 4 1
restaurante/controllers/TrabajadorController.go:285.2,285.49 1 6
restaurante/controllers/TrabajadorController.go:285.49,287.3 1 5
restaurante/controllers/TrabajadorController.go:287.8,295.3 4 1
restaurante/controllers/TrabajadorController.go:298.2,298.70 1 5
restaurante/controllers/TrabajadorController.go:298.70,300.17 2 4
restaurante/controllers/TrabajadorController.go:300.17,309.4 4 1
restaurante/controllers/TrabajadorController.go:310.3,310.39 1 3
restaurante/controllers/TrabajadorController.go:311.8,319.3 4 1
restaurante/controllers/TrabajadorController.go:322.2,322.52 1 3
restaurante/controllers/TrabajadorController.go:322.52,324.3 1 1
restaurante/controllers/TrabajadorController.go:327.2,327.63 1 3
restaurante/controllers/TrabajadorController.go:327.63,330.3 2 1
restaurante/controllers/TrabajadorController.go:333.2,333.97 1 3
restaurante/controllers/TrabajadorController.go:333.97,335.17 2 2
restaurante/controllers/TrabajadorController.go:335.17,344.4 4 1
restaurante/controllers/TrabajadorController.go:345.3,345.44 1 1
restaurante/controllers/TrabajadorController.go:349.2,350.16 2 2
restaurante/controllers/TrabajadorController.go:350.16,359.3 4 1
restaurante/controllers/TrabajadorController.go:362.2,370.15 4 1
restaurante/controllers/TrabajadorController.go:385.38,389.27 3 10
restaurante/controllers/TrabajadorController.go:389.27,397.3 4 1
restaurante/controllers/TrabajadorController.go:400.2,401.44 2 9
restaurante/controllers/TrabajadorController.go:401.44,409.3 4 1
restaurante/controllers/TrabajadorController.go:412.2,413.72 2 8
restaurante/controllers/TrabajadorController.go:413.72,422.3 4 1
restaurante/controllers/TrabajadorController.go:425.2,425.64 1 7
restaurante/controllers/TrabajadorController.go:425.64,427.3 1 2
restaurante/controllers/TrabajadorController.go:429.2,429.70 1 7
restaurante/controllers/TrabajadorController.go:429.70,431.3 1 1
restaurante/controllers/TrabajadorController.go:433.2,433.55 1 7
restaurante/controllers/TrabajadorController.go:433.55,435.3 1 1
restaurante/controllers/TrabajadorController.go:437.2,437.49 1 7
restaurante/controllers/TrabajadorController.go:437.49,439.3 1 1
restaurante/controllers/TrabajadorController.go:441.2,441.44 1 7
restaurante/controllers/TrabajadorController.go:441.44,443.3 1 1
restaurante/controllers/TrabajadorController.go:445.2,445.70 1 7
restaurante/controllers/TrabajadorController.go:445.70,447.3 1 1
restaurante/controllers/TrabajadorController.go:449.2,449.67 1 7
restaurante/controllers/TrabajadorController.go:449.67,451.3 1 1
restaurante/controllers/TrabajadorController.go:453.2,453.89 1 7
restaurante/controllers/TrabajadorController.go:453.89,455.17 2 3
restaurante/controllers/TrabajadorController.go:455.17,464.4 4 1
restaurante/controllers/TrabajadorController.go:465.3,465.40 1 2
restaurante/controllers/TrabajadorController.go:468.2,468.86 1 6
restaurante/controllers/TrabajadorController.go:468.86,470.17 2 3
restaurante/controllers/TrabajadorController.go:470.17,479.4 4 1
restaurante/controllers/TrabajadorController.go:480.3,481.41 2 2
restaurante/controllers/TrabajadorController.go:484.2,484.98 1 5
restaurante/controllers/TrabajadorController.go:484.98,486.17 2 2
restaurante/controllers/TrabajadorController.go:486.17,495.4 4 1
restaurante/controllers/TrabajadorController.go:496.3,497.49 2 1
restaurante/controllers/TrabajadorController.go:500.2,500.70 1 4
restaurante/controllers/TrabajadorController.go:500.70,502.17 2 2
restaurante/controllers/TrabajadorController.go:502.17,511.4 4 1
restaurante/controllers/TrabajadorController.go:512.3,512.39 1 1
restaurante/controllers/TrabajadorController.go:516.2,516.90 1 3
restaurante/controllers/TrabajadorController.go:516.90,524.3 4 1
restaurante/controllers/TrabajadorController.go:527.2,527.49 1 2
restaurante/controllers/TrabajadorController.go:527.49,536.3 4 1
restaurante/controllers/TrabajadorController.go:539.2,548.15 4 1
restaurante/controllers/TrabajadorController.go:562.41,568.27 4 5
restaurante/controllers/TrabajadorController.go:568.27,577.3 4 1
restaurante/controllers/TrabajadorController.go:580.2,581.44 2 4
restaurante/controllers/TrabajadorController.go:581.44,582.27 1 2
restaurante/controllers/TrabajadorController.go:582.27,588.4 2 1
restaurante/controllers/TrabajadorController.go:588.9,595.4 2 1
restaurante/controllers/TrabajadorController.go:596.3,597.9 2 2
restaurante/controllers/TrabajadorController.go:601.2,605.65 3 2
restaurante/controllers/TrabajadorController.go:605.65,614.3 4 1
restaurante/controllers/TrabajadorController.go:615.2,623.15 4 1
