mode: atomic
restaurante/main.go:34.13,36.2 1 1
restaurante/main.go:38.16,40.37 1 4
restaurante/main.go:40.37,43.3 2 1
restaurante/main.go:43.8,45.3 1 3
restaurante/main.go:46.2,46.20 1 4
restaurante/main.go:59.62,60.14 1 2
restaurante/main.go:60.14,62.3 1 1
restaurante/main.go:63.2,63.20 1 1
restaurante/main.go:66.85,67.14 1 3
restaurante/main.go:67.14,69.3 1 1
restaurante/main.go:70.2,71.15 2 2
restaurante/main.go:71.15,73.3 1 1
restaurante/main.go:74.2,74.18 1 1
restaurante/main.go:78.32,81.6 2 7
restaurante/main.go:81.6,84.43 2 8
restaurante/main.go:84.43,92.55 3 3
restaurante/main.go:92.55,94.5 1 1
restaurante/main.go:94.10,95.120 1 2
restaurante/main.go:95.120,97.6 1 1
restaurante/main.go:97.11,99.6 1 1
restaurante/main.go:104.3,104.40 1 8
restaurante/main.go:104.40,106.4 1 7
restaurante/main.go:109.3,109.27 1 1
restaurante/main.go:113.45,116.78 2 1
restaurante/main.go:116.78,119.3 2 1
restaurante/main.go:131.13,143.49 7 3
restaurante/main.go:143.49,146.3 2 0
restaurante/main.go:147.2,147.48 1 3
restaurante/main.go:147.48,149.75 2 0
restaurante/main.go:149.75,150.39 1 0
restaurante/main.go:150.39,152.5 1 0
restaurante/main.go:154.3,155.55 2 0
restaurante/main.go:159.2,159.47 1 3
restaurante/main.go:159.47,160.65 1 0
restaurante/main.go:160.65,162.4 1 0
restaurante/main.go:164.2,164.56 1 3
restaurante/main.go:164.56,165.53 1 0
restaurante/main.go:165.53,168.4 2 0
restaurante/main.go:172.2,179.23 3 3
restaurante/main.go:179.23,181.49 1 0
restaurante/main.go:181.49,184.4 2 0
restaurante/main.go:184.9,186.25 2 0
restaurante/main.go:186.25,188.5 1 0
restaurante/main.go:189.4,190.33 2 0
restaurante/main.go:192.8,195.3 1 3
restaurante/main.go:196.2,202.23 3 3
restaurante/main.go:202.23,205.3 2 3
restaurante/main.go:208.2,208.46 1 3
restaurante/main.go:208.46,210.3 1 1
restaurante/main.go:213.2,213.38 1 3
restaurante/main.go:213.38,215.3 1 1
restaurante/database/database.go:32.69,32.99 1 1
restaurante/database/database.go:33.90,35.3 1 1
restaurante/database/database.go:36.52,36.73 1 1
restaurante/database/database.go:37.65,37.91 1 1
restaurante/database/database.go:41.75,45.2 3 1
restaurante/database/database.go:48.41,50.2 1 3
restaurante/database/database.go:52.32,54.13 2 4
restaurante/database/database.go:54.13,56.3 1 1
restaurante/database/database.go:57.2,58.25 2 3
restaurante/database/database.go:58.25,60.3 1 2
restaurante/database/database.go:61.2,61.10 1 1
restaurante/database/database.go:64.21,69.18 3 4
restaurante/database/database.go:69.18,71.17 2 4
restaurante/database/database.go:71.17,73.4 1 0
restaurante/database/database.go:74.3,74.13 1 4
restaurante/database/database.go:76.2,77.18 2 4
restaurante/database/database.go:77.18,79.17 2 4
restaurante/database/database.go:79.17,81.4 1 0
restaurante/database/database.go:82.3,82.13 1 4
restaurante/database/database.go:84.2,85.18 2 4
restaurante/database/database.go:85.18,87.17 2 4
restaurante/database/database.go:87.17,89.4 1 0
restaurante/database/database.go:90.3,90.13 1 4
restaurante/database/database.go:92.2,93.18 2 4
restaurante/database/database.go:93.18,95.17 2 4
restaurante/database/database.go:95.17,97.4 1 0
restaurante/database/database.go:98.3,98.13 1 4
restaurante/database/database.go:100.2,101.18 2 4
restaurante/database/database.go:101.18,103.17 2 4
restaurante/database/database.go:103.17,105.4 1 0
restaurante/database/database.go:106.3,106.13 1 4
restaurante/database/database.go:108.2,109.19 2 4
restaurante/database/database.go:109.19,111.3 1 4
restaurante/database/database.go:113.2,116.73 2 4
restaurante/database/database.go:116.73,118.3 1 1
restaurante/database/database.go:120.2,120.12 1 3
restaurante/database/database.go:120.12,123.3 2 3
restaurante/database/database.go:126.2,126.65 1 3
restaurante/database/database.go:126.65,127.55 1 0
restaurante/database/database.go:127.55,129.4 1 0
restaurante/database/database.go:130.3,130.55 1 0
restaurante/database/database.go:130.55,132.4 1 0
restaurante/database/database.go:133.3,133.62 1 0
restaurante/database/database.go:133.62,135.4 1 0
restaurante/database/database.go:136.3,136.63 1 0
restaurante/database/database.go:136.63,138.4 1 0
restaurante/database/database.go:142.2,142.38 1 3
restaurante/database/database.go:142.38,144.3 1 1
restaurante/database/database.go:147.2,147.44 1 2
restaurante/database/database.go:147.44,148.42 1 1
restaurante/database/database.go:148.42,149.14 1 1
restaurante/database/database.go:149.14,151.5 1 1
restaurante/database/database.go:155.2,155.12 1 2
restaurante/database/database.go:160.21,163.16 3 2
restaurante/database/database.go:163.16,164.38 1 1
restaurante/database/database.go:164.38,166.4 1 1
restaurante/database/database.go:167.3,167.49 1 1
restaurante/database/database.go:171.29,179.29 3 5
restaurante/database/database.go:179.29,181.17 2 7
restaurante/database/database.go:181.17,183.4 1 2
restaurante/database/database.go:184.3,184.15 1 5
restaurante/database/database.go:184.15,185.45 1 3
restaurante/database/database.go:185.45,187.5 1 1
restaurante/database/database.go:191.2,191.12 1 2
restaurante/routers/router.go:9.13,174.2 4 1
restaurante/tests/http_utils.go:14.62,15.37 1 3
restaurante/tests/http_utils.go:15.37,21.3 2 1
restaurante/tests/http_utils.go:23.2,24.19 2 2
restaurante/tests/http_utils.go:24.19,26.3 1 1
restaurante/tests/http_utils.go:29.2,29.10 1 2
restaurante/tests/http_utils.go:33.24,37.2 3 1
restaurante/tests/seed_data_stub.go:9.21,12.2 1 1
restaurante/docs/docs.go:6510.13,6512.2 1 1
restaurante/models/CambiosHorario.go:18.45,20.2 1 2
restaurante/models/CambiosHorario.go:21.13,23.2 1 1
restaurante/models/CambiosHorario.go:25.55,34.2 2 1
restaurante/models/Categoria.go:12.40,14.2 1 1
restaurante/models/Categoria.go:16.13,18.2 1 1
restaurante/models/Cliente.go:18.38,20.2 1 1
restaurante/models/Cliente.go:22.13,24.2 1 1
restaurante/models/ControlNomina.go:16.44,18.2 1 2
restaurante/models/ControlNomina.go:20.13,22.2 1 1
restaurante/models/ControlNomina.go:25.44,27.2 1 6
restaurante/models/ControlNomina.go:35.62,36.22 1 2
restaurante/models/ControlNomina.go:36.22,38.3 1 1
restaurante/models/ControlNomina.go:39.2,39.20 1 1
restaurante/models/ControlNomina.go:43.78,44.22 1 2
restaurante/models/ControlNomina.go:44.22,46.3 1 1
restaurante/models/ControlNomina.go:47.2,47.29 1 1
restaurante/models/DetallePedido.go:14.44,16.2 1 1
restaurante/models/DetallePedido.go:19.50,21.2 1 1
restaurante/models/DetallePedido.go:23.13,25.2 1 1
restaurante/models/Domicilio.go:36.40,36.62 1 2
restaurante/models/Domicilio.go:38.13,40.2 1 1
restaurante/models/HorarioTrabajador.go:18.48,20.2 1 1
restaurante/models/HorarioTrabajador.go:23.54,25.2 1 1
restaurante/models/HorarioTrabajador.go:28.47,30.2 1 2
restaurante/models/HorarioTrabajador.go:32.13,34.2 1 1
restaurante/models/HorarioTrabajador.go:36.58,43.42 1 2
restaurante/models/HorarioTrabajador.go:43.42,44.40 1 2
restaurante/models/HorarioTrabajador.go:44.40,46.5 1 1
restaurante/models/HorarioTrabajador.go:47.4,47.14 1 1
restaurante/models/Incidencia.go:19.41,21.2 1 2
restaurante/models/Incidencia.go:23.13,25.2 1 1
restaurante/models/Incidencia.go:27.51,36.2 2 1
restaurante/models/MetodoPago.go:11.41,13.2 1 1
restaurante/models/MetodoPago.go:15.13,17.2 1 1
restaurante/models/Nomina.go:18.37,20.2 1 2
restaurante/models/Nomina.go:22.13,24.2 1 1
restaurante/models/Nomina.go:26.47,35.2 2 1
restaurante/models/Nomina.go:36.51,44.51 3 7
restaurante/models/Nomina.go:44.51,46.3 1 2
restaurante/models/Nomina.go:47.2,47.21 1 5
restaurante/models/Nomina.go:47.21,49.17 2 2
restaurante/models/Nomina.go:49.17,51.4 1 1
restaurante/models/Nomina.go:52.3,52.14 1 1
restaurante/models/Nomina.go:54.2,54.12 1 4
restaurante/models/NominaTrabajador.go:40.47,42.2 1 2
restaurante/models/NominaTrabajador.go:44.13,46.2 1 1
restaurante/models/NominaTrabajador.go:48.53,52.2 1 1
restaurante/models/NominaTrabajador.go:58.61,71.49 3 10
restaurante/models/NominaTrabajador.go:71.49,73.3 1 1
restaurante/models/NominaTrabajador.go:75.2,75.26 1 9
restaurante/models/NominaTrabajador.go:75.26,77.3 1 3
restaurante/models/NominaTrabajador.go:78.2,82.72 3 9
restaurante/models/NominaTrabajador.go:82.72,85.53 2 8
restaurante/models/NominaTrabajador.go:85.53,87.4 1 4
restaurante/models/NominaTrabajador.go:89.3,90.49 2 4
restaurante/models/NominaTrabajador.go:90.49,92.4 1 2
restaurante/models/NominaTrabajador.go:93.3,93.18 1 2
restaurante/models/NominaTrabajador.go:97.2,98.26 2 9
restaurante/models/NominaTrabajador.go:98.26,100.3 1 3
restaurante/models/NominaTrabajador.go:101.2,101.26 1 9
restaurante/models/NominaTrabajador.go:101.26,102.61 1 8
restaurante/models/NominaTrabajador.go:102.61,104.4 1 8
restaurante/models/NominaTrabajador.go:108.2,108.64 1 9
restaurante/models/NominaTrabajador.go:108.64,110.53 2 8
restaurante/models/NominaTrabajador.go:110.53,112.4 1 4
restaurante/models/NominaTrabajador.go:113.3,114.49 2 4
restaurante/models/NominaTrabajador.go:114.49,116.4 1 2
restaurante/models/NominaTrabajador.go:117.3,117.18 1 2
restaurante/models/NominaTrabajador.go:120.2,121.25 2 9
restaurante/models/NominaTrabajador.go:121.25,123.3 1 4
restaurante/models/NominaTrabajador.go:124.2,124.25 1 9
restaurante/models/NominaTrabajador.go:124.25,125.56 1 8
restaurante/models/NominaTrabajador.go:125.56,127.4 1 8
restaurante/models/NominaTrabajador.go:130.2,130.12 1 9
restaurante/models/Pago.go:21.35,23.2 1 1
restaurante/models/Pago.go:25.13,27.2 1 1
restaurante/models/Pago.go:29.45,42.2 2 2
restaurante/models/Pedido.go:38.37,40.2 1 2
restaurante/models/Pedido.go:42.13,44.2 1 1
restaurante/models/Pedido.go:46.47,59.2 2 1
restaurante/models/PrecioProductoHist.go:18.49,20.2 1 1
restaurante/models/PrecioProductoHist.go:23.55,25.2 1 1
restaurante/models/PrecioProductoHist.go:27.13,29.2 1 1
restaurante/models/Producto.go:23.39,25.2 1 1
restaurante/models/Producto.go:39.49,49.34 1 2
restaurante/models/Producto.go:49.34,50.35 1 2
restaurante/models/Producto.go:50.35,52.5 1 1
restaurante/models/Producto.go:53.4,53.12 1 1
restaurante/models/Producto.go:56.2,56.25 1 2
restaurante/models/Producto.go:59.53,61.50 2 4
restaurante/models/Producto.go:61.50,63.3 1 1
restaurante/models/Producto.go:64.2,70.21 7 3
restaurante/models/Producto.go:70.21,71.73 1 2
restaurante/models/Producto.go:71.73,73.4 1 1
restaurante/models/Producto.go:73.9,75.4 1 1
restaurante/models/Producto.go:76.8,78.3 1 1
restaurante/models/Producto.go:79.2,80.30 2 2
restaurante/models/Producto.go:80.30,82.3 1 1
restaurante/models/Producto.go:82.8,84.3 1 1
restaurante/models/Producto.go:85.2,85.12 1 2
restaurante/models/Producto.go:88.13,89.47 1 1
restaurante/models/Producto.go:89.47,91.3 1 1
restaurante/models/Reserva.go:25.38,27.2 1 2
restaurante/models/Reserva.go:29.13,31.2 1 1
restaurante/models/Reserva.go:33.48,44.2 2 3
restaurante/models/ReservaContacto.go:13.46,15.2 1 1
restaurante/models/ReservaContacto.go:18.40,19.67 1 4
restaurante/models/ReservaContacto.go:19.67,21.3 1 2
restaurante/models/ReservaContacto.go:22.2,22.13 1 2
restaurante/models/ReservaContacto.go:25.13,27.2 1 1
restaurante/models/Restaurante.go:16.42,18.2 1 1
restaurante/models/Restaurante.go:20.13,22.2 1 1
restaurante/models/RestauranteDia.go:11.45,13.2 1 1
restaurante/models/RestauranteDia.go:16.51,18.2 1 1
restaurante/models/RestauranteDia.go:20.13,22.2 1 1
restaurante/models/Subcategoria.go:13.43,15.2 1 1
restaurante/models/Subcategoria.go:17.13,19.2 1 1
restaurante/models/Trabajador.go:26.41,28.2 1 2
restaurante/models/Trabajador.go:30.13,32.2 1 1
restaurante/models/Trabajador.go:34.51,42.36 2 2
restaurante/models/Trabajador.go:42.36,43.33 1 2
restaurante/models/Trabajador.go:43.33,46.5 2 1
restaurante/models/Trabajador.go:47.4,47.14 1 1
restaurante/models/Trabajador.go:50.32,51.29 1 2
restaurante/models/Trabajador.go:51.29,54.5 2 1
restaurante/models/Trabajador.go:55.4,55.14 1 1
restaurante/models/enums.go:84.39,85.11 1 2
restaurante/models/enums.go:86.83,87.14 1 1
restaurante/models/enums.go:89.2,89.14 1 1
restaurante/models/enums.go:102.45,103.11 1 6
restaurante/models/enums.go:104.97,105.14 1 3
restaurante/models/enums.go:107.2,107.14 1 3
restaurante/logging/logging.go:18.28,20.49 2 5
restaurante/logging/logging.go:21.15,22.29 1 1
restaurante/logging/logging.go:23.14,24.28 1 1
restaurante/logging/logging.go:25.15,26.29 1 1
restaurante/logging/logging.go:27.10,28.28 1 2
restaurante/logging/logging.go:31.2,32.18 2 5
restaurante/logging/logging.go:32.18,33.24 1 2
restaurante/logging/logging.go:33.24,35.4 1 1
restaurante/logging/logging.go:35.9,37.4 1 1
restaurante/logging/logging.go:40.2,41.22 2 5
restaurante/logging/logging.go:41.22,43.3 1 3
restaurante/logging/logging.go:43.8,45.3 1 2
restaurante/logging/logging.go:46.2,47.25 2 5
restaurante/logging/logging.go:51.28,52.19 1 12
restaurante/logging/logging.go:52.19,57.3 3 1
restaurante/logging/logging.go:58.2,58.15 1 12
restaurante/logging/logging.go:62.39,64.2 1 1
restaurante/logging/logging.go:67.39,69.20 2 2
restaurante/logging/logging.go:69.20,71.3 1 1
restaurante/logging/logging.go:72.2,83.3 6 2
restaurante/logging/logging.go:87.39,89.18 2 2
restaurante/logging/logging.go:89.18,91.3 1 1
restaurante/logging/logging.go:92.2,102.3 5 1
restaurante/logging/logging.go:107.105,121.2 6 1
restaurante/logging/logging.go:123.44,125.14 2 6
restaurante/logging/logging.go:125.14,128.3 2 4
restaurante/logging/logging.go:129.2,129.23 1 2
restaurante/logging/logging.go:132.52,134.25 2 3
restaurante/logging/logging.go:134.25,136.117 2 9
restaurante/logging/logging.go:136.117,138.12 2 5
restaurante/logging/logging.go:140.3,140.20 1 4
restaurante/logging/logging.go:140.20,142.22 2 4
restaurante/logging/logging.go:142.22,144.5 1 3
restaurante/logging/logging.go:145.4,145.16 1 4
restaurante/logging/logging.go:148.2,148.12 1 3
restaurante/logging/logging.go:151.71,152.15 1 3
restaurante/logging/logging.go:152.15,154.3 1 1
restaurante/logging/logging.go:155.2,156.23 2 2
restaurante/logging/logging.go:156.23,158.147 2 14
restaurante/logging/logging.go:158.147,160.12 2 9
restaurante/logging/logging.go:162.3,162.26 1 5
restaurante/logging/logging.go:163.15,164.22 1 3
restaurante/logging/logging.go:164.22,166.5 1 2
restaurante/logging/logging.go:166.10,168.5 1 1
restaurante/logging/logging.go:169.11,170.14 1 2
restaurante/logging/logging.go:173.2,173.12 1 2
restaurante/logging/logging.go:176.32,177.16 1 3
restaurante/logging/logging.go:177.16,179.3 1 1
restaurante/logging/logging.go:180.2,180.20 1 2
restaurante/controllers/CambiosHorarioController.go:21.96,22.14 1 2
restaurante/controllers/CambiosHorarioController.go:22.14,24.3 1 1
restaurante/controllers/CambiosHorarioController.go:25.2,25.79 1 1
restaurante/controllers/CambiosHorarioController.go:36.95,37.15 1 2
restaurante/controllers/CambiosHorarioController.go:37.15,39.4 1 1
restaurante/controllers/CambiosHorarioController.go:40.3,40.64 1 1
restaurante/controllers/CambiosHorarioController.go:42.89,43.15 1 2
restaurante/controllers/CambiosHorarioController.go:43.15,45.4 1 1
restaurante/controllers/CambiosHorarioController.go:46.3,46.27 1 1
restaurante/controllers/CambiosHorarioController.go:48.93,49.15 1 3
restaurante/controllers/CambiosHorarioController.go:49.15,51.4 1 1
restaurante/controllers/CambiosHorarioController.go:52.3,52.98 1 2
restaurante/controllers/CambiosHorarioController.go:54.89,55.15 1 2
restaurante/controllers/CambiosHorarioController.go:55.15,57.4 1 1
restaurante/controllers/CambiosHorarioController.go:58.3,58.27 1 1
restaurante/controllers/CambiosHorarioController.go:60.71,61.15 1 2
restaurante/controllers/CambiosHorarioController.go:61.15,63.4 1 1
restaurante/controllers/CambiosHorarioController.go:64.3,64.94 1 1
restaurante/controllers/CambiosHorarioController.go:78.45,82.64 3 8
restaurante/controllers/CambiosHorarioController.go:82.64,92.3 5 1
restaurante/controllers/CambiosHorarioController.go:94.2,95.35 2 7
restaurante/controllers/CambiosHorarioController.go:95.35,101.35 2 1010
restaurante/controllers/CambiosHorarioController.go:101.35,103.4 1 3
restaurante/controllers/CambiosHorarioController.go:103.9,105.4 1 1007
restaurante/controllers/CambiosHorarioController.go:106.3,106.36 1 1010
restaurante/controllers/CambiosHorarioController.go:106.36,108.4 1 3
restaurante/controllers/CambiosHorarioController.go:108.9,110.4 1 1007
restaurante/controllers/CambiosHorarioController.go:111.3,111.33 1 1010
restaurante/controllers/CambiosHorarioController.go:114.2,119.19 2 7
restaurante/controllers/CambiosHorarioController.go:132.55,139.77 5 5
restaurante/controllers/CambiosHorarioController.go:139.77,140.27 1 3
restaurante/controllers/CambiosHorarioController.go:140.27,145.4 4 2
restaurante/controllers/CambiosHorarioController.go:146.3,150.9 5 1
restaurante/controllers/CambiosHorarioController.go:153.2,158.40 2 2
restaurante/controllers/CambiosHorarioController.go:158.40,160.3 1 1
restaurante/controllers/CambiosHorarioController.go:161.2,161.41 1 2
restaurante/controllers/CambiosHorarioController.go:161.41,163.3 1 1
restaurante/controllers/CambiosHorarioController.go:165.2,167.19 3 2
restaurante/controllers/CambiosHorarioController.go:182.43,187.72 4 20
restaurante/controllers/CambiosHorarioController.go:187.72,197.3 5 1
restaurante/controllers/CambiosHorarioController.go:199.2,199.80 1 19
restaurante/controllers/CambiosHorarioController.go:199.80,201.17 2 17
restaurante/controllers/CambiosHorarioController.go:201.17,210.4 4 1
restaurante/controllers/CambiosHorarioController.go:211.3,211.29 1 16
restaurante/controllers/CambiosHorarioController.go:212.8,220.3 4 2
restaurante/controllers/CambiosHorarioController.go:222.2,222.48 1 16
restaurante/controllers/CambiosHorarioController.go:222.48,224.3 1 15
restaurante/controllers/CambiosHorarioController.go:224.8,232.3 4 1
restaurante/controllers/CambiosHorarioController.go:234.2,234.22 1 15
restaurante/controllers/CambiosHorarioController.go:234.22,235.64 1 3
restaurante/controllers/CambiosHorarioController.go:235.64,237.4 1 3
restaurante/controllers/CambiosHorarioController.go:238.3,238.64 1 3
restaurante/controllers/CambiosHorarioController.go:238.64,240.4 1 3
restaurante/controllers/CambiosHorarioController.go:241.8,242.89 1 12
restaurante/controllers/CambiosHorarioController.go:242.89,244.18 2 11
restaurante/controllers/CambiosHorarioController.go:244.18,253.5 4 1
restaurante/controllers/CambiosHorarioController.go:254.4,254.39 1 10
restaurante/controllers/CambiosHorarioController.go:255.9,263.4 4 1
restaurante/controllers/CambiosHorarioController.go:265.3,265.83 1 10
restaurante/controllers/CambiosHorarioController.go:265.83,267.18 2 9
restaurante/controllers/CambiosHorarioController.go:267.18,276.5 4 1
restaurante/controllers/CambiosHorarioController.go:277.4,277.36 1 8
restaurante/controllers/CambiosHorarioController.go:278.9,286.4 4 1
restaurante/controllers/CambiosHorarioController.go:289.2,289.60 1 11
restaurante/controllers/CambiosHorarioController.go:289.60,299.3 5 1
restaurante/controllers/CambiosHorarioController.go:301.2,306.34 2 10
restaurante/controllers/CambiosHorarioController.go:306.34,308.3 1 10
restaurante/controllers/CambiosHorarioController.go:309.2,309.35 1 10
restaurante/controllers/CambiosHorarioController.go:309.35,311.3 1 10
restaurante/controllers/CambiosHorarioController.go:313.2,319.19 3 10
restaurante/controllers/CambiosHorarioController.go:336.42,339.27 3 19
restaurante/controllers/CambiosHorarioController.go:339.27,348.3 5 1
restaurante/controllers/CambiosHorarioController.go:350.2,351.72 2 18
restaurante/controllers/CambiosHorarioController.go:351.72,361.3 5 1
restaurante/controllers/CambiosHorarioController.go:363.2,364.74 2 17
restaurante/controllers/CambiosHorarioController.go:364.74,373.3 4 2
restaurante/controllers/CambiosHorarioController.go:373.8,373.23 1 15
restaurante/controllers/CambiosHorarioController.go:373.23,383.3 5 2
restaurante/controllers/CambiosHorarioController.go:385.2,385.80 1 13
restaurante/controllers/CambiosHorarioController.go:385.80,387.17 2 5
restaurante/controllers/CambiosHorarioController.go:387.17,396.4 4 1
restaurante/controllers/CambiosHorarioController.go:397.3,397.29 1 4
restaurante/controllers/CambiosHorarioController.go:400.2,400.48 1 12
restaurante/controllers/CambiosHorarioController.go:400.48,402.15 2 8
restaurante/controllers/CambiosHorarioController.go:402.15,403.65 1 2
restaurante/controllers/CambiosHorarioController.go:403.65,405.5 1 2
restaurante/controllers/CambiosHorarioController.go:406.4,406.65 1 2
restaurante/controllers/CambiosHorarioController.go:406.65,408.5 1 2
restaurante/controllers/CambiosHorarioController.go:412.2,412.21 1 12
restaurante/controllers/CambiosHorarioController.go:412.21,413.89 1 9
restaurante/controllers/CambiosHorarioController.go:413.89,415.18 2 7
restaurante/controllers/CambiosHorarioController.go:415.18,424.5 4 1
restaurante/controllers/CambiosHorarioController.go:425.4,425.39 1 6
restaurante/controllers/CambiosHorarioController.go:428.3,428.83 1 8
restaurante/controllers/CambiosHorarioController.go:428.83,430.18 2 6
restaurante/controllers/CambiosHorarioController.go:430.18,439.5 4 1
restaurante/controllers/CambiosHorarioController.go:440.4,440.36 1 5
restaurante/controllers/CambiosHorarioController.go:444.2,444.60 1 10
restaurante/controllers/CambiosHorarioController.go:444.60,454.3 5 1
restaurante/controllers/CambiosHorarioController.go:456.2,461.34 2 9
restaurante/controllers/CambiosHorarioController.go:461.34,463.3 1 8
restaurante/controllers/CambiosHorarioController.go:464.2,464.35 1 9
restaurante/controllers/CambiosHorarioController.go:464.35,466.3 1 8
restaurante/controllers/CambiosHorarioController.go:468.2,474.19 3 9
restaurante/controllers/CambiosHorarioController.go:489.45,492.27 3 7
restaurante/controllers/CambiosHorarioController.go:492.27,501.3 5 3
restaurante/controllers/CambiosHorarioController.go:503.2,503.60 1 4
restaurante/controllers/CambiosHorarioController.go:503.60,512.3 4 1
restaurante/controllers/CambiosHorarioController.go:512.8,512.21 1 3
restaurante/controllers/CambiosHorarioController.go:512.21,520.3 3 2
restaurante/controllers/CambiosHorarioController.go:520.8,527.3 3 1
restaurante/controllers/CategoriaController.go:27.75,29.2 1 1
restaurante/controllers/CategoriaController.go:33.70,35.2 1 1
restaurante/controllers/CategoriaController.go:36.66,36.90 1 1
restaurante/controllers/CategoriaController.go:37.66,37.97 1 1
restaurante/controllers/CategoriaController.go:38.77,40.2 1 1
restaurante/controllers/CategoriaController.go:41.77,43.2 1 1
restaurante/controllers/CategoriaController.go:45.39,45.80 1 0
restaurante/controllers/CategoriaController.go:59.40,62.80 3 2
restaurante/controllers/CategoriaController.go:62.80,68.3 5 1
restaurante/controllers/CategoriaController.go:69.2,70.19 2 1
restaurante/controllers/CategoriaController.go:82.41,85.27 3 5
restaurante/controllers/CategoriaController.go:85.27,91.3 5 1
restaurante/controllers/CategoriaController.go:92.2,93.37 2 4
restaurante/controllers/CategoriaController.go:93.37,98.3 4 2
restaurante/controllers/CategoriaController.go:99.2,100.19 2 2
restaurante/controllers/CategoriaController.go:113.38,118.88 3 3
restaurante/controllers/CategoriaController.go:118.88,124.3 5 1
restaurante/controllers/CategoriaController.go:125.2,126.42 2 2
restaurante/controllers/CategoriaController.go:126.42,132.3 5 1
restaurante/controllers/CategoriaController.go:133.2,135.19 3 1
restaurante/controllers/CategoriaController.go:148.37,151.27 3 4
restaurante/controllers/CategoriaController.go:151.27,157.3 5 0
restaurante/controllers/CategoriaController.go:158.2,159.37 2 4
restaurante/controllers/CategoriaController.go:159.37,164.3 4 1
restaurante/controllers/CategoriaController.go:165.2,168.69 2 3
restaurante/controllers/CategoriaController.go:168.69,174.3 5 1
restaurante/controllers/CategoriaController.go:175.2,175.22 1 2
restaurante/controllers/CategoriaController.go:175.22,177.3 1 2
restaurante/controllers/CategoriaController.go:178.2,178.52 1 2
restaurante/controllers/CategoriaController.go:178.52,184.3 5 1
restaurante/controllers/CategoriaController.go:185.2,186.19 2 1
restaurante/controllers/CategoriaController.go:198.40,201.27 3 5
restaurante/controllers/CategoriaController.go:201.27,207.3 5 1
restaurante/controllers/CategoriaController.go:208.2,208.76 1 4
restaurante/controllers/CategoriaController.go:208.76,213.3 4 2
restaurante/controllers/CategoriaController.go:214.2,215.19 2 2
restaurante/controllers/ClienteController.go:17.85,19.2 1 0
restaurante/controllers/ClienteController.go:21.62,23.2 1 0
restaurante/controllers/ClienteController.go:25.73,27.2 1 0
restaurante/controllers/ClienteController.go:29.73,31.2 1 0
restaurante/controllers/ClienteController.go:33.73,35.2 1 0
restaurante/controllers/ClienteController.go:43.38,45.2 1 6
restaurante/controllers/ClienteController.go:47.39,48.16 1 8
restaurante/controllers/ClienteController.go:48.16,50.3 1 1
restaurante/controllers/ClienteController.go:52.2,54.71 2 7
restaurante/controllers/ClienteController.go:71.38,84.39 6 5
restaurante/controllers/ClienteController.go:84.39,88.36 3 2
restaurante/controllers/ClienteController.go:88.36,94.4 5 0
restaurante/controllers/ClienteController.go:95.3,95.37 1 2
restaurante/controllers/ClienteController.go:95.37,101.4 5 0
restaurante/controllers/ClienteController.go:102.3,102.35 1 2
restaurante/controllers/ClienteController.go:102.35,104.4 1 1
restaurante/controllers/ClienteController.go:106.3,107.67 2 2
restaurante/controllers/ClienteController.go:107.67,117.4 5 1
restaurante/controllers/ClienteController.go:118.8,120.59 1 3
restaurante/controllers/ClienteController.go:120.59,130.4 5 1
restaurante/controllers/ClienteController.go:134.2,134.42 1 3
restaurante/controllers/ClienteController.go:134.42,136.36 2 1
restaurante/controllers/ClienteController.go:136.36,141.4 1 1
restaurante/controllers/ClienteController.go:143.3,150.9 4 1
restaurante/controllers/ClienteController.go:154.2,154.26 1 2
restaurante/controllers/ClienteController.go:154.26,156.3 1 2
restaurante/controllers/ClienteController.go:158.2,164.19 3 2
restaurante/controllers/ClienteController.go:179.39,183.27 3 4
restaurante/controllers/ClienteController.go:183.27,193.3 5 1
restaurante/controllers/ClienteController.go:195.2,198.26 3 3
restaurante/controllers/ClienteController.go:198.26,206.3 4 1
restaurante/controllers/ClienteController.go:206.8,206.23 1 2
restaurante/controllers/ClienteController.go:206.23,216.3 5 1
restaurante/controllers/ClienteController.go:219.2,227.19 4 1
restaurante/controllers/ClienteController.go:241.36,245.74 3 6
restaurante/controllers/ClienteController.go:245.74,255.3 5 1
restaurante/controllers/ClienteController.go:258.2,259.22 2 5
restaurante/controllers/ClienteController.go:259.22,268.3 5 1
restaurante/controllers/ClienteController.go:269.2,273.16 3 4
restaurante/controllers/ClienteController.go:273.16,283.3 5 1
restaurante/controllers/ClienteController.go:284.2,287.53 2 3
restaurante/controllers/ClienteController.go:287.53,288.28 1 2
restaurante/controllers/ClienteController.go:288.28,298.4 5 1
restaurante/controllers/ClienteController.go:299.3,307.9 5 1
restaurante/controllers/ClienteController.go:311.2,319.19 4 1
restaurante/controllers/ClienteController.go:336.35,341.27 3 9
restaurante/controllers/ClienteController.go:341.27,351.3 5 1
restaurante/controllers/ClienteController.go:354.2,355.49 2 8
restaurante/controllers/ClienteController.go:355.49,356.27 1 2
restaurante/controllers/ClienteController.go:356.27,363.4 3 1
restaurante/controllers/ClienteController.go:363.9,372.4 4 1
restaurante/controllers/ClienteController.go:373.3,373.9 1 2
restaurante/controllers/ClienteController.go:377.2,378.81 2 6
restaurante/controllers/ClienteController.go:378.81,388.3 5 1
restaurante/controllers/ClienteController.go:391.2,395.22 3 5
restaurante/controllers/ClienteController.go:395.22,397.3 1 4
restaurante/controllers/ClienteController.go:397.8,399.3 1 1
restaurante/controllers/ClienteController.go:402.2,402.35 1 5
restaurante/controllers/ClienteController.go:402.35,404.17 2 2
restaurante/controllers/ClienteController.go:404.17,414.4 5 1
restaurante/controllers/ClienteController.go:415.3,415.51 1 1
restaurante/controllers/ClienteController.go:416.8,419.3 1 3
restaurante/controllers/ClienteController.go:422.2,422.60 1 4
restaurante/controllers/ClienteController.go:422.60,423.28 1 2
restaurante/controllers/ClienteController.go:423.28,433.4 5 1
restaurante/controllers/ClienteController.go:434.3,442.9 5 1
restaurante/controllers/ClienteController.go:446.2,454.19 4 2
restaurante/controllers/ClienteController.go:469.38,474.27 3 3
restaurante/controllers/ClienteController.go:474.27,483.3 5 1
restaurante/controllers/ClienteController.go:485.2,487.54 2 2
restaurante/controllers/ClienteController.go:487.54,494.3 3 1
restaurante/controllers/ClienteController.go:494.8,502.3 3 1
restaurante/controllers/ControlNominaController.go:18.41,18.64 1 6
restaurante/controllers/ControlNominaController.go:32.44,35.40 3 3
restaurante/controllers/ControlNominaController.go:35.40,36.56 1 1
restaurante/controllers/ControlNominaController.go:36.56,38.4 1 1
restaurante/controllers/ControlNominaController.go:38.9,40.4 1 0
restaurante/controllers/ControlNominaController.go:42.2,43.41 2 3
restaurante/controllers/ControlNominaController.go:43.41,49.3 5 2
restaurante/controllers/ControlNominaController.go:50.2,51.19 2 1
restaurante/controllers/ControlNominaController.go:63.45,67.109 4 3
restaurante/controllers/ControlNominaController.go:67.109,69.27 1 2
restaurante/controllers/ControlNominaController.go:69.27,71.4 1 1
restaurante/controllers/ControlNominaController.go:72.3,75.9 4 2
restaurante/controllers/ControlNominaController.go:77.2,78.19 2 1
restaurante/controllers/DomicilioController.go:25.44,26.52 1 4
restaurante/controllers/DomicilioController.go:27.104,28.14 1 2
restaurante/controllers/DomicilioController.go:30.2,30.14 1 2
restaurante/controllers/DomicilioController.go:49.40,60.55 9 4
restaurante/controllers/DomicilioController.go:60.55,66.3 5 0
restaurante/controllers/DomicilioController.go:69.2,69.21 1 4
restaurante/controllers/DomicilioController.go:69.21,71.3 1 1
restaurante/controllers/DomicilioController.go:72.2,72.20 1 4
restaurante/controllers/DomicilioController.go:72.20,74.3 1 1
restaurante/controllers/DomicilioController.go:75.2,75.21 1 4
restaurante/controllers/DomicilioController.go:75.21,77.3 1 1
restaurante/controllers/DomicilioController.go:78.2,78.17 1 4
restaurante/controllers/DomicilioController.go:78.17,79.65 1 1
restaurante/controllers/DomicilioController.go:79.65,81.4 1 1
restaurante/controllers/DomicilioController.go:83.2,83.18 1 4
restaurante/controllers/DomicilioController.go:83.18,85.3 1 1
restaurante/controllers/DomicilioController.go:88.2,88.23 1 4
restaurante/controllers/DomicilioController.go:88.23,94.3 2 1
restaurante/controllers/DomicilioController.go:97.2,99.16 3 4
restaurante/controllers/DomicilioController.go:99.16,111.3 5 1
restaurante/controllers/DomicilioController.go:114.2,114.16 1 3
restaurante/controllers/DomicilioController.go:114.16,122.3 4 1
restaurante/controllers/DomicilioController.go:125.2,131.19 3 2
restaurante/controllers/DomicilioController.go:146.41,149.27 3 4
restaurante/controllers/DomicilioController.go:149.27,159.3 5 1
restaurante/controllers/DomicilioController.go:161.2,162.53 2 3
restaurante/controllers/DomicilioController.go:162.53,171.3 4 1
restaurante/controllers/DomicilioController.go:174.2,188.59 4 2
restaurante/controllers/DomicilioController.go:188.59,190.3 1 1
restaurante/controllers/DomicilioController.go:192.2,221.58 4 2
restaurante/controllers/DomicilioController.go:221.58,223.3 1 0
restaurante/controllers/DomicilioController.go:225.2,226.24 2 2
restaurante/controllers/DomicilioController.go:226.24,232.3 1 1
restaurante/controllers/DomicilioController.go:233.2,233.23 1 2
restaurante/controllers/DomicilioController.go:233.23,235.26 2 2
restaurante/controllers/DomicilioController.go:235.26,236.76 1 1
restaurante/controllers/DomicilioController.go:236.76,238.5 1 0
restaurante/controllers/DomicilioController.go:240.3,241.26 2 2
restaurante/controllers/DomicilioController.go:241.26,243.4 1 1
restaurante/controllers/DomicilioController.go:243.9,243.41 1 1
restaurante/controllers/DomicilioController.go:243.41,245.4 1 1
restaurante/controllers/DomicilioController.go:246.3,247.23 2 2
restaurante/controllers/DomicilioController.go:247.23,250.4 2 1
restaurante/controllers/DomicilioController.go:251.3,258.4 1 2
restaurante/controllers/DomicilioController.go:261.2,267.19 3 2
restaurante/controllers/DomicilioController.go:281.38,284.70 3 13
restaurante/controllers/DomicilioController.go:284.70,290.3 5 1
restaurante/controllers/DomicilioController.go:292.2,292.44 1 12
restaurante/controllers/DomicilioController.go:292.44,293.25 1 4
restaurante/controllers/DomicilioController.go:294.12,295.37 1 1
restaurante/controllers/DomicilioController.go:296.15,297.35 1 1
restaurante/controllers/DomicilioController.go:297.35,299.5 1 1
restaurante/controllers/DomicilioController.go:300.16,301.22 1 2
restaurante/controllers/DomicilioController.go:301.22,303.5 1 1
restaurante/controllers/DomicilioController.go:307.2,307.50 1 12
restaurante/controllers/DomicilioController.go:307.50,308.57 1 11
restaurante/controllers/DomicilioController.go:308.57,314.4 5 1
restaurante/controllers/DomicilioController.go:315.8,321.3 5 1
restaurante/controllers/DomicilioController.go:323.2,323.51 1 10
restaurante/controllers/DomicilioController.go:323.51,329.3 5 1
restaurante/controllers/DomicilioController.go:331.2,332.16 2 9
restaurante/controllers/DomicilioController.go:332.16,338.3 5 2
restaurante/controllers/DomicilioController.go:340.2,341.32 2 7
restaurante/controllers/DomicilioController.go:341.32,343.3 1 1
restaurante/controllers/DomicilioController.go:344.2,344.28 1 7
restaurante/controllers/DomicilioController.go:344.28,346.3 1 1
restaurante/controllers/DomicilioController.go:348.2,349.15 2 7
restaurante/controllers/DomicilioController.go:349.15,350.42 1 6
restaurante/controllers/DomicilioController.go:350.42,352.4 1 1
restaurante/controllers/DomicilioController.go:354.2,354.15 1 7
restaurante/controllers/DomicilioController.go:354.15,355.35 1 2
restaurante/controllers/DomicilioController.go:355.35,361.4 5 1
restaurante/controllers/DomicilioController.go:362.3,362.66 1 1
restaurante/controllers/DomicilioController.go:364.2,364.59 1 6
restaurante/controllers/DomicilioController.go:364.59,366.3 1 1
restaurante/controllers/DomicilioController.go:368.2,371.29 4 6
restaurante/controllers/DomicilioController.go:371.29,374.3 2 1
restaurante/controllers/DomicilioController.go:375.2,375.32 1 6
restaurante/controllers/DomicilioController.go:375.32,378.3 2 1
restaurante/controllers/DomicilioController.go:379.2,379.33 1 6
restaurante/controllers/DomicilioController.go:379.33,382.3 2 1
restaurante/controllers/DomicilioController.go:383.2,383.28 1 6
restaurante/controllers/DomicilioController.go:383.28,386.3 2 1
restaurante/controllers/DomicilioController.go:388.2,389.20 2 6
restaurante/controllers/DomicilioController.go:389.20,391.3 1 22
restaurante/controllers/DomicilioController.go:392.2,395.70 2 6
restaurante/controllers/DomicilioController.go:395.70,405.3 5 1
restaurante/controllers/DomicilioController.go:407.2,410.64 3 5
restaurante/controllers/DomicilioController.go:410.64,414.3 3 5
restaurante/controllers/DomicilioController.go:416.2,422.19 3 5
restaurante/controllers/DomicilioController.go:437.37,440.27 3 6
restaurante/controllers/DomicilioController.go:440.27,446.3 5 1
restaurante/controllers/DomicilioController.go:448.2,449.53 2 5
restaurante/controllers/DomicilioController.go:449.53,457.3 4 1
restaurante/controllers/DomicilioController.go:459.2,460.72 2 4
restaurante/controllers/DomicilioController.go:460.72,466.3 5 1
restaurante/controllers/DomicilioController.go:469.2,470.54 2 3
restaurante/controllers/DomicilioController.go:470.54,473.3 2 3
restaurante/controllers/DomicilioController.go:474.2,474.52 1 3
restaurante/controllers/DomicilioController.go:474.52,477.3 2 2
restaurante/controllers/DomicilioController.go:478.2,478.54 1 3
restaurante/controllers/DomicilioController.go:478.54,481.3 2 1
restaurante/controllers/DomicilioController.go:483.2,486.65 3 3
restaurante/controllers/DomicilioController.go:486.65,492.3 5 1
restaurante/controllers/DomicilioController.go:494.2,497.64 3 2
restaurante/controllers/DomicilioController.go:497.64,501.3 3 2
restaurante/controllers/DomicilioController.go:503.2,509.19 3 2
restaurante/controllers/DomicilioController.go:523.40,526.27 3 3
restaurante/controllers/DomicilioController.go:526.27,536.3 5 1
restaurante/controllers/DomicilioController.go:538.2,539.48 2 2
restaurante/controllers/DomicilioController.go:539.48,545.3 2 1
restaurante/controllers/DomicilioController.go:545.8,553.3 3 1
restaurante/controllers/DomicilioController.go:554.2,554.19 1 2
restaurante/controllers/DomicilioController.go:570.53,579.16 5 6
restaurante/controllers/DomicilioController.go:579.16,589.3 5 1
restaurante/controllers/DomicilioController.go:591.2,592.16 2 5
restaurante/controllers/DomicilioController.go:592.16,602.3 5 1
restaurante/controllers/DomicilioController.go:604.2,604.19 1 4
restaurante/controllers/DomicilioController.go:604.19,606.137 2 2
restaurante/controllers/DomicilioController.go:606.137,612.4 2 1
restaurante/controllers/DomicilioController.go:612.9,618.4 2 1
restaurante/controllers/DomicilioController.go:619.3,620.9 2 2
restaurante/controllers/DomicilioController.go:623.2,637.19 4 2
restaurante/controllers/HorarioTrabajadorController.go:19.34,22.30 2 30
restaurante/controllers/HorarioTrabajadorController.go:24.76,25.14 1 24
restaurante/controllers/HorarioTrabajadorController.go:26.10,27.15 1 6
restaurante/controllers/HorarioTrabajadorController.go:33.31,34.13 1 52
restaurante/controllers/HorarioTrabajadorController.go:34.13,36.3 1 2
restaurante/controllers/HorarioTrabajadorController.go:37.2,38.17 2 50
restaurante/controllers/HorarioTrabajadorController.go:38.17,40.3 1 1
restaurante/controllers/HorarioTrabajadorController.go:41.2,41.39 1 49
restaurante/controllers/HorarioTrabajadorController.go:56.48,62.65 5 2
restaurante/controllers/HorarioTrabajadorController.go:62.65,65.3 2 1
restaurante/controllers/HorarioTrabajadorController.go:66.2,66.42 1 2
restaurante/controllers/HorarioTrabajadorController.go:66.42,67.22 1 1
restaurante/controllers/HorarioTrabajadorController.go:67.22,70.4 2 1
restaurante/controllers/HorarioTrabajadorController.go:72.2,72.20 1 2
restaurante/controllers/HorarioTrabajadorController.go:72.20,74.3 1 1
restaurante/controllers/HorarioTrabajadorController.go:76.2,77.70 2 2
restaurante/controllers/HorarioTrabajadorController.go:77.70,83.3 5 1
restaurante/controllers/HorarioTrabajadorController.go:85.2,87.19 3 1
restaurante/controllers/HorarioTrabajadorController.go:102.46,104.72 2 6
restaurante/controllers/HorarioTrabajadorController.go:104.72,110.3 5 1
restaurante/controllers/HorarioTrabajadorController.go:111.2,112.24 2 5
restaurante/controllers/HorarioTrabajadorController.go:112.24,118.3 5 1
restaurante/controllers/HorarioTrabajadorController.go:119.2,121.32 3 4
restaurante/controllers/HorarioTrabajadorController.go:121.32,127.3 5 1
restaurante/controllers/HorarioTrabajadorController.go:128.2,131.34 4 3
restaurante/controllers/HorarioTrabajadorController.go:131.34,137.3 5 1
restaurante/controllers/HorarioTrabajadorController.go:138.2,140.257 3 2
restaurante/controllers/HorarioTrabajadorController.go:140.257,146.3 5 1
restaurante/controllers/HorarioTrabajadorController.go:147.2,149.19 3 1
restaurante/controllers/HorarioTrabajadorController.go:167.45,169.28 2 10
restaurante/controllers/HorarioTrabajadorController.go:169.28,175.3 5 1
restaurante/controllers/HorarioTrabajadorController.go:176.2,177.35 2 9
restaurante/controllers/HorarioTrabajadorController.go:177.35,183.3 5 1
restaurante/controllers/HorarioTrabajadorController.go:184.2,187.203 4 8
restaurante/controllers/HorarioTrabajadorController.go:187.203,192.3 4 1
restaurante/controllers/HorarioTrabajadorController.go:192.8,192.23 1 7
restaurante/controllers/HorarioTrabajadorController.go:192.23,198.3 5 1
restaurante/controllers/HorarioTrabajadorController.go:199.2,200.72 2 6
restaurante/controllers/HorarioTrabajadorController.go:200.72,206.3 5 1
restaurante/controllers/HorarioTrabajadorController.go:207.2,207.56 1 5
restaurante/controllers/HorarioTrabajadorController.go:207.56,208.70 1 2
restaurante/controllers/HorarioTrabajadorController.go:208.70,210.4 1 1
restaurante/controllers/HorarioTrabajadorController.go:210.9,216.4 5 1
restaurante/controllers/HorarioTrabajadorController.go:218.2,218.50 1 4
restaurante/controllers/HorarioTrabajadorController.go:218.50,219.67 1 4
restaurante/controllers/HorarioTrabajadorController.go:219.67,221.4 1 3
restaurante/controllers/HorarioTrabajadorController.go:221.9,227.4 5 1
restaurante/controllers/HorarioTrabajadorController.go:229.2,231.27 3 3
restaurante/controllers/HorarioTrabajadorController.go:231.27,237.3 5 1
restaurante/controllers/HorarioTrabajadorController.go:238.2,238.200 1 2
restaurante/controllers/HorarioTrabajadorController.go:238.200,244.3 5 1
restaurante/controllers/HorarioTrabajadorController.go:245.2,247.19 3 1
restaurante/controllers/HorarioTrabajadorController.go:264.48,266.28 2 6
restaurante/controllers/HorarioTrabajadorController.go:266.28,272.3 5 1
restaurante/controllers/HorarioTrabajadorController.go:273.2,274.35 2 5
restaurante/controllers/HorarioTrabajadorController.go:274.35,280.3 5 1
restaurante/controllers/HorarioTrabajadorController.go:281.2,284.180 4 4
restaurante/controllers/HorarioTrabajadorController.go:284.180,289.3 4 1
restaurante/controllers/HorarioTrabajadorController.go:289.8,289.23 1 3
restaurante/controllers/HorarioTrabajadorController.go:289.23,295.3 5 1
restaurante/controllers/HorarioTrabajadorController.go:296.2,296.132 1 2
restaurante/controllers/HorarioTrabajadorController.go:296.132,302.3 5 1
restaurante/controllers/HorarioTrabajadorController.go:303.2,305.19 3 1
restaurante/controllers/IncidenciaController.go:29.73,29.101 1 6
restaurante/controllers/IncidenciaController.go:30.73,30.97 1 4
restaurante/controllers/IncidenciaController.go:31.73,31.104 1 5
restaurante/controllers/IncidenciaController.go:32.84,34.2 1 3
restaurante/controllers/IncidenciaController.go:35.84,37.2 1 3
restaurante/controllers/IncidenciaController.go:39.47,39.95 1 30
restaurante/controllers/IncidenciaController.go:51.41,56.16 4 3
restaurante/controllers/IncidenciaController.go:56.16,66.3 5 2
restaurante/controllers/IncidenciaController.go:68.2,74.19 3 1
restaurante/controllers/IncidenciaController.go:92.55,97.34 3 12
restaurante/controllers/IncidenciaController.go:97.34,106.3 5 1
restaurante/controllers/IncidenciaController.go:108.2,109.39 2 11
restaurante/controllers/IncidenciaController.go:109.39,118.3 5 1
restaurante/controllers/IncidenciaController.go:120.2,121.59 2 10
restaurante/controllers/IncidenciaController.go:121.59,130.3 5 1
restaurante/controllers/IncidenciaController.go:133.2,144.51 5 9
restaurante/controllers/IncidenciaController.go:144.51,152.3 4 5
restaurante/controllers/IncidenciaController.go:152.8,152.23 1 4
restaurante/controllers/IncidenciaController.go:152.23,162.3 5 1
restaurante/controllers/IncidenciaController.go:165.2,171.19 3 3
restaurante/controllers/IncidenciaController.go:186.39,192.72 4 17
restaurante/controllers/IncidenciaController.go:192.72,202.3 5 1
restaurante/controllers/IncidenciaController.go:205.2,205.77 1 16
restaurante/controllers/IncidenciaController.go:205.77,207.17 2 15
restaurante/controllers/IncidenciaController.go:207.17,217.4 5 1
restaurante/controllers/IncidenciaController.go:218.3,218.32 1 14
restaurante/controllers/IncidenciaController.go:219.8,228.3 5 1
restaurante/controllers/IncidenciaController.go:231.2,231.47 1 14
restaurante/controllers/IncidenciaController.go:231.47,233.3 1 13
restaurante/controllers/IncidenciaController.go:233.8,242.3 5 1
restaurante/controllers/IncidenciaController.go:245.2,245.44 1 13
restaurante/controllers/IncidenciaController.go:245.44,247.3 1 12
restaurante/controllers/IncidenciaController.go:247.8,256.3 5 1
restaurante/controllers/IncidenciaController.go:259.2,259.64 1 12
restaurante/controllers/IncidenciaController.go:259.64,261.3 1 11
restaurante/controllers/IncidenciaController.go:261.8,270.3 5 1
restaurante/controllers/IncidenciaController.go:273.2,273.83 1 11
restaurante/controllers/IncidenciaController.go:273.83,276.3 2 10
restaurante/controllers/IncidenciaController.go:276.8,285.3 5 1
restaurante/controllers/IncidenciaController.go:288.2,289.16 2 10
restaurante/controllers/IncidenciaController.go:289.16,299.3 5 2
restaurante/controllers/IncidenciaController.go:302.2,308.39 1 8
restaurante/controllers/IncidenciaController.go:308.39,309.49 1 8
restaurante/controllers/IncidenciaController.go:309.49,311.5 1 7
restaurante/controllers/IncidenciaController.go:312.4,312.12 1 1
restaurante/controllers/IncidenciaController.go:317.2,323.19 3 8
restaurante/controllers/IncidenciaController.go:340.38,346.27 4 10
restaurante/controllers/IncidenciaController.go:346.27,355.3 5 1
restaurante/controllers/IncidenciaController.go:358.2,359.54 2 9
restaurante/controllers/IncidenciaController.go:359.54,367.3 4 1
restaurante/controllers/IncidenciaController.go:370.2,371.72 2 8
restaurante/controllers/IncidenciaController.go:371.72,381.3 5 1
restaurante/controllers/IncidenciaController.go:384.2,384.77 1 7
restaurante/controllers/IncidenciaController.go:384.77,386.17 2 4
restaurante/controllers/IncidenciaController.go:386.17,396.4 5 1
restaurante/controllers/IncidenciaController.go:397.3,397.32 1 3
restaurante/controllers/IncidenciaController.go:400.2,400.47 1 6
restaurante/controllers/IncidenciaController.go:400.47,402.3 1 3
restaurante/controllers/IncidenciaController.go:403.2,403.44 1 6
restaurante/controllers/IncidenciaController.go:403.44,405.3 1 3
restaurante/controllers/IncidenciaController.go:406.2,406.64 1 6
restaurante/controllers/IncidenciaController.go:406.64,408.3 1 5
restaurante/controllers/IncidenciaController.go:409.2,409.83 1 6
restaurante/controllers/IncidenciaController.go:409.83,412.3 2 4
restaurante/controllers/IncidenciaController.go:415.2,415.49 1 6
restaurante/controllers/IncidenciaController.go:415.49,425.3 5 1
restaurante/controllers/IncidenciaController.go:428.2,434.39 1 5
restaurante/controllers/IncidenciaController.go:434.39,435.49 1 5
restaurante/controllers/IncidenciaController.go:435.49,437.5 1 3
restaurante/controllers/IncidenciaController.go:438.4,438.12 1 2
restaurante/controllers/IncidenciaController.go:443.2,449.19 3 5
restaurante/controllers/IncidenciaController.go:463.41,466.16 3 5
restaurante/controllers/IncidenciaController.go:466.16,475.3 5 1
restaurante/controllers/IncidenciaController.go:477.2,478.26 2 4
restaurante/controllers/IncidenciaController.go:478.26,486.3 4 1
restaurante/controllers/IncidenciaController.go:486.8,486.23 1 3
restaurante/controllers/IncidenciaController.go:486.23,496.3 5 1
restaurante/controllers/IncidenciaController.go:498.2,503.19 3 2
restaurante/controllers/LoginController.go:44.13,46.2 1 1
restaurante/controllers/LoginController.go:48.29,49.43 1 4
restaurante/controllers/LoginController.go:49.43,51.3 1 2
restaurante/controllers/LoginController.go:53.2,53.35 1 2
restaurante/controllers/LoginController.go:53.35,55.41 2 1
restaurante/controllers/LoginController.go:55.41,57.4 1 1
restaurante/controllers/LoginController.go:58.3,58.40 1 0
restaurante/controllers/LoginController.go:61.2,61.36 1 1
restaurante/controllers/LoginController.go:81.36,83.2 1 2
restaurante/controllers/LoginController.go:85.44,87.13 2 6
restaurante/controllers/LoginController.go:87.13,89.3 1 2
restaurante/controllers/LoginController.go:90.2,90.52 1 4
restaurante/controllers/LoginController.go:90.52,92.3 1 1
restaurante/controllers/LoginController.go:93.2,93.10 1 3
restaurante/controllers/LoginController.go:96.39,98.14 2 13
restaurante/controllers/LoginController.go:98.14,101.3 2 1
restaurante/controllers/LoginController.go:102.2,103.16 2 12
restaurante/controllers/LoginController.go:103.16,105.3 1 12
restaurante/controllers/LoginController.go:106.2,106.21 1 0
restaurante/controllers/LoginController.go:109.39,114.42 5 10
restaurante/controllers/LoginController.go:114.42,117.3 2 3
restaurante/controllers/LoginController.go:118.2,118.32 1 7
restaurante/controllers/LoginController.go:118.32,120.3 1 1
restaurante/controllers/LoginController.go:121.2,122.13 2 6
restaurante/controllers/LoginController.go:137.35,139.32 1 6
restaurante/controllers/LoginController.go:139.32,144.3 4 0
restaurante/controllers/LoginController.go:146.2,147.79 2 6
restaurante/controllers/LoginController.go:147.79,156.3 4 1
restaurante/controllers/LoginController.go:158.2,164.16 4 5
restaurante/controllers/LoginController.go:164.16,166.108 1 2
restaurante/controllers/LoginController.go:166.108,174.4 4 1
restaurante/controllers/LoginController.go:175.3,178.9 3 1
restaurante/controllers/LoginController.go:182.2,185.16 3 3
restaurante/controllers/LoginController.go:185.16,187.105 1 2
restaurante/controllers/LoginController.go:187.105,195.4 4 1
restaurante/controllers/LoginController.go:196.3,199.9 3 1
restaurante/controllers/LoginController.go:203.2,208.19 3 1
restaurante/controllers/LoginController.go:212.82,228.16 6 4
restaurante/controllers/LoginController.go:228.16,237.3 4 0
restaurante/controllers/LoginController.go:239.2,248.19 3 4
restaurante/controllers/LoginController.go:251.42,253.37 1 8
restaurante/controllers/LoginController.go:253.37,256.3 2 1
restaurante/controllers/LoginController.go:259.2,259.83 1 7
restaurante/controllers/LoginController.go:259.83,261.3 1 1
restaurante/controllers/LoginController.go:264.2,264.34 1 6
restaurante/controllers/LoginController.go:264.34,266.45 2 2
restaurante/controllers/LoginController.go:266.45,268.4 1 1
restaurante/controllers/LoginController.go:270.3,270.54 1 1
restaurante/controllers/LoginController.go:270.54,272.4 1 1
restaurante/controllers/LoginController.go:276.2,277.22 2 4
restaurante/controllers/LoginController.go:277.22,282.32 2 1
restaurante/controllers/LoginController.go:282.33,284.4 0 0
restaurante/controllers/LoginController.go:285.3,285.9 1 1
restaurante/controllers/LoginController.go:289.2,289.56 1 3
restaurante/controllers/LoginController.go:289.56,291.3 1 1
restaurante/controllers/LoginController.go:292.2,295.101 3 3
restaurante/controllers/LoginController.go:295.101,297.3 1 2
restaurante/controllers/LoginController.go:299.2,299.32 1 3
restaurante/controllers/LoginController.go:299.32,304.32 2 1
restaurante/controllers/LoginController.go:304.33,306.4 0 0
restaurante/controllers/LoginController.go:307.3,307.9 1 1
restaurante/controllers/MetodoPagoController.go:30.81,32.2 1 1
restaurante/controllers/MetodoPagoController.go:38.71,40.2 1 1
restaurante/controllers/MetodoPagoController.go:42.60,42.98 1 7
restaurante/controllers/MetodoPagoController.go:58.41,62.16 4 2
restaurante/controllers/MetodoPagoController.go:62.16,68.3 5 1
restaurante/controllers/MetodoPagoController.go:69.2,71.19 3 1
restaurante/controllers/MetodoPagoController.go:85.42,88.27 3 3
restaurante/controllers/MetodoPagoController.go:88.27,94.3 5 1
restaurante/controllers/MetodoPagoController.go:95.2,97.26 3 2
restaurante/controllers/MetodoPagoController.go:97.26,102.3 4 1
restaurante/controllers/MetodoPagoController.go:103.2,105.19 3 1
restaurante/controllers/MetodoPagoController.go:119.39,122.73 3 3
restaurante/controllers/MetodoPagoController.go:122.73,128.3 5 1
restaurante/controllers/MetodoPagoController.go:129.2,129.45 1 2
restaurante/controllers/MetodoPagoController.go:129.45,135.3 5 1
restaurante/controllers/MetodoPagoController.go:136.2,138.19 3 1
restaurante/controllers/MetodoPagoController.go:153.38,157.27 4 5
restaurante/controllers/MetodoPagoController.go:157.27,163.3 5 1
restaurante/controllers/MetodoPagoController.go:164.2,165.28 2 4
restaurante/controllers/MetodoPagoController.go:165.28,167.81 2 3
restaurante/controllers/MetodoPagoController.go:167.81,173.4 5 1
restaurante/controllers/MetodoPagoController.go:174.3,175.53 2 2
restaurante/controllers/MetodoPagoController.go:175.53,181.4 5 1
restaurante/controllers/MetodoPagoController.go:182.3,184.20 3 1
restaurante/controllers/MetodoPagoController.go:185.8,189.3 3 1
restaurante/controllers/MetodoPagoController.go:203.41,207.27 4 3
restaurante/controllers/MetodoPagoController.go:207.27,213.3 5 1
restaurante/controllers/MetodoPagoController.go:214.2,215.45 2 2
restaurante/controllers/MetodoPagoController.go:215.45,219.3 3 1
restaurante/controllers/MetodoPagoController.go:219.8,224.3 4 1
restaurante/controllers/NominaController.go:22.75,24.3 1 1
restaurante/controllers/NominaController.go:25.67,25.87 1 2
restaurante/controllers/NominaController.go:26.92,26.123 1 1
restaurante/controllers/NominaController.go:27.84,33.17 3 0
restaurante/controllers/NominaController.go:33.17,35.4 1 0
restaurante/controllers/NominaController.go:36.3,36.24 1 0
restaurante/controllers/NominaController.go:59.37,64.16 4 5
restaurante/controllers/NominaController.go:64.16,74.3 5 1
restaurante/controllers/NominaController.go:76.2,81.33 5 4
restaurante/controllers/NominaController.go:81.33,82.64 1 4
restaurante/controllers/NominaController.go:82.64,83.12 1 1
restaurante/controllers/NominaController.go:85.3,85.63 1 3
restaurante/controllers/NominaController.go:85.63,86.12 1 1
restaurante/controllers/NominaController.go:88.3,88.46 1 2
restaurante/controllers/NominaController.go:88.46,89.12 1 1
restaurante/controllers/NominaController.go:91.3,91.52 1 1
restaurante/controllers/NominaController.go:94.2,94.31 1 4
restaurante/controllers/NominaController.go:94.31,102.3 4 3
restaurante/controllers/NominaController.go:104.2,110.19 3 1
restaurante/controllers/NominaController.go:125.35,129.72 3 9
restaurante/controllers/NominaController.go:129.72,139.3 5 1
restaurante/controllers/NominaController.go:140.2,140.26 1 8
restaurante/controllers/NominaController.go:140.26,143.3 2 1
restaurante/controllers/NominaController.go:147.2,147.28 1 8
restaurante/controllers/NominaController.go:147.28,156.3 5 2
restaurante/controllers/NominaController.go:158.2,159.68 2 6
restaurante/controllers/NominaController.go:159.68,164.24 1 2
restaurante/controllers/NominaController.go:164.24,170.4 5 1
restaurante/controllers/NominaController.go:171.3,174.9 4 1
restaurante/controllers/NominaController.go:176.2,176.46 1 4
restaurante/controllers/NominaController.go:176.46,182.3 5 1
restaurante/controllers/NominaController.go:184.2,184.51 1 3
restaurante/controllers/NominaController.go:184.51,186.3 1 1
restaurante/controllers/NominaController.go:188.2,190.44 2 3
restaurante/controllers/NominaController.go:190.44,200.3 5 1
restaurante/controllers/NominaController.go:202.2,205.35 2 2
restaurante/controllers/NominaController.go:205.35,215.3 5 1
restaurante/controllers/NominaController.go:217.2,223.19 3 1
restaurante/controllers/NominaController.go:239.34,245.27 4 5
restaurante/controllers/NominaController.go:245.27,255.3 5 1
restaurante/controllers/NominaController.go:258.2,259.59 2 4
restaurante/controllers/NominaController.go:259.59,267.3 4 1
restaurante/controllers/NominaController.go:270.2,270.53 1 3
restaurante/controllers/NominaController.go:270.53,278.3 4 1
restaurante/controllers/NominaController.go:279.2,282.71 2 2
restaurante/controllers/NominaController.go:282.71,292.3 5 1
restaurante/controllers/NominaController.go:295.2,301.19 3 1
restaurante/controllers/NominaController.go:315.37,320.27 4 4
restaurante/controllers/NominaController.go:320.27,330.3 5 1
restaurante/controllers/NominaController.go:332.2,333.49 2 3
restaurante/controllers/NominaController.go:333.49,341.3 4 1
restaurante/controllers/NominaController.go:343.2,344.71 2 2
restaurante/controllers/NominaController.go:344.71,354.3 5 1
restaurante/controllers/NominaController.go:356.2,361.19 3 1
restaurante/controllers/NominaTrabajadorController.go:34.76,36.2 1 4
restaurante/controllers/NominaTrabajadorController.go:37.74,39.2 1 3
restaurante/controllers/NominaTrabajadorController.go:40.65,40.98 1 1
restaurante/controllers/NominaTrabajadorController.go:43.59,45.2 1 3
restaurante/controllers/NominaTrabajadorController.go:48.35,48.58 1 3
restaurante/controllers/NominaTrabajadorController.go:52.62,54.2 1 3
restaurante/controllers/NominaTrabajadorController.go:57.60,57.84 1 2
restaurante/controllers/NominaTrabajadorController.go:59.35,59.75 1 4
restaurante/controllers/NominaTrabajadorController.go:71.47,77.16 4 2
restaurante/controllers/NominaTrabajadorController.go:77.16,86.3 4 1
restaurante/controllers/NominaTrabajadorController.go:89.2,95.19 3 1
restaurante/controllers/NominaTrabajadorController.go:110.45,116.72 4 9
restaurante/controllers/NominaTrabajadorController.go:116.72,125.3 4 1
restaurante/controllers/NominaTrabajadorController.go:128.2,128.40 1 8
restaurante/controllers/NominaTrabajadorController.go:128.40,136.3 4 1
restaurante/controllers/NominaTrabajadorController.go:137.2,152.16 7 7
restaurante/controllers/NominaTrabajadorController.go:152.16,161.3 4 1
restaurante/controllers/NominaTrabajadorController.go:164.2,165.41 2 6
restaurante/controllers/NominaTrabajadorController.go:165.41,166.23 1 2
restaurante/controllers/NominaTrabajadorController.go:166.23,168.4 1 1
restaurante/controllers/NominaTrabajadorController.go:168.9,170.4 1 1
restaurante/controllers/NominaTrabajadorController.go:172.2,179.16 4 6
restaurante/controllers/NominaTrabajadorController.go:179.16,188.3 4 1
restaurante/controllers/NominaTrabajadorController.go:189.2,195.16 4 5
restaurante/controllers/NominaTrabajadorController.go:195.16,204.3 4 1
restaurante/controllers/NominaTrabajadorController.go:205.2,216.12 5 4
restaurante/controllers/NominaTrabajadorController.go:216.12,222.32 2 2
restaurante/controllers/NominaTrabajadorController.go:222.32,227.4 4 1
restaurante/controllers/NominaTrabajadorController.go:228.3,231.9 4 1
restaurante/controllers/NominaTrabajadorController.go:234.2,235.16 2 2
restaurante/controllers/NominaTrabajadorController.go:235.16,244.3 4 1
restaurante/controllers/NominaTrabajadorController.go:247.2,261.19 4 1
restaurante/controllers/NominaTrabajadorController.go:281.56,290.53 8 5
restaurante/controllers/NominaTrabajadorController.go:290.53,295.3 4 1
restaurante/controllers/NominaTrabajadorController.go:296.2,296.50 1 4
restaurante/controllers/NominaTrabajadorController.go:296.50,301.3 4 0
restaurante/controllers/NominaTrabajadorController.go:302.2,302.49 1 4
restaurante/controllers/NominaTrabajadorController.go:302.49,307.3 4 0
restaurante/controllers/NominaTrabajadorController.go:308.2,308.54 1 4
restaurante/controllers/NominaTrabajadorController.go:308.54,313.3 4 0
restaurante/controllers/NominaTrabajadorController.go:314.2,314.47 1 4
restaurante/controllers/NominaTrabajadorController.go:314.47,319.3 4 0
restaurante/controllers/NominaTrabajadorController.go:320.2,320.49 1 4
restaurante/controllers/NominaTrabajadorController.go:320.49,325.3 4 0
restaurante/controllers/NominaTrabajadorController.go:328.2,328.20 1 4
restaurante/controllers/NominaTrabajadorController.go:328.20,336.3 4 0
restaurante/controllers/NominaTrabajadorController.go:339.2,348.12 4 4
restaurante/controllers/NominaTrabajadorController.go:348.12,350.3 1 2
restaurante/controllers/NominaTrabajadorController.go:353.2,353.11 1 4
restaurante/controllers/NominaTrabajadorController.go:353.11,355.3 1 2
restaurante/controllers/NominaTrabajadorController.go:355.8,355.20 1 2
restaurante/controllers/NominaTrabajadorController.go:355.20,357.3 1 1
restaurante/controllers/NominaTrabajadorController.go:360.2,360.25 1 4
restaurante/controllers/NominaTrabajadorController.go:360.25,363.3 2 2
restaurante/controllers/NominaTrabajadorController.go:366.2,369.50 2 4
restaurante/controllers/NominaTrabajadorController.go:369.50,377.3 4 1
restaurante/controllers/NominaTrabajadorController.go:377.8,377.23 1 3
restaurante/controllers/NominaTrabajadorController.go:377.23,386.3 4 0
restaurante/controllers/NominaTrabajadorController.go:389.2,395.19 3 3
restaurante/controllers/NominaTrabajadorController.go:398.50,414.2 2 6
restaurante/controllers/NominaTrabajadorController.go:429.56,433.94 4 4
restaurante/controllers/NominaTrabajadorController.go:433.94,438.3 4 0
restaurante/controllers/NominaTrabajadorController.go:441.2,441.37 1 4
restaurante/controllers/NominaTrabajadorController.go:441.37,449.3 4 1
restaurante/controllers/NominaTrabajadorController.go:452.2,472.16 4 3
restaurante/controllers/NominaTrabajadorController.go:472.16,481.3 4 1
restaurante/controllers/NominaTrabajadorController.go:483.2,483.26 1 2
restaurante/controllers/NominaTrabajadorController.go:483.26,491.3 4 1
restaurante/controllers/NominaTrabajadorController.go:494.2,500.19 3 1
restaurante/controllers/PagoController.go:29.31,29.54 1 15
restaurante/controllers/PagoController.go:54.35,59.16 4 5
restaurante/controllers/PagoController.go:59.16,69.3 5 1
restaurante/controllers/PagoController.go:72.2,72.23 1 4
restaurante/controllers/PagoController.go:72.23,76.3 3 10
restaurante/controllers/PagoController.go:79.2,88.29 8 4
restaurante/controllers/PagoController.go:88.29,89.62 1 10
restaurante/controllers/PagoController.go:89.62,90.12 1 1
restaurante/controllers/PagoController.go:92.3,92.54 1 9
restaurante/controllers/PagoController.go:92.54,93.12 1 1
restaurante/controllers/PagoController.go:95.3,95.61 1 8
restaurante/controllers/PagoController.go:95.61,96.12 1 1
restaurante/controllers/PagoController.go:98.3,98.44 1 7
restaurante/controllers/PagoController.go:98.44,99.12 1 1
restaurante/controllers/PagoController.go:101.3,101.49 1 6
restaurante/controllers/PagoController.go:101.49,102.12 1 2
restaurante/controllers/PagoController.go:104.3,104.123 1 4
restaurante/controllers/PagoController.go:104.123,105.12 1 1
restaurante/controllers/PagoController.go:108.3,108.46 1 3
restaurante/controllers/PagoController.go:112.2,112.29 1 4
restaurante/controllers/PagoController.go:112.29,120.3 4 1
restaurante/controllers/PagoController.go:123.2,129.19 3 3
restaurante/controllers/PagoController.go:143.36,147.27 3 3
restaurante/controllers/PagoController.go:147.27,157.3 5 1
restaurante/controllers/PagoController.go:159.2,161.26 3 2
restaurante/controllers/PagoController.go:161.26,170.3 4 1
restaurante/controllers/PagoController.go:173.2,183.19 6 1
restaurante/controllers/PagoController.go:197.33,212.69 4 11
restaurante/controllers/PagoController.go:212.69,222.3 5 1
restaurante/controllers/PagoController.go:225.2,225.24 1 10
restaurante/controllers/PagoController.go:225.24,231.3 5 1
restaurante/controllers/PagoController.go:232.2,233.16 2 9
restaurante/controllers/PagoController.go:233.16,239.3 5 1
restaurante/controllers/PagoController.go:241.2,241.23 1 8
restaurante/controllers/PagoController.go:241.23,247.3 5 1
restaurante/controllers/PagoController.go:248.2,249.16 2 7
restaurante/controllers/PagoController.go:249.16,255.3 5 1
restaurante/controllers/PagoController.go:257.2,257.19 1 6
restaurante/controllers/PagoController.go:257.19,263.3 5 1
restaurante/controllers/PagoController.go:265.2,265.25 1 5
restaurante/controllers/PagoController.go:265.25,271.3 5 1
restaurante/controllers/PagoController.go:272.2,273.43 2 4
restaurante/controllers/PagoController.go:273.43,283.3 5 1
restaurante/controllers/PagoController.go:285.2,285.26 1 3
restaurante/controllers/PagoController.go:285.26,291.3 5 1
restaurante/controllers/PagoController.go:294.2,295.24 2 2
restaurante/controllers/PagoController.go:295.24,297.3 1 1
restaurante/controllers/PagoController.go:299.2,309.43 2 2
restaurante/controllers/PagoController.go:309.43,315.3 5 1
restaurante/controllers/PagoController.go:317.2,323.19 3 1
restaurante/controllers/PagoController.go:338.32,343.27 4 11
restaurante/controllers/PagoController.go:343.27,353.3 5 1
restaurante/controllers/PagoController.go:355.2,356.48 2 10
restaurante/controllers/PagoController.go:356.48,364.3 4 1
restaurante/controllers/PagoController.go:366.2,367.72 2 9
restaurante/controllers/PagoController.go:367.72,373.3 5 1
restaurante/controllers/PagoController.go:375.2,375.48 1 8
restaurante/controllers/PagoController.go:375.48,376.26 1 24
restaurante/controllers/PagoController.go:376.26,377.49 1 39
restaurante/controllers/PagoController.go:377.49,379.5 1 18
restaurante/controllers/PagoController.go:381.3,381.19 1 6
restaurante/controllers/PagoController.go:383.2,383.51 1 8
restaurante/controllers/PagoController.go:383.51,384.26 1 9
restaurante/controllers/PagoController.go:384.26,385.39 1 18
restaurante/controllers/PagoController.go:385.39,387.5 1 5
restaurante/controllers/PagoController.go:389.3,389.18 1 4
restaurante/controllers/PagoController.go:392.2,392.50 1 8
restaurante/controllers/PagoController.go:392.50,394.17 2 8
restaurante/controllers/PagoController.go:394.17,400.4 5 1
restaurante/controllers/PagoController.go:401.3,401.26 1 7
restaurante/controllers/PagoController.go:404.2,404.47 1 7
restaurante/controllers/PagoController.go:404.47,406.17 2 6
restaurante/controllers/PagoController.go:406.17,412.4 5 1
restaurante/controllers/PagoController.go:413.3,413.25 1 5
restaurante/controllers/PagoController.go:414.8,420.3 5 1
restaurante/controllers/PagoController.go:422.2,422.49 1 5
restaurante/controllers/PagoController.go:422.49,424.3 1 2
restaurante/controllers/PagoController.go:426.2,426.59 1 5
restaurante/controllers/PagoController.go:426.59,428.37 2 3
restaurante/controllers/PagoController.go:428.37,434.4 5 1
restaurante/controllers/PagoController.go:435.3,435.28 1 2
restaurante/controllers/PagoController.go:438.2,438.60 1 4
restaurante/controllers/PagoController.go:438.60,440.3 1 1
restaurante/controllers/PagoController.go:442.2,444.74 2 4
restaurante/controllers/PagoController.go:444.74,446.3 1 3
restaurante/controllers/PagoController.go:446.8,452.3 5 1
restaurante/controllers/PagoController.go:454.2,454.43 1 3
restaurante/controllers/PagoController.go:454.43,460.3 5 1
restaurante/controllers/PagoController.go:462.2,464.19 3 2
restaurante/controllers/PagoController.go:478.35,483.27 4 3
restaurante/controllers/PagoController.go:483.27,493.3 5 1
restaurante/controllers/PagoController.go:495.2,497.43 2 2
restaurante/controllers/PagoController.go:497.43,504.3 3 1
restaurante/controllers/PagoController.go:504.8,513.3 4 1
restaurante/controllers/PedidoController.go:36.37,60.17 12 5
restaurante/controllers/PedidoController.go:60.17,63.3 2 1
restaurante/controllers/PedidoController.go:65.2,65.32 1 5
restaurante/controllers/PedidoController.go:65.32,68.3 2 1
restaurante/controllers/PedidoController.go:70.2,70.26 1 5
restaurante/controllers/PedidoController.go:70.26,73.15 3 1
restaurante/controllers/PedidoController.go:73.15,76.4 2 1
restaurante/controllers/PedidoController.go:77.8,77.21 1 4
restaurante/controllers/PedidoController.go:77.21,81.3 2 1
restaurante/controllers/PedidoController.go:83.2,83.17 1 5
restaurante/controllers/PedidoController.go:83.17,86.3 2 1
restaurante/controllers/PedidoController.go:88.2,88.22 1 5
restaurante/controllers/PedidoController.go:88.22,91.3 2 1
restaurante/controllers/PedidoController.go:93.2,93.25 1 5
restaurante/controllers/PedidoController.go:93.25,94.16 1 2
restaurante/controllers/PedidoController.go:94.16,96.4 1 1
restaurante/controllers/PedidoController.go:96.9,98.4 1 1
restaurante/controllers/PedidoController.go:102.2,104.16 3 5
restaurante/controllers/PedidoController.go:104.16,115.3 4 1
restaurante/controllers/PedidoController.go:118.2,118.23 1 4
restaurante/controllers/PedidoController.go:118.23,125.3 3 3
restaurante/controllers/PedidoController.go:128.2,133.19 2 1
restaurante/controllers/PedidoController.go:148.35,157.69 2 5
restaurante/controllers/PedidoController.go:157.69,167.3 5 1
restaurante/controllers/PedidoController.go:169.2,170.19 2 4
restaurante/controllers/PedidoController.go:170.19,176.3 5 0
restaurante/controllers/PedidoController.go:177.2,186.24 6 4
restaurante/controllers/PedidoController.go:186.24,188.3 1 2
restaurante/controllers/PedidoController.go:188.8,190.3 1 2
restaurante/controllers/PedidoController.go:192.2,192.54 1 4
restaurante/controllers/PedidoController.go:192.54,194.3 1 1
restaurante/controllers/PedidoController.go:195.2,195.27 1 4
restaurante/controllers/PedidoController.go:195.27,197.3 1 1
restaurante/controllers/PedidoController.go:199.2,199.54 1 4
restaurante/controllers/PedidoController.go:199.54,208.3 5 1
restaurante/controllers/PedidoController.go:210.2,211.45 2 3
restaurante/controllers/PedidoController.go:211.45,221.3 5 1
restaurante/controllers/PedidoController.go:223.2,229.19 3 2
restaurante/controllers/PedidoController.go:245.46,250.22 4 4
restaurante/controllers/PedidoController.go:250.22,256.3 5 1
restaurante/controllers/PedidoController.go:258.2,259.152 2 3
restaurante/controllers/PedidoController.go:259.152,265.3 5 1
restaurante/controllers/PedidoController.go:267.2,268.76 2 2
restaurante/controllers/PedidoController.go:268.76,274.3 5 1
restaurante/controllers/PedidoController.go:276.2,277.19 2 1
restaurante/controllers/PedidoController.go:293.41,299.152 5 3
restaurante/controllers/PedidoController.go:299.152,305.3 5 1
restaurante/controllers/PedidoController.go:307.2,308.76 2 2
restaurante/controllers/PedidoController.go:308.76,314.3 5 1
restaurante/controllers/PedidoController.go:316.2,316.129 1 1
restaurante/controllers/PedidoController.go:316.129,319.3 1 0
restaurante/controllers/PedidoController.go:321.2,322.19 2 1
restaurante/controllers/PedidoController.go:339.49,347.42 3 6
restaurante/controllers/PedidoController.go:347.42,356.3 5 1
restaurante/controllers/PedidoController.go:358.2,361.152 3 5
restaurante/controllers/PedidoController.go:361.152,370.3 5 1
restaurante/controllers/PedidoController.go:372.2,372.120 1 4
restaurante/controllers/PedidoController.go:372.120,382.3 5 1
restaurante/controllers/PedidoController.go:384.2,391.19 4 3
restaurante/controllers/PedidoController.go:407.47,411.19 3 3
restaurante/controllers/PedidoController.go:411.19,419.3 4 1
restaurante/controllers/PedidoController.go:421.2,452.66 3 2
restaurante/controllers/PedidoController.go:452.66,461.3 4 1
restaurante/controllers/PedidoController.go:463.2,468.19 2 1
restaurante/controllers/PrecioProductoHistController.go:17.33,17.56 1 6
restaurante/controllers/PrecioProductoHistController.go:32.49,42.66 4 4
restaurante/controllers/PrecioProductoHistController.go:42.66,45.3 2 2
restaurante/controllers/PrecioProductoHistController.go:46.2,46.40 1 4
restaurante/controllers/PrecioProductoHistController.go:46.40,47.56 1 1
restaurante/controllers/PrecioProductoHistController.go:47.56,50.4 2 1
restaurante/controllers/PrecioProductoHistController.go:50.9,52.4 1 0
restaurante/controllers/PrecioProductoHistController.go:54.2,62.66 3 4
restaurante/controllers/PrecioProductoHistController.go:62.66,68.3 5 2
restaurante/controllers/PrecioProductoHistController.go:70.2,71.25 2 2
restaurante/controllers/PrecioProductoHistController.go:71.25,78.3 1 2
restaurante/controllers/PrecioProductoHistController.go:80.2,81.19 2 2
restaurante/controllers/PrecioProductoHistController.go:94.50,108.56 5 2
restaurante/controllers/PrecioProductoHistController.go:108.56,109.27 1 1
restaurante/controllers/PrecioProductoHistController.go:109.27,111.4 1 1
restaurante/controllers/PrecioProductoHistController.go:112.3,115.9 4 1
restaurante/controllers/PrecioProductoHistController.go:117.2,124.19 3 1
restaurante/controllers/ProductoController.go:26.102,28.17 2 0
restaurante/controllers/ProductoController.go:28.17,30.4 1 0
restaurante/controllers/ProductoController.go:31.3,31.27 1 0
restaurante/controllers/ProductoController.go:33.67,33.87 1 0
restaurante/controllers/ProductoController.go:34.76,34.98 1 0
restaurante/controllers/ProductoController.go:35.86,35.108 1 0
restaurante/controllers/ProductoController.go:36.92,36.123 1 0
restaurante/controllers/ProductoController.go:50.39,60.16 6 3
restaurante/controllers/ProductoController.go:60.16,73.3 5 1
restaurante/controllers/ProductoController.go:76.2,76.27 1 2
restaurante/controllers/ProductoController.go:76.27,77.20 1 2
restaurante/controllers/ProductoController.go:77.20,79.4 1 1
restaurante/controllers/ProductoController.go:82.2,88.19 3 2
restaurante/controllers/ProductoController.go:101.40,105.27 3 4
restaurante/controllers/ProductoController.go:105.27,115.3 5 1
restaurante/controllers/ProductoController.go:117.2,118.16 2 3
restaurante/controllers/ProductoController.go:118.16,126.3 4 2
restaurante/controllers/ProductoController.go:128.2,134.19 3 1
restaurante/controllers/ProductoController.go:156.37,161.76 4 10
restaurante/controllers/ProductoController.go:161.76,172.24 9 3
restaurante/controllers/ProductoController.go:172.24,174.4 1 1
restaurante/controllers/ProductoController.go:175.3,175.64 1 3
restaurante/controllers/ProductoController.go:175.64,177.4 1 1
restaurante/controllers/ProductoController.go:178.3,179.54 2 3
restaurante/controllers/ProductoController.go:179.54,181.4 1 1
restaurante/controllers/ProductoController.go:182.3,182.66 1 3
restaurante/controllers/ProductoController.go:182.66,184.4 1 1
restaurante/controllers/ProductoController.go:185.3,185.64 1 3
restaurante/controllers/ProductoController.go:185.64,187.4 1 1
restaurante/controllers/ProductoController.go:190.3,191.32 2 3
restaurante/controllers/ProductoController.go:191.32,192.17 1 1
restaurante/controllers/ProductoController.go:192.17,192.37 1 1
restaurante/controllers/ProductoController.go:193.4,193.51 1 1
restaurante/controllers/ProductoController.go:193.51,195.5 1 1
restaurante/controllers/ProductoController.go:197.8,198.76 1 7
restaurante/controllers/ProductoController.go:198.76,204.4 5 1
restaurante/controllers/ProductoController.go:207.2,209.52 2 9
restaurante/controllers/ProductoController.go:209.52,215.3 5 4
restaurante/controllers/ProductoController.go:217.2,217.58 1 5
restaurante/controllers/ProductoController.go:217.58,223.3 5 1
restaurante/controllers/ProductoController.go:226.2,226.196 1 4
restaurante/controllers/ProductoController.go:226.197,228.3 0 4
restaurante/controllers/ProductoController.go:230.2,231.56 2 4
restaurante/controllers/ProductoController.go:231.56,237.3 5 1
restaurante/controllers/ProductoController.go:239.2,241.19 3 3
restaurante/controllers/ProductoController.go:264.36,269.27 4 16
restaurante/controllers/ProductoController.go:269.27,275.3 5 1
restaurante/controllers/ProductoController.go:277.2,279.41 2 15
restaurante/controllers/ProductoController.go:279.41,283.77 3 14
restaurante/controllers/ProductoController.go:283.77,285.43 1 4
restaurante/controllers/ProductoController.go:285.43,287.5 1 2
restaurante/controllers/ProductoController.go:288.4,288.48 1 4
restaurante/controllers/ProductoController.go:288.48,290.5 1 2
restaurante/controllers/ProductoController.go:291.4,291.43 1 4
restaurante/controllers/ProductoController.go:291.43,292.54 1 2
restaurante/controllers/ProductoController.go:292.54,294.6 1 2
restaurante/controllers/ProductoController.go:296.4,296.51 1 4
restaurante/controllers/ProductoController.go:296.51,298.5 1 2
restaurante/controllers/ProductoController.go:299.4,299.45 1 4
restaurante/controllers/ProductoController.go:299.45,300.42 1 2
restaurante/controllers/ProductoController.go:300.42,302.6 1 2
restaurante/controllers/ProductoController.go:304.4,304.45 1 4
restaurante/controllers/ProductoController.go:304.45,305.54 1 2
restaurante/controllers/ProductoController.go:305.54,307.6 1 2
restaurante/controllers/ProductoController.go:309.4,309.51 1 4
restaurante/controllers/ProductoController.go:309.51,310.54 1 2
restaurante/controllers/ProductoController.go:310.54,312.6 1 2
restaurante/controllers/ProductoController.go:316.4,316.72 1 4
restaurante/controllers/ProductoController.go:316.72,317.18 1 1
restaurante/controllers/ProductoController.go:317.18,317.38 1 1
restaurante/controllers/ProductoController.go:318.5,318.52 1 1
restaurante/controllers/ProductoController.go:318.52,320.6 1 1
restaurante/controllers/ProductoController.go:322.9,324.74 2 10
restaurante/controllers/ProductoController.go:324.74,330.5 5 1
restaurante/controllers/ProductoController.go:332.4,339.29 8 9
restaurante/controllers/ProductoController.go:339.29,341.5 1 1
restaurante/controllers/ProductoController.go:344.3,344.53 1 13
restaurante/controllers/ProductoController.go:344.53,350.4 5 2
restaurante/controllers/ProductoController.go:352.3,352.44 1 11
restaurante/controllers/ProductoController.go:352.44,357.4 4 3
restaurante/controllers/ProductoController.go:359.3,359.58 1 8
restaurante/controllers/ProductoController.go:359.58,365.4 5 1
restaurante/controllers/ProductoController.go:367.3,367.41 1 7
restaurante/controllers/ProductoController.go:367.41,369.198 1 6
restaurante/controllers/ProductoController.go:369.199,371.5 0 6
restaurante/controllers/ProductoController.go:373.4,374.58 2 6
restaurante/controllers/ProductoController.go:374.58,380.5 5 2
restaurante/controllers/ProductoController.go:383.3,385.20 3 5
restaurante/controllers/ProductoController.go:386.8,390.3 3 1
restaurante/controllers/ProductoController.go:406.39,412.27 4 5
restaurante/controllers/ProductoController.go:412.27,422.3 5 1
restaurante/controllers/ProductoController.go:425.2,426.16 2 4
restaurante/controllers/ProductoController.go:426.16,434.3 4 1
restaurante/controllers/ProductoController.go:435.2,435.67 1 3
restaurante/controllers/ProductoController.go:435.67,443.3 4 1
restaurante/controllers/ProductoController.go:445.2,446.76 2 2
restaurante/controllers/ProductoController.go:446.76,456.3 5 1
restaurante/controllers/ProductoController.go:458.2,463.19 3 1
restaurante/controllers/ProductoController.go:466.56,467.27 1 28
restaurante/controllers/ProductoController.go:467.27,469.3 1 4
restaurante/controllers/ProductoController.go:470.2,470.26 1 24
restaurante/controllers/ProductoController.go:470.26,472.3 1 2
restaurante/controllers/ProductoController.go:473.2,473.56 1 22
restaurante/controllers/ProductoController.go:473.56,475.3 1 2
restaurante/controllers/ProductoController.go:476.2,476.130 1 20
restaurante/controllers/ProductoController.go:476.130,478.3 1 3
restaurante/controllers/ProductoController.go:479.2,479.12 1 17
restaurante/controllers/ProductoController.go:482.71,484.52 2 7
restaurante/controllers/ProductoController.go:484.52,485.27 1 3
restaurante/controllers/ProductoController.go:485.27,487.4 1 2
restaurante/controllers/ProductoController.go:488.3,488.65 1 1
restaurante/controllers/ProductoController.go:490.2,490.22 1 4
restaurante/controllers/ProductoPedidoController.go:21.55,21.78 1 1
restaurante/controllers/ProductoPedidoController.go:24.49,24.72 1 29
restaurante/controllers/ProductoPedidoController.go:25.68,25.88 1 20
restaurante/controllers/ProductoPedidoController.go:55.45,57.33 2 4
restaurante/controllers/ProductoPedidoController.go:57.33,62.3 4 1
restaurante/controllers/ProductoPedidoController.go:64.2,66.113 3 3
restaurante/controllers/ProductoPedidoController.go:66.113,71.3 4 1
restaurante/controllers/ProductoPedidoController.go:73.2,73.24 1 2
restaurante/controllers/ProductoPedidoController.go:73.24,77.3 3 1
restaurante/controllers/ProductoPedidoController.go:79.2,81.19 3 1
restaurante/controllers/ProductoPedidoController.go:96.43,101.72 2 17
restaurante/controllers/ProductoPedidoController.go:101.72,106.3 4 2
restaurante/controllers/ProductoPedidoController.go:107.2,107.53 1 15
restaurante/controllers/ProductoPedidoController.go:107.53,112.3 4 3
restaurante/controllers/ProductoPedidoController.go:114.2,115.35 2 12
restaurante/controllers/ProductoPedidoController.go:115.35,116.45 1 15
restaurante/controllers/ProductoPedidoController.go:116.45,117.12 1 2
restaurante/controllers/ProductoPedidoController.go:119.3,119.39 1 13
restaurante/controllers/ProductoPedidoController.go:122.2,123.21 2 12
restaurante/controllers/ProductoPedidoController.go:123.21,125.27 2 12
[...]
restaurante/controllers/ReservaController.go:230.8,236.3 5 1
restaurante/controllers/ReservaController.go:238.2,238.58 1 5
restaurante/controllers/ReservaController.go:238.58,240.19 2 2
restaurante/controllers/ReservaController.go:240.19,241.34 1 2
restaurante/controllers/ReservaController.go:241.34,247.5 5 1
restaurante/controllers/ReservaController.go:248.4,248.36 1 1
restaurante/controllers/ReservaController.go:252.2,252.60 1 4
restaurante/controllers/ReservaController.go:252.60,254.3 1 1
restaurante/controllers/ReservaController.go:255.2,255.54 1 4
restaurante/controllers/ReservaController.go:255.54,257.3 1 1
restaurante/controllers/ReservaController.go:259.2,259.57 1 4
restaurante/controllers/ReservaController.go:259.57,262.3 2 3
restaurante/controllers/ReservaController.go:262.8,268.3 5 1
restaurante/controllers/ReservaController.go:269.2,269.63 1 3
restaurante/controllers/ReservaController.go:269.63,272.3 2 2
restaurante/controllers/ReservaController.go:272.8,278.3 5 1
restaurante/controllers/ReservaController.go:280.2,283.54 3 2
restaurante/controllers/ReservaController.go:283.54,289.3 5 1
restaurante/controllers/ReservaController.go:291.2,293.19 3 1
restaurante/controllers/ReservaController.go:308.35,311.27 3 11
restaurante/controllers/ReservaController.go:311.27,317.3 5 1
restaurante/controllers/ReservaController.go:318.2,319.49 2 10
restaurante/controllers/ReservaController.go:319.49,324.3 4 1
restaurante/controllers/ReservaController.go:325.2,326.72 2 9
restaurante/controllers/ReservaController.go:326.72,332.3 5 1
restaurante/controllers/ReservaController.go:335.2,336.55 2 8
restaurante/controllers/ReservaController.go:336.55,339.3 2 2
restaurante/controllers/ReservaController.go:340.2,340.54 1 8
restaurante/controllers/ReservaController.go:340.54,343.3 2 1
restaurante/controllers/ReservaController.go:344.2,344.77 1 8
restaurante/controllers/ReservaController.go:344.77,345.24 1 2
restaurante/controllers/ReservaController.go:345.24,351.4 5 1
restaurante/controllers/ReservaController.go:354.2,354.60 1 7
restaurante/controllers/ReservaController.go:354.60,355.61 1 7
restaurante/controllers/ReservaController.go:355.61,357.4 1 6
restaurante/controllers/ReservaController.go:357.9,363.4 5 1
restaurante/controllers/ReservaController.go:365.2,365.59 1 6
restaurante/controllers/ReservaController.go:365.59,366.59 1 6
restaurante/controllers/ReservaController.go:366.59,368.4 1 5
restaurante/controllers/ReservaController.go:368.9,374.4 5 1
restaurante/controllers/ReservaController.go:376.2,376.53 1 5
restaurante/controllers/ReservaController.go:376.53,378.3 1 5
restaurante/controllers/ReservaController.go:379.2,379.58 1 5
restaurante/controllers/ReservaController.go:379.58,381.32 2 2
restaurante/controllers/ReservaController.go:381.32,383.4 1 1
restaurante/controllers/ReservaController.go:385.2,385.60 1 5
restaurante/controllers/ReservaController.go:385.60,387.3 1 1
restaurante/controllers/ReservaController.go:388.2,388.54 1 5
restaurante/controllers/ReservaController.go:388.54,390.3 1 1
restaurante/controllers/ReservaController.go:391.2,391.57 1 5
restaurante/controllers/ReservaController.go:391.57,394.3 2 4
restaurante/controllers/ReservaController.go:394.8,400.3 5 1
restaurante/controllers/ReservaController.go:401.2,401.63 1 4
restaurante/controllers/ReservaController.go:401.63,404.3 2 3
restaurante/controllers/ReservaController.go:404.8,410.3 5 1
restaurante/controllers/ReservaController.go:411.2,412.54 2 3
restaurante/controllers/ReservaController.go:412.54,418.3 5 1
restaurante/controllers/ReservaController.go:419.2,421.19 3 2
restaurante/controllers/ReservaController.go:436.46,446.24 8 4
restaurante/controllers/ReservaController.go:446.24,449.17 3 4
restaurante/controllers/ReservaController.go:449.17,458.4 5 1
restaurante/controllers/ReservaController.go:459.3,459.18 1 3
restaurante/controllers/ReservaController.go:462.2,463.16 2 3
restaurante/controllers/ReservaController.go:463.16,473.3 5 1
restaurante/controllers/ReservaController.go:475.2,475.26 1 2
restaurante/controllers/ReservaController.go:475.26,480.3 4 1
restaurante/controllers/ReservaController.go:482.2,482.24 1 2
restaurante/controllers/ReservaController.go:482.24,491.3 4 1
restaurante/controllers/ReservaController.go:493.2,499.19 3 1
restaurante/controllers/ReservaController.go:513.38,516.27 3 4
restaurante/controllers/ReservaController.go:516.27,526.3 5 1
restaurante/controllers/ReservaController.go:527.2,528.49 2 3
restaurante/controllers/ReservaController.go:528.49,533.3 4 1
restaurante/controllers/ReservaController.go:534.2,537.84 4 2
restaurante/controllers/ReservaController.go:537.84,543.3 5 1
restaurante/controllers/ReservaController.go:544.2,546.19 3 1
restaurante/controllers/RestauranteController.go:31.76,33.2 1 1
restaurante/controllers/RestauranteController.go:37.66,39.2 1 1
restaurante/controllers/RestauranteController.go:40.67,40.98 1 1
restaurante/controllers/RestauranteController.go:41.67,41.91 1 1
restaurante/controllers/RestauranteController.go:42.78,44.2 1 1
restaurante/controllers/RestauranteController.go:45.78,47.2 1 1
restaurante/controllers/RestauranteController.go:49.35,49.77 1 4
restaurante/controllers/RestauranteController.go:60.42,65.16 4 2
restaurante/controllers/RestauranteController.go:65.16,75.3 5 1
restaurante/controllers/RestauranteController.go:76.2,82.19 3 1
restaurante/controllers/RestauranteController.go:95.43,99.27 3 5
restaurante/controllers/RestauranteController.go:99.27,109.3 5 1
restaurante/controllers/RestauranteController.go:111.2,114.26 3 4
restaurante/controllers/RestauranteController.go:114.26,122.3 4 2
restaurante/controllers/RestauranteController.go:122.8,122.23 1 2
restaurante/controllers/RestauranteController.go:122.23,132.3 5 1
restaurante/controllers/RestauranteController.go:134.2,140.19 3 1
restaurante/controllers/RestauranteController.go:153.40,157.78 3 3
restaurante/controllers/RestauranteController.go:157.78,167.3 5 1
restaurante/controllers/RestauranteController.go:169.2,170.16 2 2
restaurante/controllers/RestauranteController.go:170.16,180.3 5 1
restaurante/controllers/RestauranteController.go:182.2,188.19 3 1
restaurante/controllers/RestauranteController.go:202.39,207.27 4 6
restaurante/controllers/RestauranteController.go:207.27,217.3 5 1
restaurante/controllers/RestauranteController.go:219.2,221.33 2 5
restaurante/controllers/RestauranteController.go:221.33,223.86 2 4
restaurante/controllers/RestauranteController.go:223.86,233.4 5 2
restaurante/controllers/RestauranteController.go:235.3,238.17 3 2
restaurante/controllers/RestauranteController.go:238.17,248.4 5 1
restaurante/controllers/RestauranteController.go:250.3,256.20 3 1
restaurante/controllers/RestauranteController.go:257.8,264.3 3 1
restaurante/controllers/RestauranteController.go:277.42,282.27 4 3
restaurante/controllers/RestauranteController.go:282.27,292.3 5 1
restaurante/controllers/RestauranteController.go:294.2,296.50 2 2
restaurante/controllers/RestauranteController.go:296.50,303.3 3 1
restaurante/controllers/RestauranteController.go:303.8,312.3 4 1
restaurante/controllers/RestauranteDiaController.go:16.41,16.64 1 6
restaurante/controllers/RestauranteDiaController.go:31.45,42.69 4 3
restaurante/controllers/RestauranteDiaController.go:42.69,45.3 2 2
restaurante/controllers/RestauranteDiaController.go:46.2,46.38 1 3
restaurante/controllers/RestauranteDiaController.go:46.38,49.3 2 3
restaurante/controllers/RestauranteDiaController.go:50.2,56.66 2 3
restaurante/controllers/RestauranteDiaController.go:56.66,62.3 5 2
restaurante/controllers/RestauranteDiaController.go:63.2,64.25 2 1
restaurante/controllers/RestauranteDiaController.go:64.25,71.3 1 1
restaurante/controllers/RestauranteDiaController.go:72.2,73.19 2 1
restaurante/controllers/RestauranteDiaController.go:86.46,103.56 5 3
restaurante/controllers/RestauranteDiaController.go:103.56,104.27 1 2
restaurante/controllers/RestauranteDiaController.go:104.27,106.4 1 2
restaurante/controllers/RestauranteDiaController.go:107.3,110.9 4 2
restaurante/controllers/RestauranteDiaController.go:112.2,119.19 3 1
restaurante/controllers/SubcategoriaController.go:28.75,30.2 1 2
restaurante/controllers/SubcategoriaController.go:31.82,33.2 1 1
restaurante/controllers/SubcategoriaController.go:37.67,39.2 1 2
restaurante/controllers/SubcategoriaController.go:40.66,40.90 1 1
restaurante/controllers/SubcategoriaController.go:41.66,41.97 1 1
restaurante/controllers/SubcategoriaController.go:42.77,44.2 1 1
restaurante/controllers/SubcategoriaController.go:45.77,47.2 1 1
restaurante/controllers/SubcategoriaController.go:49.39,49.80 1 0
restaurante/controllers/SubcategoriaController.go:62.43,65.71 3 3
restaurante/controllers/SubcategoriaController.go:65.71,67.3 1 1
restaurante/controllers/SubcategoriaController.go:68.2,69.41 2 3
restaurante/controllers/SubcategoriaController.go:69.41,75.3 5 1
restaurante/controllers/SubcategoriaController.go:76.2,77.19 2 2
restaurante/controllers/SubcategoriaController.go:89.44,93.35 4 2
restaurante/controllers/SubcategoriaController.go:93.35,94.27 1 1
restaurante/controllers/SubcategoriaController.go:94.27,96.4 1 0
restaurante/controllers/SubcategoriaController.go:97.3,100.9 4 1
restaurante/controllers/SubcategoriaController.go:102.2,103.19 2 1
restaurante/controllers/SubcategoriaController.go:116.41,122.111 3 3
restaurante/controllers/SubcategoriaController.go:122.111,123.17 1 1
restaurante/controllers/SubcategoriaController.go:123.17,125.4 1 1
restaurante/controllers/SubcategoriaController.go:126.3,129.9 4 1
restaurante/controllers/SubcategoriaController.go:131.2,132.40 2 2
restaurante/controllers/SubcategoriaController.go:132.40,138.3 5 1
restaurante/controllers/SubcategoriaController.go:139.2,141.19 3 1
restaurante/controllers/SubcategoriaController.go:154.40,158.35 4 4
restaurante/controllers/SubcategoriaController.go:158.35,163.3 4 1
restaurante/controllers/SubcategoriaController.go:164.2,168.69 2 3
restaurante/controllers/SubcategoriaController.go:168.69,174.3 5 1
restaurante/controllers/SubcategoriaController.go:175.2,176.22 2 2
restaurante/controllers/SubcategoriaController.go:176.22,179.3 2 2
restaurante/controllers/SubcategoriaController.go:180.2,180.27 1 2
restaurante/controllers/SubcategoriaController.go:180.27,183.3 2 1
restaurante/controllers/SubcategoriaController.go:184.2,184.49 1 2
restaurante/controllers/SubcategoriaController.go:184.49,190.3 5 1
restaurante/controllers/SubcategoriaController.go:191.2,192.19 2 1
restaurante/controllers/SubcategoriaController.go:204.43,207.82 3 2
restaurante/controllers/SubcategoriaController.go:207.82,212.3 4 1
restaurante/controllers/SubcategoriaController.go:213.2,214.19 2 1
restaurante/controllers/TrabajadorController.go:26.58,28.16 2 5
restaurante/controllers/TrabajadorController.go:28.16,30.3 1 0
restaurante/controllers/TrabajadorController.go:31.2,31.36 1 5
restaurante/controllers/TrabajadorController.go:35.64,36.47 1 6
restaurante/controllers/TrabajadorController.go:36.47,37.40 1 4
restaurante/controllers/TrabajadorController.go:37.40,39.4 1 2
restaurante/controllers/TrabajadorController.go:41.2,41.12 1 4
restaurante/controllers/TrabajadorController.go:58.41,64.24 4 4
restaurante/controllers/TrabajadorController.go:64.24,66.3 1 2
restaurante/controllers/TrabajadorController.go:67.2,73.19 5 4
restaurante/controllers/TrabajadorController.go:73.19,75.3 1 1
restaurante/controllers/TrabajadorController.go:75.8,75.30 1 3
restaurante/controllers/TrabajadorController.go:75.30,77.3 1 3
restaurante/controllers/TrabajadorController.go:80.2,80.24 1 4
restaurante/controllers/TrabajadorController.go:80.24,82.17 2 2
restaurante/controllers/TrabajadorController.go:82.17,88.4 5 1
restaurante/controllers/TrabajadorController.go:89.3,89.48 1 1
restaurante/controllers/TrabajadorController.go:91.2,91.15 1 3
restaurante/controllers/TrabajadorController.go:91.15,93.3 1 1
restaurante/controllers/TrabajadorController.go:96.2,97.16 2 3
restaurante/controllers/TrabajadorController.go:97.16,107.3 5 1
restaurante/controllers/TrabajadorController.go:110.2,110.30 1 2
restaurante/controllers/TrabajadorController.go:110.30,112.42 2 1
restaurante/controllers/TrabajadorController.go:112.42,115.4 2 1
restaurante/controllers/TrabajadorController.go:116.3,116.46 1 1
restaurante/controllers/TrabajadorController.go:116.46,119.4 2 1
restaurante/controllers/TrabajadorController.go:120.3,124.31 3 1
restaurante/controllers/TrabajadorController.go:124.31,126.4 1 1
restaurante/controllers/TrabajadorController.go:130.2,130.28 1 2
restaurante/controllers/TrabajadorController.go:130.28,139.3 4 1
restaurante/controllers/TrabajadorController.go:142.2,148.19 3 1
restaurante/controllers/TrabajadorController.go:162.42,166.27 3 3
restaurante/controllers/TrabajadorController.go:166.27,175.3 5 1
restaurante/controllers/TrabajadorController.go:177.2,179.26 3 2
restaurante/controllers/TrabajadorController.go:179.26,187.3 4 1
restaurante/controllers/TrabajadorController.go:187.8,187.23 1 1
restaurante/controllers/TrabajadorController.go:187.23,197.3 5 0
restaurante/controllers/TrabajadorController.go:199.2,203.30 3 1
restaurante/controllers/TrabajadorController.go:203.30,205.3 1 1
restaurante/controllers/TrabajadorController.go:206.2,212.19 3 1
restaurante/controllers/TrabajadorController.go:226.39,231.72 3 13
restaurante/controllers/TrabajadorController.go:231.72,241.3 5 1
restaurante/controllers/TrabajadorController.go:244.2,247.59 2 12
restaurante/controllers/TrabajadorController.go:247.59,249.3 1 11
restaurante/controllers/TrabajadorController.go:249.8,258.3 5 1
restaurante/controllers/TrabajadorController.go:261.2,261.64 1 11
restaurante/controllers/TrabajadorController.go:261.64,263.3 1 10
restaurante/controllers/TrabajadorController.go:263.8,272.3 5 1
restaurante/controllers/TrabajadorController.go:275.2,275.70 1 10
restaurante/controllers/TrabajadorController.go:275.70,277.3 1 9
restaurante/controllers/TrabajadorController.go:277.8,286.3 5 1
restaurante/controllers/TrabajadorController.go:289.2,289.55 1 9
restaurante/controllers/TrabajadorController.go:289.55,291.3 1 8
restaurante/controllers/TrabajadorController.go:291.8,300.3 5 1
restaurante/controllers/TrabajadorController.go:303.2,303.88 1 8
restaurante/controllers/TrabajadorController.go:303.88,305.17 2 7
restaurante/controllers/TrabajadorController.go:305.17,315.4 5 1
restaurante/controllers/TrabajadorController.go:316.3,316.40 1 6
restaurante/controllers/TrabajadorController.go:317.8,326.3 5 1
restaurante/controllers/TrabajadorController.go:329.2,329.49 1 6
restaurante/controllers/TrabajadorController.go:329.49,331.3 1 5
restaurante/controllers/TrabajadorController.go:331.8,340.3 5 1
restaurante/controllers/TrabajadorController.go:343.2,343.70 1 5
restaurante/controllers/TrabajadorController.go:343.70,345.17 2 4
restaurante/controllers/TrabajadorController.go:345.17,355.4 5 1
restaurante/controllers/TrabajadorController.go:356.3,356.39 1 3
restaurante/controllers/TrabajadorController.go:357.8,366.3 5 1
restaurante/controllers/TrabajadorController.go:369.2,369.52 1 3
restaurante/controllers/TrabajadorController.go:369.52,371.3 1 1
restaurante/controllers/TrabajadorController.go:374.2,374.63 1 3
restaurante/controllers/TrabajadorController.go:374.63,377.3 2 1
restaurante/controllers/TrabajadorController.go:380.2,380.97 1 3
restaurante/controllers/TrabajadorController.go:380.97,382.17 2 2
restaurante/controllers/TrabajadorController.go:382.17,392.4 5 1
restaurante/controllers/TrabajadorController.go:393.3,393.44 1 1
restaurante/controllers/TrabajadorController.go:397.2,398.16 2 2
restaurante/controllers/TrabajadorController.go:398.16,408.3 5 1
restaurante/controllers/TrabajadorController.go:411.2,419.19 4 1
restaurante/controllers/TrabajadorController.go:434.38,438.27 3 11
restaurante/controllers/TrabajadorController.go:438.27,447.3 5 1
restaurante/controllers/TrabajadorController.go:450.2,451.44 2 10
restaurante/controllers/TrabajadorController.go:451.44,459.3 4 1
restaurante/controllers/TrabajadorController.go:462.2,463.72 2 9
restaurante/controllers/TrabajadorController.go:463.72,473.3 5 1
restaurante/controllers/TrabajadorController.go:476.2,476.48 1 8
restaurante/controllers/TrabajadorController.go:476.48,477.26 1 58
restaurante/controllers/TrabajadorController.go:477.26,478.49 1 116
restaurante/controllers/TrabajadorController.go:478.49,480.5 1 16
restaurante/controllers/TrabajadorController.go:482.3,482.19 1 42
restaurante/controllers/TrabajadorController.go:484.2,484.51 1 8
restaurante/controllers/TrabajadorController.go:484.51,485.26 1 8
restaurante/controllers/TrabajadorController.go:485.26,486.39 1 16
restaurante/controllers/TrabajadorController.go:486.39,488.5 1 1
restaurante/controllers/TrabajadorController.go:490.3,490.18 1 7
restaurante/controllers/TrabajadorController.go:492.2,492.47 1 8
restaurante/controllers/TrabajadorController.go:492.47,493.26 1 8
restaurante/controllers/TrabajadorController.go:493.26,494.36 1 16
restaurante/controllers/TrabajadorController.go:494.36,496.5 1 1
restaurante/controllers/TrabajadorController.go:498.3,498.22 1 7
restaurante/controllers/TrabajadorController.go:501.2,501.45 1 8
restaurante/controllers/TrabajadorController.go:501.45,503.3 1 2
restaurante/controllers/TrabajadorController.go:504.2,504.49 1 8
restaurante/controllers/TrabajadorController.go:504.49,506.3 1 1
restaurante/controllers/TrabajadorController.go:507.2,507.39 1 8
restaurante/controllers/TrabajadorController.go:507.39,509.3 1 1
restaurante/controllers/TrabajadorController.go:510.2,510.47 1 8
restaurante/controllers/TrabajadorController.go:510.47,512.3 1 1
restaurante/controllers/TrabajadorController.go:513.2,513.44 1 8
restaurante/controllers/TrabajadorController.go:513.44,515.3 1 1
restaurante/controllers/TrabajadorController.go:516.2,516.49 1 8
restaurante/controllers/TrabajadorController.go:516.49,518.3 1 2
restaurante/controllers/TrabajadorController.go:520.2,520.58 1 8
restaurante/controllers/TrabajadorController.go:520.58,522.17 2 3
restaurante/controllers/TrabajadorController.go:522.17,528.4 5 1
restaurante/controllers/TrabajadorController.go:529.3,529.40 1 2
restaurante/controllers/TrabajadorController.go:531.2,531.56 1 7
restaurante/controllers/TrabajadorController.go:531.56,533.17 2 3
restaurante/controllers/TrabajadorController.go:533.17,539.4 5 1
restaurante/controllers/TrabajadorController.go:540.3,541.41 2 2
restaurante/controllers/TrabajadorController.go:543.2,543.64 1 6
restaurante/controllers/TrabajadorController.go:543.64,545.17 2 2
restaurante/controllers/TrabajadorController.go:545.17,551.4 5 1
restaurante/controllers/TrabajadorController.go:552.3,553.49 2 1
restaurante/controllers/TrabajadorController.go:555.2,555.49 1 5
restaurante/controllers/TrabajadorController.go:555.49,557.17 2 2
restaurante/controllers/TrabajadorController.go:557.17,563.4 5 1
restaurante/controllers/TrabajadorController.go:564.3,564.39 1 1
restaurante/controllers/TrabajadorController.go:568.2,568.90 1 4
restaurante/controllers/TrabajadorController.go:568.90,573.3 4 1
restaurante/controllers/TrabajadorController.go:576.2,576.49 1 3
restaurante/controllers/TrabajadorController.go:576.49,582.3 5 1
restaurante/controllers/TrabajadorController.go:585.2,590.19 4 2
restaurante/controllers/TrabajadorController.go:604.41,610.27 4 5
restaurante/controllers/TrabajadorController.go:610.27,620.3 5 1
restaurante/controllers/TrabajadorController.go:623.2,624.44 2 4
restaurante/controllers/TrabajadorController.go:624.44,625.27 1 2
restaurante/controllers/TrabajadorController.go:625.27,628.4 2 1
restaurante/controllers/TrabajadorController.go:628.9,632.4 3 1
restaurante/controllers/TrabajadorController.go:633.3,634.9 2 2
restaurante/controllers/TrabajadorController.go:638.2,642.65 3 2
restaurante/controllers/TrabajadorController.go:642.65,648.3 5 1
restaurante/controllers/TrabajadorController.go:649.2,653.19 4 1
restaurante/controllers/NominaTrabajadorController.go:327.23,336.3 4 1
