mode: atomic
restaurante/main.go:30.13,32.2 1 1
restaurante/main.go:34.16,36.37 1 1
restaurante/main.go:36.37,39.3 2 0
restaurante/main.go:39.8,41.3 1 1
restaurante/main.go:42.2,43.54 2 1
restaurante/main.go:50.71,50.93 1 0
restaurante/main.go:51.93,51.132 1 0
restaurante/main.go:55.32,58.6 2 2
restaurante/main.go:58.6,61.43 2 2
restaurante/main.go:61.43,69.55 3 0
restaurante/main.go:69.55,71.5 1 0
restaurante/main.go:71.10,72.120 1 0
restaurante/main.go:72.120,74.6 1 0
restaurante/main.go:74.11,76.6 1 0
restaurante/main.go:81.3,81.40 1 2
restaurante/main.go:81.40,83.4 1 2
restaurante/main.go:86.3,86.27 1 0
restaurante/main.go:90.45,92.95 1 1
restaurante/main.go:92.95,96.3 3 1
restaurante/main.go:108.13,125.46 5 1
restaurante/main.go:125.46,127.3 1 0
restaurante/main.go:130.2,130.38 1 1
restaurante/main.go:130.38,132.3 1 0
restaurante/routers/router.go:9.13,132.2 4 1
restaurante/tests/http_utils.go:14.62,15.37 1 2
restaurante/tests/http_utils.go:15.37,21.3 2 1
restaurante/tests/http_utils.go:23.2,24.19 2 1
restaurante/tests/http_utils.go:24.19,26.3 1 0
restaurante/tests/http_utils.go:29.2,29.10 1 1
restaurante/tests/http_utils.go:33.24,37.2 3 1
restaurante/tests/seed_data_stub.go:7.22,7.23 0 0
restaurante/docs/docs.go:4874.13,4876.2 1 1
restaurante/models/CambiosHorario.go:18.45,20.2 1 2
restaurante/models/CambiosHorario.go:21.13,23.2 1 1
restaurante/models/CambiosHorario.go:25.55,34.2 2 1
restaurante/models/Categoria.go:12.40,14.2 1 1
restaurante/models/Categoria.go:16.13,18.2 1 1
restaurante/models/Cliente.go:18.38,20.2 1 1
restaurante/models/Cliente.go:22.13,24.2 1 1
restaurante/models/ControlNomina.go:16.44,18.2 1 2
restaurante/models/ControlNomina.go:20.13,22.2 1 1
restaurante/models/ControlNomina.go:25.44,27.2 1 6
restaurante/models/ControlNomina.go:35.62,36.22 1 2
restaurante/models/ControlNomina.go:36.22,38.3 1 1
restaurante/models/ControlNomina.go:39.2,39.20 1 1
restaurante/models/ControlNomina.go:43.78,44.22 1 2
restaurante/models/ControlNomina.go:44.22,46.3 1 1
restaurante/models/ControlNomina.go:47.2,47.29 1 1
restaurante/models/DetallePedido.go:14.44,16.2 1 1
restaurante/models/DetallePedido.go:19.50,21.2 1 1
restaurante/models/DetallePedido.go:23.13,25.2 1 1
restaurante/models/Domicilio.go:36.40,36.62 1 2
restaurante/models/Domicilio.go:38.13,40.2 1 1
restaurante/models/HorarioTrabajador.go:18.48,20.2 1 1
restaurante/models/HorarioTrabajador.go:23.54,25.2 1 1
restaurante/models/HorarioTrabajador.go:28.47,30.2 1 2
restaurante/models/HorarioTrabajador.go:32.13,34.2 1 1
restaurante/models/HorarioTrabajador.go:36.58,43.42 1 2
restaurante/models/HorarioTrabajador.go:43.42,44.40 1 2
restaurante/models/HorarioTrabajador.go:44.40,46.5 1 1
restaurante/models/HorarioTrabajador.go:47.4,47.14 1 1
restaurante/models/Incidencia.go:19.41,21.2 1 2
restaurante/models/Incidencia.go:23.13,25.2 1 1
restaurante/models/Incidencia.go:27.51,36.2 2 1
restaurante/models/MetodoPago.go:11.41,13.2 1 1
restaurante/models/MetodoPago.go:15.13,17.2 1 1
restaurante/models/Nomina.go:18.37,20.2 1 2
restaurante/models/Nomina.go:22.13,24.2 1 1
restaurante/models/Nomina.go:26.47,35.2 2 1
restaurante/models/Nomina.go:36.51,44.51 3 3
restaurante/models/Nomina.go:44.51,46.3 1 0
restaurante/models/Nomina.go:47.2,47.21 1 3
restaurante/models/Nomina.go:47.21,49.17 2 2
restaurante/models/Nomina.go:49.17,51.4 1 1
restaurante/models/Nomina.go:52.3,52.14 1 1
restaurante/models/Nomina.go:54.2,54.12 1 2
restaurante/models/NominaTrabajador.go:40.47,42.2 1 1
restaurante/models/NominaTrabajador.go:44.13,46.2 1 1
restaurante/models/NominaTrabajador.go:48.53,52.2 1 1
restaurante/models/NominaTrabajador.go:58.61,71.49 3 2
restaurante/models/NominaTrabajador.go:71.49,73.3 1 0
restaurante/models/NominaTrabajador.go:75.2,75.26 1 2
restaurante/models/NominaTrabajador.go:75.26,77.3 1 1
restaurante/models/NominaTrabajador.go:78.2,82.72 3 2
restaurante/models/NominaTrabajador.go:82.72,83.20 1 2
restaurante/models/NominaTrabajador.go:83.20,85.4 1 0
restaurante/models/NominaTrabajador.go:87.3,88.53 2 2
restaurante/models/NominaTrabajador.go:88.53,90.4 1 1
restaurante/models/NominaTrabajador.go:92.3,93.49 2 1
restaurante/models/NominaTrabajador.go:93.49,95.4 1 1
restaurante/models/NominaTrabajador.go:96.3,96.18 1 0
restaurante/models/NominaTrabajador.go:100.2,100.37 1 2
restaurante/models/NominaTrabajador.go:100.37,101.72 1 1
restaurante/models/NominaTrabajador.go:101.72,103.4 1 1
restaurante/models/NominaTrabajador.go:104.8,104.47 1 1
restaurante/models/NominaTrabajador.go:104.47,105.75 1 1
restaurante/models/NominaTrabajador.go:105.75,107.4 1 1
restaurante/models/NominaTrabajador.go:111.2,111.64 1 2
restaurante/models/NominaTrabajador.go:111.64,112.20 1 2
restaurante/models/NominaTrabajador.go:112.20,114.4 1 0
restaurante/models/NominaTrabajador.go:115.3,116.53 2 2
restaurante/models/NominaTrabajador.go:116.53,118.4 1 1
restaurante/models/NominaTrabajador.go:119.3,120.49 2 1
restaurante/models/NominaTrabajador.go:120.49,122.4 1 1
restaurante/models/NominaTrabajador.go:123.3,123.18 1 0
restaurante/models/NominaTrabajador.go:126.2,126.26 1 2
restaurante/models/NominaTrabajador.go:126.26,127.57 1 1
restaurante/models/NominaTrabajador.go:127.57,129.4 1 1
restaurante/models/NominaTrabajador.go:130.8,130.36 1 1
restaurante/models/NominaTrabajador.go:130.36,131.60 1 1
restaurante/models/NominaTrabajador.go:131.60,133.4 1 1
restaurante/models/NominaTrabajador.go:136.2,136.12 1 2
restaurante/models/Pago.go:21.35,23.2 1 1
restaurante/models/Pago.go:25.13,27.2 1 1
restaurante/models/Pago.go:29.45,42.2 2 2
restaurante/models/Pedido.go:38.37,40.2 1 2
restaurante/models/Pedido.go:42.13,44.2 1 1
restaurante/models/Pedido.go:46.47,59.2 2 1
restaurante/models/PrecioProductoHist.go:18.49,20.2 1 1
restaurante/models/PrecioProductoHist.go:23.55,25.2 1 1
restaurante/models/PrecioProductoHist.go:27.13,29.2 1 1
restaurante/models/Producto.go:23.39,25.2 1 1
restaurante/models/Producto.go:39.49,49.34 1 2
restaurante/models/Producto.go:49.34,50.35 1 2
restaurante/models/Producto.go:50.35,52.5 1 1
restaurante/models/Producto.go:53.4,53.12 1 1
restaurante/models/Producto.go:56.2,56.25 1 2
restaurante/models/Producto.go:59.53,61.50 2 3
restaurante/models/Producto.go:61.50,63.3 1 0
restaurante/models/Producto.go:64.2,70.21 7 3
restaurante/models/Producto.go:70.21,71.73 1 2
restaurante/models/Producto.go:71.73,73.4 1 1
restaurante/models/Producto.go:73.9,75.4 1 1
restaurante/models/Producto.go:76.8,78.3 1 1
restaurante/models/Producto.go:79.2,80.30 2 2
restaurante/models/Producto.go:80.30,82.3 1 1
restaurante/models/Producto.go:82.8,84.3 1 1
restaurante/models/Producto.go:85.2,85.12 1 2
restaurante/models/Producto.go:88.13,89.47 1 1
restaurante/models/Producto.go:89.47,91.3 1 1
restaurante/models/Reserva.go:25.38,27.2 1 2
restaurante/models/Reserva.go:29.13,31.2 1 1
restaurante/models/Reserva.go:33.48,44.2 2 3
restaurante/models/ReservaContacto.go:13.46,15.2 1 1
restaurante/models/ReservaContacto.go:18.40,19.67 1 4
restaurante/models/ReservaContacto.go:19.67,21.3 1 2
restaurante/models/ReservaContacto.go:22.2,22.13 1 2
restaurante/models/ReservaContacto.go:25.13,27.2 1 1
restaurante/models/Restaurante.go:16.42,18.2 1 1
restaurante/models/Restaurante.go:20.13,22.2 1 1
restaurante/models/RestauranteDia.go:11.45,13.2 1 1
restaurante/models/RestauranteDia.go:16.51,18.2 1 1
restaurante/models/RestauranteDia.go:20.13,22.2 1 1
restaurante/models/Subcategoria.go:13.43,15.2 1 1
restaurante/models/Subcategoria.go:17.13,19.2 1 1
restaurante/models/Trabajador.go:26.41,28.2 1 2
restaurante/models/Trabajador.go:30.13,32.2 1 1
restaurante/models/Trabajador.go:34.51,42.36 2 2
restaurante/models/Trabajador.go:42.36,43.33 1 2
restaurante/models/Trabajador.go:43.33,46.5 2 1
restaurante/models/Trabajador.go:47.4,47.14 1 1
restaurante/models/Trabajador.go:50.32,51.29 1 2
restaurante/models/Trabajador.go:51.29,54.5 2 1
restaurante/models/Trabajador.go:55.4,55.14 1 1
restaurante/models/enums.go:82.39,83.11 1 2
restaurante/models/enums.go:84.83,85.14 1 1
restaurante/models/enums.go:87.2,87.14 1 1
restaurante/models/enums.go:100.45,101.11 1 6
restaurante/models/enums.go:102.97,103.14 1 3
restaurante/models/enums.go:105.2,105.14 1 3
restaurante/database/database.go:27.69,27.99 1 0
restaurante/database/database.go:28.90,28.125 1 0
restaurante/database/database.go:29.56,29.77 1 0
restaurante/database/database.go:30.69,30.95 1 0
restaurante/database/database.go:34.75,38.2 3 0
restaurante/database/database.go:40.21,52.73 8 2
restaurante/database/database.go:52.73,54.3 1 1
restaurante/database/database.go:56.2,56.12 1 1
restaurante/database/database.go:56.12,59.3 2 1
restaurante/database/database.go:62.2,62.38 1 1
restaurante/database/database.go:62.38,64.3 1 0
restaurante/database/database.go:67.2,67.48 1 1
restaurante/database/database.go:67.48,68.42 1 0
restaurante/database/database.go:68.42,69.14 1 0
restaurante/database/database.go:69.14,71.5 1 0
restaurante/database/database.go:75.2,75.12 1 1
restaurante/database/database.go:80.21,83.16 3 2
restaurante/database/database.go:83.16,84.38 1 1
restaurante/database/database.go:84.38,86.4 1 1
restaurante/database/database.go:87.3,87.49 1 1
restaurante/database/database.go:91.29,99.29 3 4
restaurante/database/database.go:99.29,101.17 2 6
restaurante/database/database.go:101.17,103.4 1 1
restaurante/database/database.go:104.3,104.15 1 5
restaurante/database/database.go:104.15,105.45 1 3
restaurante/database/database.go:105.45,107.5 1 1
restaurante/database/database.go:111.2,111.12 1 2
restaurante/controllers/CambiosHorarioController.go:20.96,21.14 1 2
restaurante/controllers/CambiosHorarioController.go:21.14,23.3 1 1
restaurante/controllers/CambiosHorarioController.go:24.2,24.79 1 1
restaurante/controllers/CambiosHorarioController.go:35.95,36.15 1 2
restaurante/controllers/CambiosHorarioController.go:36.15,38.4 1 1
restaurante/controllers/CambiosHorarioController.go:39.3,39.64 1 1
restaurante/controllers/CambiosHorarioController.go:41.89,42.15 1 2
restaurante/controllers/CambiosHorarioController.go:42.15,44.4 1 1
restaurante/controllers/CambiosHorarioController.go:45.3,45.27 1 1
restaurante/controllers/CambiosHorarioController.go:47.93,48.15 1 3
restaurante/controllers/CambiosHorarioController.go:48.15,50.4 1 1
restaurante/controllers/CambiosHorarioController.go:51.3,51.98 1 2
restaurante/controllers/CambiosHorarioController.go:53.89,54.15 1 2
restaurante/controllers/CambiosHorarioController.go:54.15,56.4 1 1
restaurante/controllers/CambiosHorarioController.go:57.3,57.27 1 1
restaurante/controllers/CambiosHorarioController.go:59.71,60.15 1 2
restaurante/controllers/CambiosHorarioController.go:60.15,62.4 1 1
restaurante/controllers/CambiosHorarioController.go:63.3,63.94 1 1
restaurante/controllers/CambiosHorarioController.go:76.45,81.16 4 8
restaurante/controllers/CambiosHorarioController.go:81.16,90.3 4 1
restaurante/controllers/CambiosHorarioController.go:92.2,93.35 2 7
restaurante/controllers/CambiosHorarioController.go:93.35,99.35 2 1010
restaurante/controllers/CambiosHorarioController.go:99.35,101.4 1 3
restaurante/controllers/CambiosHorarioController.go:101.9,103.4 1 1007
restaurante/controllers/CambiosHorarioController.go:104.3,104.36 1 1010
restaurante/controllers/CambiosHorarioController.go:104.36,106.4 1 3
restaurante/controllers/CambiosHorarioController.go:106.9,108.4 1 1007
restaurante/controllers/CambiosHorarioController.go:109.3,109.33 1 1010
restaurante/controllers/CambiosHorarioController.go:112.2,117.15 2 7
restaurante/controllers/CambiosHorarioController.go:130.55,137.26 5 5
restaurante/controllers/CambiosHorarioController.go:137.26,145.3 4 2
restaurante/controllers/CambiosHorarioController.go:145.8,145.23 1 3
restaurante/controllers/CambiosHorarioController.go:145.23,154.3 4 1
restaurante/controllers/CambiosHorarioController.go:156.2,161.40 2 2
restaurante/controllers/CambiosHorarioController.go:161.40,163.3 1 1
restaurante/controllers/CambiosHorarioController.go:164.2,164.41 1 2
restaurante/controllers/CambiosHorarioController.go:164.41,166.3 1 1
restaurante/controllers/CambiosHorarioController.go:168.2,174.15 3 2
restaurante/controllers/CambiosHorarioController.go:188.43,193.72 4 20
restaurante/controllers/CambiosHorarioController.go:193.72,202.3 4 1
restaurante/controllers/CambiosHorarioController.go:204.2,204.80 1 19
restaurante/controllers/CambiosHorarioController.go:204.80,206.17 2 17
restaurante/controllers/CambiosHorarioController.go:206.17,215.4 4 1
restaurante/controllers/CambiosHorarioController.go:216.3,216.29 1 16
restaurante/controllers/CambiosHorarioController.go:217.8,225.3 4 2
restaurante/controllers/CambiosHorarioController.go:227.2,227.48 1 16
restaurante/controllers/CambiosHorarioController.go:227.48,229.3 1 15
restaurante/controllers/CambiosHorarioController.go:229.8,237.3 4 1
restaurante/controllers/CambiosHorarioController.go:239.2,239.22 1 15
restaurante/controllers/CambiosHorarioController.go:239.22,244.3 4 3
restaurante/controllers/CambiosHorarioController.go:244.8,245.89 1 12
restaurante/controllers/CambiosHorarioController.go:245.89,247.18 2 11
restaurante/controllers/CambiosHorarioController.go:247.18,256.5 4 1
restaurante/controllers/CambiosHorarioController.go:257.4,257.39 1 10
restaurante/controllers/CambiosHorarioController.go:258.9,266.4 4 1
restaurante/controllers/CambiosHorarioController.go:268.3,268.83 1 10
restaurante/controllers/CambiosHorarioController.go:268.83,270.18 2 9
restaurante/controllers/CambiosHorarioController.go:270.18,279.5 4 1
restaurante/controllers/CambiosHorarioController.go:280.4,280.36 1 8
restaurante/controllers/CambiosHorarioController.go:281.9,289.4 4 1
restaurante/controllers/CambiosHorarioController.go:292.2,292.60 1 11
restaurante/controllers/CambiosHorarioController.go:292.60,301.3 4 1
restaurante/controllers/CambiosHorarioController.go:303.2,308.34 2 10
restaurante/controllers/CambiosHorarioController.go:308.34,310.3 1 10
restaurante/controllers/CambiosHorarioController.go:311.2,311.35 1 10
restaurante/controllers/CambiosHorarioController.go:311.35,313.3 1 10
restaurante/controllers/CambiosHorarioController.go:315.2,321.15 3 10
restaurante/controllers/CambiosHorarioController.go:337.42,340.27 3 19
restaurante/controllers/CambiosHorarioController.go:340.27,348.3 4 1
restaurante/controllers/CambiosHorarioController.go:350.2,351.72 2 18
restaurante/controllers/CambiosHorarioController.go:351.72,360.3 4 1
restaurante/controllers/CambiosHorarioController.go:362.2,363.74 2 17
restaurante/controllers/CambiosHorarioController.go:363.74,372.3 4 2
restaurante/controllers/CambiosHorarioController.go:372.8,372.23 1 15
restaurante/controllers/CambiosHorarioController.go:372.23,381.3 4 2
restaurante/controllers/CambiosHorarioController.go:383.2,383.80 1 13
restaurante/controllers/CambiosHorarioController.go:383.80,385.17 2 5
restaurante/controllers/CambiosHorarioController.go:385.17,394.4 4 1
restaurante/controllers/CambiosHorarioController.go:395.3,395.29 1 4
restaurante/controllers/CambiosHorarioController.go:398.2,398.48 1 12
restaurante/controllers/CambiosHorarioController.go:398.48,400.15 2 8
restaurante/controllers/CambiosHorarioController.go:400.15,405.4 4 2
restaurante/controllers/CambiosHorarioController.go:408.2,408.21 1 12
restaurante/controllers/CambiosHorarioController.go:408.21,409.89 1 9
restaurante/controllers/CambiosHorarioController.go:409.89,411.18 2 7
restaurante/controllers/CambiosHorarioController.go:411.18,420.5 4 1
restaurante/controllers/CambiosHorarioController.go:421.4,421.39 1 6
restaurante/controllers/CambiosHorarioController.go:424.3,424.83 1 8
restaurante/controllers/CambiosHorarioController.go:424.83,426.18 2 6
restaurante/controllers/CambiosHorarioController.go:426.18,435.5 4 1
restaurante/controllers/CambiosHorarioController.go:436.4,436.36 1 5
restaurante/controllers/CambiosHorarioController.go:440.2,440.60 1 10
restaurante/controllers/CambiosHorarioController.go:440.60,449.3 4 1
restaurante/controllers/CambiosHorarioController.go:451.2,456.34 2 9
restaurante/controllers/CambiosHorarioController.go:456.34,458.3 1 8
restaurante/controllers/CambiosHorarioController.go:459.2,459.35 1 9
restaurante/controllers/CambiosHorarioController.go:459.35,461.3 1 8
restaurante/controllers/CambiosHorarioController.go:463.2,469.15 3 9
restaurante/controllers/CambiosHorarioController.go:483.45,486.27 3 7
restaurante/controllers/CambiosHorarioController.go:486.27,494.3 4 3
restaurante/controllers/CambiosHorarioController.go:496.2,496.60 1 4
restaurante/controllers/CambiosHorarioController.go:496.60,504.3 3 1
restaurante/controllers/CambiosHorarioController.go:504.8,504.21 1 3
restaurante/controllers/CambiosHorarioController.go:504.21,512.3 3 2
restaurante/controllers/CambiosHorarioController.go:512.8,519.3 3 1
restaurante/controllers/ClienteController.go:16.85,18.2 1 0
restaurante/controllers/ClienteController.go:20.62,22.2 1 0
restaurante/controllers/ClienteController.go:24.73,26.2 1 0
restaurante/controllers/ClienteController.go:28.73,30.2 1 0
restaurante/controllers/ClienteController.go:32.73,34.2 1 0
restaurante/controllers/ClienteController.go:42.38,44.2 1 6
restaurante/controllers/ClienteController.go:46.39,47.16 1 8
restaurante/controllers/ClienteController.go:47.16,49.3 1 1
restaurante/controllers/ClienteController.go:51.2,53.71 2 7
restaurante/controllers/ClienteController.go:70.38,83.39 6 5
restaurante/controllers/ClienteController.go:83.39,88.17 3 2
restaurante/controllers/ClienteController.go:88.17,90.4 1 1
restaurante/controllers/ClienteController.go:92.3,93.67 2 2
restaurante/controllers/ClienteController.go:93.67,102.4 4 1
restaurante/controllers/ClienteController.go:103.8,106.17 2 3
restaurante/controllers/ClienteController.go:106.17,115.4 4 1
restaurante/controllers/ClienteController.go:119.2,119.42 1 3
restaurante/controllers/ClienteController.go:119.42,121.36 2 1
restaurante/controllers/ClienteController.go:121.36,126.4 1 1
restaurante/controllers/ClienteController.go:128.3,135.9 4 1
restaurante/controllers/ClienteController.go:139.2,139.26 1 2
restaurante/controllers/ClienteController.go:139.26,141.3 1 2
restaurante/controllers/ClienteController.go:143.2,149.15 3 2
restaurante/controllers/ClienteController.go:164.39,168.27 3 4
restaurante/controllers/ClienteController.go:168.27,177.3 4 1
restaurante/controllers/ClienteController.go:179.2,182.26 3 3
restaurante/controllers/ClienteController.go:182.26,190.3 4 1
restaurante/controllers/ClienteController.go:190.8,190.23 1 2
restaurante/controllers/ClienteController.go:190.23,199.3 4 1
restaurante/controllers/ClienteController.go:202.2,210.15 4 1
restaurante/controllers/ClienteController.go:224.36,228.74 3 6
restaurante/controllers/ClienteController.go:228.74,237.3 4 1
restaurante/controllers/ClienteController.go:240.2,241.22 2 5
restaurante/controllers/ClienteController.go:241.22,249.3 4 1
restaurante/controllers/ClienteController.go:250.2,254.16 3 4
restaurante/controllers/ClienteController.go:254.16,263.3 4 1
restaurante/controllers/ClienteController.go:264.2,267.53 2 3
restaurante/controllers/ClienteController.go:267.53,268.28 1 2
restaurante/controllers/ClienteController.go:268.28,277.4 4 1
restaurante/controllers/ClienteController.go:278.3,285.9 4 1
restaurante/controllers/ClienteController.go:289.2,297.15 4 1
restaurante/controllers/ClienteController.go:314.35,319.27 3 9
restaurante/controllers/ClienteController.go:319.27,328.3 4 1
restaurante/controllers/ClienteController.go:331.2,332.49 2 8
restaurante/controllers/ClienteController.go:332.49,333.27 1 2
restaurante/controllers/ClienteController.go:333.27,340.4 3 1
restaurante/controllers/ClienteController.go:340.9,348.4 3 1
restaurante/controllers/ClienteController.go:349.3,349.9 1 2
restaurante/controllers/ClienteController.go:353.2,354.81 2 6
restaurante/controllers/ClienteController.go:354.81,363.3 4 1
restaurante/controllers/ClienteController.go:366.2,370.22 3 5
restaurante/controllers/ClienteController.go:370.22,372.3 1 4
restaurante/controllers/ClienteController.go:372.8,374.3 1 1
restaurante/controllers/ClienteController.go:377.2,377.35 1 5
restaurante/controllers/ClienteController.go:377.35,379.17 2 2
restaurante/controllers/ClienteController.go:379.17,388.4 4 1
restaurante/controllers/ClienteController.go:389.3,389.51 1 1
restaurante/controllers/ClienteController.go:390.8,393.3 1 3
restaurante/controllers/ClienteController.go:396.2,396.60 1 4
restaurante/controllers/ClienteController.go:396.60,397.28 1 2
restaurante/controllers/ClienteController.go:397.28,406.4 4 1
restaurante/controllers/ClienteController.go:407.3,414.9 4 1
restaurante/controllers/ClienteController.go:418.2,426.15 4 2
restaurante/controllers/ClienteController.go:441.38,446.27 3 3
restaurante/controllers/ClienteController.go:446.27,454.3 4 1
restaurante/controllers/ClienteController.go:456.2,458.54 2 2
restaurante/controllers/ClienteController.go:458.54,465.3 3 1
restaurante/controllers/ClienteController.go:465.8,473.3 3 1
restaurante/controllers/DomicilioController.go:21.44,22.52 1 3
restaurante/controllers/DomicilioController.go:23.104,24.14 1 1
restaurante/controllers/DomicilioController.go:26.2,26.14 1 2
restaurante/controllers/DomicilioController.go:45.40,58.21 9 3
restaurante/controllers/DomicilioController.go:58.21,60.3 1 0
restaurante/controllers/DomicilioController.go:61.2,61.20 1 3
restaurante/controllers/DomicilioController.go:61.20,63.3 1 0
restaurante/controllers/DomicilioController.go:64.2,64.21 1 3
restaurante/controllers/DomicilioController.go:64.21,66.3 1 0
restaurante/controllers/DomicilioController.go:67.2,67.17 1 3
restaurante/controllers/DomicilioController.go:67.17,69.3 1 0
restaurante/controllers/DomicilioController.go:70.2,70.18 1 3
restaurante/controllers/DomicilioController.go:70.18,72.3 1 0
restaurante/controllers/DomicilioController.go:75.2,75.23 1 3
restaurante/controllers/DomicilioController.go:75.23,81.3 2 0
restaurante/controllers/DomicilioController.go:84.2,86.16 3 3
restaurante/controllers/DomicilioController.go:86.16,95.3 4 1
restaurante/controllers/DomicilioController.go:98.2,98.16 1 2
restaurante/controllers/DomicilioController.go:98.16,106.3 4 1
restaurante/controllers/DomicilioController.go:109.2,115.15 3 1
restaurante/controllers/DomicilioController.go:130.41,133.27 3 3
restaurante/controllers/DomicilioController.go:133.27,142.3 4 1
restaurante/controllers/DomicilioController.go:144.2,145.53 2 2
restaurante/controllers/DomicilioController.go:145.53,154.3 4 1
restaurante/controllers/DomicilioController.go:157.2,205.19 10 1
restaurante/controllers/DomicilioController.go:205.19,211.3 1 1
restaurante/controllers/DomicilioController.go:212.2,212.19 1 1
restaurante/controllers/DomicilioController.go:212.19,214.26 2 1
restaurante/controllers/DomicilioController.go:214.26,216.4 1 1
restaurante/controllers/DomicilioController.go:217.3,218.26 2 1
restaurante/controllers/DomicilioController.go:218.26,220.4 1 1
restaurante/controllers/DomicilioController.go:220.9,220.41 1 0
restaurante/controllers/DomicilioController.go:220.41,222.4 1 0
restaurante/controllers/DomicilioController.go:223.3,224.23 2 1
restaurante/controllers/DomicilioController.go:224.23,227.4 2 1
restaurante/controllers/DomicilioController.go:228.3,235.4 1 1
restaurante/controllers/DomicilioController.go:238.2,244.15 3 1
restaurante/controllers/DomicilioController.go:258.38,260.72 2 6
restaurante/controllers/DomicilioController.go:260.72,269.3 4 1
restaurante/controllers/DomicilioController.go:271.2,271.51 1 5
restaurante/controllers/DomicilioController.go:271.51,279.3 4 1
restaurante/controllers/DomicilioController.go:281.2,282.16 2 4
restaurante/controllers/DomicilioController.go:282.16,291.3 4 1
restaurante/controllers/DomicilioController.go:293.2,298.32 2 3
restaurante/controllers/DomicilioController.go:298.32,300.3 1 0
restaurante/controllers/DomicilioController.go:301.2,301.28 1 3
restaurante/controllers/DomicilioController.go:301.28,303.3 1 0
restaurante/controllers/DomicilioController.go:305.2,306.15 2 3
restaurante/controllers/DomicilioController.go:306.15,310.42 3 3
restaurante/controllers/DomicilioController.go:310.42,312.4 1 1
restaurante/controllers/DomicilioController.go:314.2,314.15 1 3
restaurante/controllers/DomicilioController.go:314.15,315.35 1 1
restaurante/controllers/DomicilioController.go:315.35,320.4 4 1
restaurante/controllers/DomicilioController.go:321.3,321.66 1 0
restaurante/controllers/DomicilioController.go:323.2,323.31 1 2
restaurante/controllers/DomicilioController.go:323.31,325.3 1 0
restaurante/controllers/DomicilioController.go:327.2,330.29 4 2
restaurante/controllers/DomicilioController.go:330.29,333.3 2 0
restaurante/controllers/DomicilioController.go:334.2,334.32 1 2
restaurante/controllers/DomicilioController.go:334.32,337.3 2 0
restaurante/controllers/DomicilioController.go:338.2,338.33 1 2
restaurante/controllers/DomicilioController.go:338.33,341.3 2 0
restaurante/controllers/DomicilioController.go:342.2,342.28 1 2
restaurante/controllers/DomicilioController.go:342.28,345.3 2 0
restaurante/controllers/DomicilioController.go:347.2,348.20 2 2
restaurante/controllers/DomicilioController.go:348.20,350.3 1 6
restaurante/controllers/DomicilioController.go:351.2,354.70 2 2
restaurante/controllers/DomicilioController.go:354.70,363.3 4 1
restaurante/controllers/DomicilioController.go:365.2,368.64 3 1
restaurante/controllers/DomicilioController.go:368.64,372.3 3 1
restaurante/controllers/DomicilioController.go:374.2,380.15 3 1
restaurante/controllers/DomicilioController.go:395.37,398.27 3 5
restaurante/controllers/DomicilioController.go:398.27,407.3 4 1
restaurante/controllers/DomicilioController.go:409.2,410.53 2 4
restaurante/controllers/DomicilioController.go:410.53,418.3 4 1
restaurante/controllers/DomicilioController.go:420.2,421.72 2 3
restaurante/controllers/DomicilioController.go:421.72,430.3 4 1
restaurante/controllers/DomicilioController.go:432.2,432.54 1 2
restaurante/controllers/DomicilioController.go:432.54,434.3 1 2
restaurante/controllers/DomicilioController.go:435.2,435.52 1 2
restaurante/controllers/DomicilioController.go:435.52,437.3 1 1
restaurante/controllers/DomicilioController.go:438.2,438.54 1 2
restaurante/controllers/DomicilioController.go:438.54,440.3 1 0
restaurante/controllers/DomicilioController.go:441.2,443.48 2 2
restaurante/controllers/DomicilioController.go:443.48,452.3 4 1
restaurante/controllers/DomicilioController.go:454.2,457.64 3 1
restaurante/controllers/DomicilioController.go:457.64,461.3 3 1
restaurante/controllers/DomicilioController.go:463.2,469.15 3 1
restaurante/controllers/DomicilioController.go:483.40,486.27 3 3
restaurante/controllers/DomicilioController.go:486.27,495.3 4 1
restaurante/controllers/DomicilioController.go:497.2,498.48 2 2
restaurante/controllers/DomicilioController.go:498.48,504.3 2 1
restaurante/controllers/DomicilioController.go:504.8,511.3 2 1
restaurante/controllers/DomicilioController.go:512.2,512.15 1 2
restaurante/controllers/DomicilioController.go:528.53,537.16 5 4
restaurante/controllers/DomicilioController.go:537.16,546.3 4 1
restaurante/controllers/DomicilioController.go:548.2,549.16 2 3
restaurante/controllers/DomicilioController.go:549.16,558.3 4 1
restaurante/controllers/DomicilioController.go:560.2,560.19 1 2
restaurante/controllers/DomicilioController.go:560.19,562.137 2 1
restaurante/controllers/DomicilioController.go:562.137,568.4 2 0
restaurante/controllers/DomicilioController.go:568.9,574.4 2 1
restaurante/controllers/DomicilioController.go:575.3,576.9 2 1
restaurante/controllers/DomicilioController.go:579.2,593.15 4 1
restaurante/controllers/HorarioTrabajadorController.go:18.34,21.30 2 19
restaurante/controllers/HorarioTrabajadorController.go:23.76,24.14 1 13
restaurante/controllers/HorarioTrabajadorController.go:25.10,26.15 1 6
restaurante/controllers/HorarioTrabajadorController.go:32.31,33.13 1 30
restaurante/controllers/HorarioTrabajadorController.go:33.13,35.3 1 2
restaurante/controllers/HorarioTrabajadorController.go:36.2,37.17 2 28
restaurante/controllers/HorarioTrabajadorController.go:37.17,39.3 1 1
restaurante/controllers/HorarioTrabajadorController.go:40.2,40.39 1 27
restaurante/controllers/HorarioTrabajadorController.go:55.48,61.65 5 2
restaurante/controllers/HorarioTrabajadorController.go:61.65,64.3 2 1
restaurante/controllers/HorarioTrabajadorController.go:65.2,65.42 1 2
restaurante/controllers/HorarioTrabajadorController.go:65.42,66.22 1 1
restaurante/controllers/HorarioTrabajadorController.go:66.22,69.4 2 1
restaurante/controllers/HorarioTrabajadorController.go:71.2,71.20 1 2
restaurante/controllers/HorarioTrabajadorController.go:71.20,73.3 1 1
restaurante/controllers/HorarioTrabajadorController.go:75.2,76.70 2 2
restaurante/controllers/HorarioTrabajadorController.go:76.70,85.3 4 1
restaurante/controllers/HorarioTrabajadorController.go:87.2,93.15 3 1
restaurante/controllers/HorarioTrabajadorController.go:108.46,116.72 2 3
restaurante/controllers/HorarioTrabajadorController.go:116.72,125.3 4 0
restaurante/controllers/HorarioTrabajadorController.go:127.2,128.24 2 3
restaurante/controllers/HorarioTrabajadorController.go:128.24,133.3 4 1
restaurante/controllers/HorarioTrabajadorController.go:135.2,137.32 3 2
restaurante/controllers/HorarioTrabajadorController.go:137.32,142.3 4 0
restaurante/controllers/HorarioTrabajadorController.go:145.2,155.27 4 2
restaurante/controllers/HorarioTrabajadorController.go:155.27,160.3 4 1
restaurante/controllers/HorarioTrabajadorController.go:162.2,166.23 2 1
restaurante/controllers/HorarioTrabajadorController.go:166.23,171.3 4 0
restaurante/controllers/HorarioTrabajadorController.go:173.2,175.15 3 1
restaurante/controllers/HorarioTrabajadorController.go:193.45,195.28 2 2
restaurante/controllers/HorarioTrabajadorController.go:195.28,200.3 4 0
restaurante/controllers/HorarioTrabajadorController.go:201.2,202.35 2 2
restaurante/controllers/HorarioTrabajadorController.go:202.35,207.3 4 1
restaurante/controllers/HorarioTrabajadorController.go:208.2,215.45 4 1
restaurante/controllers/HorarioTrabajadorController.go:215.45,220.3 4 0
restaurante/controllers/HorarioTrabajadorController.go:220.8,220.23 1 1
restaurante/controllers/HorarioTrabajadorController.go:220.23,225.3 4 0
restaurante/controllers/HorarioTrabajadorController.go:227.2,228.72 2 1
restaurante/controllers/HorarioTrabajadorController.go:228.72,233.3 4 0
restaurante/controllers/HorarioTrabajadorController.go:235.2,235.49 1 1
restaurante/controllers/HorarioTrabajadorController.go:235.49,236.54 1 0
restaurante/controllers/HorarioTrabajadorController.go:236.54,238.4 1 0
restaurante/controllers/HorarioTrabajadorController.go:238.9,243.4 4 0
restaurante/controllers/HorarioTrabajadorController.go:245.2,245.46 1 1
restaurante/controllers/HorarioTrabajadorController.go:245.46,246.54 1 1
restaurante/controllers/HorarioTrabajadorController.go:246.54,248.4 1 1
restaurante/controllers/HorarioTrabajadorController.go:248.9,253.4 4 0
restaurante/controllers/HorarioTrabajadorController.go:256.2,258.27 3 1
restaurante/controllers/HorarioTrabajadorController.go:258.27,263.3 4 0
restaurante/controllers/HorarioTrabajadorController.go:265.2,268.23 1 1
restaurante/controllers/HorarioTrabajadorController.go:268.23,273.3 4 0
restaurante/controllers/HorarioTrabajadorController.go:275.2,277.15 3 1
restaurante/controllers/HorarioTrabajadorController.go:294.48,296.28 2 3
restaurante/controllers/HorarioTrabajadorController.go:296.28,301.3 4 0
restaurante/controllers/HorarioTrabajadorController.go:302.2,303.35 2 3
restaurante/controllers/HorarioTrabajadorController.go:303.35,308.3 4 1
restaurante/controllers/HorarioTrabajadorController.go:309.2,316.45 4 2
restaurante/controllers/HorarioTrabajadorController.go:316.45,321.3 4 1
restaurante/controllers/HorarioTrabajadorController.go:321.8,321.23 1 1
restaurante/controllers/HorarioTrabajadorController.go:321.23,326.3 4 0
restaurante/controllers/HorarioTrabajadorController.go:328.2,331.23 1 1
restaurante/controllers/HorarioTrabajadorController.go:331.23,336.3 4 0
restaurante/controllers/HorarioTrabajadorController.go:338.2,340.15 3 1
restaurante/controllers/IncidenciaController.go:28.41,33.16 4 1
restaurante/controllers/IncidenciaController.go:33.16,42.3 4 1
restaurante/controllers/IncidenciaController.go:44.2,50.15 3 0
restaurante/controllers/IncidenciaController.go:68.55,73.34 3 4
restaurante/controllers/IncidenciaController.go:73.34,81.3 4 1
restaurante/controllers/IncidenciaController.go:83.2,84.39 2 3
restaurante/controllers/IncidenciaController.go:84.39,92.3 4 1
restaurante/controllers/IncidenciaController.go:94.2,95.59 2 2
restaurante/controllers/IncidenciaController.go:95.59,103.3 4 1
restaurante/controllers/IncidenciaController.go:106.2,117.51 5 1
restaurante/controllers/IncidenciaController.go:117.51,125.3 4 1
restaurante/controllers/IncidenciaController.go:125.8,125.23 1 0
restaurante/controllers/IncidenciaController.go:125.23,134.3 4 0
restaurante/controllers/IncidenciaController.go:137.2,143.15 3 0
restaurante/controllers/IncidenciaController.go:158.39,164.72 4 7
restaurante/controllers/IncidenciaController.go:164.72,173.3 4 5
restaurante/controllers/IncidenciaController.go:176.2,176.77 1 2
restaurante/controllers/IncidenciaController.go:176.77,178.17 2 2
restaurante/controllers/IncidenciaController.go:178.17,187.4 4 0
restaurante/controllers/IncidenciaController.go:188.3,188.32 1 2
restaurante/controllers/IncidenciaController.go:189.8,197.3 4 0
restaurante/controllers/IncidenciaController.go:200.2,200.47 1 2
restaurante/controllers/IncidenciaController.go:200.47,202.3 1 2
restaurante/controllers/IncidenciaController.go:202.8,210.3 4 0
restaurante/controllers/IncidenciaController.go:213.2,213.44 1 2
restaurante/controllers/IncidenciaController.go:213.44,215.3 1 1
restaurante/controllers/IncidenciaController.go:215.8,223.3 4 1
restaurante/controllers/IncidenciaController.go:226.2,226.64 1 1
restaurante/controllers/IncidenciaController.go:226.64,228.3 1 0
restaurante/controllers/IncidenciaController.go:228.8,236.3 4 1
restaurante/controllers/IncidenciaController.go:239.2,239.83 1 0
restaurante/controllers/IncidenciaController.go:239.83,242.3 2 0
restaurante/controllers/IncidenciaController.go:242.8,250.3 4 0
restaurante/controllers/IncidenciaController.go:253.2,254.16 2 0
restaurante/controllers/IncidenciaController.go:254.16,263.3 4 0
restaurante/controllers/IncidenciaController.go:266.2,272.39 1 0
restaurante/controllers/IncidenciaController.go:272.39,273.49 1 0
restaurante/controllers/IncidenciaController.go:273.49,275.5 1 0
restaurante/controllers/IncidenciaController.go:276.4,276.12 1 0
restaurante/controllers/IncidenciaController.go:281.2,287.15 3 0
restaurante/controllers/IncidenciaController.go:304.38,310.27 4 4
restaurante/controllers/IncidenciaController.go:310.27,318.3 4 1
restaurante/controllers/IncidenciaController.go:321.2,322.54 2 3
restaurante/controllers/IncidenciaController.go:322.54,330.3 4 0
restaurante/controllers/IncidenciaController.go:333.2,334.72 2 3
restaurante/controllers/IncidenciaController.go:334.72,343.3 4 2
restaurante/controllers/IncidenciaController.go:346.2,346.77 1 1
restaurante/controllers/IncidenciaController.go:346.77,348.17 2 1
restaurante/controllers/IncidenciaController.go:348.17,357.4 4 0
restaurante/controllers/IncidenciaController.go:358.3,358.32 1 1
restaurante/controllers/IncidenciaController.go:361.2,361.47 1 1
restaurante/controllers/IncidenciaController.go:361.47,363.3 1 1
restaurante/controllers/IncidenciaController.go:365.2,365.44 1 1
restaurante/controllers/IncidenciaController.go:365.44,367.3 1 1
restaurante/controllers/IncidenciaController.go:369.2,369.64 1 1
restaurante/controllers/IncidenciaController.go:369.64,371.3 1 1
restaurante/controllers/IncidenciaController.go:373.2,373.83 1 1
restaurante/controllers/IncidenciaController.go:373.83,376.3 2 1
restaurante/controllers/IncidenciaController.go:379.2,379.49 1 1
restaurante/controllers/IncidenciaController.go:379.49,388.3 4 1
restaurante/controllers/IncidenciaController.go:391.2,397.39 1 0
restaurante/controllers/IncidenciaController.go:397.39,398.49 1 0
restaurante/controllers/IncidenciaController.go:398.49,400.5 1 0
restaurante/controllers/IncidenciaController.go:401.4,401.12 1 0
restaurante/controllers/IncidenciaController.go:406.2,412.15 3 0
restaurante/controllers/IncidenciaController.go:426.41,429.16 3 2
restaurante/controllers/IncidenciaController.go:429.16,437.3 4 1
restaurante/controllers/IncidenciaController.go:439.2,440.26 2 1
restaurante/controllers/IncidenciaController.go:440.26,448.3 4 0
restaurante/controllers/IncidenciaController.go:448.8,448.23 1 1
restaurante/controllers/IncidenciaController.go:448.23,457.3 4 1
restaurante/controllers/IncidenciaController.go:459.2,464.15 3 0
restaurante/controllers/LoginController.go:51.35,53.79 2 6
restaurante/controllers/LoginController.go:53.79,62.3 4 1
restaurante/controllers/LoginController.go:64.2,70.16 4 5
restaurante/controllers/LoginController.go:70.16,72.108 1 2
restaurante/controllers/LoginController.go:72.108,80.4 4 1
restaurante/controllers/LoginController.go:81.3,84.9 3 1
restaurante/controllers/LoginController.go:88.2,91.16 3 3
restaurante/controllers/LoginController.go:91.16,93.105 1 2
restaurante/controllers/LoginController.go:93.105,101.4 4 1
restaurante/controllers/LoginController.go:102.3,105.9 3 1
restaurante/controllers/LoginController.go:109.2,114.15 3 1
restaurante/controllers/LoginController.go:118.82,133.16 6 3
restaurante/controllers/LoginController.go:133.16,142.3 4 0
restaurante/controllers/LoginController.go:144.2,153.15 3 3
restaurante/controllers/LoginController.go:156.42,158.37 1 6
restaurante/controllers/LoginController.go:158.37,162.3 3 1
restaurante/controllers/LoginController.go:165.2,165.83 1 5
restaurante/controllers/LoginController.go:165.83,168.3 2 1
restaurante/controllers/LoginController.go:171.2,172.22 2 4
restaurante/controllers/LoginController.go:172.22,180.3 4 1
restaurante/controllers/LoginController.go:181.2,184.56 2 3
restaurante/controllers/LoginController.go:184.56,186.3 1 1
restaurante/controllers/LoginController.go:187.2,190.101 3 3
restaurante/controllers/LoginController.go:190.101,192.3 1 2
restaurante/controllers/LoginController.go:194.2,194.32 1 3
restaurante/controllers/LoginController.go:194.32,202.3 4 1
restaurante/controllers/LoginController.go:204.2,204.47 1 2
restaurante/controllers/MetodoPagoController.go:29.81,31.2 1 1
restaurante/controllers/MetodoPagoController.go:37.71,39.2 1 1
restaurante/controllers/MetodoPagoController.go:41.60,41.98 1 7
restaurante/controllers/MetodoPagoController.go:57.41,62.16 4 1
restaurante/controllers/MetodoPagoController.go:62.16,71.3 4 1
restaurante/controllers/MetodoPagoController.go:73.2,79.15 3 0
restaurante/controllers/MetodoPagoController.go:93.42,97.27 3 3
restaurante/controllers/MetodoPagoController.go:97.27,106.3 4 1
restaurante/controllers/MetodoPagoController.go:108.9,111.26 3 2
restaurante/controllers/MetodoPagoController.go:111.26,120.3 4 1
restaurante/controllers/MetodoPagoController.go:122.2,128.15 3 1
restaurante/controllers/MetodoPagoController.go:142.39,146.73 3 2
restaurante/controllers/MetodoPagoController.go:146.73,155.3 4 1
restaurante/controllers/MetodoPagoController.go:157.2,158.16 2 1
restaurante/controllers/MetodoPagoController.go:158.16,167.3 4 0
restaurante/controllers/MetodoPagoController.go:169.2,175.15 3 1
restaurante/controllers/MetodoPagoController.go:190.38,196.27 4 4
restaurante/controllers/MetodoPagoController.go:196.27,205.3 4 1
restaurante/controllers/MetodoPagoController.go:207.9,209.28 2 3
restaurante/controllers/MetodoPagoController.go:209.28,211.81 2 2
restaurante/controllers/MetodoPagoController.go:211.81,220.4 4 1
restaurante/controllers/MetodoPagoController.go:222.17,224.17 3 1
restaurante/controllers/MetodoPagoController.go:224.17,233.4 4 0
restaurante/controllers/MetodoPagoController.go:235.3,241.16 3 1
restaurante/controllers/MetodoPagoController.go:242.8,249.3 3 1
restaurante/controllers/MetodoPagoController.go:263.41,269.27 4 3
restaurante/controllers/MetodoPagoController.go:269.27,278.3 4 1
restaurante/controllers/MetodoPagoController.go:280.9,282.45 2 2
restaurante/controllers/MetodoPagoController.go:282.45,289.3 3 1
restaurante/controllers/MetodoPagoController.go:289.8,297.3 3 1
restaurante/controllers/NominaController.go:21.78,21.130 1 1
restaurante/controllers/NominaController.go:22.65,22.85 1 2
restaurante/controllers/NominaController.go:23.90,23.121 1 1
restaurante/controllers/NominaController.go:45.37,50.16 4 2
restaurante/controllers/NominaController.go:50.16,59.3 4 1
restaurante/controllers/NominaController.go:61.2,66.33 5 1
restaurante/controllers/NominaController.go:66.33,67.64 1 1
restaurante/controllers/NominaController.go:67.64,68.12 1 0
restaurante/controllers/NominaController.go:70.3,70.63 1 1
restaurante/controllers/NominaController.go:70.63,71.12 1 0
restaurante/controllers/NominaController.go:73.3,73.46 1 1
restaurante/controllers/NominaController.go:73.46,74.12 1 0
restaurante/controllers/NominaController.go:76.3,76.52 1 1
restaurante/controllers/NominaController.go:79.2,79.31 1 1
restaurante/controllers/NominaController.go:79.31,87.3 4 0
restaurante/controllers/NominaController.go:89.2,95.15 3 1
restaurante/controllers/NominaController.go:110.35,114.72 3 2
restaurante/controllers/NominaController.go:114.72,123.3 4 1
restaurante/controllers/NominaController.go:124.2,124.26 1 1
restaurante/controllers/NominaController.go:124.26,127.3 2 1
restaurante/controllers/NominaController.go:129.2,129.51 1 1
restaurante/controllers/NominaController.go:129.51,131.3 1 1
restaurante/controllers/NominaController.go:133.2,135.44 2 1
restaurante/controllers/NominaController.go:135.44,144.3 4 1
restaurante/controllers/NominaController.go:146.2,149.35 2 0
restaurante/controllers/NominaController.go:149.35,158.3 4 0
restaurante/controllers/NominaController.go:160.2,166.15 3 0
restaurante/controllers/NominaController.go:182.34,188.27 4 4
restaurante/controllers/NominaController.go:188.27,197.3 4 1
restaurante/controllers/NominaController.go:200.2,201.59 2 3
restaurante/controllers/NominaController.go:201.59,209.3 4 0
restaurante/controllers/NominaController.go:212.2,212.53 1 3
restaurante/controllers/NominaController.go:212.53,220.3 4 1
restaurante/controllers/NominaController.go:221.2,224.71 2 2
restaurante/controllers/NominaController.go:224.71,233.3 4 1
restaurante/controllers/NominaController.go:236.2,242.15 3 1
restaurante/controllers/NominaController.go:256.37,261.27 4 3
restaurante/controllers/NominaController.go:261.27,270.3 4 1
restaurante/controllers/NominaController.go:272.2,273.49 2 2
restaurante/controllers/NominaController.go:273.49,281.3 4 1
restaurante/controllers/NominaController.go:283.2,284.71 2 1
restaurante/controllers/NominaController.go:284.71,293.3 4 0
restaurante/controllers/NominaController.go:295.2,300.15 3 1
restaurante/controllers/NominaTrabajadorController.go:28.47,34.16 4 1
restaurante/controllers/NominaTrabajadorController.go:34.16,43.3 4 1
restaurante/controllers/NominaTrabajadorController.go:46.2,52.15 3 0
restaurante/controllers/NominaTrabajadorController.go:67.45,73.72 4 3
restaurante/controllers/NominaTrabajadorController.go:73.72,82.3 4 1
restaurante/controllers/NominaTrabajadorController.go:85.2,85.40 1 2
restaurante/controllers/NominaTrabajadorController.go:85.40,93.3 4 1
restaurante/controllers/NominaTrabajadorController.go:94.2,109.16 7 1
restaurante/controllers/NominaTrabajadorController.go:109.16,118.3 4 1
restaurante/controllers/NominaTrabajadorController.go:121.2,122.41 2 0
restaurante/controllers/NominaTrabajadorController.go:122.41,123.23 1 0
restaurante/controllers/NominaTrabajadorController.go:123.23,125.4 1 0
restaurante/controllers/NominaTrabajadorController.go:125.9,127.4 1 0
restaurante/controllers/NominaTrabajadorController.go:129.2,136.16 4 0
restaurante/controllers/NominaTrabajadorController.go:136.16,145.3 4 0
restaurante/controllers/NominaTrabajadorController.go:146.2,156.16 6 0
restaurante/controllers/NominaTrabajadorController.go:156.16,165.3 4 0
restaurante/controllers/NominaTrabajadorController.go:166.2,173.12 3 0
restaurante/controllers/NominaTrabajadorController.go:173.12,181.3 4 0
restaurante/controllers/NominaTrabajadorController.go:183.2,184.16 2 0
restaurante/controllers/NominaTrabajadorController.go:184.16,193.3 4 0
restaurante/controllers/NominaTrabajadorController.go:196.2,210.15 4 0
restaurante/controllers/NominaTrabajadorController.go:230.56,240.20 8 2
restaurante/controllers/NominaTrabajadorController.go:240.20,248.3 4 1
restaurante/controllers/NominaTrabajadorController.go:251.2,260.12 4 1
restaurante/controllers/NominaTrabajadorController.go:260.12,262.3 1 0
restaurante/controllers/NominaTrabajadorController.go:265.2,265.11 1 1
restaurante/controllers/NominaTrabajadorController.go:265.11,267.3 1 0
restaurante/controllers/NominaTrabajadorController.go:267.8,267.20 1 1
restaurante/controllers/NominaTrabajadorController.go:267.20,269.3 1 0
restaurante/controllers/NominaTrabajadorController.go:272.2,272.25 1 1
restaurante/controllers/NominaTrabajadorController.go:272.25,275.3 2 0
restaurante/controllers/NominaTrabajadorController.go:278.2,281.50 2 1
restaurante/controllers/NominaTrabajadorController.go:281.50,289.3 4 1
restaurante/controllers/NominaTrabajadorController.go:289.8,289.23 1 0
restaurante/controllers/NominaTrabajadorController.go:289.23,298.3 4 0
restaurante/controllers/NominaTrabajadorController.go:301.2,307.15 3 0
restaurante/controllers/NominaTrabajadorController.go:310.50,326.2 2 2
restaurante/controllers/NominaTrabajadorController.go:341.56,347.37 4 2
restaurante/controllers/NominaTrabajadorController.go:347.37,355.3 4 1
restaurante/controllers/NominaTrabajadorController.go:358.2,380.16 6 1
restaurante/controllers/NominaTrabajadorController.go:380.16,389.3 4 1
restaurante/controllers/NominaTrabajadorController.go:391.2,391.26 1 0
restaurante/controllers/NominaTrabajadorController.go:391.26,399.3 4 0
restaurante/controllers/NominaTrabajadorController.go:402.2,408.15 3 0
restaurante/controllers/PagoController.go:28.31,28.54 1 14
restaurante/controllers/PagoController.go:53.35,58.16 4 5
restaurante/controllers/PagoController.go:58.16,67.3 4 1
restaurante/controllers/PagoController.go:70.2,70.23 1 4
restaurante/controllers/PagoController.go:70.23,74.3 3 10
restaurante/controllers/PagoController.go:77.2,86.29 8 4
restaurante/controllers/PagoController.go:86.29,87.62 1 10
restaurante/controllers/PagoController.go:87.62,88.12 1 1
restaurante/controllers/PagoController.go:90.3,90.54 1 9
restaurante/controllers/PagoController.go:90.54,91.12 1 1
restaurante/controllers/PagoController.go:93.3,93.61 1 8
restaurante/controllers/PagoController.go:93.61,94.12 1 1
restaurante/controllers/PagoController.go:96.3,96.44 1 7
restaurante/controllers/PagoController.go:96.44,97.12 1 1
restaurante/controllers/PagoController.go:99.3,99.49 1 6
restaurante/controllers/PagoController.go:99.49,100.12 1 2
restaurante/controllers/PagoController.go:102.3,102.123 1 4
restaurante/controllers/PagoController.go:102.123,103.12 1 1
restaurante/controllers/PagoController.go:106.3,106.46 1 3
restaurante/controllers/PagoController.go:110.2,110.29 1 4
restaurante/controllers/PagoController.go:110.29,118.3 4 1
restaurante/controllers/PagoController.go:121.2,127.15 3 3
restaurante/controllers/PagoController.go:141.36,145.27 3 3
restaurante/controllers/PagoController.go:145.27,154.3 4 1
restaurante/controllers/PagoController.go:156.2,158.26 3 2
restaurante/controllers/PagoController.go:158.26,167.3 4 1
restaurante/controllers/PagoController.go:170.2,180.15 6 1
restaurante/controllers/PagoController.go:194.33,209.69 4 10
restaurante/controllers/PagoController.go:209.69,218.3 4 1
restaurante/controllers/PagoController.go:221.2,221.24 1 9
restaurante/controllers/PagoController.go:221.24,226.3 4 1
restaurante/controllers/PagoController.go:227.2,228.16 2 8
restaurante/controllers/PagoController.go:228.16,233.3 4 1
restaurante/controllers/PagoController.go:235.2,235.23 1 7
restaurante/controllers/PagoController.go:235.23,240.3 4 1
restaurante/controllers/PagoController.go:241.2,242.16 2 6
restaurante/controllers/PagoController.go:242.16,247.3 4 1
restaurante/controllers/PagoController.go:249.2,249.19 1 5
restaurante/controllers/PagoController.go:249.19,254.3 4 1
restaurante/controllers/PagoController.go:256.2,256.25 1 4
restaurante/controllers/PagoController.go:256.25,261.3 4 0
restaurante/controllers/PagoController.go:262.2,263.43 2 4
restaurante/controllers/PagoController.go:263.43,272.3 4 1
restaurante/controllers/PagoController.go:274.2,274.26 1 3
restaurante/controllers/PagoController.go:274.26,279.3 4 1
restaurante/controllers/PagoController.go:282.2,283.24 2 2
restaurante/controllers/PagoController.go:283.24,285.3 1 0
restaurante/controllers/PagoController.go:287.2,298.43 2 2
restaurante/controllers/PagoController.go:298.43,303.3 4 1
restaurante/controllers/PagoController.go:305.2,311.15 3 1
restaurante/controllers/PagoController.go:326.32,332.27 4 11
restaurante/controllers/PagoController.go:332.27,341.3 4 1
restaurante/controllers/PagoController.go:344.2,345.48 2 10
restaurante/controllers/PagoController.go:345.48,353.3 4 1
restaurante/controllers/PagoController.go:356.2,357.72 2 9
restaurante/controllers/PagoController.go:357.72,366.3 4 1
restaurante/controllers/PagoController.go:369.2,369.67 1 8
restaurante/controllers/PagoController.go:369.67,371.17 2 3
restaurante/controllers/PagoController.go:371.17,380.4 4 0
restaurante/controllers/PagoController.go:381.3,381.26 1 3
restaurante/controllers/PagoController.go:385.2,385.64 1 8
restaurante/controllers/PagoController.go:385.64,388.17 2 3
restaurante/controllers/PagoController.go:388.17,397.4 4 0
restaurante/controllers/PagoController.go:398.3,398.25 1 3
restaurante/controllers/PagoController.go:399.8,407.3 4 5
restaurante/controllers/PagoController.go:409.2,409.47 1 3
restaurante/controllers/PagoController.go:409.47,411.3 1 2
restaurante/controllers/PagoController.go:413.2,413.69 1 3
restaurante/controllers/PagoController.go:413.69,415.37 2 2
restaurante/controllers/PagoController.go:415.37,423.4 4 0
restaurante/controllers/PagoController.go:424.3,424.28 1 2
restaurante/controllers/PagoController.go:427.2,427.55 1 3
restaurante/controllers/PagoController.go:427.55,429.3 1 1
restaurante/controllers/PagoController.go:432.2,434.87 2 3
restaurante/controllers/PagoController.go:434.87,437.3 2 3
restaurante/controllers/PagoController.go:437.8,445.3 4 0
restaurante/controllers/PagoController.go:448.2,448.43 1 3
restaurante/controllers/PagoController.go:448.43,457.3 4 1
restaurante/controllers/PagoController.go:460.2,466.15 3 2
restaurante/controllers/PagoController.go:480.35,485.27 4 3
restaurante/controllers/PagoController.go:485.27,494.3 4 1
restaurante/controllers/PagoController.go:496.2,498.43 2 2
restaurante/controllers/PagoController.go:498.43,505.3 3 1
restaurante/controllers/PagoController.go:505.8,513.3 3 1
restaurante/controllers/PedidoController.go:35.37,59.17 12 4
restaurante/controllers/PedidoController.go:59.17,62.3 2 1
restaurante/controllers/PedidoController.go:64.2,64.32 1 4
restaurante/controllers/PedidoController.go:64.32,67.3 2 1
restaurante/controllers/PedidoController.go:69.2,69.26 1 4
restaurante/controllers/PedidoController.go:69.26,72.15 3 1
restaurante/controllers/PedidoController.go:72.15,75.4 2 1
restaurante/controllers/PedidoController.go:78.2,78.17 1 4
restaurante/controllers/PedidoController.go:78.17,81.3 2 1
restaurante/controllers/PedidoController.go:83.2,83.22 1 4
restaurante/controllers/PedidoController.go:83.22,86.3 2 1
restaurante/controllers/PedidoController.go:88.2,88.25 1 4
restaurante/controllers/PedidoController.go:88.25,89.16 1 2
restaurante/controllers/PedidoController.go:89.16,91.4 1 1
restaurante/controllers/PedidoController.go:91.9,93.4 1 1
restaurante/controllers/PedidoController.go:97.2,99.16 3 4
restaurante/controllers/PedidoController.go:99.16,107.3 3 1
restaurante/controllers/PedidoController.go:110.2,110.23 1 3
restaurante/controllers/PedidoController.go:110.23,117.3 3 2
restaurante/controllers/PedidoController.go:120.2,125.15 2 1
restaurante/controllers/PedidoController.go:140.35,149.69 2 4
restaurante/controllers/PedidoController.go:149.69,158.3 4 1
restaurante/controllers/PedidoController.go:160.2,170.24 7 3
restaurante/controllers/PedidoController.go:170.24,172.3 1 1
restaurante/controllers/PedidoController.go:172.8,174.3 1 2
restaurante/controllers/PedidoController.go:175.2,175.29 1 3
restaurante/controllers/PedidoController.go:175.29,177.3 1 0
restaurante/controllers/PedidoController.go:181.2,181.27 1 3
restaurante/controllers/PedidoController.go:181.27,183.3 1 0
restaurante/controllers/PedidoController.go:185.2,185.54 1 3
restaurante/controllers/PedidoController.go:185.54,193.3 4 1
restaurante/controllers/PedidoController.go:195.2,196.45 2 2
restaurante/controllers/PedidoController.go:196.45,205.3 4 1
restaurante/controllers/PedidoController.go:207.2,213.15 3 1
restaurante/controllers/PedidoController.go:229.46,236.262 5 3
restaurante/controllers/PedidoController.go:236.262,241.3 4 1
restaurante/controllers/PedidoController.go:244.2,245.64 2 2
restaurante/controllers/PedidoController.go:245.64,250.3 4 1
restaurante/controllers/PedidoController.go:252.2,253.15 2 1
restaurante/controllers/PedidoController.go:269.41,275.262 5 3
restaurante/controllers/PedidoController.go:275.262,280.3 4 1
restaurante/controllers/PedidoController.go:283.2,284.76 2 2
restaurante/controllers/PedidoController.go:284.76,289.3 4 1
restaurante/controllers/PedidoController.go:292.2,292.129 1 1
restaurante/controllers/PedidoController.go:292.130,295.3 0 0
restaurante/controllers/PedidoController.go:297.2,298.15 2 1
restaurante/controllers/PedidoController.go:314.49,318.127 3 4
restaurante/controllers/PedidoController.go:318.127,326.3 4 1
restaurante/controllers/PedidoController.go:328.2,332.262 3 3
restaurante/controllers/PedidoController.go:332.262,340.3 4 1
restaurante/controllers/PedidoController.go:343.2,343.120 1 2
restaurante/controllers/PedidoController.go:343.120,352.3 4 1
restaurante/controllers/PedidoController.go:355.2,362.15 4 1
restaurante/controllers/PedidoController.go:378.47,383.19 3 3
restaurante/controllers/PedidoController.go:383.19,390.3 3 1
restaurante/controllers/PedidoController.go:393.2,427.16 4 2
restaurante/controllers/PedidoController.go:427.16,435.3 3 1
restaurante/controllers/PedidoController.go:438.2,443.15 2 1
restaurante/controllers/ProductoController.go:24.104,26.17 2 0
restaurante/controllers/ProductoController.go:26.17,28.4 1 0
restaurante/controllers/ProductoController.go:29.3,29.27 1 0
restaurante/controllers/ProductoController.go:31.68,31.88 1 0
restaurante/controllers/ProductoController.go:32.77,32.99 1 0
restaurante/controllers/ProductoController.go:33.87,33.109 1 0
restaurante/controllers/ProductoController.go:34.93,34.124 1 0
restaurante/controllers/ProductoController.go:48.39,58.16 6 2
restaurante/controllers/ProductoController.go:58.16,67.3 4 1
restaurante/controllers/ProductoController.go:70.2,70.27 1 1
restaurante/controllers/ProductoController.go:70.27,71.20 1 1
restaurante/controllers/ProductoController.go:71.20,73.4 1 1
restaurante/controllers/ProductoController.go:76.2,82.15 3 1
restaurante/controllers/ProductoController.go:95.40,99.27 3 2
restaurante/controllers/ProductoController.go:99.27,108.3 4 1
restaurante/controllers/ProductoController.go:110.2,111.16 2 1
restaurante/controllers/ProductoController.go:111.16,119.3 4 1
restaurante/controllers/ProductoController.go:121.2,127.15 3 0
restaurante/controllers/ProductoController.go:140.37,144.75 3 2
restaurante/controllers/ProductoController.go:144.75,149.3 4 0
restaurante/controllers/ProductoController.go:151.2,153.52 2 2
restaurante/controllers/ProductoController.go:153.52,158.3 4 1
restaurante/controllers/ProductoController.go:160.2,160.58 1 1
restaurante/controllers/ProductoController.go:160.58,165.3 4 1
restaurante/controllers/ProductoController.go:167.2,168.56 2 0
restaurante/controllers/ProductoController.go:168.56,173.3 4 0
restaurante/controllers/ProductoController.go:175.2,177.15 3 0
restaurante/controllers/ProductoController.go:191.36,196.27 4 5
restaurante/controllers/ProductoController.go:196.27,201.3 4 0
restaurante/controllers/ProductoController.go:203.2,205.41 2 5
restaurante/controllers/ProductoController.go:205.41,209.73 3 5
restaurante/controllers/ProductoController.go:209.73,214.4 4 1
restaurante/controllers/ProductoController.go:216.3,223.28 8 4
restaurante/controllers/ProductoController.go:223.28,225.4 1 0
restaurante/controllers/ProductoController.go:227.3,227.53 1 4
restaurante/controllers/ProductoController.go:227.53,232.4 4 0
restaurante/controllers/ProductoController.go:234.3,234.44 1 4
restaurante/controllers/ProductoController.go:234.44,239.4 4 1
restaurante/controllers/ProductoController.go:241.3,241.58 1 3
restaurante/controllers/ProductoController.go:241.58,246.4 4 1
restaurante/controllers/ProductoController.go:248.3,248.41 1 2
restaurante/controllers/ProductoController.go:248.41,250.58 2 2
restaurante/controllers/ProductoController.go:250.58,255.5 4 1
restaurante/controllers/ProductoController.go:258.3,260.16 3 1
restaurante/controllers/ProductoController.go:261.8,265.3 3 0
restaurante/controllers/ProductoController.go:280.39,286.27 4 3
restaurante/controllers/ProductoController.go:286.27,295.3 4 0
restaurante/controllers/ProductoController.go:298.2,299.16 2 3
restaurante/controllers/ProductoController.go:299.16,307.3 4 0
restaurante/controllers/ProductoController.go:308.2,308.67 1 3
restaurante/controllers/ProductoController.go:308.67,316.3 4 1
restaurante/controllers/ProductoController.go:318.2,319.76 2 2
restaurante/controllers/ProductoController.go:319.76,328.3 4 1
restaurante/controllers/ProductoController.go:330.2,335.15 3 1
restaurante/controllers/ProductoController.go:338.56,339.27 1 12
restaurante/controllers/ProductoController.go:339.27,341.3 1 2
restaurante/controllers/ProductoController.go:342.2,342.26 1 10
restaurante/controllers/ProductoController.go:342.26,344.3 1 2
restaurante/controllers/ProductoController.go:345.2,345.56 1 8
restaurante/controllers/ProductoController.go:345.56,347.3 1 1
restaurante/controllers/ProductoController.go:348.2,348.130 1 7
restaurante/controllers/ProductoController.go:348.130,350.3 1 1
restaurante/controllers/ProductoController.go:351.2,351.12 1 6
restaurante/controllers/ProductoController.go:354.71,356.52 2 4
restaurante/controllers/ProductoController.go:356.52,357.27 1 1
restaurante/controllers/ProductoController.go:357.27,359.4 1 1
restaurante/controllers/ProductoController.go:360.3,360.65 1 0
restaurante/controllers/ProductoController.go:362.2,362.22 1 3
restaurante/controllers/ProductoPedidoController.go:18.55,18.78 1 3
restaurante/controllers/ProductoPedidoController.go:48.45,50.33 2 3
restaurante/controllers/ProductoPedidoController.go:50.33,57.3 3 1
restaurante/controllers/ProductoPedidoController.go:59.2,63.30 3 2
restaurante/controllers/ProductoPedidoController.go:63.30,71.3 3 1
restaurante/controllers/ProductoPedidoController.go:73.2,73.24 1 1
restaurante/controllers/ProductoPedidoController.go:73.24,80.3 3 0
restaurante/controllers/ProductoPedidoController.go:82.2,92.15 3 1
restaurante/controllers/ProductoPedidoController.go:107.43,113.72 2 4
restaurante/controllers/ProductoPedidoController.go:113.72,121.3 3 1
restaurante/controllers/ProductoPedidoController.go:123.2,123.53 1 3
restaurante/controllers/ProductoPedidoController.go:123.53,130.3 3 1
restaurante/controllers/ProductoPedidoController.go:132.2,134.35 3 2
restaurante/controllers/ProductoPedidoController.go:134.35,142.47 4 2
restaurante/controllers/ProductoPedidoController.go:142.47,150.4 3 1
restaurante/controllers/ProductoPedidoController.go:153.3,157.34 2 1
restaurante/controllers/ProductoPedidoController.go:157.34,165.4 3 0
restaurante/controllers/ProductoPedidoController.go:167.3,167.43 1 1
restaurante/controllers/ProductoPedidoController.go:170.2,180.15 3 1
restaurante/controllers/ProductoPedidoController.go:197.45,199.33 2 5
restaurante/controllers/ProductoPedidoController.go:199.33,206.3 3 1
restaurante/controllers/ProductoPedidoController.go:209.2,210.82 2 4
restaurante/controllers/ProductoPedidoController.go:210.82,218.3 3 1
restaurante/controllers/ProductoPedidoController.go:220.2,220.31 1 3
restaurante/controllers/ProductoPedidoController.go:220.31,227.3 3 1
restaurante/controllers/ProductoPedidoController.go:229.2,232.61 3 2
restaurante/controllers/ProductoPedidoController.go:232.61,240.3 3 1
restaurante/controllers/ProductoPedidoController.go:242.2,242.39 1 1
restaurante/controllers/ProductoPedidoController.go:242.39,250.3 3 0
restaurante/controllers/ProductoPedidoController.go:252.2,253.36 2 1
restaurante/controllers/ProductoPedidoController.go:253.36,261.47 4 1
restaurante/controllers/ProductoPedidoController.go:261.47,269.4 3 0
restaurante/controllers/ProductoPedidoController.go:272.3,276.34 2 1
restaurante/controllers/ProductoPedidoController.go:276.34,284.4 3 0
restaurante/controllers/ProductoPedidoController.go:286.3,286.43 1 1
restaurante/controllers/ProductoPedidoController.go:289.2,299.15 3 1
restaurante/controllers/ReservaController.go:26.85,28.2 1 1
restaurante/controllers/ReservaController.go:30.62,32.2 1 0
restaurante/controllers/ReservaController.go:34.73,36.2 1 0
restaurante/controllers/ReservaController.go:38.89,40.2 1 0
restaurante/controllers/ReservaController.go:42.152,44.17 2 0
restaurante/controllers/ReservaController.go:44.17,46.3 1 0
restaurante/controllers/ReservaController.go:47.2,47.14 1 0
restaurante/controllers/ReservaController.go:47.14,49.3 1 0
restaurante/controllers/ReservaController.go:50.2,50.25 1 0
restaurante/controllers/ReservaController.go:62.38,67.16 4 2
restaurante/controllers/ReservaController.go:67.16,76.3 4 1
restaurante/controllers/ReservaController.go:79.2,79.26 1 1
restaurante/controllers/ReservaController.go:79.26,84.3 4 1
restaurante/controllers/ReservaController.go:86.2,92.15 3 1
restaurante/controllers/ReservaController.go:105.39,109.27 3 3
restaurante/controllers/ReservaController.go:109.27,118.3 4 1
restaurante/controllers/ReservaController.go:120.2,123.26 3 2
restaurante/controllers/ReservaController.go:123.26,132.3 4 1
restaurante/controllers/ReservaController.go:133.2,144.15 7 1
restaurante/controllers/ReservaController.go:157.36,162.72 3 11
restaurante/controllers/ReservaController.go:162.72,171.3 4 1
restaurante/controllers/ReservaController.go:174.2,175.55 2 10
restaurante/controllers/ReservaController.go:175.55,178.3 2 1
restaurante/controllers/ReservaController.go:179.2,179.54 1 10
restaurante/controllers/ReservaController.go:179.54,182.3 2 1
restaurante/controllers/ReservaController.go:183.2,183.77 1 10
restaurante/controllers/ReservaController.go:183.77,184.24 1 1
restaurante/controllers/ReservaController.go:184.24,189.4 4 1
restaurante/controllers/ReservaController.go:193.2,196.74 2 9
restaurante/controllers/ReservaController.go:196.74,198.17 2 8
restaurante/controllers/ReservaController.go:198.17,207.4 4 1
restaurante/controllers/ReservaController.go:208.3,208.29 1 7
restaurante/controllers/ReservaController.go:209.8,217.3 4 1
restaurante/controllers/ReservaController.go:220.2,220.71 1 7
restaurante/controllers/ReservaController.go:220.71,222.17 2 6
restaurante/controllers/ReservaController.go:222.17,231.4 4 1
restaurante/controllers/ReservaController.go:232.3,232.28 1 5
restaurante/controllers/ReservaController.go:233.8,241.3 4 1
restaurante/controllers/ReservaController.go:244.2,244.53 1 5
restaurante/controllers/ReservaController.go:244.53,246.3 1 4
restaurante/controllers/ReservaController.go:246.8,254.3 4 1
restaurante/controllers/ReservaController.go:257.2,257.58 1 4
restaurante/controllers/ReservaController.go:257.58,259.19 2 2
restaurante/controllers/ReservaController.go:259.19,260.34 1 2
restaurante/controllers/ReservaController.go:260.34,269.5 4 1
restaurante/controllers/ReservaController.go:270.4,270.36 1 1
restaurante/controllers/ReservaController.go:275.2,275.60 1 3
restaurante/controllers/ReservaController.go:275.60,277.3 1 1
restaurante/controllers/ReservaController.go:280.2,280.54 1 3
restaurante/controllers/ReservaController.go:280.54,282.3 1 1
restaurante/controllers/ReservaController.go:284.2,284.57 1 3
restaurante/controllers/ReservaController.go:284.57,287.3 2 2
restaurante/controllers/ReservaController.go:287.8,295.3 4 1
restaurante/controllers/ReservaController.go:296.2,296.63 1 2
restaurante/controllers/ReservaController.go:296.63,299.3 2 2
restaurante/controllers/ReservaController.go:299.8,307.3 4 0
restaurante/controllers/ReservaController.go:310.2,315.16 4 2
restaurante/controllers/ReservaController.go:315.16,324.3 4 1
restaurante/controllers/ReservaController.go:327.2,333.15 3 1
restaurante/controllers/ReservaController.go:347.35,352.27 3 9
restaurante/controllers/ReservaController.go:352.27,361.3 4 1
restaurante/controllers/ReservaController.go:364.2,365.49 2 8
restaurante/controllers/ReservaController.go:365.49,373.3 4 1
restaurante/controllers/ReservaController.go:376.2,377.72 2 7
restaurante/controllers/ReservaController.go:377.72,386.3 4 1
restaurante/controllers/ReservaController.go:389.2,390.55 2 6
restaurante/controllers/ReservaController.go:390.55,393.3 2 0
restaurante/controllers/ReservaController.go:394.2,394.54 1 6
restaurante/controllers/ReservaController.go:394.54,397.3 2 0
restaurante/controllers/ReservaController.go:398.2,398.77 1 6
restaurante/controllers/ReservaController.go:398.77,399.24 1 0
restaurante/controllers/ReservaController.go:399.24,404.4 4 0
restaurante/controllers/ReservaController.go:408.2,408.74 1 6
restaurante/controllers/ReservaController.go:408.74,410.17 2 6
restaurante/controllers/ReservaController.go:410.17,419.4 4 1
restaurante/controllers/ReservaController.go:420.3,420.29 1 5
restaurante/controllers/ReservaController.go:423.2,423.71 1 5
restaurante/controllers/ReservaController.go:423.71,425.17 2 5
restaurante/controllers/ReservaController.go:425.17,434.4 4 1
restaurante/controllers/ReservaController.go:435.3,435.28 1 4
restaurante/controllers/ReservaController.go:438.2,438.53 1 4
restaurante/controllers/ReservaController.go:438.53,440.3 1 4
restaurante/controllers/ReservaController.go:442.2,442.58 1 4
restaurante/controllers/ReservaController.go:442.58,444.32 2 2
restaurante/controllers/ReservaController.go:444.32,446.4 1 1
restaurante/controllers/ReservaController.go:449.2,449.60 1 4
restaurante/controllers/ReservaController.go:449.60,451.3 1 1
restaurante/controllers/ReservaController.go:453.2,453.54 1 4
restaurante/controllers/ReservaController.go:453.54,455.3 1 1
restaurante/controllers/ReservaController.go:457.2,457.57 1 4
restaurante/controllers/ReservaController.go:457.57,460.3 2 3
restaurante/controllers/ReservaController.go:460.8,468.3 4 1
restaurante/controllers/ReservaController.go:469.2,469.63 1 3
restaurante/controllers/ReservaController.go:469.63,472.3 2 3
restaurante/controllers/ReservaController.go:472.8,480.3 4 0
restaurante/controllers/ReservaController.go:483.2,486.54 2 3
restaurante/controllers/ReservaController.go:486.54,495.3 4 1
restaurante/controllers/ReservaController.go:498.2,504.15 3 2
restaurante/controllers/ReservaController.go:519.46,529.24 8 3
restaurante/controllers/ReservaController.go:529.24,532.17 3 3
restaurante/controllers/ReservaController.go:532.17,540.4 4 1
restaurante/controllers/ReservaController.go:541.3,541.18 1 2
restaurante/controllers/ReservaController.go:544.2,545.16 2 2
restaurante/controllers/ReservaController.go:545.16,554.3 4 1
restaurante/controllers/ReservaController.go:557.2,557.26 1 1
restaurante/controllers/ReservaController.go:557.26,562.3 4 1
restaurante/controllers/ReservaController.go:564.2,570.15 3 1
restaurante/controllers/ReservaController.go:583.38,588.27 3 4
restaurante/controllers/ReservaController.go:588.27,597.3 4 1
restaurante/controllers/ReservaController.go:600.2,601.49 2 3
restaurante/controllers/ReservaController.go:601.49,609.3 4 1
restaurante/controllers/ReservaController.go:612.2,617.84 4 2
restaurante/controllers/ReservaController.go:617.84,626.3 4 1
restaurante/controllers/ReservaController.go:629.2,635.15 3 1
restaurante/controllers/RestauranteController.go:26.42,31.16 4 1
restaurante/controllers/RestauranteController.go:31.16,40.3 4 1
restaurante/controllers/RestauranteController.go:41.2,47.15 3 0
restaurante/controllers/RestauranteController.go:60.43,64.27 3 2
restaurante/controllers/RestauranteController.go:64.27,73.3 4 1
restaurante/controllers/RestauranteController.go:75.2,78.26 3 1
restaurante/controllers/RestauranteController.go:78.26,87.3 4 0
restaurante/controllers/RestauranteController.go:89.2,95.15 3 1
restaurante/controllers/RestauranteController.go:108.40,113.78 3 2
restaurante/controllers/RestauranteController.go:113.78,122.3 4 1
restaurante/controllers/RestauranteController.go:124.2,125.16 2 1
restaurante/controllers/RestauranteController.go:125.16,134.3 4 1
restaurante/controllers/RestauranteController.go:136.2,142.15 3 0
restaurante/controllers/RestauranteController.go:156.39,162.27 4 2
restaurante/controllers/RestauranteController.go:162.27,171.3 4 1
restaurante/controllers/RestauranteController.go:173.2,175.33 2 1
restaurante/controllers/RestauranteController.go:175.33,177.86 2 0
restaurante/controllers/RestauranteController.go:177.86,186.4 4 0
restaurante/controllers/RestauranteController.go:189.3,192.17 3 0
restaurante/controllers/RestauranteController.go:192.17,201.4 4 0
restaurante/controllers/RestauranteController.go:203.3,209.16 3 0
restaurante/controllers/RestauranteController.go:210.8,217.3 3 1
restaurante/controllers/RestauranteController.go:230.42,236.27 4 2
restaurante/controllers/RestauranteController.go:236.27,245.3 4 1
restaurante/controllers/RestauranteController.go:247.2,249.50 2 1
restaurante/controllers/RestauranteController.go:249.50,256.3 3 0
restaurante/controllers/RestauranteController.go:256.8,264.3 3 1
restaurante/controllers/TrabajadorController.go:25.58,27.16 2 5
restaurante/controllers/TrabajadorController.go:27.16,29.3 1 0
restaurante/controllers/TrabajadorController.go:30.2,30.36 1 5
restaurante/controllers/TrabajadorController.go:34.64,35.47 1 6
restaurante/controllers/TrabajadorController.go:35.47,36.40 1 4
restaurante/controllers/TrabajadorController.go:36.40,38.4 1 2
restaurante/controllers/TrabajadorController.go:40.2,40.12 1 4
restaurante/controllers/TrabajadorController.go:57.41,69.19 8 3
restaurante/controllers/TrabajadorController.go:69.19,71.3 1 1
restaurante/controllers/TrabajadorController.go:71.8,71.30 1 2
restaurante/controllers/TrabajadorController.go:71.30,73.3 1 2
restaurante/controllers/TrabajadorController.go:76.2,76.24 1 3
restaurante/controllers/TrabajadorController.go:76.24,78.3 1 1
restaurante/controllers/TrabajadorController.go:79.2,79.15 1 3
restaurante/controllers/TrabajadorController.go:79.15,81.3 1 1
restaurante/controllers/TrabajadorController.go:84.2,85.16 2 3
restaurante/controllers/TrabajadorController.go:85.16,94.3 4 1
restaurante/controllers/TrabajadorController.go:97.2,97.30 1 2
restaurante/controllers/TrabajadorController.go:97.30,99.42 2 1
restaurante/controllers/TrabajadorController.go:99.42,102.4 2 1
restaurante/controllers/TrabajadorController.go:103.3,103.46 1 1
restaurante/controllers/TrabajadorController.go:103.46,106.4 2 1
restaurante/controllers/TrabajadorController.go:107.3,111.31 3 1
restaurante/controllers/TrabajadorController.go:111.31,113.4 1 1
restaurante/controllers/TrabajadorController.go:117.2,117.28 1 2
restaurante/controllers/TrabajadorController.go:117.28,125.3 4 1
restaurante/controllers/TrabajadorController.go:128.2,134.15 3 1
restaurante/controllers/TrabajadorController.go:148.42,152.27 3 3
restaurante/controllers/TrabajadorController.go:152.27,160.3 4 1
restaurante/controllers/TrabajadorController.go:162.2,164.26 3 2
restaurante/controllers/TrabajadorController.go:164.26,172.3 4 1
restaurante/controllers/TrabajadorController.go:174.2,178.30 3 1
restaurante/controllers/TrabajadorController.go:178.30,180.3 1 1
restaurante/controllers/TrabajadorController.go:181.2,187.15 3 1
restaurante/controllers/TrabajadorController.go:201.39,206.72 3 13
restaurante/controllers/TrabajadorController.go:206.72,215.3 4 1
restaurante/controllers/TrabajadorController.go:216.2,221.59 3 12
restaurante/controllers/TrabajadorController.go:221.59,223.3 1 11
restaurante/controllers/TrabajadorController.go:223.8,231.3 4 1
restaurante/controllers/TrabajadorController.go:234.2,234.64 1 11
restaurante/controllers/TrabajadorController.go:234.64,236.3 1 10
restaurante/controllers/TrabajadorController.go:236.8,244.3 4 1
restaurante/controllers/TrabajadorController.go:247.2,247.70 1 10
restaurante/controllers/TrabajadorController.go:247.70,249.3 1 9
restaurante/controllers/TrabajadorController.go:249.8,257.3 4 1
restaurante/controllers/TrabajadorController.go:260.2,260.55 1 9
restaurante/controllers/TrabajadorController.go:260.55,262.3 1 8
restaurante/controllers/TrabajadorController.go:262.8,270.3 4 1
restaurante/controllers/TrabajadorController.go:273.2,273.88 1 8
restaurante/controllers/TrabajadorController.go:273.88,275.17 2 7
restaurante/controllers/TrabajadorController.go:275.17,284.4 4 1
restaurante/controllers/TrabajadorController.go:285.3,285.40 1 6
restaurante/controllers/TrabajadorController.go:286.8,294.3 4 1
restaurante/controllers/TrabajadorController.go:297.2,297.49 1 6
restaurante/controllers/TrabajadorController.go:297.49,299.3 1 5
restaurante/controllers/TrabajadorController.go:299.8,307.3 4 1
restaurante/controllers/TrabajadorController.go:310.2,310.70 1 5
restaurante/controllers/TrabajadorController.go:310.70,312.17 2 4
restaurante/controllers/TrabajadorController.go:312.17,321.4 4 1
restaurante/controllers/TrabajadorController.go:322.3,322.39 1 3
restaurante/controllers/TrabajadorController.go:323.8,331.3 4 1
restaurante/controllers/TrabajadorController.go:334.2,334.52 1 3
restaurante/controllers/TrabajadorController.go:334.52,336.3 1 1
restaurante/controllers/TrabajadorController.go:339.2,339.63 1 3
restaurante/controllers/TrabajadorController.go:339.63,342.3 2 1
restaurante/controllers/TrabajadorController.go:345.2,345.97 1 3
restaurante/controllers/TrabajadorController.go:345.97,347.17 2 2
restaurante/controllers/TrabajadorController.go:347.17,356.4 4 1
restaurante/controllers/TrabajadorController.go:357.3,357.44 1 1
restaurante/controllers/TrabajadorController.go:361.2,362.16 2 2
restaurante/controllers/TrabajadorController.go:362.16,371.3 4 1
restaurante/controllers/TrabajadorController.go:374.2,382.15 4 1
restaurante/controllers/TrabajadorController.go:397.38,401.27 3 11
restaurante/controllers/TrabajadorController.go:401.27,409.3 4 1
restaurante/controllers/TrabajadorController.go:412.2,413.44 2 10
restaurante/controllers/TrabajadorController.go:413.44,421.3 4 1
restaurante/controllers/TrabajadorController.go:424.2,425.72 2 9
restaurante/controllers/TrabajadorController.go:425.72,434.3 4 1
restaurante/controllers/TrabajadorController.go:437.2,437.48 1 8
restaurante/controllers/TrabajadorController.go:437.48,438.26 1 58
restaurante/controllers/TrabajadorController.go:438.26,439.49 1 116
restaurante/controllers/TrabajadorController.go:439.49,441.5 1 16
restaurante/controllers/TrabajadorController.go:443.3,443.19 1 42
restaurante/controllers/TrabajadorController.go:445.2,445.51 1 8
restaurante/controllers/TrabajadorController.go:445.51,446.26 1 8
restaurante/controllers/TrabajadorController.go:446.26,447.39 1 16
restaurante/controllers/TrabajadorController.go:447.39,449.5 1 1
restaurante/controllers/TrabajadorController.go:451.3,451.18 1 7
restaurante/controllers/TrabajadorController.go:453.2,453.47 1 8
restaurante/controllers/TrabajadorController.go:453.47,454.26 1 8
restaurante/controllers/TrabajadorController.go:454.26,455.36 1 16
restaurante/controllers/TrabajadorController.go:455.36,457.5 1 1
restaurante/controllers/TrabajadorController.go:459.3,459.22 1 7
restaurante/controllers/TrabajadorController.go:462.2,462.45 1 8
restaurante/controllers/TrabajadorController.go:462.45,462.70 1 2
restaurante/controllers/TrabajadorController.go:463.2,463.49 1 8
restaurante/controllers/TrabajadorController.go:463.49,463.76 1 1
restaurante/controllers/TrabajadorController.go:464.2,464.39 1 8
restaurante/controllers/TrabajadorController.go:464.39,464.83 1 1
restaurante/controllers/TrabajadorController.go:465.2,465.47 1 8
restaurante/controllers/TrabajadorController.go:465.47,465.79 1 1
restaurante/controllers/TrabajadorController.go:466.2,466.44 1 8
restaurante/controllers/TrabajadorController.go:466.44,466.68 1 1
restaurante/controllers/TrabajadorController.go:467.2,467.49 1 8
restaurante/controllers/TrabajadorController.go:467.49,467.77 1 2
restaurante/controllers/TrabajadorController.go:469.2,469.58 1 8
restaurante/controllers/TrabajadorController.go:469.58,471.17 2 3
restaurante/controllers/TrabajadorController.go:471.17,476.4 4 1
restaurante/controllers/TrabajadorController.go:477.3,477.40 1 2
restaurante/controllers/TrabajadorController.go:479.2,479.56 1 7
restaurante/controllers/TrabajadorController.go:479.56,481.17 2 3
restaurante/controllers/TrabajadorController.go:481.17,486.4 4 1
restaurante/controllers/TrabajadorController.go:487.3,488.41 2 2
restaurante/controllers/TrabajadorController.go:490.2,490.64 1 6
restaurante/controllers/TrabajadorController.go:490.64,492.17 2 2
restaurante/controllers/TrabajadorController.go:492.17,497.4 4 1
restaurante/controllers/TrabajadorController.go:498.3,499.49 2 1
restaurante/controllers/TrabajadorController.go:501.2,501.49 1 5
restaurante/controllers/TrabajadorController.go:501.49,503.17 2 2
restaurante/controllers/TrabajadorController.go:503.17,508.4 4 1
restaurante/controllers/TrabajadorController.go:509.3,509.39 1 1
restaurante/controllers/TrabajadorController.go:513.2,513.90 1 4
restaurante/controllers/TrabajadorController.go:513.90,518.3 4 1
restaurante/controllers/TrabajadorController.go:521.2,521.49 1 3
restaurante/controllers/TrabajadorController.go:521.49,526.3 4 1
restaurante/controllers/TrabajadorController.go:529.2,534.15 4 2
restaurante/controllers/TrabajadorController.go:548.41,554.27 4 5
restaurante/controllers/TrabajadorController.go:554.27,563.3 4 1
restaurante/controllers/TrabajadorController.go:566.2,567.44 2 4
restaurante/controllers/TrabajadorController.go:567.44,568.27 1 2
restaurante/controllers/TrabajadorController.go:568.27,571.4 2 1
restaurante/controllers/TrabajadorController.go:571.9,574.4 2 1
restaurante/controllers/TrabajadorController.go:575.3,576.9 2 2
restaurante/controllers/TrabajadorController.go:580.2,584.65 3 2
restaurante/controllers/TrabajadorController.go:584.65,589.3 4 1
restaurante/controllers/TrabajadorController.go:590.2,594.15 4 1
