mode: atomic
restaurante/main.go:30.13,32.2 1 1
restaurante/main.go:34.16,36.37 1 4
restaurante/main.go:36.37,39.3 2 1
restaurante/main.go:39.8,41.3 1 3
restaurante/main.go:42.2,43.54 2 4
restaurante/main.go:56.62,57.14 1 2
restaurante/main.go:57.14,59.3 1 1
restaurante/main.go:60.2,60.20 1 1
restaurante/main.go:63.85,64.14 1 3
restaurante/main.go:64.14,66.3 1 1
restaurante/main.go:67.2,68.15 2 2
restaurante/main.go:68.15,70.3 1 1
restaurante/main.go:71.2,71.18 1 1
restaurante/main.go:75.32,78.6 2 7
restaurante/main.go:78.6,81.43 2 8
restaurante/main.go:81.43,89.55 3 3
restaurante/main.go:89.55,91.5 1 1
restaurante/main.go:91.10,92.120 1 2
restaurante/main.go:92.120,94.6 1 1
restaurante/main.go:94.11,96.6 1 1
restaurante/main.go:101.3,101.40 1 8
restaurante/main.go:101.40,103.4 1 7
restaurante/main.go:106.3,106.27 1 1
restaurante/main.go:110.45,112.95 1 1
restaurante/main.go:112.95,116.3 3 1
restaurante/main.go:128.13,145.46 5 3
restaurante/main.go:145.46,147.3 1 1
restaurante/main.go:150.2,150.38 1 3
restaurante/main.go:150.38,152.3 1 1
restaurante/routers/router.go:9.13,174.2 4 1
restaurante/tests/http_utils.go:14.62,15.37 1 3
restaurante/tests/http_utils.go:15.37,21.3 2 1
restaurante/tests/http_utils.go:23.2,24.19 2 2
restaurante/tests/http_utils.go:24.19,26.3 1 1
restaurante/tests/http_utils.go:29.2,29.10 1 2
restaurante/tests/http_utils.go:33.24,37.2 3 1
restaurante/tests/seed_data_stub.go:9.21,12.2 1 1
restaurante/controllers/CambiosHorarioController.go:20.96,21.14 1 2
restaurante/controllers/CambiosHorarioController.go:21.14,23.3 1 1
restaurante/controllers/CambiosHorarioController.go:24.2,24.79 1 1
restaurante/controllers/CambiosHorarioController.go:35.95,36.15 1 2
restaurante/controllers/CambiosHorarioController.go:36.15,38.4 1 1
restaurante/controllers/CambiosHorarioController.go:39.3,39.64 1 1
restaurante/controllers/CambiosHorarioController.go:41.89,42.15 1 2
restaurante/controllers/CambiosHorarioController.go:42.15,44.4 1 1
restaurante/controllers/CambiosHorarioController.go:45.3,45.27 1 1
restaurante/controllers/CambiosHorarioController.go:47.93,48.15 1 3
restaurante/controllers/CambiosHorarioController.go:48.15,50.4 1 1
restaurante/controllers/CambiosHorarioController.go:51.3,51.98 1 2
restaurante/controllers/CambiosHorarioController.go:53.89,54.15 1 2
restaurante/controllers/CambiosHorarioController.go:54.15,56.4 1 1
restaurante/controllers/CambiosHorarioController.go:57.3,57.27 1 1
restaurante/controllers/CambiosHorarioController.go:59.71,60.15 1 2
restaurante/controllers/CambiosHorarioController.go:60.15,62.4 1 1
restaurante/controllers/CambiosHorarioController.go:63.3,63.94 1 1
restaurante/controllers/CambiosHorarioController.go:76.45,81.16 4 8
restaurante/controllers/CambiosHorarioController.go:81.16,88.39 3 1
restaurante/controllers/CambiosHorarioController.go:88.40,88.42 0 0
restaurante/controllers/CambiosHorarioController.go:89.3,89.9 1 1
restaurante/controllers/CambiosHorarioController.go:92.2,93.35 2 7
restaurante/controllers/CambiosHorarioController.go:93.35,99.35 2 1010
restaurante/controllers/CambiosHorarioController.go:99.35,101.4 1 3
restaurante/controllers/CambiosHorarioController.go:101.9,103.4 1 1007
restaurante/controllers/CambiosHorarioController.go:104.3,104.36 1 1010
restaurante/controllers/CambiosHorarioController.go:104.36,106.4 1 3
restaurante/controllers/CambiosHorarioController.go:106.9,108.4 1 1007
restaurante/controllers/CambiosHorarioController.go:109.3,109.33 1 1010
restaurante/controllers/CambiosHorarioController.go:112.2,117.38 2 7
restaurante/controllers/CambiosHorarioController.go:117.39,117.41 0 0
restaurante/controllers/CambiosHorarioController.go:130.55,137.26 5 5
restaurante/controllers/CambiosHorarioController.go:137.26,143.39 3 2
restaurante/controllers/CambiosHorarioController.go:143.40,143.42 0 0
restaurante/controllers/CambiosHorarioController.go:144.3,144.9 1 2
restaurante/controllers/CambiosHorarioController.go:145.8,145.23 1 3
restaurante/controllers/CambiosHorarioController.go:145.23,152.39 3 1
restaurante/controllers/CambiosHorarioController.go:152.40,152.42 0 0
restaurante/controllers/CambiosHorarioController.go:153.3,153.9 1 1
restaurante/controllers/CambiosHorarioController.go:156.2,161.40 2 2
restaurante/controllers/CambiosHorarioController.go:161.40,163.3 1 1
restaurante/controllers/CambiosHorarioController.go:164.2,164.41 1 2
restaurante/controllers/CambiosHorarioController.go:164.41,166.3 1 1
restaurante/controllers/CambiosHorarioController.go:168.2,174.38 3 2
restaurante/controllers/CambiosHorarioController.go:174.39,174.41 0 0
restaurante/controllers/CambiosHorarioController.go:188.43,193.72 4 20
restaurante/controllers/CambiosHorarioController.go:193.72,200.39 3 1
restaurante/controllers/CambiosHorarioController.go:200.40,200.42 0 0
restaurante/controllers/CambiosHorarioController.go:201.3,201.9 1 1
restaurante/controllers/CambiosHorarioController.go:204.2,204.80 1 19
restaurante/controllers/CambiosHorarioController.go:204.80,206.17 2 17
restaurante/controllers/CambiosHorarioController.go:206.17,213.40 3 1
restaurante/controllers/CambiosHorarioController.go:213.41,213.43 0 0
restaurante/controllers/CambiosHorarioController.go:214.4,214.10 1 1
restaurante/controllers/CambiosHorarioController.go:216.3,216.29 1 16
restaurante/controllers/CambiosHorarioController.go:217.8,223.39 3 2
restaurante/controllers/CambiosHorarioController.go:223.40,223.42 0 0
restaurante/controllers/CambiosHorarioController.go:224.3,224.9 1 2
restaurante/controllers/CambiosHorarioController.go:227.2,227.48 1 16
restaurante/controllers/CambiosHorarioController.go:227.48,229.3 1 15
restaurante/controllers/CambiosHorarioController.go:229.8,235.39 3 1
restaurante/controllers/CambiosHorarioController.go:235.40,235.42 0 0
restaurante/controllers/CambiosHorarioController.go:236.3,236.9 1 1
restaurante/controllers/CambiosHorarioController.go:239.2,239.22 1 15
restaurante/controllers/CambiosHorarioController.go:239.22,240.64 1 3
restaurante/controllers/CambiosHorarioController.go:240.64,242.4 1 3
restaurante/controllers/CambiosHorarioController.go:243.3,243.64 1 3
restaurante/controllers/CambiosHorarioController.go:243.64,245.4 1 3
restaurante/controllers/CambiosHorarioController.go:246.8,247.89 1 12
restaurante/controllers/CambiosHorarioController.go:247.89,249.18 2 11
restaurante/controllers/CambiosHorarioController.go:249.18,256.41 3 1
restaurante/controllers/CambiosHorarioController.go:256.42,256.44 0 0
restaurante/controllers/CambiosHorarioController.go:257.5,257.11 1 1
restaurante/controllers/CambiosHorarioController.go:259.4,259.39 1 10
restaurante/controllers/CambiosHorarioController.go:260.9,266.40 3 1
restaurante/controllers/CambiosHorarioController.go:266.41,266.43 0 0
restaurante/controllers/CambiosHorarioController.go:267.4,267.10 1 1
restaurante/controllers/CambiosHorarioController.go:270.3,270.83 1 10
restaurante/controllers/CambiosHorarioController.go:270.83,272.18 2 9
restaurante/controllers/CambiosHorarioController.go:272.18,279.41 3 1
restaurante/controllers/CambiosHorarioController.go:279.42,279.44 0 0
restaurante/controllers/CambiosHorarioController.go:280.5,280.11 1 1
restaurante/controllers/CambiosHorarioController.go:282.4,282.36 1 8
restaurante/controllers/CambiosHorarioController.go:283.9,289.40 3 1
restaurante/controllers/CambiosHorarioController.go:289.41,289.43 0 0
restaurante/controllers/CambiosHorarioController.go:290.4,290.10 1 1
restaurante/controllers/CambiosHorarioController.go:294.2,294.60 1 11
restaurante/controllers/CambiosHorarioController.go:294.60,301.39 3 1
restaurante/controllers/CambiosHorarioController.go:301.40,301.42 0 0
restaurante/controllers/CambiosHorarioController.go:302.3,302.9 1 1
restaurante/controllers/CambiosHorarioController.go:305.2,310.34 2 10
restaurante/controllers/CambiosHorarioController.go:310.34,312.3 1 10
restaurante/controllers/CambiosHorarioController.go:313.2,313.35 1 10
restaurante/controllers/CambiosHorarioController.go:313.35,315.3 1 10
restaurante/controllers/CambiosHorarioController.go:317.2,323.38 3 10
restaurante/controllers/CambiosHorarioController.go:323.39,323.41 0 0
restaurante/controllers/CambiosHorarioController.go:339.42,342.27 3 19
restaurante/controllers/CambiosHorarioController.go:342.27,348.39 3 1
restaurante/controllers/CambiosHorarioController.go:348.40,348.42 0 0
restaurante/controllers/CambiosHorarioController.go:349.3,349.9 1 1
restaurante/controllers/CambiosHorarioController.go:352.2,353.72 2 18
restaurante/controllers/CambiosHorarioController.go:353.72,360.39 3 1
restaurante/controllers/CambiosHorarioController.go:360.40,360.42 0 0
restaurante/controllers/CambiosHorarioController.go:361.3,361.9 1 1
restaurante/controllers/CambiosHorarioController.go:364.2,365.74 2 17
restaurante/controllers/CambiosHorarioController.go:365.74,372.39 3 2
restaurante/controllers/CambiosHorarioController.go:372.40,372.42 0 0
restaurante/controllers/CambiosHorarioController.go:373.3,373.9 1 2
restaurante/controllers/CambiosHorarioController.go:374.8,374.23 1 15
restaurante/controllers/CambiosHorarioController.go:374.23,381.39 3 2
restaurante/controllers/CambiosHorarioController.go:381.40,381.42 0 0
restaurante/controllers/CambiosHorarioController.go:382.3,382.9 1 2
restaurante/controllers/CambiosHorarioController.go:385.2,385.80 1 13
restaurante/controllers/CambiosHorarioController.go:385.80,387.17 2 5
restaurante/controllers/CambiosHorarioController.go:387.17,394.40 3 1
restaurante/controllers/CambiosHorarioController.go:394.41,394.43 0 0
restaurante/controllers/CambiosHorarioController.go:395.4,395.10 1 1
restaurante/controllers/CambiosHorarioController.go:397.3,397.29 1 4
restaurante/controllers/CambiosHorarioController.go:400.2,400.48 1 12
restaurante/controllers/CambiosHorarioController.go:400.48,402.15 2 8
restaurante/controllers/CambiosHorarioController.go:402.15,403.65 1 2
restaurante/controllers/CambiosHorarioController.go:403.65,405.5 1 2
restaurante/controllers/CambiosHorarioController.go:406.4,406.65 1 2
restaurante/controllers/CambiosHorarioController.go:406.65,408.5 1 2
restaurante/controllers/CambiosHorarioController.go:412.2,412.21 1 12
restaurante/controllers/CambiosHorarioController.go:412.21,413.89 1 9
restaurante/controllers/CambiosHorarioController.go:413.89,415.18 2 7
restaurante/controllers/CambiosHorarioController.go:415.18,422.41 3 1
restaurante/controllers/CambiosHorarioController.go:422.42,422.44 0 0
restaurante/controllers/CambiosHorarioController.go:423.5,423.11 1 1
restaurante/controllers/CambiosHorarioController.go:425.4,425.39 1 6
restaurante/controllers/CambiosHorarioController.go:428.3,428.83 1 8
restaurante/controllers/CambiosHorarioController.go:428.83,430.18 2 6
restaurante/controllers/CambiosHorarioController.go:430.18,437.41 3 1
restaurante/controllers/CambiosHorarioController.go:437.42,437.44 0 0
restaurante/controllers/CambiosHorarioController.go:438.5,438.11 1 1
restaurante/controllers/CambiosHorarioController.go:440.4,440.36 1 5
restaurante/controllers/CambiosHorarioController.go:444.2,444.60 1 10
restaurante/controllers/CambiosHorarioController.go:444.60,451.39 3 1
restaurante/controllers/CambiosHorarioController.go:451.40,451.42 0 0
restaurante/controllers/CambiosHorarioController.go:452.3,452.9 1 1
restaurante/controllers/CambiosHorarioController.go:455.2,460.34 2 9
restaurante/controllers/CambiosHorarioController.go:460.34,462.3 1 8
restaurante/controllers/CambiosHorarioController.go:463.2,463.35 1 9
restaurante/controllers/CambiosHorarioController.go:463.35,465.3 1 8
restaurante/controllers/CambiosHorarioController.go:467.2,473.38 3 9
restaurante/controllers/CambiosHorarioController.go:473.39,473.41 0 0
restaurante/controllers/CambiosHorarioController.go:487.45,490.27 3 7
restaurante/controllers/CambiosHorarioController.go:490.27,496.39 3 3
restaurante/controllers/CambiosHorarioController.go:496.40,496.42 0 0
restaurante/controllers/CambiosHorarioController.go:497.3,497.9 1 3
restaurante/controllers/CambiosHorarioController.go:500.2,500.60 1 4
restaurante/controllers/CambiosHorarioController.go:500.60,507.39 3 1
restaurante/controllers/CambiosHorarioController.go:507.40,507.42 0 0
restaurante/controllers/CambiosHorarioController.go:508.8,508.21 1 3
restaurante/controllers/CambiosHorarioController.go:508.21,515.39 3 2
restaurante/controllers/CambiosHorarioController.go:515.40,515.42 0 0
restaurante/controllers/CambiosHorarioController.go:516.8,522.39 3 1
restaurante/controllers/CambiosHorarioController.go:522.40,522.42 0 0
restaurante/controllers/CategoriaController.go:26.75,28.2 1 1
restaurante/controllers/CategoriaController.go:32.70,34.2 1 1
restaurante/controllers/CategoriaController.go:35.66,35.90 1 1
restaurante/controllers/CategoriaController.go:36.66,36.97 1 1
restaurante/controllers/CategoriaController.go:37.77,39.2 1 1
restaurante/controllers/CategoriaController.go:40.77,42.2 1 1
restaurante/controllers/CategoriaController.go:44.39,44.80 1 0
restaurante/controllers/CategoriaController.go:58.40,61.80 3 2
restaurante/controllers/CategoriaController.go:61.80,66.3 4 1
restaurante/controllers/CategoriaController.go:67.2,68.19 2 1
restaurante/controllers/CategoriaController.go:80.41,83.27 3 2
restaurante/controllers/CategoriaController.go:83.27,88.3 4 0
restaurante/controllers/CategoriaController.go:89.2,90.37 2 2
restaurante/controllers/CategoriaController.go:90.37,95.3 4 1
restaurante/controllers/CategoriaController.go:96.2,97.19 2 1
restaurante/controllers/CategoriaController.go:110.38,115.88 3 3
restaurante/controllers/CategoriaController.go:115.88,120.3 4 1
restaurante/controllers/CategoriaController.go:121.2,122.42 2 2
restaurante/controllers/CategoriaController.go:122.42,127.3 4 1
restaurante/controllers/CategoriaController.go:128.2,130.19 3 1
restaurante/controllers/CategoriaController.go:143.37,146.27 3 4
restaurante/controllers/CategoriaController.go:146.27,151.3 4 0
restaurante/controllers/CategoriaController.go:152.2,153.37 2 4
restaurante/controllers/CategoriaController.go:153.37,158.3 4 1
restaurante/controllers/CategoriaController.go:159.2,162.69 2 3
restaurante/controllers/CategoriaController.go:162.69,167.3 4 1
restaurante/controllers/CategoriaController.go:168.2,168.22 1 2
restaurante/controllers/CategoriaController.go:168.22,170.3 1 2
restaurante/controllers/CategoriaController.go:171.2,171.52 1 2
restaurante/controllers/CategoriaController.go:171.52,176.3 4 1
restaurante/controllers/CategoriaController.go:177.2,178.19 2 1
restaurante/controllers/CategoriaController.go:190.40,193.27 3 2
restaurante/controllers/CategoriaController.go:193.27,198.3 4 0
restaurante/controllers/CategoriaController.go:199.2,199.76 1 2
restaurante/controllers/CategoriaController.go:199.76,204.3 4 1
restaurante/controllers/CategoriaController.go:205.2,206.19 2 1
restaurante/controllers/ClienteController.go:16.85,18.2 1 0
restaurante/controllers/ClienteController.go:20.62,22.2 1 0
restaurante/controllers/ClienteController.go:24.73,26.2 1 0
restaurante/controllers/ClienteController.go:28.73,30.2 1 0
restaurante/controllers/ClienteController.go:32.73,34.2 1 0
restaurante/controllers/ClienteController.go:42.38,44.2 1 6
restaurante/controllers/ClienteController.go:46.39,47.16 1 8
restaurante/controllers/ClienteController.go:47.16,49.3 1 1
restaurante/controllers/ClienteController.go:51.2,53.71 2 7
restaurante/controllers/ClienteController.go:70.38,83.39 6 5
restaurante/controllers/ClienteController.go:83.39,87.36 3 2
restaurante/controllers/ClienteController.go:87.36,92.4 4 0
restaurante/controllers/ClienteController.go:93.3,93.37 1 2
restaurante/controllers/ClienteController.go:93.37,98.4 4 0
restaurante/controllers/ClienteController.go:99.3,99.35 1 2
restaurante/controllers/ClienteController.go:99.35,101.4 1 1
restaurante/controllers/ClienteController.go:103.3,104.67 2 2
restaurante/controllers/ClienteController.go:104.67,113.4 4 1
restaurante/controllers/ClienteController.go:114.8,117.17 2 3
restaurante/controllers/ClienteController.go:117.17,126.4 4 1
restaurante/controllers/ClienteController.go:130.2,130.42 1 3
restaurante/controllers/ClienteController.go:130.42,132.36 2 1
restaurante/controllers/ClienteController.go:132.36,137.4 1 1
restaurante/controllers/ClienteController.go:139.3,146.9 4 1
restaurante/controllers/ClienteController.go:150.2,150.26 1 2
restaurante/controllers/ClienteController.go:150.26,152.3 1 2
restaurante/controllers/ClienteController.go:154.2,160.19 3 2
restaurante/controllers/ClienteController.go:175.39,179.27 3 4
restaurante/controllers/ClienteController.go:179.27,188.3 4 1
restaurante/controllers/ClienteController.go:190.2,193.26 3 3
restaurante/controllers/ClienteController.go:193.26,201.3 4 1
restaurante/controllers/ClienteController.go:201.8,201.23 1 2
restaurante/controllers/ClienteController.go:201.23,210.3 4 1
restaurante/controllers/ClienteController.go:213.2,221.19 4 1
restaurante/controllers/ClienteController.go:235.36,239.74 3 6
restaurante/controllers/ClienteController.go:239.74,248.3 4 1
restaurante/controllers/ClienteController.go:251.2,252.22 2 5
restaurante/controllers/ClienteController.go:252.22,260.3 4 1
restaurante/controllers/ClienteController.go:261.2,265.16 3 4
restaurante/controllers/ClienteController.go:265.16,274.3 4 1
restaurante/controllers/ClienteController.go:275.2,278.53 2 3
restaurante/controllers/ClienteController.go:278.53,279.28 1 2
restaurante/controllers/ClienteController.go:279.28,288.4 4 1
restaurante/controllers/ClienteController.go:289.3,296.9 4 1
restaurante/controllers/ClienteController.go:300.2,308.19 4 1
restaurante/controllers/ClienteController.go:325.35,330.27 3 9
restaurante/controllers/ClienteController.go:330.27,339.3 4 1
restaurante/controllers/ClienteController.go:342.2,343.49 2 8
restaurante/controllers/ClienteController.go:343.49,344.27 1 2
restaurante/controllers/ClienteController.go:344.27,351.4 3 1
restaurante/controllers/ClienteController.go:351.9,359.4 3 1
restaurante/controllers/ClienteController.go:360.3,360.9 1 2
restaurante/controllers/ClienteController.go:364.2,365.81 2 6
restaurante/controllers/ClienteController.go:365.81,374.3 4 1
restaurante/controllers/ClienteController.go:377.2,381.22 3 5
restaurante/controllers/ClienteController.go:381.22,383.3 1 4
restaurante/controllers/ClienteController.go:383.8,385.3 1 1
restaurante/controllers/ClienteController.go:388.2,388.35 1 5
restaurante/controllers/ClienteController.go:388.35,390.17 2 2
restaurante/controllers/ClienteController.go:390.17,399.4 4 1
restaurante/controllers/ClienteController.go:400.3,400.51 1 1
restaurante/controllers/ClienteController.go:401.8,404.3 1 3
restaurante/controllers/ClienteController.go:407.2,407.60 1 4
restaurante/controllers/ClienteController.go:407.60,408.28 1 2
restaurante/controllers/ClienteController.go:408.28,417.4 4 1
restaurante/controllers/ClienteController.go:418.3,425.9 4 1
restaurante/controllers/ClienteController.go:429.2,437.19 4 2
restaurante/controllers/ClienteController.go:452.38,457.27 3 3
restaurante/controllers/ClienteController.go:457.27,465.3 4 1
restaurante/controllers/ClienteController.go:467.2,469.54 2 2
restaurante/controllers/ClienteController.go:469.54,476.3 3 1
restaurante/controllers/ClienteController.go:476.8,484.3 3 1
restaurante/controllers/ControlNominaController.go:17.41,17.64 1 6
restaurante/controllers/ControlNominaController.go:31.44,34.40 3 3
restaurante/controllers/ControlNominaController.go:34.40,35.56 1 1
restaurante/controllers/ControlNominaController.go:35.56,37.4 1 1
restaurante/controllers/ControlNominaController.go:39.2,40.41 2 3
restaurante/controllers/ControlNominaController.go:40.41,45.3 4 2
restaurante/controllers/ControlNominaController.go:46.2,47.19 2 1
restaurante/controllers/ControlNominaController.go:59.45,63.109 4 3
restaurante/controllers/ControlNominaController.go:63.109,68.3 4 2
restaurante/controllers/ControlNominaController.go:69.2,70.19 2 1
restaurante/controllers/DomicilioController.go:24.44,25.52 1 4
restaurante/controllers/DomicilioController.go:26.104,27.14 1 2
restaurante/controllers/DomicilioController.go:29.2,29.14 1 2
restaurante/controllers/DomicilioController.go:48.40,59.55 9 4
restaurante/controllers/DomicilioController.go:59.55,64.3 4 0
restaurante/controllers/DomicilioController.go:67.2,67.21 1 4
restaurante/controllers/DomicilioController.go:67.21,69.3 1 1
restaurante/controllers/DomicilioController.go:70.2,70.20 1 4
restaurante/controllers/DomicilioController.go:70.20,72.3 1 1
restaurante/controllers/DomicilioController.go:73.2,73.21 1 4
restaurante/controllers/DomicilioController.go:73.21,75.3 1 1
restaurante/controllers/DomicilioController.go:76.2,76.17 1 4
restaurante/controllers/DomicilioController.go:76.17,77.65 1 1
restaurante/controllers/DomicilioController.go:77.65,79.4 1 1
restaurante/controllers/DomicilioController.go:81.2,81.18 1 4
restaurante/controllers/DomicilioController.go:81.18,83.3 1 1
restaurante/controllers/DomicilioController.go:86.2,86.23 1 4
restaurante/controllers/DomicilioController.go:86.23,92.3 2 1
restaurante/controllers/DomicilioController.go:95.2,97.16 3 4
restaurante/controllers/DomicilioController.go:97.16,106.3 4 1
restaurante/controllers/DomicilioController.go:109.2,109.16 1 3
restaurante/controllers/DomicilioController.go:109.16,117.3 4 1
restaurante/controllers/DomicilioController.go:120.2,126.19 3 2
restaurante/controllers/DomicilioController.go:141.41,144.27 3 4
restaurante/controllers/DomicilioController.go:144.27,153.3 4 1
restaurante/controllers/DomicilioController.go:155.2,156.53 2 3
restaurante/controllers/DomicilioController.go:156.53,165.3 4 1
restaurante/controllers/DomicilioController.go:168.2,216.19 10 2
restaurante/controllers/DomicilioController.go:216.19,222.3 1 1
restaurante/controllers/DomicilioController.go:223.2,223.19 1 2
restaurante/controllers/DomicilioController.go:223.19,225.26 2 2
restaurante/controllers/DomicilioController.go:225.26,226.76 1 1
restaurante/controllers/DomicilioController.go:226.76,228.5 1 0
restaurante/controllers/DomicilioController.go:230.3,231.26 2 2
restaurante/controllers/DomicilioController.go:231.26,233.4 1 1
restaurante/controllers/DomicilioController.go:233.9,233.41 1 1
restaurante/controllers/DomicilioController.go:233.41,235.4 1 1
restaurante/controllers/DomicilioController.go:236.3,237.23 2 2
restaurante/controllers/DomicilioController.go:237.23,240.4 2 1
restaurante/controllers/DomicilioController.go:241.3,248.4 1 2
restaurante/controllers/DomicilioController.go:251.2,257.19 3 2
restaurante/controllers/DomicilioController.go:271.38,274.70 3 13
restaurante/controllers/DomicilioController.go:274.70,279.3 4 1
restaurante/controllers/DomicilioController.go:281.2,281.44 1 12
restaurante/controllers/DomicilioController.go:281.44,282.25 1 4
restaurante/controllers/DomicilioController.go:283.12,284.37 1 1
restaurante/controllers/DomicilioController.go:285.15,286.35 1 1
restaurante/controllers/DomicilioController.go:286.35,288.5 1 1
restaurante/controllers/DomicilioController.go:289.16,290.22 1 2
restaurante/controllers/DomicilioController.go:290.22,292.5 1 1
restaurante/controllers/DomicilioController.go:296.2,296.50 1 12
restaurante/controllers/DomicilioController.go:296.50,297.57 1 11
restaurante/controllers/DomicilioController.go:297.57,302.4 4 1
restaurante/controllers/DomicilioController.go:303.8,308.3 4 1
restaurante/controllers/DomicilioController.go:310.2,310.51 1 10
restaurante/controllers/DomicilioController.go:310.51,315.3 4 1
restaurante/controllers/DomicilioController.go:317.2,318.16 2 9
restaurante/controllers/DomicilioController.go:318.16,323.3 4 2
restaurante/controllers/DomicilioController.go:325.2,326.32 2 7
restaurante/controllers/DomicilioController.go:326.32,328.3 1 1
restaurante/controllers/DomicilioController.go:329.2,329.28 1 7
restaurante/controllers/DomicilioController.go:329.28,331.3 1 1
restaurante/controllers/DomicilioController.go:333.2,334.15 2 7
restaurante/controllers/DomicilioController.go:334.15,335.42 1 6
restaurante/controllers/DomicilioController.go:335.42,337.4 1 1
restaurante/controllers/DomicilioController.go:339.2,339.15 1 7
restaurante/controllers/DomicilioController.go:339.15,340.35 1 2
restaurante/controllers/DomicilioController.go:340.35,345.4 4 1
restaurante/controllers/DomicilioController.go:346.3,346.66 1 1
restaurante/controllers/DomicilioController.go:348.2,348.59 1 6
restaurante/controllers/DomicilioController.go:348.59,350.3 1 1
restaurante/controllers/DomicilioController.go:352.2,355.29 4 6
restaurante/controllers/DomicilioController.go:355.29,358.3 2 1
restaurante/controllers/DomicilioController.go:359.2,359.32 1 6
restaurante/controllers/DomicilioController.go:359.32,362.3 2 1
restaurante/controllers/DomicilioController.go:363.2,363.33 1 6
restaurante/controllers/DomicilioController.go:363.33,366.3 2 1
restaurante/controllers/DomicilioController.go:367.2,367.28 1 6
restaurante/controllers/DomicilioController.go:367.28,370.3 2 1
restaurante/controllers/DomicilioController.go:372.2,373.20 2 6
restaurante/controllers/DomicilioController.go:373.20,375.3 1 22
restaurante/controllers/DomicilioController.go:376.2,379.70 2 6
restaurante/controllers/DomicilioController.go:379.70,388.3 4 1
restaurante/controllers/DomicilioController.go:390.2,393.64 3 5
restaurante/controllers/DomicilioController.go:393.64,397.3 3 5
restaurante/controllers/DomicilioController.go:399.2,405.19 3 5
restaurante/controllers/DomicilioController.go:420.37,423.27 3 6
restaurante/controllers/DomicilioController.go:423.27,432.3 4 1
restaurante/controllers/DomicilioController.go:434.2,435.53 2 5
restaurante/controllers/DomicilioController.go:435.53,443.3 4 1
restaurante/controllers/DomicilioController.go:445.2,446.72 2 4
restaurante/controllers/DomicilioController.go:446.72,455.3 4 1
restaurante/controllers/DomicilioController.go:458.2,459.54 2 3
restaurante/controllers/DomicilioController.go:459.54,462.3 2 3
restaurante/controllers/DomicilioController.go:463.2,463.52 1 3
restaurante/controllers/DomicilioController.go:463.52,466.3 2 2
restaurante/controllers/DomicilioController.go:467.2,467.54 1 3
restaurante/controllers/DomicilioController.go:467.54,470.3 2 1
restaurante/controllers/DomicilioController.go:472.2,475.65 3 3
restaurante/controllers/DomicilioController.go:475.65,484.3 4 1
restaurante/controllers/DomicilioController.go:486.2,489.64 3 2
restaurante/controllers/DomicilioController.go:489.64,493.3 3 2
restaurante/controllers/DomicilioController.go:495.2,501.19 3 2
restaurante/controllers/DomicilioController.go:515.40,518.27 3 3
restaurante/controllers/DomicilioController.go:518.27,527.3 4 1
restaurante/controllers/DomicilioController.go:529.2,530.48 2 2
restaurante/controllers/DomicilioController.go:530.48,536.3 2 1
restaurante/controllers/DomicilioController.go:536.8,543.3 2 1
restaurante/controllers/DomicilioController.go:544.2,544.19 1 2
restaurante/controllers/DomicilioController.go:560.53,569.16 5 6
restaurante/controllers/DomicilioController.go:569.16,578.3 4 1
restaurante/controllers/DomicilioController.go:580.2,581.16 2 5
restaurante/controllers/DomicilioController.go:581.16,590.3 4 1
restaurante/controllers/DomicilioController.go:592.2,592.19 1 4
restaurante/controllers/DomicilioController.go:592.19,594.137 2 2
restaurante/controllers/DomicilioController.go:594.137,600.4 2 1
restaurante/controllers/DomicilioController.go:600.9,606.4 2 1
restaurante/controllers/DomicilioController.go:607.3,608.9 2 2
restaurante/controllers/DomicilioController.go:611.2,625.19 4 2
restaurante/controllers/HorarioTrabajadorController.go:18.34,21.30 2 30
restaurante/controllers/HorarioTrabajadorController.go:23.76,24.14 1 24
restaurante/controllers/HorarioTrabajadorController.go:25.10,26.15 1 6
restaurante/controllers/HorarioTrabajadorController.go:32.31,33.13 1 52
restaurante/controllers/HorarioTrabajadorController.go:33.13,35.3 1 2
restaurante/controllers/HorarioTrabajadorController.go:36.2,37.17 2 50
restaurante/controllers/HorarioTrabajadorController.go:37.17,39.3 1 1
restaurante/controllers/HorarioTrabajadorController.go:40.2,40.39 1 49
restaurante/controllers/HorarioTrabajadorController.go:55.48,61.65 5 2
restaurante/controllers/HorarioTrabajadorController.go:61.65,64.3 2 1
restaurante/controllers/HorarioTrabajadorController.go:65.2,65.42 1 2
restaurante/controllers/HorarioTrabajadorController.go:65.42,66.22 1 1
restaurante/controllers/HorarioTrabajadorController.go:66.22,69.4 2 1
restaurante/controllers/HorarioTrabajadorController.go:71.2,71.20 1 2
restaurante/controllers/HorarioTrabajadorController.go:71.20,73.3 1 1
restaurante/controllers/HorarioTrabajadorController.go:75.2,76.70 2 2
restaurante/controllers/HorarioTrabajadorController.go:76.70,85.3 4 1
restaurante/controllers/HorarioTrabajadorController.go:87.2,93.19 3 1
restaurante/controllers/HorarioTrabajadorController.go:108.46,111.72 2 6
restaurante/controllers/HorarioTrabajadorController.go:111.72,120.3 4 1
restaurante/controllers/HorarioTrabajadorController.go:122.2,123.24 2 5
restaurante/controllers/HorarioTrabajadorController.go:123.24,128.3 4 1
restaurante/controllers/HorarioTrabajadorController.go:130.2,132.32 3 4
restaurante/controllers/HorarioTrabajadorController.go:132.32,137.3 4 1
restaurante/controllers/HorarioTrabajadorController.go:140.2,150.27 4 3
restaurante/controllers/HorarioTrabajadorController.go:150.27,155.3 4 1
restaurante/controllers/HorarioTrabajadorController.go:157.2,161.23 2 2
restaurante/controllers/HorarioTrabajadorController.go:161.23,166.3 4 1
restaurante/controllers/HorarioTrabajadorController.go:168.2,170.19 3 1
restaurante/controllers/HorarioTrabajadorController.go:188.45,190.28 2 10
restaurante/controllers/HorarioTrabajadorController.go:190.28,195.3 4 1
restaurante/controllers/HorarioTrabajadorController.go:196.2,197.35 2 9
restaurante/controllers/HorarioTrabajadorController.go:197.35,202.3 4 1
restaurante/controllers/HorarioTrabajadorController.go:203.2,210.45 4 8
restaurante/controllers/HorarioTrabajadorController.go:210.45,215.3 4 1
restaurante/controllers/HorarioTrabajadorController.go:215.8,215.23 1 7
restaurante/controllers/HorarioTrabajadorController.go:215.23,220.3 4 1
restaurante/controllers/HorarioTrabajadorController.go:222.2,223.72 2 6
restaurante/controllers/HorarioTrabajadorController.go:223.72,228.3 4 1
restaurante/controllers/HorarioTrabajadorController.go:230.2,230.56 1 5
restaurante/controllers/HorarioTrabajadorController.go:230.56,231.70 1 2
restaurante/controllers/HorarioTrabajadorController.go:231.70,233.4 1 1
restaurante/controllers/HorarioTrabajadorController.go:233.9,238.4 4 1
restaurante/controllers/HorarioTrabajadorController.go:240.2,240.50 1 4
restaurante/controllers/HorarioTrabajadorController.go:240.50,241.67 1 4
restaurante/controllers/HorarioTrabajadorController.go:241.67,243.4 1 3
restaurante/controllers/HorarioTrabajadorController.go:243.9,248.4 4 1
restaurante/controllers/HorarioTrabajadorController.go:251.2,253.27 3 3
restaurante/controllers/HorarioTrabajadorController.go:253.27,258.3 4 1
restaurante/controllers/HorarioTrabajadorController.go:260.2,263.23 1 2
restaurante/controllers/HorarioTrabajadorController.go:263.23,268.3 4 1
restaurante/controllers/HorarioTrabajadorController.go:270.2,272.19 3 1
restaurante/controllers/HorarioTrabajadorController.go:289.48,291.28 2 6
restaurante/controllers/HorarioTrabajadorController.go:291.28,296.3 4 1
restaurante/controllers/HorarioTrabajadorController.go:297.2,298.35 2 5
restaurante/controllers/HorarioTrabajadorController.go:298.35,303.3 4 1
restaurante/controllers/HorarioTrabajadorController.go:304.2,311.45 4 4
restaurante/controllers/HorarioTrabajadorController.go:311.45,316.3 4 1
restaurante/controllers/HorarioTrabajadorController.go:316.8,316.23 1 3
restaurante/controllers/HorarioTrabajadorController.go:316.23,321.3 4 1
restaurante/controllers/HorarioTrabajadorController.go:323.2,326.23 1 2
restaurante/controllers/HorarioTrabajadorController.go:326.23,331.3 4 1
restaurante/controllers/HorarioTrabajadorController.go:333.2,335.19 3 1
restaurante/controllers/IncidenciaController.go:28.73,28.101 1 6
restaurante/controllers/IncidenciaController.go:29.73,29.97 1 4
restaurante/controllers/IncidenciaController.go:30.73,30.104 1 5
restaurante/controllers/IncidenciaController.go:31.84,33.2 1 3
restaurante/controllers/IncidenciaController.go:34.84,36.2 1 3
restaurante/controllers/IncidenciaController.go:38.47,38.95 1 30
restaurante/controllers/IncidenciaController.go:50.41,55.16 4 3
restaurante/controllers/IncidenciaController.go:55.16,64.3 4 2
restaurante/controllers/IncidenciaController.go:66.2,72.19 3 1
restaurante/controllers/IncidenciaController.go:90.55,95.34 3 12
restaurante/controllers/IncidenciaController.go:95.34,103.3 4 1
restaurante/controllers/IncidenciaController.go:105.2,106.39 2 11
restaurante/controllers/IncidenciaController.go:106.39,114.3 4 1
restaurante/controllers/IncidenciaController.go:116.2,117.59 2 10
restaurante/controllers/IncidenciaController.go:117.59,125.3 4 1
restaurante/controllers/IncidenciaController.go:128.2,139.51 5 9
restaurante/controllers/IncidenciaController.go:139.51,147.3 4 5
restaurante/controllers/IncidenciaController.go:147.8,147.23 1 4
restaurante/controllers/IncidenciaController.go:147.23,156.3 4 1
restaurante/controllers/IncidenciaController.go:159.2,165.19 3 3
restaurante/controllers/IncidenciaController.go:180.39,186.72 4 17
restaurante/controllers/IncidenciaController.go:186.72,195.3 4 1
restaurante/controllers/IncidenciaController.go:198.2,198.77 1 16
restaurante/controllers/IncidenciaController.go:198.77,200.17 2 15
restaurante/controllers/IncidenciaController.go:200.17,209.4 4 1
restaurante/controllers/IncidenciaController.go:210.3,210.32 1 14
restaurante/controllers/IncidenciaController.go:211.8,219.3 4 1
restaurante/controllers/IncidenciaController.go:222.2,222.47 1 14
restaurante/controllers/IncidenciaController.go:222.47,224.3 1 13
restaurante/controllers/IncidenciaController.go:224.8,232.3 4 1
restaurante/controllers/IncidenciaController.go:235.2,235.44 1 13
restaurante/controllers/IncidenciaController.go:235.44,237.3 1 12
restaurante/controllers/IncidenciaController.go:237.8,245.3 4 1
restaurante/controllers/IncidenciaController.go:248.2,248.64 1 12
restaurante/controllers/IncidenciaController.go:248.64,250.3 1 11
restaurante/controllers/IncidenciaController.go:250.8,258.3 4 1
restaurante/controllers/IncidenciaController.go:261.2,261.83 1 11
restaurante/controllers/IncidenciaController.go:261.83,264.3 2 10
restaurante/controllers/IncidenciaController.go:264.8,272.3 4 1
restaurante/controllers/IncidenciaController.go:275.2,276.16 2 10
restaurante/controllers/IncidenciaController.go:276.16,285.3 4 2
restaurante/controllers/IncidenciaController.go:288.2,294.39 1 8
restaurante/controllers/IncidenciaController.go:294.39,295.49 1 8
restaurante/controllers/IncidenciaController.go:295.49,297.5 1 7
restaurante/controllers/IncidenciaController.go:298.4,298.12 1 1
restaurante/controllers/IncidenciaController.go:303.2,309.19 3 8
restaurante/controllers/IncidenciaController.go:326.38,332.27 4 10
restaurante/controllers/IncidenciaController.go:332.27,340.3 4 1
restaurante/controllers/IncidenciaController.go:343.2,344.54 2 9
restaurante/controllers/IncidenciaController.go:344.54,352.3 4 1
restaurante/controllers/IncidenciaController.go:355.2,356.72 2 8
restaurante/controllers/IncidenciaController.go:356.72,365.3 4 1
restaurante/controllers/IncidenciaController.go:368.2,368.77 1 7
restaurante/controllers/IncidenciaController.go:368.77,370.17 2 4
restaurante/controllers/IncidenciaController.go:370.17,379.4 4 1
restaurante/controllers/IncidenciaController.go:380.3,380.32 1 3
restaurante/controllers/IncidenciaController.go:383.2,383.47 1 6
restaurante/controllers/IncidenciaController.go:383.47,385.3 1 3
restaurante/controllers/IncidenciaController.go:387.2,387.44 1 6
restaurante/controllers/IncidenciaController.go:387.44,389.3 1 3
restaurante/controllers/IncidenciaController.go:391.2,391.64 1 6
restaurante/controllers/IncidenciaController.go:391.64,393.3 1 5
restaurante/controllers/IncidenciaController.go:395.2,395.83 1 6
restaurante/controllers/IncidenciaController.go:395.83,398.3 2 4
restaurante/controllers/IncidenciaController.go:401.2,401.49 1 6
restaurante/controllers/IncidenciaController.go:401.49,410.3 4 1
restaurante/controllers/IncidenciaController.go:413.2,419.39 1 5
restaurante/controllers/IncidenciaController.go:419.39,420.49 1 5
restaurante/controllers/IncidenciaController.go:420.49,422.5 1 3
restaurante/controllers/IncidenciaController.go:423.4,423.12 1 2
restaurante/controllers/IncidenciaController.go:428.2,434.19 3 5
restaurante/controllers/IncidenciaController.go:448.41,451.16 3 5
restaurante/controllers/IncidenciaController.go:451.16,459.3 4 1
restaurante/controllers/IncidenciaController.go:461.2,462.26 2 4
restaurante/controllers/IncidenciaController.go:462.26,470.3 4 1
restaurante/controllers/IncidenciaController.go:470.8,470.23 1 3
restaurante/controllers/IncidenciaController.go:470.23,479.3 4 1
restaurante/controllers/IncidenciaController.go:481.2,486.19 3 2
restaurante/controllers/LoginController.go:52.35,54.79 2 6
restaurante/controllers/LoginController.go:54.79,63.3 4 1
restaurante/controllers/LoginController.go:65.2,71.16 4 5
restaurante/controllers/LoginController.go:71.16,73.108 1 2
restaurante/controllers/LoginController.go:73.108,81.4 4 1
restaurante/controllers/LoginController.go:82.3,85.9 3 1
restaurante/controllers/LoginController.go:89.2,92.16 3 3
restaurante/controllers/LoginController.go:92.16,94.105 1 2
restaurante/controllers/LoginController.go:94.105,102.4 4 1
restaurante/controllers/LoginController.go:103.3,106.9 3 1
restaurante/controllers/LoginController.go:110.2,115.19 3 1
restaurante/controllers/LoginController.go:119.82,134.16 6 4
restaurante/controllers/LoginController.go:134.16,143.3 4 1
restaurante/controllers/LoginController.go:145.2,154.19 3 3
restaurante/controllers/LoginController.go:157.42,159.37 1 8
restaurante/controllers/LoginController.go:159.37,163.3 3 1
restaurante/controllers/LoginController.go:166.2,166.83 1 7
restaurante/controllers/LoginController.go:166.83,169.3 2 1
restaurante/controllers/LoginController.go:172.2,172.34 1 6
restaurante/controllers/LoginController.go:172.34,174.45 2 2
restaurante/controllers/LoginController.go:174.45,177.4 2 1
restaurante/controllers/LoginController.go:179.3,179.54 1 1
restaurante/controllers/LoginController.go:179.54,181.4 1 1
restaurante/controllers/LoginController.go:185.2,186.22 2 4
restaurante/controllers/LoginController.go:186.22,192.32 3 1
restaurante/controllers/LoginController.go:192.33,194.4 0 0
restaurante/controllers/LoginController.go:195.3,195.9 1 1
restaurante/controllers/LoginController.go:197.2,200.56 2 3
restaurante/controllers/LoginController.go:200.56,202.3 1 1
restaurante/controllers/LoginController.go:203.2,206.101 3 3
restaurante/controllers/LoginController.go:206.101,208.3 1 2
restaurante/controllers/LoginController.go:210.2,210.32 1 3
restaurante/controllers/LoginController.go:210.32,216.32 3 1
restaurante/controllers/LoginController.go:216.33,218.4 0 0
restaurante/controllers/LoginController.go:219.3,219.9 1 1
restaurante/controllers/LoginController.go:222.2,222.47 1 2
restaurante/controllers/MetodoPagoController.go:29.81,31.2 1 1
restaurante/controllers/MetodoPagoController.go:37.71,39.2 1 1
restaurante/controllers/MetodoPagoController.go:41.60,41.98 1 7
restaurante/controllers/MetodoPagoController.go:57.41,62.16 4 2
restaurante/controllers/MetodoPagoController.go:62.16,71.3 4 1
restaurante/controllers/MetodoPagoController.go:73.2,79.19 3 1
restaurante/controllers/MetodoPagoController.go:93.42,97.27 3 3
restaurante/controllers/MetodoPagoController.go:97.27,106.3 4 1
restaurante/controllers/MetodoPagoController.go:108.2,111.26 3 2
restaurante/controllers/MetodoPagoController.go:111.26,120.3 4 1
restaurante/controllers/MetodoPagoController.go:122.2,128.19 3 1
restaurante/controllers/MetodoPagoController.go:142.39,146.73 3 3
restaurante/controllers/MetodoPagoController.go:146.73,155.3 4 1
restaurante/controllers/MetodoPagoController.go:157.2,158.16 2 2
restaurante/controllers/MetodoPagoController.go:158.16,167.3 4 1
restaurante/controllers/MetodoPagoController.go:169.2,175.19 3 1
restaurante/controllers/MetodoPagoController.go:190.38,196.27 4 5
restaurante/controllers/MetodoPagoController.go:196.27,205.3 4 1
restaurante/controllers/MetodoPagoController.go:207.2,209.28 2 4
restaurante/controllers/MetodoPagoController.go:209.28,211.81 2 3
restaurante/controllers/MetodoPagoController.go:211.81,220.4 4 1
restaurante/controllers/MetodoPagoController.go:222.3,224.17 3 2
restaurante/controllers/MetodoPagoController.go:224.17,233.4 4 1
restaurante/controllers/MetodoPagoController.go:235.3,241.20 3 1
restaurante/controllers/MetodoPagoController.go:242.8,249.3 3 1
restaurante/controllers/MetodoPagoController.go:263.41,269.27 4 3
restaurante/controllers/MetodoPagoController.go:269.27,278.3 4 1
restaurante/controllers/MetodoPagoController.go:280.2,282.45 2 2
restaurante/controllers/MetodoPagoController.go:282.45,289.3 3 1
restaurante/controllers/MetodoPagoController.go:289.8,297.3 3 1
restaurante/controllers/NominaController.go:21.75,23.3 1 1
restaurante/controllers/NominaController.go:24.67,24.87 1 2
restaurante/controllers/NominaController.go:25.92,25.123 1 1
restaurante/controllers/NominaController.go:26.84,32.17 3 0
restaurante/controllers/NominaController.go:32.17,34.4 1 0
restaurante/controllers/NominaController.go:35.3,35.24 1 0
restaurante/controllers/NominaController.go:58.37,63.16 4 5
restaurante/controllers/NominaController.go:63.16,72.3 4 1
restaurante/controllers/NominaController.go:74.2,79.33 5 4
restaurante/controllers/NominaController.go:79.33,80.64 1 4
restaurante/controllers/NominaController.go:80.64,81.12 1 1
restaurante/controllers/NominaController.go:83.3,83.63 1 3
restaurante/controllers/NominaController.go:83.63,84.12 1 1
restaurante/controllers/NominaController.go:86.3,86.46 1 2
restaurante/controllers/NominaController.go:86.46,87.12 1 1
restaurante/controllers/NominaController.go:89.3,89.52 1 1
restaurante/controllers/NominaController.go:92.2,92.31 1 4
restaurante/controllers/NominaController.go:92.31,100.3 4 3
restaurante/controllers/NominaController.go:102.2,108.19 3 1
restaurante/controllers/NominaController.go:123.35,127.72 3 9
restaurante/controllers/NominaController.go:127.72,136.3 4 1
restaurante/controllers/NominaController.go:137.2,137.26 1 8
restaurante/controllers/NominaController.go:137.26,140.3 2 1
restaurante/controllers/NominaController.go:144.2,144.28 1 8
restaurante/controllers/NominaController.go:144.28,152.3 4 2
restaurante/controllers/NominaController.go:154.2,155.68 2 6
restaurante/controllers/NominaController.go:155.68,160.24 1 2
restaurante/controllers/NominaController.go:160.24,165.4 4 1
restaurante/controllers/NominaController.go:166.3,169.9 4 1
restaurante/controllers/NominaController.go:171.2,171.46 1 4
restaurante/controllers/NominaController.go:171.46,176.3 4 1
restaurante/controllers/NominaController.go:178.2,178.51 1 3
restaurante/controllers/NominaController.go:178.51,180.3 1 1
restaurante/controllers/NominaController.go:182.2,184.44 2 3
restaurante/controllers/NominaController.go:184.44,193.3 4 1
restaurante/controllers/NominaController.go:195.2,198.35 2 2
restaurante/controllers/NominaController.go:198.35,207.3 4 1
restaurante/controllers/NominaController.go:209.2,215.19 3 1
restaurante/controllers/NominaController.go:231.34,237.27 4 5
restaurante/controllers/NominaController.go:237.27,246.3 4 1
restaurante/controllers/NominaController.go:249.2,250.59 2 4
restaurante/controllers/NominaController.go:250.59,258.3 4 1
restaurante/controllers/NominaController.go:261.2,261.53 1 3
restaurante/controllers/NominaController.go:261.53,269.3 4 1
restaurante/controllers/NominaController.go:270.2,273.71 2 2
restaurante/controllers/NominaController.go:273.71,282.3 4 1
restaurante/controllers/NominaController.go:285.2,291.19 3 1
restaurante/controllers/NominaController.go:305.37,310.27 4 4
restaurante/controllers/NominaController.go:310.27,319.3 4 1
restaurante/controllers/NominaController.go:321.2,322.49 2 3
restaurante/controllers/NominaController.go:322.49,330.3 4 1
restaurante/controllers/NominaController.go:332.2,333.71 2 2
restaurante/controllers/NominaController.go:333.71,342.3 4 1
restaurante/controllers/NominaController.go:344.2,349.19 3 1
restaurante/controllers/NominaTrabajadorController.go:34.76,36.2 1 4
restaurante/controllers/NominaTrabajadorController.go:37.74,39.2 1 3
restaurante/controllers/NominaTrabajadorController.go:40.65,40.98 1 1
restaurante/controllers/NominaTrabajadorController.go:43.59,45.2 1 3
restaurante/controllers/NominaTrabajadorController.go:48.35,48.58 1 3
restaurante/controllers/NominaTrabajadorController.go:52.62,54.2 1 3
restaurante/controllers/NominaTrabajadorController.go:57.60,57.84 1 2
restaurante/controllers/NominaTrabajadorController.go:59.35,59.75 1 4
restaurante/controllers/NominaTrabajadorController.go:71.47,77.16 4 2
restaurante/controllers/NominaTrabajadorController.go:77.16,86.3 4 1
restaurante/controllers/NominaTrabajadorController.go:89.2,95.19 3 1
restaurante/controllers/NominaTrabajadorController.go:110.45,116.72 4 9
restaurante/controllers/NominaTrabajadorController.go:116.72,125.3 4 1
restaurante/controllers/NominaTrabajadorController.go:128.2,128.40 1 8
restaurante/controllers/NominaTrabajadorController.go:128.40,136.3 4 1
restaurante/controllers/NominaTrabajadorController.go:137.2,152.16 7 7
restaurante/controllers/NominaTrabajadorController.go:152.16,161.3 4 1
restaurante/controllers/NominaTrabajadorController.go:164.2,165.41 2 6
restaurante/controllers/NominaTrabajadorController.go:165.41,166.23 1 2
restaurante/controllers/NominaTrabajadorController.go:166.23,168.4 1 1
restaurante/controllers/NominaTrabajadorController.go:168.9,170.4 1 1
restaurante/controllers/NominaTrabajadorController.go:172.2,179.16 4 6
restaurante/controllers/NominaTrabajadorController.go:179.16,188.3 4 1
restaurante/controllers/NominaTrabajadorController.go:189.2,195.16 4 5
restaurante/controllers/NominaTrabajadorController.go:195.16,204.3 4 1
restaurante/controllers/NominaTrabajadorController.go:205.2,216.12 5 4
restaurante/controllers/NominaTrabajadorController.go:216.12,222.32 2 2
restaurante/controllers/NominaTrabajadorController.go:222.32,227.4 4 1
restaurante/controllers/NominaTrabajadorController.go:228.3,231.9 4 1
restaurante/controllers/NominaTrabajadorController.go:234.2,235.16 2 2
restaurante/controllers/NominaTrabajadorController.go:235.16,244.3 4 1
restaurante/controllers/NominaTrabajadorController.go:247.2,261.19 4 1
restaurante/controllers/NominaTrabajadorController.go:281.56,290.53 8 5
restaurante/controllers/NominaTrabajadorController.go:290.53,295.3 4 1
restaurante/controllers/NominaTrabajadorController.go:296.2,296.50 1 4
restaurante/controllers/NominaTrabajadorController.go:296.50,301.3 4 0
restaurante/controllers/NominaTrabajadorController.go:302.2,302.49 1 4
restaurante/controllers/NominaTrabajadorController.go:302.49,307.3 4 0
restaurante/controllers/NominaTrabajadorController.go:308.2,308.54 1 4
restaurante/controllers/NominaTrabajadorController.go:308.54,313.3 4 0
restaurante/controllers/NominaTrabajadorController.go:314.2,314.47 1 4
restaurante/controllers/NominaTrabajadorController.go:314.47,319.3 4 0
restaurante/controllers/NominaTrabajadorController.go:320.2,320.49 1 4
restaurante/controllers/NominaTrabajadorController.go:320.49,325.3 4 0
restaurante/controllers/NominaTrabajadorController.go:328.2,328.20 1 4
restaurante/controllers/NominaTrabajadorController.go:328.20,336.3 4 0
restaurante/controllers/NominaTrabajadorController.go:339.2,348.12 4 4
restaurante/controllers/NominaTrabajadorController.go:348.12,350.3 1 2
restaurante/controllers/NominaTrabajadorController.go:353.2,353.11 1 4
restaurante/controllers/NominaTrabajadorController.go:353.11,355.3 1 2
restaurante/controllers/NominaTrabajadorController.go:355.8,355.20 1 2
restaurante/controllers/NominaTrabajadorController.go:355.20,357.3 1 1
restaurante/controllers/NominaTrabajadorController.go:360.2,360.25 1 4
restaurante/controllers/NominaTrabajadorController.go:360.25,363.3 2 2
restaurante/controllers/NominaTrabajadorController.go:366.2,369.50 2 4
restaurante/controllers/NominaTrabajadorController.go:369.50,377.3 4 1
restaurante/controllers/NominaTrabajadorController.go:377.8,377.23 1 3
restaurante/controllers/NominaTrabajadorController.go:377.23,386.3 4 0
restaurante/controllers/NominaTrabajadorController.go:389.2,395.19 3 3
restaurante/controllers/NominaTrabajadorController.go:398.50,414.2 2 6
restaurante/controllers/NominaTrabajadorController.go:429.56,433.94 4 4
restaurante/controllers/NominaTrabajadorController.go:433.94,438.3 4 0
restaurante/controllers/NominaTrabajadorController.go:441.2,441.37 1 4
restaurante/controllers/NominaTrabajadorController.go:441.37,449.3 4 1
restaurante/controllers/NominaTrabajadorController.go:452.2,474.16 6 3
restaurante/controllers/NominaTrabajadorController.go:474.16,483.3 4 1
restaurante/controllers/NominaTrabajadorController.go:485.2,485.26 1 2
restaurante/controllers/NominaTrabajadorController.go:485.26,493.3 4 1
restaurante/controllers/NominaTrabajadorController.go:496.2,502.19 3 1
restaurante/controllers/PagoController.go:28.31,28.54 1 15
restaurante/controllers/PagoController.go:53.35,58.16 4 5
restaurante/controllers/PagoController.go:58.16,67.3 4 1
restaurante/controllers/PagoController.go:70.2,70.23 1 4
restaurante/controllers/PagoController.go:70.23,74.3 3 10
restaurante/controllers/PagoController.go:77.2,86.29 8 4
restaurante/controllers/PagoController.go:86.29,87.62 1 10
restaurante/controllers/PagoController.go:87.62,88.12 1 1
restaurante/controllers/PagoController.go:90.3,90.54 1 9
restaurante/controllers/PagoController.go:90.54,91.12 1 1
restaurante/controllers/PagoController.go:93.3,93.61 1 8
restaurante/controllers/PagoController.go:93.61,94.12 1 1
restaurante/controllers/PagoController.go:96.3,96.44 1 7
restaurante/controllers/PagoController.go:96.44,97.12 1 1
restaurante/controllers/PagoController.go:99.3,99.49 1 6
restaurante/controllers/PagoController.go:99.49,100.12 1 2
restaurante/controllers/PagoController.go:102.3,102.123 1 4
restaurante/controllers/PagoController.go:102.123,103.12 1 1
restaurante/controllers/PagoController.go:106.3,106.46 1 3
restaurante/controllers/PagoController.go:110.2,110.29 1 4
restaurante/controllers/PagoController.go:110.29,118.3 4 1
restaurante/controllers/PagoController.go:121.2,127.19 3 3
restaurante/controllers/PagoController.go:141.36,145.27 3 3
restaurante/controllers/PagoController.go:145.27,154.3 4 1
restaurante/controllers/PagoController.go:156.2,158.26 3 2
restaurante/controllers/PagoController.go:158.26,167.3 4 1
restaurante/controllers/PagoController.go:170.2,180.19 6 1
restaurante/controllers/PagoController.go:194.33,209.69 4 11
restaurante/controllers/PagoController.go:209.69,218.3 4 1
restaurante/controllers/PagoController.go:221.2,221.24 1 10
restaurante/controllers/PagoController.go:221.24,226.3 4 1
restaurante/controllers/PagoController.go:227.2,228.16 2 9
restaurante/controllers/PagoController.go:228.16,233.3 4 1
restaurante/controllers/PagoController.go:235.2,235.23 1 8
restaurante/controllers/PagoController.go:235.23,240.3 4 1
restaurante/controllers/PagoController.go:241.2,242.16 2 7
restaurante/controllers/PagoController.go:242.16,247.3 4 1
restaurante/controllers/PagoController.go:249.2,249.19 1 6
restaurante/controllers/PagoController.go:249.19,254.3 4 1
restaurante/controllers/PagoController.go:256.2,256.25 1 5
restaurante/controllers/PagoController.go:256.25,261.3 4 1
restaurante/controllers/PagoController.go:262.2,263.43 2 4
restaurante/controllers/PagoController.go:263.43,272.3 4 1
restaurante/controllers/PagoController.go:274.2,274.26 1 3
restaurante/controllers/PagoController.go:274.26,279.3 4 1
restaurante/controllers/PagoController.go:282.2,283.24 2 2
restaurante/controllers/PagoController.go:283.24,285.3 1 1
restaurante/controllers/PagoController.go:287.2,298.43 2 2
restaurante/controllers/PagoController.go:298.43,303.3 4 1
restaurante/controllers/PagoController.go:305.2,311.19 3 1
restaurante/controllers/PagoController.go:326.32,332.27 4 11
restaurante/controllers/PagoController.go:332.27,341.3 4 1
restaurante/controllers/PagoController.go:344.2,345.48 2 10
restaurante/controllers/PagoController.go:345.48,353.3 4 1
restaurante/controllers/PagoController.go:356.2,357.72 2 9
restaurante/controllers/PagoController.go:357.72,362.3 4 1
restaurante/controllers/PagoController.go:365.2,365.48 1 8
restaurante/controllers/PagoController.go:365.48,366.26 1 24
restaurante/controllers/PagoController.go:366.26,367.49 1 39
restaurante/controllers/PagoController.go:367.49,369.5 1 18
restaurante/controllers/PagoController.go:371.3,371.19 1 6
restaurante/controllers/PagoController.go:373.2,373.51 1 8
restaurante/controllers/PagoController.go:373.51,374.26 1 9
restaurante/controllers/PagoController.go:374.26,375.39 1 18
restaurante/controllers/PagoController.go:375.39,377.5 1 5
restaurante/controllers/PagoController.go:379.3,379.18 1 4
restaurante/controllers/PagoController.go:383.2,383.50 1 8
restaurante/controllers/PagoController.go:383.50,385.17 2 8
restaurante/controllers/PagoController.go:385.17,390.4 4 1
restaurante/controllers/PagoController.go:391.3,391.26 1 7
restaurante/controllers/PagoController.go:395.2,395.47 1 7
restaurante/controllers/PagoController.go:395.47,397.17 2 6
restaurante/controllers/PagoController.go:397.17,402.4 4 1
restaurante/controllers/PagoController.go:403.3,403.25 1 5
restaurante/controllers/PagoController.go:404.8,409.3 4 1
restaurante/controllers/PagoController.go:411.2,411.49 1 5
restaurante/controllers/PagoController.go:411.49,413.3 1 2
restaurante/controllers/PagoController.go:415.2,415.59 1 5
restaurante/controllers/PagoController.go:415.59,417.37 2 3
restaurante/controllers/PagoController.go:417.37,422.4 4 1
restaurante/controllers/PagoController.go:423.3,423.28 1 2
restaurante/controllers/PagoController.go:426.2,426.60 1 4
restaurante/controllers/PagoController.go:426.60,428.3 1 1
restaurante/controllers/PagoController.go:431.2,433.74 2 4
restaurante/controllers/PagoController.go:433.74,435.3 1 3
restaurante/controllers/PagoController.go:435.8,440.3 4 1
restaurante/controllers/PagoController.go:443.2,443.43 1 3
restaurante/controllers/PagoController.go:443.43,448.3 4 1
restaurante/controllers/PagoController.go:451.2,453.19 3 2
restaurante/controllers/PagoController.go:467.35,472.27 4 3
restaurante/controllers/PagoController.go:472.27,481.3 4 1
restaurante/controllers/PagoController.go:483.2,485.43 2 2
restaurante/controllers/PagoController.go:485.43,492.3 3 1
restaurante/controllers/PagoController.go:492.8,500.3 3 1
restaurante/controllers/PedidoController.go:35.37,59.17 12 5
restaurante/controllers/PedidoController.go:59.17,62.3 2 1
restaurante/controllers/PedidoController.go:64.2,64.32 1 5
restaurante/controllers/PedidoController.go:64.32,67.3 2 1
restaurante/controllers/PedidoController.go:69.2,69.26 1 5
restaurante/controllers/PedidoController.go:69.26,72.15 3 1
restaurante/controllers/PedidoController.go:72.15,75.4 2 1
restaurante/controllers/PedidoController.go:76.8,76.21 1 4
restaurante/controllers/PedidoController.go:76.21,80.3 2 1
restaurante/controllers/PedidoController.go:82.2,82.17 1 5
restaurante/controllers/PedidoController.go:82.17,85.3 2 1
restaurante/controllers/PedidoController.go:87.2,87.22 1 5
restaurante/controllers/PedidoController.go:87.22,90.3 2 1
restaurante/controllers/PedidoController.go:92.2,92.25 1 5
restaurante/controllers/PedidoController.go:92.25,93.16 1 2
restaurante/controllers/PedidoController.go:93.16,95.4 1 1
restaurante/controllers/PedidoController.go:95.9,97.4 1 1
restaurante/controllers/PedidoController.go:101.2,103.16 3 5
restaurante/controllers/PedidoController.go:103.16,111.3 3 1
restaurante/controllers/PedidoController.go:114.2,114.23 1 4
restaurante/controllers/PedidoController.go:114.23,121.3 3 3
restaurante/controllers/PedidoController.go:124.2,129.19 2 1
restaurante/controllers/PedidoController.go:144.35,153.69 2 5
restaurante/controllers/PedidoController.go:153.69,162.3 4 1
restaurante/controllers/PedidoController.go:164.2,165.19 2 4
restaurante/controllers/PedidoController.go:165.19,170.3 4 0
restaurante/controllers/PedidoController.go:171.2,180.24 6 4
restaurante/controllers/PedidoController.go:180.24,182.3 1 2
restaurante/controllers/PedidoController.go:182.8,184.3 1 2
restaurante/controllers/PedidoController.go:186.2,186.54 1 4
restaurante/controllers/PedidoController.go:186.54,188.3 1 1
restaurante/controllers/PedidoController.go:192.2,192.27 1 4
restaurante/controllers/PedidoController.go:192.27,194.3 1 1
restaurante/controllers/PedidoController.go:196.2,196.54 1 4
restaurante/controllers/PedidoController.go:196.54,204.3 4 1
restaurante/controllers/PedidoController.go:206.2,207.45 2 3
restaurante/controllers/PedidoController.go:207.45,216.3 4 1
restaurante/controllers/PedidoController.go:218.2,224.19 3 2
restaurante/controllers/PedidoController.go:240.46,246.22 4 4
restaurante/controllers/PedidoController.go:246.22,251.3 4 1
restaurante/controllers/PedidoController.go:254.2,255.262 2 3
restaurante/controllers/PedidoController.go:255.262,260.3 4 1
restaurante/controllers/PedidoController.go:263.2,264.76 2 2
restaurante/controllers/PedidoController.go:264.76,269.3 4 1
restaurante/controllers/PedidoController.go:271.2,272.19 2 1
restaurante/controllers/PedidoController.go:288.41,294.262 5 3
restaurante/controllers/PedidoController.go:294.262,299.3 4 1
restaurante/controllers/PedidoController.go:302.2,303.76 2 2
restaurante/controllers/PedidoController.go:303.76,308.3 4 1
restaurante/controllers/PedidoController.go:311.2,311.129 1 1
restaurante/controllers/PedidoController.go:311.130,314.3 0 0
restaurante/controllers/PedidoController.go:316.2,317.19 2 1
restaurante/controllers/PedidoController.go:334.49,342.42 3 6
restaurante/controllers/PedidoController.go:342.42,350.3 4 1
restaurante/controllers/PedidoController.go:352.2,356.262 3 5
restaurante/controllers/PedidoController.go:356.262,364.3 4 1
restaurante/controllers/PedidoController.go:367.2,367.120 1 4
restaurante/controllers/PedidoController.go:367.120,376.3 4 1
restaurante/controllers/PedidoController.go:379.2,386.19 4 3
restaurante/controllers/PedidoController.go:402.47,407.19 3 3
restaurante/controllers/PedidoController.go:407.19,414.3 3 1
restaurante/controllers/PedidoController.go:417.2,451.16 4 2
restaurante/controllers/PedidoController.go:451.16,459.3 3 1
restaurante/controllers/PedidoController.go:462.2,467.19 2 1
restaurante/controllers/PrecioProductoHistController.go:16.33,16.56 1 6
restaurante/controllers/PrecioProductoHistController.go:31.49,41.66 4 4
restaurante/controllers/PrecioProductoHistController.go:41.66,44.3 2 2
restaurante/controllers/PrecioProductoHistController.go:45.2,45.40 1 4
restaurante/controllers/PrecioProductoHistController.go:45.40,46.56 1 1
restaurante/controllers/PrecioProductoHistController.go:46.56,49.4 2 1
restaurante/controllers/PrecioProductoHistController.go:51.2,59.66 3 4
restaurante/controllers/PrecioProductoHistController.go:59.66,64.3 4 2
restaurante/controllers/PrecioProductoHistController.go:66.2,67.25 2 2
restaurante/controllers/PrecioProductoHistController.go:67.25,74.3 1 2
restaurante/controllers/PrecioProductoHistController.go:76.2,77.19 2 2
restaurante/controllers/PrecioProductoHistController.go:90.50,104.56 5 2
restaurante/controllers/PrecioProductoHistController.go:104.56,109.3 4 1
restaurante/controllers/PrecioProductoHistController.go:110.2,117.19 3 1
restaurante/controllers/ProductoController.go:25.102,27.17 2 0
restaurante/controllers/ProductoController.go:27.17,29.4 1 0
restaurante/controllers/ProductoController.go:30.3,30.27 1 0
restaurante/controllers/ProductoController.go:32.67,32.87 1 0
restaurante/controllers/ProductoController.go:33.76,33.98 1 0
restaurante/controllers/ProductoController.go:34.86,34.108 1 0
restaurante/controllers/ProductoController.go:35.92,35.123 1 0
restaurante/controllers/ProductoController.go:49.39,59.16 6 3
restaurante/controllers/ProductoController.go:59.16,68.3 4 1
restaurante/controllers/ProductoController.go:71.2,71.27 1 2
restaurante/controllers/ProductoController.go:71.27,72.20 1 2
restaurante/controllers/ProductoController.go:72.20,74.4 1 1
restaurante/controllers/ProductoController.go:77.2,83.19 3 2
restaurante/controllers/ProductoController.go:96.40,100.27 3 4
restaurante/controllers/ProductoController.go:100.27,109.3 4 1
restaurante/controllers/ProductoController.go:111.2,112.16 2 3
restaurante/controllers/ProductoController.go:112.16,120.3 4 2
restaurante/controllers/ProductoController.go:122.2,128.19 3 1
restaurante/controllers/ProductoController.go:149.37,154.76 4 10
restaurante/controllers/ProductoController.go:154.76,165.24 9 3
restaurante/controllers/ProductoController.go:165.24,167.4 1 1
restaurante/controllers/ProductoController.go:168.3,168.64 1 3
restaurante/controllers/ProductoController.go:168.64,170.4 1 1
restaurante/controllers/ProductoController.go:171.3,172.54 2 3
restaurante/controllers/ProductoController.go:172.54,174.4 1 1
restaurante/controllers/ProductoController.go:175.3,175.66 1 3
restaurante/controllers/ProductoController.go:175.66,177.4 1 1
restaurante/controllers/ProductoController.go:178.3,178.64 1 3
restaurante/controllers/ProductoController.go:178.64,180.4 1 1
restaurante/controllers/ProductoController.go:183.3,184.32 2 3
restaurante/controllers/ProductoController.go:184.32,185.17 1 1
restaurante/controllers/ProductoController.go:185.17,185.37 1 1
restaurante/controllers/ProductoController.go:186.4,186.51 1 1
restaurante/controllers/ProductoController.go:186.51,188.5 1 1
restaurante/controllers/ProductoController.go:190.8,191.76 1 7
restaurante/controllers/ProductoController.go:191.76,196.4 4 1
restaurante/controllers/ProductoController.go:199.2,201.52 2 9
restaurante/controllers/ProductoController.go:201.52,206.3 4 4
restaurante/controllers/ProductoController.go:208.2,208.58 1 5
restaurante/controllers/ProductoController.go:208.58,213.3 4 1
restaurante/controllers/ProductoController.go:216.2,216.196 1 4
restaurante/controllers/ProductoController.go:216.197,218.3 0 4
restaurante/controllers/ProductoController.go:220.2,221.56 2 4
restaurante/controllers/ProductoController.go:221.56,226.3 4 1
restaurante/controllers/ProductoController.go:228.2,230.19 3 3
restaurante/controllers/ProductoController.go:252.36,257.27 4 16
restaurante/controllers/ProductoController.go:257.27,262.3 4 1
restaurante/controllers/ProductoController.go:264.2,266.41 2 15
restaurante/controllers/ProductoController.go:266.41,270.77 3 14
restaurante/controllers/ProductoController.go:270.77,272.43 1 4
restaurante/controllers/ProductoController.go:272.43,274.5 1 2
restaurante/controllers/ProductoController.go:275.4,275.48 1 4
restaurante/controllers/ProductoController.go:275.48,277.5 1 2
restaurante/controllers/ProductoController.go:278.4,278.43 1 4
restaurante/controllers/ProductoController.go:278.43,279.54 1 2
restaurante/controllers/ProductoController.go:279.54,281.6 1 2
restaurante/controllers/ProductoController.go:283.4,283.51 1 4
restaurante/controllers/ProductoController.go:283.51,285.5 1 2
restaurante/controllers/ProductoController.go:286.4,286.45 1 4
restaurante/controllers/ProductoController.go:286.45,287.42 1 2
restaurante/controllers/ProductoController.go:287.42,289.6 1 2
restaurante/controllers/ProductoController.go:291.4,291.45 1 4
restaurante/controllers/ProductoController.go:291.45,292.54 1 2
restaurante/controllers/ProductoController.go:292.54,294.6 1 2
restaurante/controllers/ProductoController.go:296.4,296.51 1 4
restaurante/controllers/ProductoController.go:296.51,297.54 1 2
restaurante/controllers/ProductoController.go:297.54,299.6 1 2
restaurante/controllers/ProductoController.go:303.4,303.72 1 4
restaurante/controllers/ProductoController.go:303.72,304.18 1 1
restaurante/controllers/ProductoController.go:304.18,304.38 1 1
restaurante/controllers/ProductoController.go:305.5,305.52 1 1
restaurante/controllers/ProductoController.go:305.52,307.6 1 1
restaurante/controllers/ProductoController.go:309.9,311.74 2 10
restaurante/controllers/ProductoController.go:311.74,316.5 4 1
restaurante/controllers/ProductoController.go:318.4,325.29 8 9
restaurante/controllers/ProductoController.go:325.29,327.5 1 1
restaurante/controllers/ProductoController.go:330.3,330.53 1 13
restaurante/controllers/ProductoController.go:330.53,335.4 4 2
restaurante/controllers/ProductoController.go:337.3,337.44 1 11
restaurante/controllers/ProductoController.go:337.44,342.4 4 3
restaurante/controllers/ProductoController.go:344.3,344.58 1 8
restaurante/controllers/ProductoController.go:344.58,349.4 4 1
restaurante/controllers/ProductoController.go:351.3,351.41 1 7
restaurante/controllers/ProductoController.go:351.41,353.198 1 6
restaurante/controllers/ProductoController.go:353.199,355.5 0 6
restaurante/controllers/ProductoController.go:357.4,358.58 2 6
restaurante/controllers/ProductoController.go:358.58,363.5 4 2
restaurante/controllers/ProductoController.go:366.3,368.20 3 5
restaurante/controllers/ProductoController.go:369.8,373.3 3 1
restaurante/controllers/ProductoController.go:388.39,394.27 4 5
restaurante/controllers/ProductoController.go:394.27,403.3 4 1
restaurante/controllers/ProductoController.go:406.2,407.16 2 4
restaurante/controllers/ProductoController.go:407.16,415.3 4 1
restaurante/controllers/ProductoController.go:416.2,416.67 1 3
restaurante/controllers/ProductoController.go:416.67,424.3 4 1
restaurante/controllers/ProductoController.go:426.2,427.76 2 2
restaurante/controllers/ProductoController.go:427.76,436.3 4 1
restaurante/controllers/ProductoController.go:438.2,443.19 3 1
restaurante/controllers/ProductoController.go:446.56,447.27 1 28
restaurante/controllers/ProductoController.go:447.27,449.3 1 4
restaurante/controllers/ProductoController.go:450.2,450.26 1 24
restaurante/controllers/ProductoController.go:450.26,452.3 1 2
restaurante/controllers/ProductoController.go:453.2,453.56 1 22
restaurante/controllers/ProductoController.go:453.56,455.3 1 2
restaurante/controllers/ProductoController.go:456.2,456.130 1 20
restaurante/controllers/ProductoController.go:456.130,458.3 1 3
restaurante/controllers/ProductoController.go:459.2,459.12 1 17
restaurante/controllers/ProductoController.go:462.71,464.52 2 7
restaurante/controllers/ProductoController.go:464.52,465.27 1 3
restaurante/controllers/ProductoController.go:465.27,467.4 1 2
restaurante/controllers/ProductoController.go:468.3,468.65 1 1
restaurante/controllers/ProductoController.go:470.2,470.22 1 4
restaurante/controllers/ProductoPedidoController.go:20.55,20.78 1 1
restaurante/controllers/ProductoPedidoController.go:23.49,23.72 1 29
restaurante/controllers/ProductoPedidoController.go:24.68,24.88 1 20
restaurante/controllers/ProductoPedidoController.go:54.45,56.33 2 4
restaurante/controllers/ProductoPedidoController.go:56.33,63.3 3 1
restaurante/controllers/ProductoPedidoController.go:65.2,69.30 3 3
restaurante/controllers/ProductoPedidoController.go:69.30,77.3 3 1
restaurante/controllers/ProductoPedidoController.go:79.2,79.24 1 2
restaurante/controllers/ProductoPedidoController.go:79.24,86.3 3 1
restaurante/controllers/ProductoPedidoController.go:88.2,98.19 3 1
restaurante/controllers/ProductoPedidoController.go:113.43,119.72 2 15
restaurante/controllers/ProductoPedidoController.go:119.72,127.3 3 1
restaurante/controllers/ProductoPedidoController.go:129.2,129.53 1 14
restaurante/controllers/ProductoPedidoController.go:129.53,136.3 3 2
restaurante/controllers/ProductoPedidoController.go:139.2,140.35 2 12
restaurante/controllers/ProductoPedidoController.go:140.35,141.45 1 15
restaurante/controllers/ProductoPedidoController.go:141.45,142.12 1 2
restaurante/controllers/ProductoPedidoController.go:144.3,144.39 1 13
restaurante/controllers/ProductoPedidoController.go:148.2,149.21 2 12
restaurante/controllers/ProductoPedidoController.go:149.21,151.27 2 12
restaurante/controllers/ProductoPedidoController.go:151.27,153.4 1 12
restaurante/controllers/ProductoPedidoController.go:154.3,156.26 3 12
restaurante/controllers/ProductoPedidoController.go:156.26,159.4 2 12
restaurante/controllers/ProductoPedidoController.go:160.3,165.67 3 12
restaurante/controllers/ProductoPedidoController.go:165.67,169.4 1 2
restaurante/controllers/ProductoPedidoController.go:170.3,171.26 2 12
restaurante/controllers/ProductoPedidoController.go:171.26,173.4 1 10
restaurante/controllers/ProductoPedidoController.go:174.3,175.32 2 12
restaurante/controllers/ProductoPedidoController.go:175.32,177.18 2 12
restaurante/controllers/ProductoPedidoController.go:177.18,179.5 1 2
restaurante/controllers/ProductoPedidoController.go:181.3,181.21 1 12
restaurante/controllers/ProductoPedidoController.go:181.21,185.4 3 2
restaurante/controllers/ProductoPedidoController.go:188.2,189.16 2 10
restaurante/controllers/ProductoPedidoController.go:189.16,193.3 3 1
restaurante/controllers/ProductoPedidoController.go:195.2,197.34 2 9
restaurante/controllers/ProductoPedidoController.go:197.34,200.17 2 9
restaurante/controllers/ProductoPedidoController.go:200.17,205.4 4 3
restaurante/controllers/ProductoPedidoController.go:206.3,207.17 2 6
restaurante/controllers/ProductoPedidoController.go:207.17,212.4 4 0
restaurante/controllers/ProductoPedidoController.go:213.3,213.20 1 6
restaurante/controllers/ProductoPedidoController.go:213.20,218.4 4 1
restaurante/controllers/ProductoPedidoController.go:221.3,226.48 2 5
restaurante/controllers/ProductoPedidoController.go:226.48,231.4 4 2
restaurante/controllers/ProductoPedidoController.go:234.3,238.34 2 3
restaurante/controllers/ProductoPedidoController.go:238.34,243.4 4 1
restaurante/controllers/ProductoPedidoController.go:244.3,244.43 1 2
restaurante/controllers/ProductoPedidoController.go:247.2,247.36 1 2
restaurante/controllers/ProductoPedidoController.go:247.36,252.3 4 1
restaurante/controllers/ProductoPedidoController.go:254.2,264.19 3 1
restaurante/controllers/ProductoPedidoController.go:281.45,283.33 2 20
restaurante/controllers/ProductoPedidoController.go:283.33,290.3 3 1
restaurante/controllers/ProductoPedidoController.go:293.2,294.82 2 19
restaurante/controllers/ProductoPedidoController.go:294.82,302.3 3 1
restaurante/controllers/ProductoPedidoController.go:304.2,304.31 1 18
restaurante/controllers/ProductoPedidoController.go:304.31,311.3 3 1
restaurante/controllers/ProductoPedidoController.go:314.2,315.36 2 17
restaurante/controllers/ProductoPedidoController.go:315.36,316.44 1 18
restaurante/controllers/ProductoPedidoController.go:316.44,317.12 1 1
restaurante/controllers/ProductoPedidoController.go:319.3,319.39 1 17
restaurante/controllers/ProductoPedidoController.go:322.2,328.30 3 17
restaurante/controllers/ProductoPedidoController.go:328.30,332.3 3 4
restaurante/controllers/ProductoPedidoController.go:334.2,335.29 2 13
restaurante/controllers/ProductoPedidoController.go:335.29,336.28 1 5
restaurante/controllers/ProductoPedidoController.go:336.28,338.4 1 5
restaurante/controllers/ProductoPedidoController.go:342.2,343.31 2 13
restaurante/controllers/ProductoPedidoController.go:343.31,347.3 3 13
restaurante/controllers/ProductoPedidoController.go:348.2,348.35 1 13
restaurante/controllers/ProductoPedidoController.go:348.35,350.3 1 1
restaurante/controllers/ProductoPedidoController.go:353.2,354.29 2 13
restaurante/controllers/ProductoPedidoController.go:354.29,355.12 1 14
restaurante/controllers/ProductoPedidoController.go:355.12,357.4 1 9
restaurante/controllers/ProductoPedidoController.go:359.2,359.19 1 13
restaurante/controllers/ProductoPedidoController.go:359.19,361.25 2 9
restaurante/controllers/ProductoPedidoController.go:361.25,363.4 1 9
restaurante/controllers/ProductoPedidoController.go:364.3,366.26 3 9
restaurante/controllers/ProductoPedidoController.go:366.26,369.4 2 9
restaurante/controllers/ProductoPedidoController.go:370.3,375.67 3 9
restaurante/controllers/ProductoPedidoController.go:375.67,379.4 3 0
restaurante/controllers/ProductoPedidoController.go:380.3,381.26 2 9
restaurante/controllers/ProductoPedidoController.go:381.26,383.4 1 9
restaurante/controllers/ProductoPedidoController.go:384.3,385.30 2 9
restaurante/controllers/ProductoPedidoController.go:385.30,387.18 2 9
restaurante/controllers/ProductoPedidoController.go:387.18,389.5 1 1
restaurante/controllers/ProductoPedidoController.go:391.3,391.21 1 9
restaurante/controllers/ProductoPedidoController.go:391.21,395.4 3 1
restaurante/controllers/ProductoPedidoController.go:398.2,399.16 2 12
restaurante/controllers/ProductoPedidoController.go:399.16,403.3 3 1
restaurante/controllers/ProductoPedidoController.go:406.2,406.33 1 11
restaurante/controllers/ProductoPedidoController.go:406.33,407.17 1 12
restaurante/controllers/ProductoPedidoController.go:407.17,408.12 1 0
restaurante/controllers/ProductoPedidoController.go:410.3,410.16 1 12
restaurante/controllers/ProductoPedidoController.go:410.16,412.18 2 7
restaurante/controllers/ProductoPedidoController.go:412.18,417.5 4 1
restaurante/controllers/ProductoPedidoController.go:418.4,419.18 2 6
restaurante/controllers/ProductoPedidoController.go:419.18,424.5 4 0
restaurante/controllers/ProductoPedidoController.go:425.4,425.21 1 6
restaurante/controllers/ProductoPedidoController.go:425.21,430.5 4 1
restaurante/controllers/ProductoPedidoController.go:431.9,433.125 2 5
restaurante/controllers/ProductoPedidoController.go:433.125,438.5 4 1
restaurante/controllers/ProductoPedidoController.go:443.2,443.108 1 8
restaurante/controllers/ProductoPedidoController.go:443.108,448.3 4 7
restaurante/controllers/ProductoPedidoController.go:450.2,451.31 2 1
restaurante/controllers/ProductoPedidoController.go:451.31,453.48 2 1
restaurante/controllers/ProductoPedidoController.go:453.48,458.4 4 1
restaurante/controllers/ProductoPedidoController.go:459.3,460.172 2 0
restaurante/controllers/ProductoPedidoController.go:460.172,465.4 4 0
restaurante/controllers/ProductoPedidoController.go:466.3,466.43 1 0
restaurante/controllers/ProductoPedidoController.go:469.2,469.36 1 0
restaurante/controllers/ProductoPedidoController.go:469.36,474.3 4 0
restaurante/controllers/ProductoPedidoController.go:476.2,478.19 3 0
restaurante/controllers/ReservaContactoController.go:15.49,15.72 1 0
restaurante/controllers/ReservaContactoController.go:29.46,32.69 3 2
restaurante/controllers/ReservaContactoController.go:32.69,34.3 1 1
restaurante/controllers/ReservaContactoController.go:35.2,35.68 1 2
restaurante/controllers/ReservaContactoController.go:35.68,37.3 1 1
restaurante/controllers/ReservaContactoController.go:38.2,39.41 2 2
restaurante/controllers/ReservaContactoController.go:39.41,44.3 4 1
restaurante/controllers/ReservaContactoController.go:45.2,46.19 2 1
restaurante/controllers/ReservaContactoController.go:58.47,62.103 4 2
restaurante/controllers/ReservaContactoController.go:62.103,67.3 4 1
restaurante/controllers/ReservaContactoController.go:68.2,69.19 2 1
restaurante/controllers/ReservaController.go:26.85,28.2 1 2
restaurante/controllers/ReservaController.go:30.62,32.2 1 1
restaurante/controllers/ReservaController.go:34.73,36.2 1 1
restaurante/controllers/ReservaController.go:38.89,40.2 1 1
restaurante/controllers/ReservaController.go:42.152,44.17 2 1
restaurante/controllers/ReservaController.go:44.17,46.3 1 1
restaurante/controllers/ReservaController.go:47.2,47.14 1 1
restaurante/controllers/ReservaController.go:47.14,49.3 1 1
restaurante/controllers/ReservaController.go:50.2,50.25 1 1
restaurante/controllers/ReservaController.go:62.38,67.16 4 2
restaurante/controllers/ReservaController.go:67.16,76.3 4 1
restaurante/controllers/ReservaController.go:79.2,79.26 1 1
restaurante/controllers/ReservaController.go:79.26,84.3 4 1
restaurante/controllers/ReservaController.go:86.2,92.19 3 1
restaurante/controllers/ReservaController.go:105.39,109.27 3 3
restaurante/controllers/ReservaController.go:109.27,118.3 4 1
restaurante/controllers/ReservaController.go:120.2,123.26 3 2
restaurante/controllers/ReservaController.go:123.26,132.3 4 1
restaurante/controllers/ReservaController.go:133.2,144.19 7 1
restaurante/controllers/ReservaController.go:157.36,162.72 3 12
restaurante/controllers/ReservaController.go:162.72,171.3 4 1
restaurante/controllers/ReservaController.go:174.2,175.55 2 11
restaurante/controllers/ReservaController.go:175.55,178.3 2 2
restaurante/controllers/ReservaController.go:179.2,179.54 1 11
restaurante/controllers/ReservaController.go:179.54,182.3 2 1
restaurante/controllers/ReservaController.go:183.2,183.77 1 11
restaurante/controllers/ReservaController.go:183.77,184.24 1 2
restaurante/controllers/ReservaController.go:184.24,189.4 4 1
restaurante/controllers/ReservaController.go:193.2,196.74 2 10
restaurante/controllers/ReservaController.go:196.74,198.17 2 9
restaurante/controllers/ReservaController.go:198.17,207.4 4 1
restaurante/controllers/ReservaController.go:208.3,208.29 1 8
restaurante/controllers/ReservaController.go:209.8,217.3 4 1
restaurante/controllers/ReservaController.go:220.2,220.71 1 8
restaurante/controllers/ReservaController.go:220.71,222.17 2 7
restaurante/controllers/ReservaController.go:222.17,231.4 4 1
restaurante/controllers/ReservaController.go:232.3,232.28 1 6
restaurante/controllers/ReservaController.go:233.8,241.3 4 1
restaurante/controllers/ReservaController.go:244.2,244.53 1 6
restaurante/controllers/ReservaController.go:244.53,246.3 1 5
restaurante/controllers/ReservaController.go:246.8,254.3 4 1
restaurante/controllers/ReservaController.go:257.2,257.58 1 5
restaurante/controllers/ReservaController.go:257.58,259.19 2 2
restaurante/controllers/ReservaController.go:259.19,260.34 1 2
restaurante/controllers/ReservaController.go:260.34,269.5 4 1
restaurante/controllers/ReservaController.go:270.4,270.36 1 1
restaurante/controllers/ReservaController.go:275.2,275.60 1 4
restaurante/controllers/ReservaController.go:275.60,277.3 1 1
restaurante/controllers/ReservaController.go:280.2,280.54 1 4
restaurante/controllers/ReservaController.go:280.54,282.3 1 1
restaurante/controllers/ReservaController.go:284.2,284.57 1 4
restaurante/controllers/ReservaController.go:284.57,287.3 2 3
restaurante/controllers/ReservaController.go:287.8,295.3 4 1
restaurante/controllers/ReservaController.go:296.2,296.63 1 3
restaurante/controllers/ReservaController.go:296.63,299.3 2 2
restaurante/controllers/ReservaController.go:299.8,307.3 4 1
restaurante/controllers/ReservaController.go:310.2,315.16 4 2
restaurante/controllers/ReservaController.go:315.16,324.3 4 1
restaurante/controllers/ReservaController.go:327.2,333.19 3 1
restaurante/controllers/ReservaController.go:347.35,352.27 3 11
restaurante/controllers/ReservaController.go:352.27,361.3 4 1
restaurante/controllers/ReservaController.go:364.2,365.49 2 10
restaurante/controllers/ReservaController.go:365.49,373.3 4 1
restaurante/controllers/ReservaController.go:376.2,377.72 2 9
restaurante/controllers/ReservaController.go:377.72,386.3 4 1
restaurante/controllers/ReservaController.go:389.2,390.55 2 8
restaurante/controllers/ReservaController.go:390.55,393.3 2 2
restaurante/controllers/ReservaController.go:394.2,394.54 1 8
restaurante/controllers/ReservaController.go:394.54,397.3 2 1
restaurante/controllers/ReservaController.go:398.2,398.77 1 8
restaurante/controllers/ReservaController.go:398.77,399.24 1 2
restaurante/controllers/ReservaController.go:399.24,404.4 4 1
restaurante/controllers/ReservaController.go:408.2,408.74 1 7
restaurante/controllers/ReservaController.go:408.74,410.17 2 7
restaurante/controllers/ReservaController.go:410.17,419.4 4 1
restaurante/controllers/ReservaController.go:420.3,420.29 1 6
[...]
restaurante/controllers/RestauranteDiaController.go:107.2,114.19 3 1
restaurante/controllers/SubcategoriaController.go:27.75,29.2 1 2
restaurante/controllers/SubcategoriaController.go:30.82,32.2 1 1
restaurante/controllers/SubcategoriaController.go:36.67,38.2 1 2
restaurante/controllers/SubcategoriaController.go:39.66,39.90 1 1
restaurante/controllers/SubcategoriaController.go:40.66,40.97 1 1
restaurante/controllers/SubcategoriaController.go:41.77,43.2 1 1
restaurante/controllers/SubcategoriaController.go:44.77,46.2 1 1
restaurante/controllers/SubcategoriaController.go:48.39,48.80 1 0
restaurante/controllers/SubcategoriaController.go:61.43,64.71 3 3
restaurante/controllers/SubcategoriaController.go:64.71,66.3 1 1
restaurante/controllers/SubcategoriaController.go:67.2,68.41 2 3
restaurante/controllers/SubcategoriaController.go:68.41,73.3 4 1
restaurante/controllers/SubcategoriaController.go:74.2,75.19 2 2
restaurante/controllers/SubcategoriaController.go:87.44,91.35 4 2
restaurante/controllers/SubcategoriaController.go:91.35,96.3 4 1
restaurante/controllers/SubcategoriaController.go:97.2,98.19 2 1
restaurante/controllers/SubcategoriaController.go:111.41,117.111 3 3
restaurante/controllers/SubcategoriaController.go:117.111,122.3 4 1
restaurante/controllers/SubcategoriaController.go:123.2,124.40 2 2
restaurante/controllers/SubcategoriaController.go:124.40,129.3 4 1
restaurante/controllers/SubcategoriaController.go:130.2,132.19 3 1
restaurante/controllers/SubcategoriaController.go:145.40,149.35 4 4
restaurante/controllers/SubcategoriaController.go:149.35,154.3 4 1
restaurante/controllers/SubcategoriaController.go:155.2,159.69 2 3
restaurante/controllers/SubcategoriaController.go:159.69,164.3 4 1
restaurante/controllers/SubcategoriaController.go:165.2,166.22 2 2
restaurante/controllers/SubcategoriaController.go:166.22,169.3 2 2
restaurante/controllers/SubcategoriaController.go:170.2,170.27 1 2
restaurante/controllers/SubcategoriaController.go:170.27,173.3 2 1
restaurante/controllers/SubcategoriaController.go:174.2,174.49 1 2
restaurante/controllers/SubcategoriaController.go:174.49,179.3 4 1
restaurante/controllers/SubcategoriaController.go:180.2,181.19 2 1
restaurante/controllers/SubcategoriaController.go:193.43,196.82 3 2
restaurante/controllers/SubcategoriaController.go:196.82,201.3 4 1
restaurante/controllers/SubcategoriaController.go:202.2,203.19 2 1
restaurante/controllers/TrabajadorController.go:25.58,27.16 2 5
restaurante/controllers/TrabajadorController.go:27.16,29.3 1 0
restaurante/controllers/TrabajadorController.go:30.2,30.36 1 5
restaurante/controllers/TrabajadorController.go:34.64,35.47 1 6
restaurante/controllers/TrabajadorController.go:35.47,36.40 1 4
restaurante/controllers/TrabajadorController.go:36.40,38.4 1 2
restaurante/controllers/TrabajadorController.go:40.2,40.12 1 4
restaurante/controllers/TrabajadorController.go:57.41,63.24 4 4
restaurante/controllers/TrabajadorController.go:63.24,65.3 1 2
restaurante/controllers/TrabajadorController.go:66.2,72.19 5 4
restaurante/controllers/TrabajadorController.go:72.19,74.3 1 1
restaurante/controllers/TrabajadorController.go:74.8,74.30 1 3
restaurante/controllers/TrabajadorController.go:74.30,76.3 1 3
restaurante/controllers/TrabajadorController.go:79.2,79.24 1 4
restaurante/controllers/TrabajadorController.go:79.24,81.17 2 2
restaurante/controllers/TrabajadorController.go:81.17,86.4 4 1
restaurante/controllers/TrabajadorController.go:87.3,87.48 1 1
restaurante/controllers/TrabajadorController.go:89.2,89.15 1 3
restaurante/controllers/TrabajadorController.go:89.15,91.3 1 1
restaurante/controllers/TrabajadorController.go:94.2,95.16 2 3
restaurante/controllers/TrabajadorController.go:95.16,104.3 4 1
restaurante/controllers/TrabajadorController.go:107.2,107.30 1 2
restaurante/controllers/TrabajadorController.go:107.30,109.42 2 1
restaurante/controllers/TrabajadorController.go:109.42,112.4 2 1
restaurante/controllers/TrabajadorController.go:113.3,113.46 1 1
restaurante/controllers/TrabajadorController.go:113.46,116.4 2 1
restaurante/controllers/TrabajadorController.go:117.3,121.31 3 1
restaurante/controllers/TrabajadorController.go:121.31,123.4 1 1
restaurante/controllers/TrabajadorController.go:127.2,127.28 1 2
restaurante/controllers/TrabajadorController.go:127.28,136.3 4 1
restaurante/controllers/TrabajadorController.go:139.2,145.19 3 1
restaurante/controllers/TrabajadorController.go:159.42,163.27 3 3
restaurante/controllers/TrabajadorController.go:163.27,171.3 4 1
restaurante/controllers/TrabajadorController.go:173.2,175.26 3 2
restaurante/controllers/TrabajadorController.go:175.26,183.3 4 1
restaurante/controllers/TrabajadorController.go:185.2,189.30 3 1
restaurante/controllers/TrabajadorController.go:189.30,191.3 1 1
restaurante/controllers/TrabajadorController.go:192.2,198.19 3 1
restaurante/controllers/TrabajadorController.go:212.39,217.72 3 13
restaurante/controllers/TrabajadorController.go:217.72,226.3 4 1
restaurante/controllers/TrabajadorController.go:227.2,232.59 3 12
restaurante/controllers/TrabajadorController.go:232.59,234.3 1 11
restaurante/controllers/TrabajadorController.go:234.8,242.3 4 1
restaurante/controllers/TrabajadorController.go:245.2,245.64 1 11
restaurante/controllers/TrabajadorController.go:245.64,247.3 1 10
restaurante/controllers/TrabajadorController.go:247.8,255.3 4 1
restaurante/controllers/TrabajadorController.go:258.2,258.70 1 10
restaurante/controllers/TrabajadorController.go:258.70,260.3 1 9
restaurante/controllers/TrabajadorController.go:260.8,268.3 4 1
restaurante/controllers/TrabajadorController.go:271.2,271.55 1 9
restaurante/controllers/TrabajadorController.go:271.55,273.3 1 8
restaurante/controllers/TrabajadorController.go:273.8,281.3 4 1
restaurante/controllers/TrabajadorController.go:284.2,284.88 1 8
restaurante/controllers/TrabajadorController.go:284.88,286.17 2 7
restaurante/controllers/TrabajadorController.go:286.17,295.4 4 1
restaurante/controllers/TrabajadorController.go:296.3,296.40 1 6
restaurante/controllers/TrabajadorController.go:297.8,305.3 4 1
restaurante/controllers/TrabajadorController.go:308.2,308.49 1 6
restaurante/controllers/TrabajadorController.go:308.49,310.3 1 5
restaurante/controllers/TrabajadorController.go:310.8,318.3 4 1
restaurante/controllers/TrabajadorController.go:321.2,321.70 1 5
restaurante/controllers/TrabajadorController.go:321.70,323.17 2 4
restaurante/controllers/TrabajadorController.go:323.17,332.4 4 1
restaurante/controllers/TrabajadorController.go:333.3,333.39 1 3
restaurante/controllers/TrabajadorController.go:334.8,342.3 4 1
restaurante/controllers/TrabajadorController.go:345.2,345.52 1 3
restaurante/controllers/TrabajadorController.go:345.52,347.3 1 1
restaurante/controllers/TrabajadorController.go:350.2,350.63 1 3
restaurante/controllers/TrabajadorController.go:350.63,353.3 2 1
restaurante/controllers/TrabajadorController.go:356.2,356.97 1 3
restaurante/controllers/TrabajadorController.go:356.97,358.17 2 2
restaurante/controllers/TrabajadorController.go:358.17,367.4 4 1
restaurante/controllers/TrabajadorController.go:368.3,368.44 1 1
restaurante/controllers/TrabajadorController.go:372.2,373.16 2 2
restaurante/controllers/TrabajadorController.go:373.16,382.3 4 1
restaurante/controllers/TrabajadorController.go:385.2,393.19 4 1
restaurante/controllers/TrabajadorController.go:408.38,412.27 3 11
restaurante/controllers/TrabajadorController.go:412.27,420.3 4 1
restaurante/controllers/TrabajadorController.go:423.2,424.44 2 10
restaurante/controllers/TrabajadorController.go:424.44,432.3 4 1
restaurante/controllers/TrabajadorController.go:435.2,436.72 2 9
restaurante/controllers/TrabajadorController.go:436.72,445.3 4 1
restaurante/controllers/TrabajadorController.go:448.2,448.48 1 8
restaurante/controllers/TrabajadorController.go:448.48,449.26 1 58
restaurante/controllers/TrabajadorController.go:449.26,450.49 1 116
restaurante/controllers/TrabajadorController.go:450.49,452.5 1 16
restaurante/controllers/TrabajadorController.go:454.3,454.19 1 42
restaurante/controllers/TrabajadorController.go:456.2,456.51 1 8
restaurante/controllers/TrabajadorController.go:456.51,457.26 1 8
restaurante/controllers/TrabajadorController.go:457.26,458.39 1 16
restaurante/controllers/TrabajadorController.go:458.39,460.5 1 1
restaurante/controllers/TrabajadorController.go:462.3,462.18 1 7
restaurante/controllers/TrabajadorController.go:464.2,464.47 1 8
restaurante/controllers/TrabajadorController.go:464.47,465.26 1 8
restaurante/controllers/TrabajadorController.go:465.26,466.36 1 16
restaurante/controllers/TrabajadorController.go:466.36,468.5 1 1
restaurante/controllers/TrabajadorController.go:470.3,470.22 1 7
restaurante/controllers/TrabajadorController.go:473.2,473.45 1 8
restaurante/controllers/TrabajadorController.go:473.45,475.3 1 2
restaurante/controllers/TrabajadorController.go:476.2,476.49 1 8
restaurante/controllers/TrabajadorController.go:476.49,478.3 1 1
restaurante/controllers/TrabajadorController.go:479.2,479.39 1 8
restaurante/controllers/TrabajadorController.go:479.39,481.3 1 1
restaurante/controllers/TrabajadorController.go:482.2,482.47 1 8
restaurante/controllers/TrabajadorController.go:482.47,484.3 1 1
restaurante/controllers/TrabajadorController.go:485.2,485.44 1 8
restaurante/controllers/TrabajadorController.go:485.44,487.3 1 1
restaurante/controllers/TrabajadorController.go:488.2,488.49 1 8
restaurante/controllers/TrabajadorController.go:488.49,490.3 1 2
restaurante/controllers/TrabajadorController.go:492.2,492.58 1 8
restaurante/controllers/TrabajadorController.go:492.58,494.17 2 3
restaurante/controllers/TrabajadorController.go:494.17,499.4 4 1
restaurante/controllers/TrabajadorController.go:500.3,500.40 1 2
restaurante/controllers/TrabajadorController.go:502.2,502.56 1 7
restaurante/controllers/TrabajadorController.go:502.56,504.17 2 3
restaurante/controllers/TrabajadorController.go:504.17,509.4 4 1
restaurante/controllers/TrabajadorController.go:510.3,511.41 2 2
restaurante/controllers/TrabajadorController.go:513.2,513.64 1 6
restaurante/controllers/TrabajadorController.go:513.64,515.17 2 2
restaurante/controllers/TrabajadorController.go:515.17,520.4 4 1
restaurante/controllers/TrabajadorController.go:521.3,522.49 2 1
restaurante/controllers/TrabajadorController.go:524.2,524.49 1 5
restaurante/controllers/TrabajadorController.go:524.49,526.17 2 2
restaurante/controllers/TrabajadorController.go:526.17,531.4 4 1
restaurante/controllers/TrabajadorController.go:532.3,532.39 1 1
restaurante/controllers/TrabajadorController.go:536.2,536.90 1 4
restaurante/controllers/TrabajadorController.go:536.90,541.3 4 1
restaurante/controllers/TrabajadorController.go:544.2,544.49 1 3
restaurante/controllers/TrabajadorController.go:544.49,549.3 4 1
restaurante/controllers/TrabajadorController.go:552.2,557.19 4 2
restaurante/controllers/TrabajadorController.go:571.41,577.27 4 5
restaurante/controllers/TrabajadorController.go:577.27,586.3 4 1
restaurante/controllers/TrabajadorController.go:589.2,590.44 2 4
restaurante/controllers/TrabajadorController.go:590.44,591.27 1 2
restaurante/controllers/TrabajadorController.go:591.27,594.4 2 1
restaurante/controllers/TrabajadorController.go:594.9,597.4 2 1
restaurante/controllers/TrabajadorController.go:598.3,599.9 2 2
restaurante/controllers/TrabajadorController.go:603.2,607.65 3 2
restaurante/controllers/TrabajadorController.go:607.65,612.3 4 1
restaurante/controllers/TrabajadorController.go:613.2,617.19 4 1
restaurante/controllers/NominaTrabajadorController.go:327.23,336.3 4 1
restaurante/docs/docs.go:6461.13,6463.2 1 1
restaurante/models/CambiosHorario.go:18.45,20.2 1 2
restaurante/models/CambiosHorario.go:21.13,23.2 1 1
restaurante/models/CambiosHorario.go:25.55,34.2 2 1
restaurante/models/Categoria.go:12.40,14.2 1 1
restaurante/models/Categoria.go:16.13,18.2 1 1
restaurante/models/Cliente.go:18.38,20.2 1 1
restaurante/models/Cliente.go:22.13,24.2 1 1
restaurante/models/ControlNomina.go:16.44,18.2 1 2
restaurante/models/ControlNomina.go:20.13,22.2 1 1
restaurante/models/ControlNomina.go:25.44,27.2 1 6
restaurante/models/ControlNomina.go:35.62,36.22 1 2
restaurante/models/ControlNomina.go:36.22,38.3 1 1
restaurante/models/ControlNomina.go:39.2,39.20 1 1
restaurante/models/ControlNomina.go:43.78,44.22 1 2
restaurante/models/ControlNomina.go:44.22,46.3 1 1
restaurante/models/ControlNomina.go:47.2,47.29 1 1
restaurante/models/DetallePedido.go:14.44,16.2 1 1
restaurante/models/DetallePedido.go:19.50,21.2 1 1
restaurante/models/DetallePedido.go:23.13,25.2 1 1
restaurante/models/Domicilio.go:36.40,36.62 1 2
restaurante/models/Domicilio.go:38.13,40.2 1 1
restaurante/models/HorarioTrabajador.go:18.48,20.2 1 1
restaurante/models/HorarioTrabajador.go:23.54,25.2 1 1
restaurante/models/HorarioTrabajador.go:28.47,30.2 1 2
restaurante/models/HorarioTrabajador.go:32.13,34.2 1 1
restaurante/models/HorarioTrabajador.go:36.58,43.42 1 2
restaurante/models/HorarioTrabajador.go:43.42,44.40 1 2
restaurante/models/HorarioTrabajador.go:44.40,46.5 1 1
restaurante/models/HorarioTrabajador.go:47.4,47.14 1 1
restaurante/models/Incidencia.go:19.41,21.2 1 2
restaurante/models/Incidencia.go:23.13,25.2 1 1
restaurante/models/Incidencia.go:27.51,36.2 2 1
restaurante/models/MetodoPago.go:11.41,13.2 1 1
restaurante/models/MetodoPago.go:15.13,17.2 1 1
restaurante/models/Nomina.go:18.37,20.2 1 2
restaurante/models/Nomina.go:22.13,24.2 1 1
restaurante/models/Nomina.go:26.47,35.2 2 1
restaurante/models/Nomina.go:36.51,44.51 3 7
restaurante/models/Nomina.go:44.51,46.3 1 2
restaurante/models/Nomina.go:47.2,47.21 1 5
restaurante/models/Nomina.go:47.21,49.17 2 2
restaurante/models/Nomina.go:49.17,51.4 1 1
restaurante/models/Nomina.go:52.3,52.14 1 1
restaurante/models/Nomina.go:54.2,54.12 1 4
restaurante/models/NominaTrabajador.go:40.47,42.2 1 2
restaurante/models/NominaTrabajador.go:44.13,46.2 1 1
restaurante/models/NominaTrabajador.go:48.53,52.2 1 1
restaurante/models/NominaTrabajador.go:58.61,71.49 3 10
restaurante/models/NominaTrabajador.go:71.49,73.3 1 1
restaurante/models/NominaTrabajador.go:75.2,75.26 1 9
restaurante/models/NominaTrabajador.go:75.26,77.3 1 3
restaurante/models/NominaTrabajador.go:78.2,82.72 3 9
restaurante/models/NominaTrabajador.go:82.72,85.53 2 8
restaurante/models/NominaTrabajador.go:85.53,87.4 1 4
restaurante/models/NominaTrabajador.go:89.3,90.49 2 4
restaurante/models/NominaTrabajador.go:90.49,92.4 1 2
restaurante/models/NominaTrabajador.go:93.3,93.18 1 2
restaurante/models/NominaTrabajador.go:97.2,98.26 2 9
restaurante/models/NominaTrabajador.go:98.26,100.3 1 3
restaurante/models/NominaTrabajador.go:101.2,101.26 1 9
restaurante/models/NominaTrabajador.go:101.26,102.61 1 8
restaurante/models/NominaTrabajador.go:102.61,104.4 1 8
restaurante/models/NominaTrabajador.go:108.2,108.64 1 9
restaurante/models/NominaTrabajador.go:108.64,110.53 2 8
restaurante/models/NominaTrabajador.go:110.53,112.4 1 4
restaurante/models/NominaTrabajador.go:113.3,114.49 2 4
restaurante/models/NominaTrabajador.go:114.49,116.4 1 2
restaurante/models/NominaTrabajador.go:117.3,117.18 1 2
restaurante/models/NominaTrabajador.go:120.2,121.25 2 9
restaurante/models/NominaTrabajador.go:121.25,123.3 1 4
restaurante/models/NominaTrabajador.go:124.2,124.25 1 9
restaurante/models/NominaTrabajador.go:124.25,125.56 1 8
restaurante/models/NominaTrabajador.go:125.56,127.4 1 8
restaurante/models/NominaTrabajador.go:130.2,130.12 1 9
restaurante/models/Pago.go:21.35,23.2 1 1
restaurante/models/Pago.go:25.13,27.2 1 1
restaurante/models/Pago.go:29.45,42.2 2 2
restaurante/models/Pedido.go:38.37,40.2 1 2
restaurante/models/Pedido.go:42.13,44.2 1 1
restaurante/models/Pedido.go:46.47,59.2 2 1
restaurante/models/PrecioProductoHist.go:18.49,20.2 1 1
restaurante/models/PrecioProductoHist.go:23.55,25.2 1 1
restaurante/models/PrecioProductoHist.go:27.13,29.2 1 1
restaurante/models/Producto.go:23.39,25.2 1 1
restaurante/models/Producto.go:39.49,49.34 1 2
restaurante/models/Producto.go:49.34,50.35 1 2
restaurante/models/Producto.go:50.35,52.5 1 1
restaurante/models/Producto.go:53.4,53.12 1 1
restaurante/models/Producto.go:56.2,56.25 1 2
restaurante/models/Producto.go:59.53,61.50 2 4
restaurante/models/Producto.go:61.50,63.3 1 1
restaurante/models/Producto.go:64.2,70.21 7 3
restaurante/models/Producto.go:70.21,71.73 1 2
restaurante/models/Producto.go:71.73,73.4 1 1
restaurante/models/Producto.go:73.9,75.4 1 1
restaurante/models/Producto.go:76.8,78.3 1 1
restaurante/models/Producto.go:79.2,80.30 2 2
restaurante/models/Producto.go:80.30,82.3 1 1
restaurante/models/Producto.go:82.8,84.3 1 1
restaurante/models/Producto.go:85.2,85.12 1 2
restaurante/models/Producto.go:88.13,89.47 1 1
restaurante/models/Producto.go:89.47,91.3 1 1
restaurante/models/Reserva.go:25.38,27.2 1 2
restaurante/models/Reserva.go:29.13,31.2 1 1
restaurante/models/Reserva.go:33.48,44.2 2 3
restaurante/models/ReservaContacto.go:13.46,15.2 1 1
restaurante/models/ReservaContacto.go:18.40,19.67 1 4
restaurante/models/ReservaContacto.go:19.67,21.3 1 2
restaurante/models/ReservaContacto.go:22.2,22.13 1 2
restaurante/models/ReservaContacto.go:25.13,27.2 1 1
restaurante/models/Restaurante.go:16.42,18.2 1 1
restaurante/models/Restaurante.go:20.13,22.2 1 1
restaurante/models/RestauranteDia.go:11.45,13.2 1 1
restaurante/models/RestauranteDia.go:16.51,18.2 1 1
restaurante/models/RestauranteDia.go:20.13,22.2 1 1
restaurante/models/Subcategoria.go:13.43,15.2 1 1
restaurante/models/Subcategoria.go:17.13,19.2 1 1
restaurante/models/Trabajador.go:26.41,28.2 1 2
restaurante/models/Trabajador.go:30.13,32.2 1 1
restaurante/models/Trabajador.go:34.51,42.36 2 2
restaurante/models/Trabajador.go:42.36,43.33 1 2
restaurante/models/Trabajador.go:43.33,46.5 2 1
restaurante/models/Trabajador.go:47.4,47.14 1 1
restaurante/models/Trabajador.go:50.32,51.29 1 2
restaurante/models/Trabajador.go:51.29,54.5 2 1
restaurante/models/Trabajador.go:55.4,55.14 1 1
restaurante/models/enums.go:84.39,85.11 1 2
restaurante/models/enums.go:86.83,87.14 1 1
restaurante/models/enums.go:89.2,89.14 1 1
restaurante/models/enums.go:102.45,103.11 1 6
restaurante/models/enums.go:104.97,105.14 1 3
restaurante/models/enums.go:107.2,107.14 1 3
restaurante/database/database.go:30.69,30.99 1 1
restaurante/database/database.go:31.90,33.3 1 1
restaurante/database/database.go:34.52,34.73 1 1
restaurante/database/database.go:35.65,35.91 1 1
restaurante/database/database.go:39.75,43.2 3 1
restaurante/database/database.go:45.21,50.16 3 4
restaurante/database/database.go:50.16,52.3 1 0
restaurante/database/database.go:53.2,54.16 2 4
restaurante/database/database.go:54.16,56.3 1 0
restaurante/database/database.go:57.2,58.16 2 4
restaurante/database/database.go:58.16,60.3 1 0
restaurante/database/database.go:61.2,62.16 2 4
restaurante/database/database.go:62.16,64.3 1 0
restaurante/database/database.go:65.2,66.16 2 4
restaurante/database/database.go:66.16,68.3 1 0
restaurante/database/database.go:70.2,73.73 2 4
restaurante/database/database.go:73.73,75.3 1 1
restaurante/database/database.go:77.2,77.12 1 3
restaurante/database/database.go:77.12,80.3 2 3
restaurante/database/database.go:83.2,83.38 1 3
restaurante/database/database.go:83.38,85.3 1 1
restaurante/database/database.go:88.2,88.44 1 2
restaurante/database/database.go:88.44,89.42 1 1
restaurante/database/database.go:89.42,90.14 1 1
restaurante/database/database.go:90.14,92.5 1 1
restaurante/database/database.go:96.2,96.12 1 2
restaurante/database/database.go:101.21,104.16 3 2
restaurante/database/database.go:104.16,105.38 1 1
restaurante/database/database.go:105.38,107.4 1 1
restaurante/database/database.go:108.3,108.49 1 1
restaurante/database/database.go:112.29,120.29 3 5
restaurante/database/database.go:120.29,122.17 2 7
restaurante/database/database.go:122.17,124.4 1 2
restaurante/database/database.go:125.3,125.15 1 5
restaurante/database/database.go:125.15,126.45 1 3
restaurante/database/database.go:126.45,128.5 1 1
restaurante/database/database.go:132.2,132.12 1 2
