mode: atomic
restaurante/models/CambiosHorario.go:18.45,20.2 1 2
restaurante/models/CambiosHorario.go:21.13,23.2 1 1
restaurante/models/CambiosHorario.go:25.55,34.2 2 1
restaurante/models/Categoria.go:12.40,14.2 1 1
restaurante/models/Categoria.go:16.13,18.2 1 1
restaurante/models/Cliente.go:18.38,20.2 1 1
restaurante/models/Cliente.go:22.13,24.2 1 1
restaurante/models/ControlNomina.go:15.44,17.2 1 1
restaurante/models/ControlNomina.go:19.13,21.2 1 1
restaurante/models/DetallePedido.go:14.44,16.2 1 1
restaurante/models/DetallePedido.go:18.13,20.2 1 1
restaurante/models/Domicilio.go:25.40,27.2 1 2
restaurante/models/Domicilio.go:29.13,31.2 1 1
restaurante/models/Domicilio.go:34.50,47.2 2 1
restaurante/models/HorarioTrabajador.go:18.48,20.2 1 1
restaurante/models/HorarioTrabajador.go:22.13,24.2 1 1
restaurante/models/HorarioTrabajador.go:26.58,38.2 1 0
restaurante/models/Incidencia.go:19.41,21.2 1 2
restaurante/models/Incidencia.go:23.13,25.2 1 1
restaurante/models/Incidencia.go:27.51,36.2 2 1
restaurante/models/MetodoPago.go:11.41,13.2 1 1
restaurante/models/MetodoPago.go:15.13,17.2 1 1
restaurante/models/Nomina.go:17.37,19.2 1 2
restaurante/models/Nomina.go:21.13,23.2 1 1
restaurante/models/Nomina.go:25.47,34.2 2 1
restaurante/models/NominaTrabajador.go:36.47,38.2 1 1
restaurante/models/NominaTrabajador.go:40.13,42.2 1 1
restaurante/models/Pago.go:21.35,23.2 1 1
restaurante/models/Pago.go:25.13,27.2 1 1
restaurante/models/Pago.go:29.45,42.2 2 2
restaurante/models/Pedido.go:38.37,40.2 1 2
restaurante/models/Pedido.go:42.13,44.2 1 1
restaurante/models/Pedido.go:46.47,59.2 2 1
restaurante/models/PrecioProductoHist.go:18.49,20.2 1 1
restaurante/models/PrecioProductoHist.go:22.13,24.2 1 1
restaurante/models/Producto.go:22.39,24.2 1 1
restaurante/models/Producto.go:38.49,51.2 2 1
restaurante/models/Producto.go:53.53,55.50 2 1
restaurante/models/Producto.go:55.50,57.3 1 0
restaurante/models/Producto.go:58.2,67.12 10 1
restaurante/models/Producto.go:70.13,71.47 1 1
restaurante/models/Producto.go:71.47,73.3 1 1
restaurante/models/Reserva.go:25.38,27.2 1 2
restaurante/models/Reserva.go:29.13,31.2 1 1
restaurante/models/Reserva.go:33.48,44.2 2 3
restaurante/models/ReservaContacto.go:13.46,15.2 1 1
restaurante/models/ReservaContacto.go:17.13,19.2 1 1
restaurante/models/Restaurante.go:16.42,18.2 1 1
restaurante/models/Restaurante.go:20.13,22.2 1 1
restaurante/models/RestauranteDia.go:11.45,13.2 1 1
restaurante/models/RestauranteDia.go:15.13,17.2 1 1
restaurante/models/Subcategoria.go:13.43,15.2 1 1
restaurante/models/Subcategoria.go:17.13,19.2 1 1
restaurante/models/Trabajador.go:26.41,28.2 1 2
restaurante/models/Trabajador.go:30.13,32.2 1 1
restaurante/models/Trabajador.go:34.51,42.36 2 2
restaurante/models/Trabajador.go:42.36,43.33 1 2
restaurante/models/Trabajador.go:43.33,46.5 2 1
restaurante/models/Trabajador.go:47.4,47.14 1 1
restaurante/models/Trabajador.go:50.32,51.29 1 2
restaurante/models/Trabajador.go:51.29,54.5 2 1
restaurante/models/Trabajador.go:55.4,55.14 1 1
restaurante/docs/docs.go:4213.13,4215.2 1 1
restaurante/routers/router.go:9.13,132.2 4 1
restaurante/main.go:22.13,24.42 1 1
restaurante/main.go:24.42,27.3 2 0
restaurante/main.go:27.8,29.3 1 1
restaurante/main.go:30.2,31.54 2 1
restaurante/main.go:35.32,38.6 2 1
restaurante/main.go:38.6,41.43 2 1
restaurante/main.go:41.43,49.47 3 0
restaurante/main.go:49.47,51.5 1 0
restaurante/main.go:51.10,52.118 1 0
restaurante/main.go:52.118,54.6 1 0
restaurante/main.go:54.11,56.6 1 0
restaurante/main.go:61.3,61.30 1 1
restaurante/main.go:65.45,67.95 1 0
restaurante/main.go:67.95,71.3 3 0
restaurante/main.go:83.13,100.13 5 1
restaurante/main.go:100.13,102.3 1 1
restaurante/main.go:105.2,105.11 1 1
restaurante/tests/http_utils.go:14.64,18.2 3 6
restaurante/tests/seed_data.go:12.21,15.96 2 1
restaurante/tests/seed_data.go:15.96,17.3 1 1
restaurante/tests/seed_data.go:19.2,19.94 1 1
restaurante/tests/seed_data.go:19.94,21.3 1 1
restaurante/tests/seed_data.go:23.2,23.123 1 1
restaurante/tests/seed_data.go:23.123,25.3 1 1
restaurante/tests/seed_data.go:27.2,28.48 2 1
restaurante/tests/seed_data.go:28.48,39.44 3 0
restaurante/tests/seed_data.go:39.44,41.4 1 0
restaurante/tests/seed_data.go:42.8,42.23 1 1
restaurante/tests/seed_data.go:42.23,44.3 1 0
restaurante/tests/seed_data.go:46.2,50.17 1 1
restaurante/tests/seed_data.go:50.17,52.3 1 1
restaurante/tests/seed_data.go:54.2,59.23 3 1
restaurante/tests/seed_data.go:59.23,61.3 1 1
