mode: atomic
restaurante/main.go:34.13,36.2 1 1
restaurante/main.go:38.16,40.37 1 4
restaurante/main.go:40.37,43.3 2 1
restaurante/main.go:43.8,45.3 1 3
restaurante/main.go:46.2,46.20 1 4
restaurante/main.go:59.62,60.14 1 2
restaurante/main.go:60.14,62.3 1 1
restaurante/main.go:63.2,63.20 1 1
restaurante/main.go:66.85,67.14 1 3
restaurante/main.go:67.14,69.3 1 1
restaurante/main.go:70.2,71.15 2 2
restaurante/main.go:71.15,73.3 1 1
restaurante/main.go:74.2,74.18 1 1
restaurante/main.go:78.32,81.6 2 7
restaurante/main.go:81.6,84.43 2 8
restaurante/main.go:84.43,92.55 3 3
restaurante/main.go:92.55,94.5 1 1
restaurante/main.go:94.10,95.120 1 2
restaurante/main.go:95.120,97.6 1 1
restaurante/main.go:97.11,99.6 1 1
restaurante/main.go:104.3,104.40 1 8
restaurante/main.go:104.40,106.4 1 7
restaurante/main.go:109.3,109.27 1 1
restaurante/main.go:113.45,116.78 2 1
restaurante/main.go:116.78,119.3 2 1
restaurante/main.go:131.13,143.49 7 3
restaurante/main.go:143.49,146.3 2 0
restaurante/main.go:147.2,147.48 1 3
restaurante/main.go:147.48,149.75 2 0
restaurante/main.go:149.75,150.39 1 0
restaurante/main.go:150.39,152.5 1 0
restaurante/main.go:154.3,155.55 2 0
restaurante/main.go:159.2,159.47 1 3
restaurante/main.go:159.47,160.65 1 0
restaurante/main.go:160.65,162.4 1 0
restaurante/main.go:164.2,164.56 1 3
restaurante/main.go:164.56,165.53 1 0
restaurante/main.go:165.53,168.4 2 0
restaurante/main.go:172.2,179.23 3 3
restaurante/main.go:179.23,181.49 1 0
restaurante/main.go:181.49,184.4 2 0
restaurante/main.go:184.9,186.25 2 0
restaurante/main.go:186.25,188.5 1 0
restaurante/main.go:189.4,190.33 2 0
restaurante/main.go:192.8,195.3 1 3
restaurante/main.go:196.2,202.23 3 3
restaurante/main.go:202.23,205.3 2 3
restaurante/main.go:208.2,208.46 1 3
restaurante/main.go:208.46,210.3 1 1
restaurante/main.go:213.2,213.38 1 3
restaurante/main.go:213.38,215.3 1 1
restaurante/docs/docs.go:6510.13,6512.2 1 1
restaurante/models/CambiosHorario.go:18.45,20.2 1 2
restaurante/models/CambiosHorario.go:21.13,23.2 1 1
restaurante/models/CambiosHorario.go:25.55,34.2 2 1
restaurante/models/Categoria.go:12.40,14.2 1 1
restaurante/models/Categoria.go:16.13,18.2 1 1
restaurante/models/Cliente.go:18.38,20.2 1 1
restaurante/models/Cliente.go:22.13,24.2 1 1
restaurante/models/ControlNomina.go:16.44,18.2 1 2
restaurante/models/ControlNomina.go:20.13,22.2 1 1
restaurante/models/ControlNomina.go:25.44,27.2 1 6
restaurante/models/ControlNomina.go:35.62,36.22 1 2
restaurante/models/ControlNomina.go:36.22,38.3 1 1
restaurante/models/ControlNomina.go:39.2,39.20 1 1
restaurante/models/ControlNomina.go:43.78,44.22 1 2
restaurante/models/ControlNomina.go:44.22,46.3 1 1
restaurante/models/ControlNomina.go:47.2,47.29 1 1
restaurante/models/DetallePedido.go:14.44,16.2 1 1
restaurante/models/DetallePedido.go:19.50,21.2 1 1
restaurante/models/DetallePedido.go:23.13,25.2 1 1
restaurante/models/Domicilio.go:36.40,36.62 1 2
restaurante/models/Domicilio.go:38.13,40.2 1 1
restaurante/models/HorarioTrabajador.go:18.48,20.2 1 1
restaurante/models/HorarioTrabajador.go:23.54,25.2 1 1
restaurante/models/HorarioTrabajador.go:28.47,30.2 1 2
restaurante/models/HorarioTrabajador.go:32.13,34.2 1 1
restaurante/models/HorarioTrabajador.go:36.58,43.42 1 2
restaurante/models/HorarioTrabajador.go:43.42,44.40 1 2
restaurante/models/HorarioTrabajador.go:44.40,46.5 1 1
restaurante/models/HorarioTrabajador.go:47.4,47.14 1 1
restaurante/models/Incidencia.go:19.41,21.2 1 2
restaurante/models/Incidencia.go:23.13,25.2 1 1
restaurante/models/Incidencia.go:27.51,36.2 2 1
restaurante/models/MetodoPago.go:11.41,13.2 1 1
restaurante/models/MetodoPago.go:15.13,17.2 1 1
restaurante/models/Nomina.go:18.37,20.2 1 2
restaurante/models/Nomina.go:22.13,24.2 1 1
restaurante/models/Nomina.go:26.47,35.2 2 1
restaurante/models/Nomina.go:36.51,44.51 3 7
restaurante/models/Nomina.go:44.51,46.3 1 2
restaurante/models/Nomina.go:47.2,47.21 1 5
restaurante/models/Nomina.go:47.21,49.17 2 2
restaurante/models/Nomina.go:49.17,51.4 1 1
restaurante/models/Nomina.go:52.3,52.14 1 1
restaurante/models/Nomina.go:54.2,54.12 1 4
restaurante/models/NominaTrabajador.go:40.47,42.2 1 2
restaurante/models/NominaTrabajador.go:44.13,46.2 1 1
restaurante/models/NominaTrabajador.go:48.53,52.2 1 1
restaurante/models/NominaTrabajador.go:58.61,71.49 3 10
restaurante/models/NominaTrabajador.go:71.49,73.3 1 1
restaurante/models/NominaTrabajador.go:75.2,75.26 1 9
restaurante/models/NominaTrabajador.go:75.26,77.3 1 3
restaurante/models/NominaTrabajador.go:78.2,82.72 3 9
restaurante/models/NominaTrabajador.go:82.72,85.53 2 8
restaurante/models/NominaTrabajador.go:85.53,87.4 1 4
restaurante/models/NominaTrabajador.go:89.3,90.49 2 4
restaurante/models/NominaTrabajador.go:90.49,92.4 1 2
restaurante/models/NominaTrabajador.go:93.3,93.18 1 2
restaurante/models/NominaTrabajador.go:97.2,98.26 2 9
restaurante/models/NominaTrabajador.go:98.26,100.3 1 3
restaurante/models/NominaTrabajador.go:101.2,101.26 1 9
restaurante/models/NominaTrabajador.go:101.26,102.61 1 8
restaurante/models/NominaTrabajador.go:102.61,104.4 1 8
restaurante/models/NominaTrabajador.go:108.2,108.64 1 9
restaurante/models/NominaTrabajador.go:108.64,110.53 2 8
restaurante/models/NominaTrabajador.go:110.53,112.4 1 4
restaurante/models/NominaTrabajador.go:113.3,114.49 2 4
restaurante/models/NominaTrabajador.go:114.49,116.4 1 2
restaurante/models/NominaTrabajador.go:117.3,117.18 1 2
restaurante/models/NominaTrabajador.go:120.2,121.25 2 9
restaurante/models/NominaTrabajador.go:121.25,123.3 1 4
restaurante/models/NominaTrabajador.go:124.2,124.25 1 9
restaurante/models/NominaTrabajador.go:124.25,125.56 1 8
restaurante/models/NominaTrabajador.go:125.56,127.4 1 8
restaurante/models/NominaTrabajador.go:130.2,130.12 1 9
restaurante/models/Pago.go:21.35,23.2 1 1
restaurante/models/Pago.go:25.13,27.2 1 1
restaurante/models/Pago.go:29.45,42.2 2 2
restaurante/models/Pedido.go:38.37,40.2 1 2
restaurante/models/Pedido.go:42.13,44.2 1 1
restaurante/models/Pedido.go:46.47,59.2 2 1
restaurante/models/PrecioProductoHist.go:18.49,20.2 1 1
restaurante/models/PrecioProductoHist.go:23.55,25.2 1 1
restaurante/models/PrecioProductoHist.go:27.13,29.2 1 1
restaurante/models/Producto.go:23.39,25.2 1 1
restaurante/models/Producto.go:39.49,49.34 1 2
restaurante/models/Producto.go:49.34,50.35 1 2
restaurante/models/Producto.go:50.35,52.5 1 1
restaurante/models/Producto.go:53.4,53.12 1 1
restaurante/models/Producto.go:56.2,56.25 1 2
restaurante/models/Producto.go:59.53,61.50 2 4
restaurante/models/Producto.go:61.50,63.3 1 1
restaurante/models/Producto.go:64.2,70.21 7 3
restaurante/models/Producto.go:70.21,71.73 1 2
restaurante/models/Producto.go:71.73,73.4 1 1
restaurante/models/Producto.go:73.9,75.4 1 1
restaurante/models/Producto.go:76.8,78.3 1 1
restaurante/models/Producto.go:79.2,80.30 2 2
restaurante/models/Producto.go:80.30,82.3 1 1
restaurante/models/Producto.go:82.8,84.3 1 1
restaurante/models/Producto.go:85.2,85.12 1 2
restaurante/models/Producto.go:88.13,89.47 1 1
restaurante/models/Producto.go:89.47,91.3 1 1
restaurante/models/Reserva.go:25.38,27.2 1 2
restaurante/models/Reserva.go:29.13,31.2 1 1
restaurante/models/Reserva.go:33.48,44.2 2 3
restaurante/models/ReservaContacto.go:13.46,15.2 1 1
restaurante/models/ReservaContacto.go:18.40,20.2 1 4
restaurante/models/ReservaContacto.go:22.13,24.2 1 1
restaurante/models/Restaurante.go:16.42,18.2 1 1
restaurante/models/Restaurante.go:20.13,22.2 1 1
restaurante/models/RestauranteDia.go:11.45,13.2 1 1
restaurante/models/RestauranteDia.go:16.51,18.2 1 1
restaurante/models/RestauranteDia.go:20.13,22.2 1 1
restaurante/models/Subcategoria.go:13.43,15.2 1 1
restaurante/models/Subcategoria.go:17.13,19.2 1 1
restaurante/models/Trabajador.go:26.41,28.2 1 2
restaurante/models/Trabajador.go:30.13,32.2 1 1
restaurante/models/Trabajador.go:34.51,42.36 2 2
restaurante/models/Trabajador.go:42.36,43.33 1 2
restaurante/models/Trabajador.go:43.33,46.5 2 1
restaurante/models/Trabajador.go:47.4,47.14 1 1
restaurante/models/Trabajador.go:50.32,51.29 1 2
restaurante/models/Trabajador.go:51.29,54.5 2 1
restaurante/models/Trabajador.go:55.4,55.14 1 1
restaurante/models/enums.go:84.39,85.11 1 2
restaurante/models/enums.go:86.83,87.14 1 1
restaurante/models/enums.go:89.2,89.14 1 1
restaurante/models/enums.go:102.45,103.11 1 6
restaurante/models/enums.go:104.97,105.14 1 3
restaurante/models/enums.go:107.2,107.14 1 3
restaurante/logging/logging.go:18.28,20.49 2 5
restaurante/logging/logging.go:21.15,22.29 1 1
restaurante/logging/logging.go:23.14,24.28 1 1
restaurante/logging/logging.go:25.15,26.29 1 1
restaurante/logging/logging.go:27.10,28.28 1 2
restaurante/logging/logging.go:31.2,32.18 2 5
restaurante/logging/logging.go:32.18,33.24 1 2
restaurante/logging/logging.go:33.24,35.4 1 1
restaurante/logging/logging.go:35.9,37.4 1 1
restaurante/logging/logging.go:40.2,41.22 2 5
restaurante/logging/logging.go:41.22,43.3 1 3
restaurante/logging/logging.go:43.8,45.3 1 2
restaurante/logging/logging.go:46.2,47.25 2 5
restaurante/logging/logging.go:51.28,52.19 1 12
restaurante/logging/logging.go:52.19,57.3 3 1
restaurante/logging/logging.go:58.2,58.15 1 12
restaurante/logging/logging.go:62.39,64.2 1 1
restaurante/logging/logging.go:67.39,69.20 2 2
restaurante/logging/logging.go:69.20,71.3 1 1
restaurante/logging/logging.go:72.2,83.3 6 2
restaurante/logging/logging.go:87.39,89.18 2 2
restaurante/logging/logging.go:89.18,91.3 1 1
restaurante/logging/logging.go:92.2,102.3 5 1
restaurante/logging/logging.go:107.105,121.2 6 1
restaurante/logging/logging.go:123.44,125.14 2 6
restaurante/logging/logging.go:125.14,128.3 2 4
restaurante/logging/logging.go:129.2,129.23 1 2
restaurante/logging/logging.go:132.52,134.25 2 3
restaurante/logging/logging.go:134.25,136.117 2 9
restaurante/logging/logging.go:136.117,138.12 2 5
restaurante/logging/logging.go:140.3,140.20 1 4
restaurante/logging/logging.go:140.20,142.22 2 4
restaurante/logging/logging.go:142.22,144.5 1 3
restaurante/logging/logging.go:145.4,145.16 1 4
restaurante/logging/logging.go:148.2,148.12 1 3
restaurante/logging/logging.go:151.71,152.15 1 3
restaurante/logging/logging.go:152.15,154.3 1 1
restaurante/logging/logging.go:155.2,156.23 2 2
restaurante/logging/logging.go:156.23,158.147 2 14
restaurante/logging/logging.go:158.147,160.12 2 9
restaurante/logging/logging.go:162.3,162.26 1 5
restaurante/logging/logging.go:163.15,164.22 1 3
restaurante/logging/logging.go:164.22,166.5 1 2
restaurante/logging/logging.go:166.10,168.5 1 1
restaurante/logging/logging.go:169.11,170.14 1 2
restaurante/logging/logging.go:173.2,173.12 1 2
restaurante/logging/logging.go:176.32,177.16 1 3
restaurante/logging/logging.go:177.16,179.3 1 1
restaurante/logging/logging.go:180.2,180.20 1 2
restaurante/database/database.go:32.69,32.99 1 1
restaurante/database/database.go:33.90,35.3 1 1
restaurante/database/database.go:36.52,36.73 1 1
restaurante/database/database.go:37.65,37.91 1 1
restaurante/database/database.go:41.75,45.2 3 1
restaurante/database/database.go:48.41,50.2 1 3
restaurante/database/database.go:52.32,54.13 2 4
restaurante/database/database.go:54.13,56.3 1 1
restaurante/database/database.go:57.2,58.25 2 3
restaurante/database/database.go:58.25,60.3 1 2
restaurante/database/database.go:61.2,61.10 1 1
restaurante/database/database.go:64.21,69.18 3 4
restaurante/database/database.go:69.18,71.17 2 4
restaurante/database/database.go:71.17,73.4 1 0
restaurante/database/database.go:74.3,74.13 1 4
restaurante/database/database.go:76.2,77.18 2 4
restaurante/database/database.go:77.18,79.17 2 4
restaurante/database/database.go:79.17,81.4 1 0
restaurante/database/database.go:82.3,82.13 1 4
restaurante/database/database.go:84.2,85.18 2 4
restaurante/database/database.go:85.18,87.17 2 4
restaurante/database/database.go:87.17,89.4 1 0
restaurante/database/database.go:90.3,90.13 1 4
restaurante/database/database.go:92.2,93.18 2 4
restaurante/database/database.go:93.18,95.17 2 4
restaurante/database/database.go:95.17,97.4 1 0
restaurante/database/database.go:98.3,98.13 1 4
restaurante/database/database.go:100.2,101.18 2 4
restaurante/database/database.go:101.18,103.17 2 4
restaurante/database/database.go:103.17,105.4 1 0
restaurante/database/database.go:106.3,106.13 1 4
restaurante/database/database.go:108.2,109.19 2 4
restaurante/database/database.go:109.19,111.3 1 4
restaurante/database/database.go:113.2,116.73 2 4
restaurante/database/database.go:116.73,118.3 1 1
restaurante/database/database.go:120.2,120.12 1 3
restaurante/database/database.go:120.12,123.3 2 3
restaurante/database/database.go:126.2,126.65 1 3
restaurante/database/database.go:126.65,127.55 1 0
restaurante/database/database.go:127.55,129.4 1 0
restaurante/database/database.go:130.3,130.55 1 0
restaurante/database/database.go:130.55,132.4 1 0
restaurante/database/database.go:133.3,133.62 1 0
restaurante/database/database.go:133.62,135.4 1 0
restaurante/database/database.go:136.3,136.63 1 0
restaurante/database/database.go:136.63,138.4 1 0
restaurante/database/database.go:142.2,142.38 1 3
restaurante/database/database.go:142.38,144.3 1 1
restaurante/database/database.go:147.2,147.44 1 2
restaurante/database/database.go:147.44,148.42 1 1
restaurante/database/database.go:148.42,149.14 1 1
restaurante/database/database.go:149.14,151.5 1 1
restaurante/database/database.go:155.2,155.12 1 2
restaurante/database/database.go:160.21,163.16 3 2
restaurante/database/database.go:163.16,164.38 1 1
restaurante/database/database.go:164.38,166.4 1 1
restaurante/database/database.go:167.3,167.49 1 1
restaurante/database/database.go:171.29,179.29 3 5
restaurante/database/database.go:179.29,181.17 2 7
restaurante/database/database.go:181.17,183.4 1 2
restaurante/database/database.go:184.3,184.15 1 5
restaurante/database/database.go:184.15,185.45 1 3
restaurante/database/database.go:185.45,187.5 1 1
restaurante/database/database.go:191.2,191.12 1 2
