mode: atomic
restaurante/database/database.go:30.69,30.99 1 1
restaurante/database/database.go:31.90,33.3 1 1
restaurante/database/database.go:34.52,34.73 1 1
restaurante/database/database.go:35.65,35.91 1 1
restaurante/database/database.go:39.75,43.2 3 1
restaurante/database/database.go:45.21,57.73 8 4
restaurante/database/database.go:57.73,59.3 1 1
restaurante/database/database.go:61.2,61.12 1 3
restaurante/database/database.go:61.12,64.3 2 3
restaurante/database/database.go:67.2,67.38 1 3
restaurante/database/database.go:67.38,69.3 1 1
restaurante/database/database.go:72.2,72.44 1 2
restaurante/database/database.go:72.44,73.42 1 1
restaurante/database/database.go:73.42,74.14 1 1
restaurante/database/database.go:74.14,76.5 1 1
restaurante/database/database.go:80.2,80.12 1 2
restaurante/database/database.go:85.21,88.16 3 2
restaurante/database/database.go:88.16,89.38 1 1
restaurante/database/database.go:89.38,91.4 1 1
restaurante/database/database.go:92.3,92.49 1 1
restaurante/database/database.go:96.29,104.29 3 5
restaurante/database/database.go:104.29,106.17 2 7
restaurante/database/database.go:106.17,108.4 1 2
restaurante/database/database.go:109.3,109.15 1 5
restaurante/database/database.go:109.15,110.45 1 3
restaurante/database/database.go:110.45,112.5 1 1
restaurante/database/database.go:116.2,116.12 1 2
restaurante/main.go:30.13,32.2 1 1
restaurante/main.go:34.16,36.37 1 4
restaurante/main.go:36.37,39.3 2 1
restaurante/main.go:39.8,41.3 1 3
restaurante/main.go:42.2,43.54 2 4
restaurante/main.go:56.62,57.14 1 2
restaurante/main.go:57.14,59.3 1 1
restaurante/main.go:60.2,60.20 1 1
restaurante/main.go:63.85,64.14 1 3
restaurante/main.go:64.14,66.3 1 1
restaurante/main.go:67.2,68.15 2 2
restaurante/main.go:68.15,70.3 1 1
restaurante/main.go:71.2,71.18 1 1
restaurante/main.go:75.32,78.6 2 7
restaurante/main.go:78.6,81.43 2 8
restaurante/main.go:81.43,89.55 3 3
restaurante/main.go:89.55,91.5 1 1
restaurante/main.go:91.10,92.120 1 2
restaurante/main.go:92.120,94.6 1 1
restaurante/main.go:94.11,96.6 1 1
restaurante/main.go:101.3,101.40 1 8
restaurante/main.go:101.40,103.4 1 7
restaurante/main.go:106.3,106.27 1 1
restaurante/main.go:110.45,112.95 1 1
restaurante/main.go:112.95,116.3 3 1
restaurante/main.go:128.13,145.46 5 3
restaurante/main.go:145.46,147.3 1 1
restaurante/main.go:150.2,150.38 1 3
restaurante/main.go:150.38,152.3 1 1
restaurante/routers/router.go:9.13,174.2 4 1
restaurante/tests/http_utils.go:14.62,15.37 1 3
restaurante/tests/http_utils.go:15.37,21.3 2 1
restaurante/tests/http_utils.go:23.2,24.19 2 2
restaurante/tests/http_utils.go:24.19,26.3 1 1
restaurante/tests/http_utils.go:29.2,29.10 1 2
restaurante/tests/http_utils.go:33.24,37.2 3 1
restaurante/tests/seed_data_stub.go:9.21,12.2 1 1
restaurante/controllers/CambiosHorarioController.go:20.96,21.14 1 2
restaurante/controllers/CambiosHorarioController.go:21.14,23.3 1 1
restaurante/controllers/CambiosHorarioController.go:24.2,24.79 1 1
restaurante/controllers/CambiosHorarioController.go:35.95,36.15 1 2
restaurante/controllers/CambiosHorarioController.go:36.15,38.4 1 1
restaurante/controllers/CambiosHorarioController.go:39.3,39.64 1 1
restaurante/controllers/CambiosHorarioController.go:41.89,42.15 1 2
restaurante/controllers/CambiosHorarioController.go:42.15,44.4 1 1
restaurante/controllers/CambiosHorarioController.go:45.3,45.27 1 1
restaurante/controllers/CambiosHorarioController.go:47.93,48.15 1 3
restaurante/controllers/CambiosHorarioController.go:48.15,50.4 1 1
restaurante/controllers/CambiosHorarioController.go:51.3,51.98 1 2
restaurante/controllers/CambiosHorarioController.go:53.89,54.15 1 2
restaurante/controllers/CambiosHorarioController.go:54.15,56.4 1 1
restaurante/controllers/CambiosHorarioController.go:57.3,57.27 1 1
restaurante/controllers/CambiosHorarioController.go:59.71,60.15 1 2
restaurante/controllers/CambiosHorarioController.go:60.15,62.4 1 1
restaurante/controllers/CambiosHorarioController.go:63.3,63.94 1 1
restaurante/controllers/CambiosHorarioController.go:76.45,81.16 4 8
restaurante/controllers/CambiosHorarioController.go:81.16,90.3 4 1
restaurante/controllers/CambiosHorarioController.go:92.2,93.35 2 7
restaurante/controllers/CambiosHorarioController.go:93.35,99.35 2 1010
restaurante/controllers/CambiosHorarioController.go:99.35,101.4 1 3
restaurante/controllers/CambiosHorarioController.go:101.9,103.4 1 1007
restaurante/controllers/CambiosHorarioController.go:104.3,104.36 1 1010
restaurante/controllers/CambiosHorarioController.go:104.36,106.4 1 3
restaurante/controllers/CambiosHorarioController.go:106.9,108.4 1 1007
restaurante/controllers/CambiosHorarioController.go:109.3,109.33 1 1010
restaurante/controllers/CambiosHorarioController.go:112.2,117.15 2 7
restaurante/controllers/CambiosHorarioController.go:130.55,137.26 5 5
restaurante/controllers/CambiosHorarioController.go:137.26,145.3 4 2
restaurante/controllers/CambiosHorarioController.go:145.8,145.23 1 3
restaurante/controllers/CambiosHorarioController.go:145.23,154.3 4 1
restaurante/controllers/CambiosHorarioController.go:156.2,161.40 2 2
restaurante/controllers/CambiosHorarioController.go:161.40,163.3 1 1
restaurante/controllers/CambiosHorarioController.go:164.2,164.41 1 2
restaurante/controllers/CambiosHorarioController.go:164.41,166.3 1 1
restaurante/controllers/CambiosHorarioController.go:168.2,174.15 3 2
restaurante/controllers/CambiosHorarioController.go:188.43,193.72 4 20
restaurante/controllers/CambiosHorarioController.go:193.72,202.3 4 1
restaurante/controllers/CambiosHorarioController.go:204.2,204.80 1 19
restaurante/controllers/CambiosHorarioController.go:204.80,206.17 2 17
restaurante/controllers/CambiosHorarioController.go:206.17,215.4 4 1
restaurante/controllers/CambiosHorarioController.go:216.3,216.29 1 16
restaurante/controllers/CambiosHorarioController.go:217.8,225.3 4 2
restaurante/controllers/CambiosHorarioController.go:227.2,227.48 1 16
restaurante/controllers/CambiosHorarioController.go:227.48,229.3 1 15
restaurante/controllers/CambiosHorarioController.go:229.8,237.3 4 1
restaurante/controllers/CambiosHorarioController.go:239.2,239.22 1 15
restaurante/controllers/CambiosHorarioController.go:239.22,244.3 4 3
restaurante/controllers/CambiosHorarioController.go:244.8,245.89 1 12
restaurante/controllers/CambiosHorarioController.go:245.89,247.18 2 11
restaurante/controllers/CambiosHorarioController.go:247.18,256.5 4 1
restaurante/controllers/CambiosHorarioController.go:257.4,257.39 1 10
restaurante/controllers/CambiosHorarioController.go:258.9,266.4 4 1
restaurante/controllers/CambiosHorarioController.go:268.3,268.83 1 10
restaurante/controllers/CambiosHorarioController.go:268.83,270.18 2 9
restaurante/controllers/CambiosHorarioController.go:270.18,279.5 4 1
restaurante/controllers/CambiosHorarioController.go:280.4,280.36 1 8
restaurante/controllers/CambiosHorarioController.go:281.9,289.4 4 1
restaurante/controllers/CambiosHorarioController.go:292.2,292.60 1 11
restaurante/controllers/CambiosHorarioController.go:292.60,301.3 4 1
restaurante/controllers/CambiosHorarioController.go:303.2,308.34 2 10
restaurante/controllers/CambiosHorarioController.go:308.34,310.3 1 10
restaurante/controllers/CambiosHorarioController.go:311.2,311.35 1 10
restaurante/controllers/CambiosHorarioController.go:311.35,313.3 1 10
restaurante/controllers/CambiosHorarioController.go:315.2,321.15 3 10
restaurante/controllers/CambiosHorarioController.go:337.42,340.27 3 19
restaurante/controllers/CambiosHorarioController.go:340.27,348.3 4 1
restaurante/controllers/CambiosHorarioController.go:350.2,351.72 2 18
restaurante/controllers/CambiosHorarioController.go:351.72,360.3 4 1
restaurante/controllers/CambiosHorarioController.go:362.2,363.74 2 17
restaurante/controllers/CambiosHorarioController.go:363.74,372.3 4 2
restaurante/controllers/CambiosHorarioController.go:372.8,372.23 1 15
restaurante/controllers/CambiosHorarioController.go:372.23,381.3 4 2
restaurante/controllers/CambiosHorarioController.go:383.2,383.80 1 13
restaurante/controllers/CambiosHorarioController.go:383.80,385.17 2 5
restaurante/controllers/CambiosHorarioController.go:385.17,394.4 4 1
restaurante/controllers/CambiosHorarioController.go:395.3,395.29 1 4
restaurante/controllers/CambiosHorarioController.go:398.2,398.48 1 12
restaurante/controllers/CambiosHorarioController.go:398.48,400.15 2 8
restaurante/controllers/CambiosHorarioController.go:400.15,405.4 4 2
restaurante/controllers/CambiosHorarioController.go:408.2,408.21 1 12
restaurante/controllers/CambiosHorarioController.go:408.21,409.89 1 9
restaurante/controllers/CambiosHorarioController.go:409.89,411.18 2 7
restaurante/controllers/CambiosHorarioController.go:411.18,420.5 4 1
restaurante/controllers/CambiosHorarioController.go:421.4,421.39 1 6
restaurante/controllers/CambiosHorarioController.go:424.3,424.83 1 8
restaurante/controllers/CambiosHorarioController.go:424.83,426.18 2 6
restaurante/controllers/CambiosHorarioController.go:426.18,435.5 4 1
restaurante/controllers/CambiosHorarioController.go:436.4,436.36 1 5
restaurante/controllers/CambiosHorarioController.go:440.2,440.60 1 10
restaurante/controllers/CambiosHorarioController.go:440.60,449.3 4 1
restaurante/controllers/CambiosHorarioController.go:451.2,456.34 2 9
restaurante/controllers/CambiosHorarioController.go:456.34,458.3 1 8
restaurante/controllers/CambiosHorarioController.go:459.2,459.35 1 9
restaurante/controllers/CambiosHorarioController.go:459.35,461.3 1 8
restaurante/controllers/CambiosHorarioController.go:463.2,469.15 3 9
restaurante/controllers/CambiosHorarioController.go:483.45,486.27 3 7
restaurante/controllers/CambiosHorarioController.go:486.27,494.3 4 3
restaurante/controllers/CambiosHorarioController.go:496.2,496.60 1 4
restaurante/controllers/CambiosHorarioController.go:496.60,504.3 3 1
restaurante/controllers/CambiosHorarioController.go:504.8,504.21 1 3
restaurante/controllers/CambiosHorarioController.go:504.21,512.3 3 2
restaurante/controllers/CambiosHorarioController.go:512.8,519.3 3 1
restaurante/controllers/CategoriaController.go:23.75,23.108 1 1
restaurante/controllers/CategoriaController.go:26.70,26.116 1 1
restaurante/controllers/CategoriaController.go:27.61,27.85 1 1
restaurante/controllers/CategoriaController.go:28.66,28.97 1 2
restaurante/controllers/CategoriaController.go:29.77,29.110 1 1
restaurante/controllers/CategoriaController.go:30.77,30.110 1 1
restaurante/controllers/CategoriaController.go:32.39,32.80 1 1
restaurante/controllers/CategoriaController.go:46.40,49.80 3 2
restaurante/controllers/CategoriaController.go:49.80,54.3 4 1
restaurante/controllers/CategoriaController.go:55.2,56.15 2 1
restaurante/controllers/CategoriaController.go:68.41,72.37 4 2
restaurante/controllers/CategoriaController.go:72.37,77.3 4 1
restaurante/controllers/CategoriaController.go:78.2,79.15 2 1
restaurante/controllers/CategoriaController.go:92.38,97.88 3 3
restaurante/controllers/CategoriaController.go:97.88,102.3 4 1
restaurante/controllers/CategoriaController.go:103.2,104.42 2 2
restaurante/controllers/CategoriaController.go:104.42,109.3 4 1
restaurante/controllers/CategoriaController.go:110.2,112.15 3 1
restaurante/controllers/CategoriaController.go:125.37,129.37 4 4
restaurante/controllers/CategoriaController.go:129.37,134.3 4 2
restaurante/controllers/CategoriaController.go:135.2,136.69 2 2
restaurante/controllers/CategoriaController.go:136.69,141.3 4 0
restaurante/controllers/CategoriaController.go:142.2,142.22 1 2
restaurante/controllers/CategoriaController.go:142.22,142.49 1 2
restaurante/controllers/CategoriaController.go:143.2,143.52 1 2
restaurante/controllers/CategoriaController.go:143.52,148.3 4 1
restaurante/controllers/CategoriaController.go:149.2,150.15 2 1
restaurante/controllers/CategoriaController.go:162.40,165.76 3 2
restaurante/controllers/CategoriaController.go:165.76,170.3 4 1
restaurante/controllers/CategoriaController.go:171.2,172.15 2 1
restaurante/controllers/ClienteController.go:16.85,18.2 1 0
restaurante/controllers/ClienteController.go:20.62,22.2 1 0
restaurante/controllers/ClienteController.go:24.73,26.2 1 0
restaurante/controllers/ClienteController.go:28.73,30.2 1 0
restaurante/controllers/ClienteController.go:32.73,34.2 1 0
restaurante/controllers/ClienteController.go:42.38,44.2 1 6
restaurante/controllers/ClienteController.go:46.39,47.16 1 8
restaurante/controllers/ClienteController.go:47.16,49.3 1 1
restaurante/controllers/ClienteController.go:51.2,53.71 2 7
restaurante/controllers/ClienteController.go:70.38,83.39 6 5
restaurante/controllers/ClienteController.go:83.39,88.17 3 2
restaurante/controllers/ClienteController.go:88.17,90.4 1 1
restaurante/controllers/ClienteController.go:92.3,93.67 2 2
restaurante/controllers/ClienteController.go:93.67,102.4 4 1
restaurante/controllers/ClienteController.go:103.8,106.17 2 3
restaurante/controllers/ClienteController.go:106.17,115.4 4 1
restaurante/controllers/ClienteController.go:119.2,119.42 1 3
restaurante/controllers/ClienteController.go:119.42,121.36 2 1
restaurante/controllers/ClienteController.go:121.36,126.4 1 1
restaurante/controllers/ClienteController.go:128.3,135.9 4 1
restaurante/controllers/ClienteController.go:139.2,139.26 1 2
restaurante/controllers/ClienteController.go:139.26,141.3 1 2
restaurante/controllers/ClienteController.go:143.2,149.15 3 2
restaurante/controllers/ClienteController.go:164.39,168.27 3 4
restaurante/controllers/ClienteController.go:168.27,177.3 4 1
restaurante/controllers/ClienteController.go:179.2,182.26 3 3
restaurante/controllers/ClienteController.go:182.26,190.3 4 1
restaurante/controllers/ClienteController.go:190.8,190.23 1 2
restaurante/controllers/ClienteController.go:190.23,199.3 4 1
restaurante/controllers/ClienteController.go:202.2,210.15 4 1
restaurante/controllers/ClienteController.go:224.36,228.74 3 6
restaurante/controllers/ClienteController.go:228.74,237.3 4 1
restaurante/controllers/ClienteController.go:240.2,241.22 2 5
restaurante/controllers/ClienteController.go:241.22,249.3 4 1
restaurante/controllers/ClienteController.go:250.2,254.16 3 4
restaurante/controllers/ClienteController.go:254.16,263.3 4 1
restaurante/controllers/ClienteController.go:264.2,267.53 2 3
restaurante/controllers/ClienteController.go:267.53,268.28 1 2
restaurante/controllers/ClienteController.go:268.28,277.4 4 1
restaurante/controllers/ClienteController.go:278.3,285.9 4 1
restaurante/controllers/ClienteController.go:289.2,297.15 4 1
restaurante/controllers/ClienteController.go:314.35,319.27 3 9
restaurante/controllers/ClienteController.go:319.27,328.3 4 1
restaurante/controllers/ClienteController.go:331.2,332.49 2 8
restaurante/controllers/ClienteController.go:332.49,333.27 1 2
restaurante/controllers/ClienteController.go:333.27,340.4 3 1
restaurante/controllers/ClienteController.go:340.9,348.4 3 1
restaurante/controllers/ClienteController.go:349.3,349.9 1 2
restaurante/controllers/ClienteController.go:353.2,354.81 2 6
restaurante/controllers/ClienteController.go:354.81,363.3 4 1
restaurante/controllers/ClienteController.go:366.2,370.22 3 5
restaurante/controllers/ClienteController.go:370.22,372.3 1 4
restaurante/controllers/ClienteController.go:372.8,374.3 1 1
restaurante/controllers/ClienteController.go:377.2,377.35 1 5
restaurante/controllers/ClienteController.go:377.35,379.17 2 2
restaurante/controllers/ClienteController.go:379.17,388.4 4 1
restaurante/controllers/ClienteController.go:389.3,389.51 1 1
restaurante/controllers/ClienteController.go:390.8,393.3 1 3
restaurante/controllers/ClienteController.go:396.2,396.60 1 4
restaurante/controllers/ClienteController.go:396.60,397.28 1 2
restaurante/controllers/ClienteController.go:397.28,406.4 4 1
restaurante/controllers/ClienteController.go:407.3,414.9 4 1
restaurante/controllers/ClienteController.go:418.2,426.15 4 2
restaurante/controllers/ClienteController.go:441.38,446.27 3 3
restaurante/controllers/ClienteController.go:446.27,454.3 4 1
restaurante/controllers/ClienteController.go:456.2,458.54 2 2
restaurante/controllers/ClienteController.go:458.54,465.3 3 1
restaurante/controllers/ClienteController.go:465.8,473.3 3 1
restaurante/controllers/ControlNominaController.go:13.41,13.64 1 6
restaurante/controllers/ControlNominaController.go:27.44,30.40 3 3
restaurante/controllers/ControlNominaController.go:30.40,31.56 1 1
restaurante/controllers/ControlNominaController.go:31.56,31.86 1 1
restaurante/controllers/ControlNominaController.go:33.2,34.41 2 3
restaurante/controllers/ControlNominaController.go:34.41,38.3 4 2
restaurante/controllers/ControlNominaController.go:39.2,40.15 2 1
restaurante/controllers/ControlNominaController.go:52.45,56.109 4 3
restaurante/controllers/ControlNominaController.go:56.109,60.3 4 2
restaurante/controllers/ControlNominaController.go:61.2,62.15 2 1
restaurante/controllers/DomicilioController.go:21.44,22.52 1 4
restaurante/controllers/DomicilioController.go:23.104,24.14 1 2
restaurante/controllers/DomicilioController.go:26.2,26.14 1 2
restaurante/controllers/DomicilioController.go:45.40,58.21 9 4
restaurante/controllers/DomicilioController.go:58.21,60.3 1 1
restaurante/controllers/DomicilioController.go:61.2,61.20 1 4
restaurante/controllers/DomicilioController.go:61.20,63.3 1 1
restaurante/controllers/DomicilioController.go:64.2,64.21 1 4
restaurante/controllers/DomicilioController.go:64.21,66.3 1 1
restaurante/controllers/DomicilioController.go:67.2,67.17 1 4
restaurante/controllers/DomicilioController.go:67.17,68.65 1 1
restaurante/controllers/DomicilioController.go:68.65,70.4 1 1
restaurante/controllers/DomicilioController.go:72.2,72.18 1 4
restaurante/controllers/DomicilioController.go:72.18,74.3 1 1
restaurante/controllers/DomicilioController.go:77.2,77.23 1 4
restaurante/controllers/DomicilioController.go:77.23,83.3 2 1
restaurante/controllers/DomicilioController.go:86.2,88.16 3 4
restaurante/controllers/DomicilioController.go:88.16,97.3 4 1
restaurante/controllers/DomicilioController.go:100.2,100.16 1 3
restaurante/controllers/DomicilioController.go:100.16,108.3 4 1
restaurante/controllers/DomicilioController.go:111.2,117.15 3 2
restaurante/controllers/DomicilioController.go:132.41,135.27 3 3
restaurante/controllers/DomicilioController.go:135.27,144.3 4 1
restaurante/controllers/DomicilioController.go:146.2,147.53 2 2
restaurante/controllers/DomicilioController.go:147.53,156.3 4 1
restaurante/controllers/DomicilioController.go:159.2,207.19 10 1
restaurante/controllers/DomicilioController.go:207.19,213.3 1 1
restaurante/controllers/DomicilioController.go:214.2,214.19 1 1
restaurante/controllers/DomicilioController.go:214.19,216.26 2 1
restaurante/controllers/DomicilioController.go:216.26,218.4 1 1
restaurante/controllers/DomicilioController.go:219.3,220.26 2 1
restaurante/controllers/DomicilioController.go:220.26,222.4 1 1
restaurante/controllers/DomicilioController.go:222.9,222.41 1 0
restaurante/controllers/DomicilioController.go:222.41,224.4 1 0
restaurante/controllers/DomicilioController.go:225.3,226.23 2 1
restaurante/controllers/DomicilioController.go:226.23,229.4 2 1
restaurante/controllers/DomicilioController.go:230.3,237.4 1 1
restaurante/controllers/DomicilioController.go:240.2,246.15 3 1
restaurante/controllers/DomicilioController.go:260.38,263.70 3 8
restaurante/controllers/DomicilioController.go:263.70,268.3 4 1
restaurante/controllers/DomicilioController.go:270.2,270.44 1 7
restaurante/controllers/DomicilioController.go:270.44,271.25 1 1
restaurante/controllers/DomicilioController.go:272.12,273.37 1 0
restaurante/controllers/DomicilioController.go:274.15,275.35 1 1
restaurante/controllers/DomicilioController.go:275.35,277.5 1 1
restaurante/controllers/DomicilioController.go:278.16,279.22 1 0
restaurante/controllers/DomicilioController.go:279.22,281.5 1 0
restaurante/controllers/DomicilioController.go:285.2,285.51 1 7
restaurante/controllers/DomicilioController.go:285.51,286.57 1 7
restaurante/controllers/DomicilioController.go:286.57,291.4 4 0
restaurante/controllers/DomicilioController.go:292.8,297.3 4 0
restaurante/controllers/DomicilioController.go:299.2,299.51 1 7
restaurante/controllers/DomicilioController.go:299.51,304.3 4 1
restaurante/controllers/DomicilioController.go:306.2,307.16 2 6
restaurante/controllers/DomicilioController.go:307.16,312.3 4 2
restaurante/controllers/DomicilioController.go:314.2,315.32 2 4
restaurante/controllers/DomicilioController.go:315.32,317.3 1 1
restaurante/controllers/DomicilioController.go:318.2,318.28 1 4
restaurante/controllers/DomicilioController.go:318.28,320.3 1 1
restaurante/controllers/DomicilioController.go:322.2,323.15 2 4
restaurante/controllers/DomicilioController.go:323.15,324.42 1 3
restaurante/controllers/DomicilioController.go:324.42,324.53 1 1
restaurante/controllers/DomicilioController.go:326.2,326.15 1 4
restaurante/controllers/DomicilioController.go:326.15,327.35 1 2
restaurante/controllers/DomicilioController.go:327.35,332.4 4 1
restaurante/controllers/DomicilioController.go:333.3,333.66 1 1
restaurante/controllers/DomicilioController.go:335.2,335.59 1 3
restaurante/controllers/DomicilioController.go:335.59,337.3 1 0
restaurante/controllers/DomicilioController.go:339.2,342.29 4 3
restaurante/controllers/DomicilioController.go:342.29,345.3 2 1
restaurante/controllers/DomicilioController.go:346.2,346.32 1 3
restaurante/controllers/DomicilioController.go:346.32,349.3 2 1
restaurante/controllers/DomicilioController.go:350.2,350.33 1 3
restaurante/controllers/DomicilioController.go:350.33,353.3 2 0
restaurante/controllers/DomicilioController.go:354.2,354.28 1 3
restaurante/controllers/DomicilioController.go:354.28,357.3 2 1
restaurante/controllers/DomicilioController.go:359.2,360.20 2 3
restaurante/controllers/DomicilioController.go:360.20,362.3 1 12
restaurante/controllers/DomicilioController.go:363.2,366.70 2 3
restaurante/controllers/DomicilioController.go:366.70,375.3 4 1
restaurante/controllers/DomicilioController.go:377.2,380.64 3 2
restaurante/controllers/DomicilioController.go:380.64,384.3 3 2
restaurante/controllers/DomicilioController.go:386.2,392.15 3 2
restaurante/controllers/DomicilioController.go:407.37,410.27 3 5
restaurante/controllers/DomicilioController.go:410.27,419.3 4 1
restaurante/controllers/DomicilioController.go:421.2,422.53 2 4
restaurante/controllers/DomicilioController.go:422.53,430.3 4 1
restaurante/controllers/DomicilioController.go:432.2,433.72 2 3
restaurante/controllers/DomicilioController.go:433.72,442.3 4 1
restaurante/controllers/DomicilioController.go:445.2,446.54 2 2
restaurante/controllers/DomicilioController.go:446.54,449.3 2 2
restaurante/controllers/DomicilioController.go:450.2,450.52 1 2
restaurante/controllers/DomicilioController.go:450.52,453.3 2 1
restaurante/controllers/DomicilioController.go:454.2,454.54 1 2
restaurante/controllers/DomicilioController.go:454.54,457.3 2 0
restaurante/controllers/DomicilioController.go:459.2,462.65 3 2
restaurante/controllers/DomicilioController.go:462.65,471.3 4 1
restaurante/controllers/DomicilioController.go:473.2,476.64 3 1
restaurante/controllers/DomicilioController.go:476.64,480.3 3 1
restaurante/controllers/DomicilioController.go:482.2,488.15 3 1
restaurante/controllers/DomicilioController.go:502.40,505.27 3 3
restaurante/controllers/DomicilioController.go:505.27,514.3 4 1
restaurante/controllers/DomicilioController.go:516.2,517.48 2 2
restaurante/controllers/DomicilioController.go:517.48,523.3 2 1
restaurante/controllers/DomicilioController.go:523.8,530.3 2 1
restaurante/controllers/DomicilioController.go:531.2,531.15 1 2
restaurante/controllers/DomicilioController.go:547.53,556.16 5 5
restaurante/controllers/DomicilioController.go:556.16,565.3 4 1
restaurante/controllers/DomicilioController.go:567.2,568.16 2 4
restaurante/controllers/DomicilioController.go:568.16,577.3 4 1
restaurante/controllers/DomicilioController.go:579.2,579.19 1 3
restaurante/controllers/DomicilioController.go:579.19,581.137 2 1
restaurante/controllers/DomicilioController.go:581.137,587.4 2 0
restaurante/controllers/DomicilioController.go:587.9,593.4 2 1
restaurante/controllers/DomicilioController.go:594.3,595.9 2 1
restaurante/controllers/DomicilioController.go:598.2,612.15 4 2
restaurante/controllers/HorarioTrabajadorController.go:18.34,21.30 2 30
restaurante/controllers/HorarioTrabajadorController.go:23.76,24.14 1 24
restaurante/controllers/HorarioTrabajadorController.go:25.10,26.15 1 6
restaurante/controllers/HorarioTrabajadorController.go:32.31,33.13 1 52
restaurante/controllers/HorarioTrabajadorController.go:33.13,35.3 1 2
restaurante/controllers/HorarioTrabajadorController.go:36.2,37.17 2 50
restaurante/controllers/HorarioTrabajadorController.go:37.17,39.3 1 1
restaurante/controllers/HorarioTrabajadorController.go:40.2,40.39 1 49
restaurante/controllers/HorarioTrabajadorController.go:55.48,61.65 5 2
restaurante/controllers/HorarioTrabajadorController.go:61.65,64.3 2 1
restaurante/controllers/HorarioTrabajadorController.go:65.2,65.42 1 2
restaurante/controllers/HorarioTrabajadorController.go:65.42,66.22 1 1
restaurante/controllers/HorarioTrabajadorController.go:66.22,69.4 2 1
restaurante/controllers/HorarioTrabajadorController.go:71.2,71.20 1 2
restaurante/controllers/HorarioTrabajadorController.go:71.20,73.3 1 1
restaurante/controllers/HorarioTrabajadorController.go:75.2,76.70 2 2
restaurante/controllers/HorarioTrabajadorController.go:76.70,85.3 4 1
restaurante/controllers/HorarioTrabajadorController.go:87.2,93.15 3 1
restaurante/controllers/HorarioTrabajadorController.go:108.46,111.72 2 6
restaurante/controllers/HorarioTrabajadorController.go:111.72,120.3 4 1
restaurante/controllers/HorarioTrabajadorController.go:122.2,123.24 2 5
restaurante/controllers/HorarioTrabajadorController.go:123.24,128.3 4 1
restaurante/controllers/HorarioTrabajadorController.go:130.2,132.32 3 4
restaurante/controllers/HorarioTrabajadorController.go:132.32,137.3 4 1
restaurante/controllers/HorarioTrabajadorController.go:140.2,150.27 4 3
restaurante/controllers/HorarioTrabajadorController.go:150.27,155.3 4 1
restaurante/controllers/HorarioTrabajadorController.go:157.2,161.23 2 2
restaurante/controllers/HorarioTrabajadorController.go:161.23,166.3 4 1
restaurante/controllers/HorarioTrabajadorController.go:168.2,170.15 3 1
restaurante/controllers/HorarioTrabajadorController.go:188.45,190.28 2 10
restaurante/controllers/HorarioTrabajadorController.go:190.28,195.3 4 1
restaurante/controllers/HorarioTrabajadorController.go:196.2,197.35 2 9
restaurante/controllers/HorarioTrabajadorController.go:197.35,202.3 4 1
restaurante/controllers/HorarioTrabajadorController.go:203.2,210.45 4 8
restaurante/controllers/HorarioTrabajadorController.go:210.45,215.3 4 1
restaurante/controllers/HorarioTrabajadorController.go:215.8,215.23 1 7
restaurante/controllers/HorarioTrabajadorController.go:215.23,220.3 4 1
restaurante/controllers/HorarioTrabajadorController.go:222.2,223.72 2 6
restaurante/controllers/HorarioTrabajadorController.go:223.72,228.3 4 1
restaurante/controllers/HorarioTrabajadorController.go:230.2,230.56 1 5
restaurante/controllers/HorarioTrabajadorController.go:230.56,231.70 1 2
restaurante/controllers/HorarioTrabajadorController.go:231.70,233.4 1 1
restaurante/controllers/HorarioTrabajadorController.go:233.9,238.4 4 1
restaurante/controllers/HorarioTrabajadorController.go:240.2,240.50 1 4
restaurante/controllers/HorarioTrabajadorController.go:240.50,241.67 1 4
restaurante/controllers/HorarioTrabajadorController.go:241.67,243.4 1 3
restaurante/controllers/HorarioTrabajadorController.go:243.9,248.4 4 1
restaurante/controllers/HorarioTrabajadorController.go:251.2,253.27 3 3
restaurante/controllers/HorarioTrabajadorController.go:253.27,258.3 4 1
restaurante/controllers/HorarioTrabajadorController.go:260.2,263.23 1 2
restaurante/controllers/HorarioTrabajadorController.go:263.23,268.3 4 1
restaurante/controllers/HorarioTrabajadorController.go:270.2,272.15 3 1
restaurante/controllers/HorarioTrabajadorController.go:289.48,291.28 2 6
restaurante/controllers/HorarioTrabajadorController.go:291.28,296.3 4 1
restaurante/controllers/HorarioTrabajadorController.go:297.2,298.35 2 5
restaurante/controllers/HorarioTrabajadorController.go:298.35,303.3 4 1
restaurante/controllers/HorarioTrabajadorController.go:304.2,311.45 4 4
restaurante/controllers/HorarioTrabajadorController.go:311.45,316.3 4 1
restaurante/controllers/HorarioTrabajadorController.go:316.8,316.23 1 3
restaurante/controllers/HorarioTrabajadorController.go:316.23,321.3 4 1
restaurante/controllers/HorarioTrabajadorController.go:323.2,326.23 1 2
restaurante/controllers/HorarioTrabajadorController.go:326.23,331.3 4 1
restaurante/controllers/HorarioTrabajadorController.go:333.2,335.15 3 1
restaurante/controllers/IncidenciaController.go:27.72,27.100 1 6
restaurante/controllers/IncidenciaController.go:28.68,28.92 1 4
restaurante/controllers/IncidenciaController.go:29.73,29.104 1 6
restaurante/controllers/IncidenciaController.go:30.84,30.117 1 3
restaurante/controllers/IncidenciaController.go:31.84,31.117 1 3
restaurante/controllers/IncidenciaController.go:32.47,32.95 1 31
restaurante/controllers/IncidenciaController.go:44.41,49.16 4 3
restaurante/controllers/IncidenciaController.go:49.16,58.3 4 2
restaurante/controllers/IncidenciaController.go:60.2,66.15 3 1
restaurante/controllers/IncidenciaController.go:84.55,89.34 3 11
restaurante/controllers/IncidenciaController.go:89.34,97.3 4 1
restaurante/controllers/IncidenciaController.go:99.2,100.39 2 10
restaurante/controllers/IncidenciaController.go:100.39,108.3 4 1
restaurante/controllers/IncidenciaController.go:110.2,111.59 2 9
restaurante/controllers/IncidenciaController.go:111.59,119.3 4 1
restaurante/controllers/IncidenciaController.go:122.2,133.51 5 8
restaurante/controllers/IncidenciaController.go:133.51,141.3 4 5
restaurante/controllers/IncidenciaController.go:141.8,141.23 1 3
restaurante/controllers/IncidenciaController.go:141.23,150.3 4 0
restaurante/controllers/IncidenciaController.go:153.2,159.15 3 3
restaurante/controllers/IncidenciaController.go:174.39,180.72 4 16
restaurante/controllers/IncidenciaController.go:180.72,189.3 4 5
restaurante/controllers/IncidenciaController.go:192.2,192.77 1 11
restaurante/controllers/IncidenciaController.go:192.77,194.17 2 11
restaurante/controllers/IncidenciaController.go:194.17,203.4 4 0
restaurante/controllers/IncidenciaController.go:204.3,204.32 1 11
restaurante/controllers/IncidenciaController.go:205.8,213.3 4 0
restaurante/controllers/IncidenciaController.go:216.2,216.47 1 11
restaurante/controllers/IncidenciaController.go:216.47,218.3 1 11
restaurante/controllers/IncidenciaController.go:218.8,226.3 4 0
restaurante/controllers/IncidenciaController.go:229.2,229.44 1 11
restaurante/controllers/IncidenciaController.go:229.44,231.3 1 10
restaurante/controllers/IncidenciaController.go:231.8,239.3 4 1
restaurante/controllers/IncidenciaController.go:242.2,242.64 1 10
restaurante/controllers/IncidenciaController.go:242.64,244.3 1 9
restaurante/controllers/IncidenciaController.go:244.8,252.3 4 1
restaurante/controllers/IncidenciaController.go:255.2,255.83 1 9
restaurante/controllers/IncidenciaController.go:255.83,258.3 2 9
restaurante/controllers/IncidenciaController.go:258.8,266.3 4 0
restaurante/controllers/IncidenciaController.go:269.2,270.16 2 9
restaurante/controllers/IncidenciaController.go:270.16,279.3 4 2
restaurante/controllers/IncidenciaController.go:282.2,288.39 1 7
restaurante/controllers/IncidenciaController.go:288.39,289.49 1 7
restaurante/controllers/IncidenciaController.go:289.49,291.5 1 7
restaurante/controllers/IncidenciaController.go:292.4,292.12 1 0
restaurante/controllers/IncidenciaController.go:297.2,303.15 3 7
restaurante/controllers/IncidenciaController.go:320.38,326.27 4 10
restaurante/controllers/IncidenciaController.go:326.27,334.3 4 1
restaurante/controllers/IncidenciaController.go:337.2,338.54 2 9
restaurante/controllers/IncidenciaController.go:338.54,346.3 4 0
restaurante/controllers/IncidenciaController.go:349.2,350.72 2 9
restaurante/controllers/IncidenciaController.go:350.72,359.3 4 3
restaurante/controllers/IncidenciaController.go:362.2,362.77 1 6
restaurante/controllers/IncidenciaController.go:362.77,364.17 2 3
restaurante/controllers/IncidenciaController.go:364.17,373.4 4 0
restaurante/controllers/IncidenciaController.go:374.3,374.32 1 3
restaurante/controllers/IncidenciaController.go:377.2,377.47 1 6
restaurante/controllers/IncidenciaController.go:377.47,379.3 1 3
restaurante/controllers/IncidenciaController.go:381.2,381.44 1 6
restaurante/controllers/IncidenciaController.go:381.44,383.3 1 3
restaurante/controllers/IncidenciaController.go:385.2,385.64 1 6
restaurante/controllers/IncidenciaController.go:385.64,387.3 1 5
restaurante/controllers/IncidenciaController.go:389.2,389.83 1 6
restaurante/controllers/IncidenciaController.go:389.83,392.3 2 4
restaurante/controllers/IncidenciaController.go:395.2,395.49 1 6
restaurante/controllers/IncidenciaController.go:395.49,404.3 4 1
restaurante/controllers/IncidenciaController.go:407.2,413.39 1 5
restaurante/controllers/IncidenciaController.go:413.39,414.49 1 5
restaurante/controllers/IncidenciaController.go:414.49,416.5 1 3
restaurante/controllers/IncidenciaController.go:417.4,417.12 1 2
restaurante/controllers/IncidenciaController.go:422.2,428.15 3 5
restaurante/controllers/IncidenciaController.go:442.41,445.16 3 5
restaurante/controllers/IncidenciaController.go:445.16,453.3 4 1
restaurante/controllers/IncidenciaController.go:455.2,456.26 2 4
restaurante/controllers/IncidenciaController.go:456.26,464.3 4 1
restaurante/controllers/IncidenciaController.go:464.8,464.23 1 3
restaurante/controllers/IncidenciaController.go:464.23,473.3 4 1
restaurante/controllers/IncidenciaController.go:475.2,480.15 3 2
restaurante/controllers/LoginController.go:52.35,54.79 2 6
restaurante/controllers/LoginController.go:54.79,63.3 4 1
restaurante/controllers/LoginController.go:65.2,71.16 4 5
restaurante/controllers/LoginController.go:71.16,73.108 1 2
restaurante/controllers/LoginController.go:73.108,81.4 4 1
restaurante/controllers/LoginController.go:82.3,85.9 3 1
restaurante/controllers/LoginController.go:89.2,92.16 3 3
restaurante/controllers/LoginController.go:92.16,94.105 1 2
restaurante/controllers/LoginController.go:94.105,102.4 4 1
restaurante/controllers/LoginController.go:103.3,106.9 3 1
restaurante/controllers/LoginController.go:110.2,115.15 3 1
restaurante/controllers/LoginController.go:119.82,134.16 6 4
restaurante/controllers/LoginController.go:134.16,143.3 4 0
restaurante/controllers/LoginController.go:145.2,154.15 3 4
restaurante/controllers/LoginController.go:157.42,159.37 1 6
restaurante/controllers/LoginController.go:159.37,163.3 3 1
restaurante/controllers/LoginController.go:166.2,166.83 1 5
restaurante/controllers/LoginController.go:166.83,169.3 2 1
restaurante/controllers/LoginController.go:172.2,172.34 1 4
restaurante/controllers/LoginController.go:172.34,174.45 2 0
restaurante/controllers/LoginController.go:174.45,177.4 2 0
restaurante/controllers/LoginController.go:179.3,179.54 1 0
restaurante/controllers/LoginController.go:179.54,181.4 1 0
restaurante/controllers/LoginController.go:185.2,186.22 2 4
restaurante/controllers/LoginController.go:186.22,194.3 4 1
restaurante/controllers/LoginController.go:195.2,198.56 2 3
restaurante/controllers/LoginController.go:198.56,200.3 1 1
restaurante/controllers/LoginController.go:201.2,204.101 3 3
restaurante/controllers/LoginController.go:204.101,206.3 1 2
restaurante/controllers/LoginController.go:208.2,208.32 1 3
restaurante/controllers/LoginController.go:208.32,216.3 4 1
restaurante/controllers/LoginController.go:218.2,218.47 1 2
restaurante/controllers/MetodoPagoController.go:29.81,31.2 1 1
restaurante/controllers/MetodoPagoController.go:37.71,39.2 1 1
restaurante/controllers/MetodoPagoController.go:41.60,41.98 1 7
restaurante/controllers/MetodoPagoController.go:57.41,62.16 4 2
restaurante/controllers/MetodoPagoController.go:62.16,71.3 4 1
restaurante/controllers/MetodoPagoController.go:73.2,79.15 3 1
restaurante/controllers/MetodoPagoController.go:93.42,97.27 3 3
restaurante/controllers/MetodoPagoController.go:97.27,106.3 4 1
restaurante/controllers/MetodoPagoController.go:108.9,111.26 3 2
restaurante/controllers/MetodoPagoController.go:111.26,120.3 4 1
restaurante/controllers/MetodoPagoController.go:122.2,128.15 3 1
restaurante/controllers/MetodoPagoController.go:142.39,146.73 3 3
restaurante/controllers/MetodoPagoController.go:146.73,155.3 4 1
restaurante/controllers/MetodoPagoController.go:157.2,158.16 2 2
restaurante/controllers/MetodoPagoController.go:158.16,167.3 4 1
restaurante/controllers/MetodoPagoController.go:169.2,175.15 3 1
restaurante/controllers/MetodoPagoController.go:190.38,196.27 4 5
restaurante/controllers/MetodoPagoController.go:196.27,205.3 4 1
restaurante/controllers/MetodoPagoController.go:207.9,209.28 2 4
restaurante/controllers/MetodoPagoController.go:209.28,211.81 2 3
restaurante/controllers/MetodoPagoController.go:211.81,220.4 4 1
restaurante/controllers/MetodoPagoController.go:222.17,224.17 3 2
restaurante/controllers/MetodoPagoController.go:224.17,233.4 4 1
restaurante/controllers/MetodoPagoController.go:235.3,241.16 3 1
restaurante/controllers/MetodoPagoController.go:242.8,249.3 3 1
restaurante/controllers/MetodoPagoController.go:263.41,269.27 4 3
restaurante/controllers/MetodoPagoController.go:269.27,278.3 4 1
restaurante/controllers/MetodoPagoController.go:280.9,282.45 2 2
restaurante/controllers/MetodoPagoController.go:282.45,289.3 3 1
restaurante/controllers/MetodoPagoController.go:289.8,297.3 3 1
restaurante/controllers/NominaController.go:21.78,21.130 1 1
restaurante/controllers/NominaController.go:22.65,22.85 1 2
restaurante/controllers/NominaController.go:23.90,23.121 1 1
restaurante/controllers/NominaController.go:24.84,30.17 3 0
restaurante/controllers/NominaController.go:30.17,32.4 1 0
restaurante/controllers/NominaController.go:33.3,33.24 1 0
restaurante/controllers/NominaController.go:56.37,61.16 4 5
restaurante/controllers/NominaController.go:61.16,70.3 4 1
restaurante/controllers/NominaController.go:72.2,77.33 5 4
restaurante/controllers/NominaController.go:77.33,78.64 1 4
restaurante/controllers/NominaController.go:78.64,79.12 1 1
restaurante/controllers/NominaController.go:81.3,81.63 1 3
restaurante/controllers/NominaController.go:81.63,82.12 1 1
restaurante/controllers/NominaController.go:84.3,84.46 1 2
restaurante/controllers/NominaController.go:84.46,85.12 1 1
restaurante/controllers/NominaController.go:87.3,87.52 1 1
restaurante/controllers/NominaController.go:90.2,90.31 1 4
restaurante/controllers/NominaController.go:90.31,98.3 4 3
restaurante/controllers/NominaController.go:100.2,106.15 3 1
restaurante/controllers/NominaController.go:121.35,125.72 3 9
restaurante/controllers/NominaController.go:125.72,134.3 4 1
restaurante/controllers/NominaController.go:135.2,135.26 1 8
restaurante/controllers/NominaController.go:135.26,138.3 2 1
restaurante/controllers/NominaController.go:142.2,142.28 1 8
restaurante/controllers/NominaController.go:142.28,150.3 4 2
restaurante/controllers/NominaController.go:152.2,153.68 2 6
restaurante/controllers/NominaController.go:153.68,158.24 1 2
restaurante/controllers/NominaController.go:158.24,163.4 4 1
restaurante/controllers/NominaController.go:164.3,167.9 4 1
restaurante/controllers/NominaController.go:169.2,169.46 1 4
restaurante/controllers/NominaController.go:169.46,174.3 4 1
restaurante/controllers/NominaController.go:176.2,176.51 1 3
restaurante/controllers/NominaController.go:176.51,178.3 1 1
restaurante/controllers/NominaController.go:180.2,182.44 2 3
restaurante/controllers/NominaController.go:182.44,191.3 4 1
restaurante/controllers/NominaController.go:193.2,196.35 2 2
restaurante/controllers/NominaController.go:196.35,205.3 4 1
restaurante/controllers/NominaController.go:207.2,213.15 3 1
restaurante/controllers/NominaController.go:229.34,235.27 4 5
restaurante/controllers/NominaController.go:235.27,244.3 4 1
restaurante/controllers/NominaController.go:247.2,248.59 2 4
restaurante/controllers/NominaController.go:248.59,256.3 4 1
restaurante/controllers/NominaController.go:259.2,259.53 1 3
restaurante/controllers/NominaController.go:259.53,267.3 4 1
restaurante/controllers/NominaController.go:268.2,271.71 2 2
restaurante/controllers/NominaController.go:271.71,280.3 4 1
restaurante/controllers/NominaController.go:283.2,289.15 3 1
restaurante/controllers/NominaController.go:303.37,308.27 4 4
restaurante/controllers/NominaController.go:308.27,317.3 4 1
restaurante/controllers/NominaController.go:319.2,320.49 2 3
restaurante/controllers/NominaController.go:320.49,328.3 4 1
restaurante/controllers/NominaController.go:330.2,331.71 2 2
restaurante/controllers/NominaController.go:331.71,340.3 4 1
restaurante/controllers/NominaController.go:342.2,347.15 3 1
restaurante/controllers/NominaTrabajadorController.go:33.76,33.130 1 7
restaurante/controllers/NominaTrabajadorController.go:34.74,34.107 1 3
restaurante/controllers/NominaTrabajadorController.go:35.65,35.98 1 1
restaurante/controllers/NominaTrabajadorController.go:37.59,37.108 1 3
restaurante/controllers/NominaTrabajadorController.go:39.35,39.58 1 3
restaurante/controllers/NominaTrabajadorController.go:42.62,42.107 1 5
restaurante/controllers/NominaTrabajadorController.go:44.60,44.84 1 2
restaurante/controllers/NominaTrabajadorController.go:46.35,46.75 1 5
restaurante/controllers/NominaTrabajadorController.go:58.47,64.16 4 1
restaurante/controllers/NominaTrabajadorController.go:64.16,73.3 4 1
restaurante/controllers/NominaTrabajadorController.go:76.2,82.15 3 0
restaurante/controllers/NominaTrabajadorController.go:97.45,103.72 4 6
restaurante/controllers/NominaTrabajadorController.go:103.72,112.3 4 1
restaurante/controllers/NominaTrabajadorController.go:115.2,115.40 1 5
restaurante/controllers/NominaTrabajadorController.go:115.40,123.3 4 1
restaurante/controllers/NominaTrabajadorController.go:124.2,139.16 7 4
restaurante/controllers/NominaTrabajadorController.go:139.16,148.3 4 1
restaurante/controllers/NominaTrabajadorController.go:151.2,152.41 2 3
restaurante/controllers/NominaTrabajadorController.go:152.41,153.23 1 0
restaurante/controllers/NominaTrabajadorController.go:153.23,155.4 1 0
restaurante/controllers/NominaTrabajadorController.go:155.9,157.4 1 0
restaurante/controllers/NominaTrabajadorController.go:159.2,166.16 4 3
restaurante/controllers/NominaTrabajadorController.go:166.16,175.3 4 1
restaurante/controllers/NominaTrabajadorController.go:176.2,182.16 4 2
restaurante/controllers/NominaTrabajadorController.go:182.16,191.3 4 0
restaurante/controllers/NominaTrabajadorController.go:192.2,203.12 5 2
restaurante/controllers/NominaTrabajadorController.go:203.12,209.32 2 1
restaurante/controllers/NominaTrabajadorController.go:209.32,214.4 4 1
restaurante/controllers/NominaTrabajadorController.go:215.3,218.9 4 0
restaurante/controllers/NominaTrabajadorController.go:221.2,222.16 2 1
restaurante/controllers/NominaTrabajadorController.go:222.16,231.3 4 1
restaurante/controllers/NominaTrabajadorController.go:234.2,248.15 4 0
restaurante/controllers/NominaTrabajadorController.go:268.56,278.20 8 3
restaurante/controllers/NominaTrabajadorController.go:278.20,286.3 4 1
restaurante/controllers/NominaTrabajadorController.go:289.2,298.12 4 2
restaurante/controllers/NominaTrabajadorController.go:298.12,300.3 1 1
restaurante/controllers/NominaTrabajadorController.go:303.2,303.11 1 2
restaurante/controllers/NominaTrabajadorController.go:303.11,305.3 1 1
restaurante/controllers/NominaTrabajadorController.go:305.8,305.20 1 1
restaurante/controllers/NominaTrabajadorController.go:305.20,307.3 1 0
restaurante/controllers/NominaTrabajadorController.go:310.2,310.25 1 2
restaurante/controllers/NominaTrabajadorController.go:310.25,313.3 2 1
restaurante/controllers/NominaTrabajadorController.go:316.2,319.50 2 2
restaurante/controllers/NominaTrabajadorController.go:319.50,327.3 4 1
restaurante/controllers/NominaTrabajadorController.go:327.8,327.23 1 1
restaurante/controllers/NominaTrabajadorController.go:327.23,336.3 4 0
restaurante/controllers/NominaTrabajadorController.go:339.2,345.15 3 1
restaurante/controllers/NominaTrabajadorController.go:348.50,364.2 2 4
restaurante/controllers/NominaTrabajadorController.go:379.56,385.37 4 3
restaurante/controllers/NominaTrabajadorController.go:385.37,393.3 4 1
restaurante/controllers/NominaTrabajadorController.go:396.2,418.16 6 2
restaurante/controllers/NominaTrabajadorController.go:418.16,427.3 4 1
restaurante/controllers/NominaTrabajadorController.go:429.2,429.26 1 1
restaurante/controllers/NominaTrabajadorController.go:429.26,437.3 4 0
restaurante/controllers/NominaTrabajadorController.go:440.2,446.15 3 1
restaurante/controllers/PagoController.go:28.31,28.54 1 14
restaurante/controllers/PagoController.go:53.35,58.16 4 5
restaurante/controllers/PagoController.go:58.16,67.3 4 1
restaurante/controllers/PagoController.go:70.2,70.23 1 4
restaurante/controllers/PagoController.go:70.23,74.3 3 10
restaurante/controllers/PagoController.go:77.2,86.29 8 4
restaurante/controllers/PagoController.go:86.29,87.62 1 10
restaurante/controllers/PagoController.go:87.62,88.12 1 1
restaurante/controllers/PagoController.go:90.3,90.54 1 9
restaurante/controllers/PagoController.go:90.54,91.12 1 1
restaurante/controllers/PagoController.go:93.3,93.61 1 8
restaurante/controllers/PagoController.go:93.61,94.12 1 1
restaurante/controllers/PagoController.go:96.3,96.44 1 7
restaurante/controllers/PagoController.go:96.44,97.12 1 1
restaurante/controllers/PagoController.go:99.3,99.49 1 6
restaurante/controllers/PagoController.go:99.49,100.12 1 2
restaurante/controllers/PagoController.go:102.3,102.123 1 4
restaurante/controllers/PagoController.go:102.123,103.12 1 1
restaurante/controllers/PagoController.go:106.3,106.46 1 3
restaurante/controllers/PagoController.go:110.2,110.29 1 4
restaurante/controllers/PagoController.go:110.29,118.3 4 1
restaurante/controllers/PagoController.go:121.2,127.15 3 3
restaurante/controllers/PagoController.go:141.36,145.27 3 3
restaurante/controllers/PagoController.go:145.27,154.3 4 1
restaurante/controllers/PagoController.go:156.2,158.26 3 2
restaurante/controllers/PagoController.go:158.26,167.3 4 1
restaurante/controllers/PagoController.go:170.2,180.15 6 1
restaurante/controllers/PagoController.go:194.33,209.69 4 10
restaurante/controllers/PagoController.go:209.69,218.3 4 1
restaurante/controllers/PagoController.go:221.2,221.24 1 9
restaurante/controllers/PagoController.go:221.24,226.3 4 1
restaurante/controllers/PagoController.go:227.2,228.16 2 8
restaurante/controllers/PagoController.go:228.16,233.3 4 1
restaurante/controllers/PagoController.go:235.2,235.23 1 7
restaurante/controllers/PagoController.go:235.23,240.3 4 1
restaurante/controllers/PagoController.go:241.2,242.16 2 6
restaurante/controllers/PagoController.go:242.16,247.3 4 1
restaurante/controllers/PagoController.go:249.2,249.19 1 5
restaurante/controllers/PagoController.go:249.19,254.3 4 1
restaurante/controllers/PagoController.go:256.2,256.25 1 4
restaurante/controllers/PagoController.go:256.25,261.3 4 0
restaurante/controllers/PagoController.go:262.2,263.43 2 4
restaurante/controllers/PagoController.go:263.43,272.3 4 1
restaurante/controllers/PagoController.go:274.2,274.26 1 3
restaurante/controllers/PagoController.go:274.26,279.3 4 1
restaurante/controllers/PagoController.go:282.2,283.24 2 2
restaurante/controllers/PagoController.go:283.24,285.3 1 0
restaurante/controllers/PagoController.go:287.2,298.43 2 2
restaurante/controllers/PagoController.go:298.43,303.3 4 1
restaurante/controllers/PagoController.go:305.2,311.15 3 1
restaurante/controllers/PagoController.go:326.32,332.27 4 11
restaurante/controllers/PagoController.go:332.27,341.3 4 1
restaurante/controllers/PagoController.go:344.2,345.48 2 10
restaurante/controllers/PagoController.go:345.48,353.3 4 1
restaurante/controllers/PagoController.go:356.2,357.72 2 9
restaurante/controllers/PagoController.go:357.72,362.3 4 1
restaurante/controllers/PagoController.go:365.2,365.48 1 8
restaurante/controllers/PagoController.go:365.48,366.26 1 22
restaurante/controllers/PagoController.go:366.26,367.49 1 44
restaurante/controllers/PagoController.go:367.49,369.5 1 9
restaurante/controllers/PagoController.go:371.3,371.19 1 13
restaurante/controllers/PagoController.go:373.2,373.51 1 8
restaurante/controllers/PagoController.go:373.51,374.26 1 6
restaurante/controllers/PagoController.go:374.26,375.39 1 12
restaurante/controllers/PagoController.go:375.39,377.5 1 5
restaurante/controllers/PagoController.go:379.3,379.18 1 1
restaurante/controllers/PagoController.go:383.2,383.50 1 8
restaurante/controllers/PagoController.go:383.50,385.17 2 3
restaurante/controllers/PagoController.go:385.17,390.4 4 0
restaurante/controllers/PagoController.go:391.3,391.26 1 3
restaurante/controllers/PagoController.go:395.2,395.47 1 8
restaurante/controllers/PagoController.go:395.47,397.17 2 3
restaurante/controllers/PagoController.go:397.17,402.4 4 0
restaurante/controllers/PagoController.go:403.3,403.25 1 3
restaurante/controllers/PagoController.go:404.8,409.3 4 5
restaurante/controllers/PagoController.go:411.2,411.49 1 3
restaurante/controllers/PagoController.go:411.49,413.3 1 2
restaurante/controllers/PagoController.go:415.2,415.59 1 3
restaurante/controllers/PagoController.go:415.59,417.37 2 2
restaurante/controllers/PagoController.go:417.37,422.4 4 0
restaurante/controllers/PagoController.go:423.3,423.28 1 2
restaurante/controllers/PagoController.go:426.2,426.60 1 3
restaurante/controllers/PagoController.go:426.60,428.3 1 1
restaurante/controllers/PagoController.go:431.2,433.74 2 3
restaurante/controllers/PagoController.go:433.74,435.3 1 3
restaurante/controllers/PagoController.go:435.8,440.3 4 0
restaurante/controllers/PagoController.go:443.2,443.43 1 3
restaurante/controllers/PagoController.go:443.43,448.3 4 1
restaurante/controllers/PagoController.go:451.2,453.15 3 2
restaurante/controllers/PagoController.go:467.35,472.27 4 3
restaurante/controllers/PagoController.go:472.27,481.3 4 1
restaurante/controllers/PagoController.go:483.2,485.43 2 2
restaurante/controllers/PagoController.go:485.43,492.3 3 1
restaurante/controllers/PagoController.go:492.8,500.3 3 1
restaurante/controllers/PedidoController.go:35.37,59.17 12 4
restaurante/controllers/PedidoController.go:59.17,62.3 2 1
restaurante/controllers/PedidoController.go:64.2,64.32 1 4
restaurante/controllers/PedidoController.go:64.32,67.3 2 1
restaurante/controllers/PedidoController.go:69.2,69.26 1 4
restaurante/controllers/PedidoController.go:69.26,72.15 3 1
restaurante/controllers/PedidoController.go:72.15,75.4 2 1
restaurante/controllers/PedidoController.go:76.8,76.21 1 3
restaurante/controllers/PedidoController.go:76.21,80.3 2 0
restaurante/controllers/PedidoController.go:82.2,82.17 1 4
restaurante/controllers/PedidoController.go:82.17,85.3 2 1
restaurante/controllers/PedidoController.go:87.2,87.22 1 4
restaurante/controllers/PedidoController.go:87.22,90.3 2 1
restaurante/controllers/PedidoController.go:92.2,92.25 1 4
restaurante/controllers/PedidoController.go:92.25,93.16 1 2
restaurante/controllers/PedidoController.go:93.16,95.4 1 1
restaurante/controllers/PedidoController.go:95.9,97.4 1 1
restaurante/controllers/PedidoController.go:101.2,103.16 3 4
restaurante/controllers/PedidoController.go:103.16,111.3 3 1
restaurante/controllers/PedidoController.go:114.2,114.23 1 3
restaurante/controllers/PedidoController.go:114.23,121.3 3 2
restaurante/controllers/PedidoController.go:124.2,129.15 2 1
restaurante/controllers/PedidoController.go:144.35,153.69 2 4
restaurante/controllers/PedidoController.go:153.69,162.3 4 1
restaurante/controllers/PedidoController.go:164.2,174.24 7 3
restaurante/controllers/PedidoController.go:174.24,176.3 1 1
restaurante/controllers/PedidoController.go:176.8,178.3 1 2
restaurante/controllers/PedidoController.go:180.2,180.54 1 3
restaurante/controllers/PedidoController.go:180.54,182.3 1 0
restaurante/controllers/PedidoController.go:186.2,186.27 1 3
restaurante/controllers/PedidoController.go:186.27,188.3 1 0
restaurante/controllers/PedidoController.go:190.2,190.54 1 3
restaurante/controllers/PedidoController.go:190.54,198.3 4 1
restaurante/controllers/PedidoController.go:200.2,201.45 2 2
restaurante/controllers/PedidoController.go:201.45,210.3 4 1
restaurante/controllers/PedidoController.go:212.2,218.15 3 1
restaurante/controllers/PedidoController.go:234.46,240.22 4 4
restaurante/controllers/PedidoController.go:240.22,245.3 4 1
restaurante/controllers/PedidoController.go:248.2,249.262 2 3
restaurante/controllers/PedidoController.go:249.262,254.3 4 1
restaurante/controllers/PedidoController.go:257.2,258.76 2 2
restaurante/controllers/PedidoController.go:258.76,263.3 4 1
restaurante/controllers/PedidoController.go:265.2,266.15 2 1
restaurante/controllers/PedidoController.go:282.41,288.262 5 3
restaurante/controllers/PedidoController.go:288.262,293.3 4 1
restaurante/controllers/PedidoController.go:296.2,297.76 2 2
restaurante/controllers/PedidoController.go:297.76,302.3 4 1
restaurante/controllers/PedidoController.go:305.2,305.129 1 1
restaurante/controllers/PedidoController.go:305.130,308.3 0 0
restaurante/controllers/PedidoController.go:310.2,311.15 2 1
restaurante/controllers/PedidoController.go:327.49,331.127 3 4
restaurante/controllers/PedidoController.go:331.127,339.3 4 1
restaurante/controllers/PedidoController.go:341.2,345.262 3 3
restaurante/controllers/PedidoController.go:345.262,353.3 4 1
restaurante/controllers/PedidoController.go:356.2,356.120 1 2
restaurante/controllers/PedidoController.go:356.120,365.3 4 1
restaurante/controllers/PedidoController.go:368.2,375.15 4 1
restaurante/controllers/PedidoController.go:391.47,396.19 3 3
restaurante/controllers/PedidoController.go:396.19,403.3 3 1
restaurante/controllers/PedidoController.go:406.2,440.16 4 2
restaurante/controllers/PedidoController.go:440.16,448.3 3 1
restaurante/controllers/PedidoController.go:451.2,456.15 2 1
restaurante/controllers/PrecioProductoHistController.go:13.33,13.56 1 6
restaurante/controllers/PrecioProductoHistController.go:28.49,38.66 4 4
restaurante/controllers/PrecioProductoHistController.go:38.66,41.3 2 2
restaurante/controllers/PrecioProductoHistController.go:42.2,42.40 1 4
restaurante/controllers/PrecioProductoHistController.go:42.40,43.56 1 1
restaurante/controllers/PrecioProductoHistController.go:43.56,46.4 2 1
restaurante/controllers/PrecioProductoHistController.go:48.2,56.66 3 4
restaurante/controllers/PrecioProductoHistController.go:56.66,60.3 4 2
restaurante/controllers/PrecioProductoHistController.go:62.2,63.25 2 2
restaurante/controllers/PrecioProductoHistController.go:63.25,70.3 1 2
restaurante/controllers/PrecioProductoHistController.go:72.2,73.15 2 2
restaurante/controllers/PrecioProductoHistController.go:86.50,100.56 5 2
restaurante/controllers/PrecioProductoHistController.go:100.56,104.3 4 1
restaurante/controllers/PrecioProductoHistController.go:105.2,112.15 3 1
restaurante/controllers/ProductoController.go:25.104,27.17 2 0
restaurante/controllers/ProductoController.go:27.17,29.4 1 0
restaurante/controllers/ProductoController.go:30.3,30.27 1 0
restaurante/controllers/ProductoController.go:32.68,32.88 1 0
restaurante/controllers/ProductoController.go:33.77,33.99 1 0
restaurante/controllers/ProductoController.go:34.87,34.109 1 0
restaurante/controllers/ProductoController.go:35.93,35.124 1 0
restaurante/controllers/ProductoController.go:49.39,59.16 6 3
restaurante/controllers/ProductoController.go:59.16,68.3 4 1
restaurante/controllers/ProductoController.go:71.2,71.27 1 2
restaurante/controllers/ProductoController.go:71.27,72.20 1 2
restaurante/controllers/ProductoController.go:72.20,74.4 1 1
restaurante/controllers/ProductoController.go:77.2,83.15 3 2
restaurante/controllers/ProductoController.go:96.40,100.27 3 4
restaurante/controllers/ProductoController.go:100.27,109.3 4 1
restaurante/controllers/ProductoController.go:111.2,112.16 2 3
restaurante/controllers/ProductoController.go:112.16,120.3 4 2
restaurante/controllers/ProductoController.go:122.2,128.15 3 1
restaurante/controllers/ProductoController.go:149.37,154.76 4 8
restaurante/controllers/ProductoController.go:154.76,165.24 9 2
restaurante/controllers/ProductoController.go:165.24,165.63 1 0
restaurante/controllers/ProductoController.go:166.3,166.64 1 2
restaurante/controllers/ProductoController.go:166.64,166.87 1 0
restaurante/controllers/ProductoController.go:167.3,168.54 2 2
restaurante/controllers/ProductoController.go:168.54,168.79 1 0
restaurante/controllers/ProductoController.go:169.3,169.66 1 2
restaurante/controllers/ProductoController.go:169.66,169.92 1 0
restaurante/controllers/ProductoController.go:170.3,170.64 1 2
restaurante/controllers/ProductoController.go:170.64,170.141 1 0
restaurante/controllers/ProductoController.go:173.3,174.32 2 2
restaurante/controllers/ProductoController.go:174.32,176.51 2 1
restaurante/controllers/ProductoController.go:176.51,178.5 1 1
restaurante/controllers/ProductoController.go:180.8,181.76 1 6
restaurante/controllers/ProductoController.go:181.76,186.4 4 0
restaurante/controllers/ProductoController.go:189.2,191.52 2 8
restaurante/controllers/ProductoController.go:191.52,196.3 4 4
restaurante/controllers/ProductoController.go:198.2,198.58 1 4
restaurante/controllers/ProductoController.go:198.58,203.3 4 1
restaurante/controllers/ProductoController.go:206.2,209.56 3 3
restaurante/controllers/ProductoController.go:209.56,214.3 4 1
restaurante/controllers/ProductoController.go:216.2,218.15 3 2
restaurante/controllers/ProductoController.go:240.36,245.27 4 12
restaurante/controllers/ProductoController.go:245.27,250.3 4 0
restaurante/controllers/ProductoController.go:252.2,254.41 2 12
restaurante/controllers/ProductoController.go:254.41,258.77 3 11
restaurante/controllers/ProductoController.go:258.77,260.43 1 2
restaurante/controllers/ProductoController.go:260.43,260.66 1 0
restaurante/controllers/ProductoController.go:261.4,261.48 1 2
restaurante/controllers/ProductoController.go:261.48,261.77 1 0
restaurante/controllers/ProductoController.go:262.4,262.43 1 2
restaurante/controllers/ProductoController.go:262.43,262.94 1 0
restaurante/controllers/ProductoController.go:262.94,262.117 1 0
restaurante/controllers/ProductoController.go:263.4,263.51 1 2
restaurante/controllers/ProductoController.go:263.51,263.123 1 0
restaurante/controllers/ProductoController.go:264.4,264.45 1 2
restaurante/controllers/ProductoController.go:264.45,264.84 1 0
restaurante/controllers/ProductoController.go:264.84,264.109 1 0
restaurante/controllers/ProductoController.go:265.4,265.45 1 2
restaurante/controllers/ProductoController.go:265.45,265.96 1 0
restaurante/controllers/ProductoController.go:265.96,265.122 1 0
restaurante/controllers/ProductoController.go:266.4,266.51 1 2
restaurante/controllers/ProductoController.go:266.51,266.102 1 0
restaurante/controllers/ProductoController.go:266.102,266.179 1 0
restaurante/controllers/ProductoController.go:269.4,269.72 1 2
restaurante/controllers/ProductoController.go:269.72,271.52 2 1
restaurante/controllers/ProductoController.go:271.52,273.6 1 1
restaurante/controllers/ProductoController.go:275.9,277.74 2 9
restaurante/controllers/ProductoController.go:277.74,282.5 4 1
restaurante/controllers/ProductoController.go:284.4,291.29 8 8
restaurante/controllers/ProductoController.go:291.29,291.63 1 0
restaurante/controllers/ProductoController.go:294.3,294.53 1 10
restaurante/controllers/ProductoController.go:294.53,299.4 4 2
restaurante/controllers/ProductoController.go:301.3,301.44 1 8
restaurante/controllers/ProductoController.go:301.44,306.4 4 2
restaurante/controllers/ProductoController.go:308.3,308.58 1 6
restaurante/controllers/ProductoController.go:308.58,313.4 4 1
restaurante/controllers/ProductoController.go:315.3,315.41 1 5
restaurante/controllers/ProductoController.go:315.41,320.58 3 4
restaurante/controllers/ProductoController.go:320.58,325.5 4 2
restaurante/controllers/ProductoController.go:328.3,330.16 3 3
restaurante/controllers/ProductoController.go:331.8,335.3 3 1
restaurante/controllers/ProductoController.go:350.39,356.27 4 5
restaurante/controllers/ProductoController.go:356.27,365.3 4 1
restaurante/controllers/ProductoController.go:368.2,369.16 2 4
restaurante/controllers/ProductoController.go:369.16,377.3 4 1
restaurante/controllers/ProductoController.go:378.2,378.67 1 3
restaurante/controllers/ProductoController.go:378.67,386.3 4 1
restaurante/controllers/ProductoController.go:388.2,389.76 2 2
restaurante/controllers/ProductoController.go:389.76,398.3 4 1
restaurante/controllers/ProductoController.go:400.2,405.15 3 1
restaurante/controllers/ProductoController.go:408.56,409.27 1 24
restaurante/controllers/ProductoController.go:409.27,411.3 1 4
restaurante/controllers/ProductoController.go:412.2,412.26 1 20
restaurante/controllers/ProductoController.go:412.26,414.3 1 2
restaurante/controllers/ProductoController.go:415.2,415.56 1 18
restaurante/controllers/ProductoController.go:415.56,417.3 1 2
restaurante/controllers/ProductoController.go:418.2,418.130 1 16
restaurante/controllers/ProductoController.go:418.130,420.3 1 3
restaurante/controllers/ProductoController.go:421.2,421.12 1 13
restaurante/controllers/ProductoController.go:424.71,426.52 2 7
restaurante/controllers/ProductoController.go:426.52,427.27 1 3
restaurante/controllers/ProductoController.go:427.27,429.4 1 2
restaurante/controllers/ProductoController.go:430.3,430.65 1 1
restaurante/controllers/ProductoController.go:432.2,432.22 1 4
restaurante/controllers/ProductoPedidoController.go:20.55,20.78 1 1
restaurante/controllers/ProductoPedidoController.go:22.49,22.72 1 21
restaurante/controllers/ProductoPedidoController.go:23.68,23.88 1 7
restaurante/controllers/ProductoPedidoController.go:53.45,55.33 2 3
restaurante/controllers/ProductoPedidoController.go:55.33,62.3 3 1
restaurante/controllers/ProductoPedidoController.go:64.2,68.30 3 2
restaurante/controllers/ProductoPedidoController.go:68.30,76.3 3 1
restaurante/controllers/ProductoPedidoController.go:78.2,78.24 1 1
restaurante/controllers/ProductoPedidoController.go:78.24,85.3 3 0
restaurante/controllers/ProductoPedidoController.go:87.2,97.15 3 1
restaurante/controllers/ProductoPedidoController.go:112.43,118.72 2 13
restaurante/controllers/ProductoPedidoController.go:118.72,126.3 3 1
restaurante/controllers/ProductoPedidoController.go:128.2,128.53 1 12
restaurante/controllers/ProductoPedidoController.go:128.53,135.3 3 2
restaurante/controllers/ProductoPedidoController.go:138.2,139.35 2 10
restaurante/controllers/ProductoPedidoController.go:139.35,140.45 1 13
restaurante/controllers/ProductoPedidoController.go:140.45,141.12 1 2
restaurante/controllers/ProductoPedidoController.go:143.3,143.39 1 11
restaurante/controllers/ProductoPedidoController.go:147.2,148.21 2 10
restaurante/controllers/ProductoPedidoController.go:148.21,150.27 2 10
restaurante/controllers/ProductoPedidoController.go:150.27,150.53 1 10
restaurante/controllers/ProductoPedidoController.go:151.3,153.26 3 10
restaurante/controllers/ProductoPedidoController.go:153.26,153.55 2 10
restaurante/controllers/ProductoPedidoController.go:154.3,161.26 5 10
restaurante/controllers/ProductoPedidoController.go:161.26,161.54 1 8
restaurante/controllers/ProductoPedidoController.go:162.3,163.32 2 10
restaurante/controllers/ProductoPedidoController.go:163.32,165.18 2 10
restaurante/controllers/ProductoPedidoController.go:165.18,167.5 1 3
restaurante/controllers/ProductoPedidoController.go:169.3,169.21 1 10
restaurante/controllers/ProductoPedidoController.go:169.21,173.4 3 3
restaurante/controllers/ProductoPedidoController.go:176.2,177.16 2 7
restaurante/controllers/ProductoPedidoController.go:177.16,181.3 3 0
restaurante/controllers/ProductoPedidoController.go:183.2,185.34 2 7
restaurante/controllers/ProductoPedidoController.go:185.34,188.17 2 7
restaurante/controllers/ProductoPedidoController.go:188.17,193.4 4 4
restaurante/controllers/ProductoPedidoController.go:194.3,195.20 2 3
restaurante/controllers/ProductoPedidoController.go:195.20,200.4 4 0
restaurante/controllers/ProductoPedidoController.go:203.3,208.48 2 3
restaurante/controllers/ProductoPedidoController.go:208.48,213.4 4 0
restaurante/controllers/ProductoPedidoController.go:216.3,220.34 2 3
restaurante/controllers/ProductoPedidoController.go:220.34,225.4 4 3
restaurante/controllers/ProductoPedidoController.go:226.3,226.43 1 0
restaurante/controllers/ProductoPedidoController.go:229.2,229.36 1 0
restaurante/controllers/ProductoPedidoController.go:229.36,234.3 4 0
restaurante/controllers/ProductoPedidoController.go:236.2,246.15 3 0
restaurante/controllers/ProductoPedidoController.go:263.45,265.33 2 14
restaurante/controllers/ProductoPedidoController.go:265.33,272.3 3 1
restaurante/controllers/ProductoPedidoController.go:275.2,276.82 2 13
restaurante/controllers/ProductoPedidoController.go:276.82,284.3 3 1
restaurante/controllers/ProductoPedidoController.go:286.2,286.31 1 12
restaurante/controllers/ProductoPedidoController.go:286.31,293.3 3 1
restaurante/controllers/ProductoPedidoController.go:296.2,297.36 2 11
restaurante/controllers/ProductoPedidoController.go:297.36,298.44 1 11
restaurante/controllers/ProductoPedidoController.go:298.44,299.12 1 0
restaurante/controllers/ProductoPedidoController.go:301.3,301.39 1 11
restaurante/controllers/ProductoPedidoController.go:304.2,310.30 3 11
restaurante/controllers/ProductoPedidoController.go:310.30,314.3 3 11
restaurante/controllers/ProductoPedidoController.go:316.2,317.29 2 0
restaurante/controllers/ProductoPedidoController.go:317.29,318.28 1 0
restaurante/controllers/ProductoPedidoController.go:318.28,320.4 1 0
restaurante/controllers/ProductoPedidoController.go:324.2,325.31 2 0
restaurante/controllers/ProductoPedidoController.go:325.31,329.3 3 0
restaurante/controllers/ProductoPedidoController.go:330.2,330.35 1 0
restaurante/controllers/ProductoPedidoController.go:330.35,332.3 1 0
restaurante/controllers/ProductoPedidoController.go:335.2,336.29 2 0
restaurante/controllers/ProductoPedidoController.go:336.29,336.40 1 0
restaurante/controllers/ProductoPedidoController.go:336.40,336.57 1 0
restaurante/controllers/ProductoPedidoController.go:337.2,337.19 1 0
restaurante/controllers/ProductoPedidoController.go:337.19,339.25 2 0
restaurante/controllers/ProductoPedidoController.go:339.25,339.51 1 0
restaurante/controllers/ProductoPedidoController.go:340.3,342.26 3 0
restaurante/controllers/ProductoPedidoController.go:342.26,342.55 2 0
restaurante/controllers/ProductoPedidoController.go:343.3,347.26 5 0
restaurante/controllers/ProductoPedidoController.go:347.26,347.54 1 0
restaurante/controllers/ProductoPedidoController.go:348.3,349.30 2 0
restaurante/controllers/ProductoPedidoController.go:349.30,351.18 2 0
restaurante/controllers/ProductoPedidoController.go:351.18,353.5 1 0
restaurante/controllers/ProductoPedidoController.go:355.3,355.21 1 0
restaurante/controllers/ProductoPedidoController.go:355.21,359.4 3 0
restaurante/controllers/ProductoPedidoController.go:362.2,363.16 2 0
restaurante/controllers/ProductoPedidoController.go:363.16,367.3 3 0
restaurante/controllers/ProductoPedidoController.go:370.2,370.33 1 0
restaurante/controllers/ProductoPedidoController.go:370.33,371.17 1 0
restaurante/controllers/ProductoPedidoController.go:371.17,371.27 1 0
restaurante/controllers/ProductoPedidoController.go:372.3,372.16 1 0
restaurante/controllers/ProductoPedidoController.go:372.16,374.18 2 0
restaurante/controllers/ProductoPedidoController.go:374.18,374.195 4 0
restaurante/controllers/ProductoPedidoController.go:375.4,376.21 2 0
restaurante/controllers/ProductoPedidoController.go:376.21,376.189 4 0
restaurante/controllers/ProductoPedidoController.go:377.9,379.125 2 0
restaurante/controllers/ProductoPedidoController.go:379.125,379.300 4 0
restaurante/controllers/ProductoPedidoController.go:384.2,384.108 1 0
restaurante/controllers/ProductoPedidoController.go:384.108,386.3 4 0
restaurante/controllers/ProductoPedidoController.go:388.2,389.31 2 0
restaurante/controllers/ProductoPedidoController.go:389.31,391.48 2 0
restaurante/controllers/ProductoPedidoController.go:391.48,391.240 4 0
restaurante/controllers/ProductoPedidoController.go:392.3,393.172 2 0
restaurante/controllers/ProductoPedidoController.go:393.172,393.359 4 0
restaurante/controllers/ProductoPedidoController.go:394.3,394.43 1 0
restaurante/controllers/ProductoPedidoController.go:397.2,397.36 1 0
restaurante/controllers/ProductoPedidoController.go:397.36,397.221 4 0
restaurante/controllers/ProductoPedidoController.go:399.2,401.15 3 0
restaurante/controllers/ReservaContactoController.go:12.49,12.72 1 2
restaurante/controllers/ReservaContactoController.go:26.46,29.69 3 1
restaurante/controllers/ReservaContactoController.go:29.69,29.111 1 1
restaurante/controllers/ReservaContactoController.go:30.2,30.68 1 1
restaurante/controllers/ReservaContactoController.go:30.68,30.111 1 0
restaurante/controllers/ReservaContactoController.go:31.2,32.41 2 1
restaurante/controllers/ReservaContactoController.go:32.41,32.256 4 1
restaurante/controllers/ReservaContactoController.go:33.2,34.15 2 0
restaurante/controllers/ReservaContactoController.go:46.47,50.103 4 1
restaurante/controllers/ReservaContactoController.go:50.103,50.266 4 1
restaurante/controllers/ReservaContactoController.go:51.2,52.15 2 0
restaurante/controllers/ReservaController.go:26.85,28.2 1 1
restaurante/controllers/ReservaController.go:30.62,32.2 1 0
restaurante/controllers/ReservaController.go:34.73,36.2 1 0
restaurante/controllers/ReservaController.go:38.89,40.2 1 0
restaurante/controllers/ReservaController.go:42.152,44.17 2 0
restaurante/controllers/ReservaController.go:44.17,46.3 1 0
restaurante/controllers/ReservaController.go:47.2,47.14 1 0
restaurante/controllers/ReservaController.go:47.14,49.3 1 0
restaurante/controllers/ReservaController.go:50.2,50.25 1 0
restaurante/controllers/ReservaController.go:62.38,67.16 4 2
restaurante/controllers/ReservaController.go:67.16,76.3 4 1
restaurante/controllers/ReservaController.go:79.2,79.26 1 1
restaurante/controllers/ReservaController.go:79.26,84.3 4 1
restaurante/controllers/ReservaController.go:86.2,92.15 3 1
restaurante/controllers/ReservaController.go:105.39,109.27 3 3
restaurante/controllers/ReservaController.go:109.27,118.3 4 1
restaurante/controllers/ReservaController.go:120.2,123.26 3 2
restaurante/controllers/ReservaController.go:123.26,132.3 4 1
restaurante/controllers/ReservaController.go:133.2,144.15 7 1
restaurante/controllers/ReservaController.go:157.36,162.72 3 11
restaurante/controllers/ReservaController.go:162.72,171.3 4 1
restaurante/controllers/ReservaController.go:174.2,175.55 2 10
restaurante/controllers/ReservaController.go:175.55,178.3 2 1
restaurante/controllers/ReservaController.go:179.2,179.54 1 10
restaurante/controllers/ReservaController.go:179.54,182.3 2 1
restaurante/controllers/ReservaController.go:183.2,183.77 1 10
restaurante/controllers/ReservaController.go:183.77,184.24 1 1
restaurante/controllers/ReservaController.go:184.24,189.4 4 1
restaurante/controllers/ReservaController.go:193.2,196.74 2 9
restaurante/controllers/ReservaController.go:196.74,198.17 2 8
restaurante/controllers/ReservaController.go:198.17,207.4 4 1
restaurante/controllers/ReservaController.go:208.3,208.29 1 7
restaurante/controllers/ReservaController.go:209.8,217.3 4 1
restaurante/controllers/ReservaController.go:220.2,220.71 1 7
restaurante/controllers/ReservaController.go:220.71,222.17 2 6
restaurante/controllers/ReservaController.go:222.17,231.4 4 1
restaurante/controllers/ReservaController.go:232.3,232.28 1 5
restaurante/controllers/ReservaController.go:233.8,241.3 4 1
restaurante/controllers/ReservaController.go:244.2,244.53 1 5
restaurante/controllers/ReservaController.go:244.53,246.3 1 4
restaurante/controllers/ReservaController.go:246.8,254.3 4 1
restaurante/controllers/ReservaController.go:257.2,257.58 1 4
restaurante/controllers/ReservaController.go:257.58,259.19 2 2
restaurante/controllers/ReservaController.go:259.19,260.34 1 2
restaurante/controllers/ReservaController.go:260.34,269.5 4 1
restaurante/controllers/ReservaController.go:270.4,270.36 1 1
restaurante/controllers/ReservaController.go:275.2,275.60 1 3
restaurante/controllers/ReservaController.go:275.60,277.3 1 1
restaurante/controllers/ReservaController.go:280.2,280.54 1 3
restaurante/controllers/ReservaController.go:280.54,282.3 1 1
restaurante/controllers/ReservaController.go:284.2,284.57 1 3
restaurante/controllers/ReservaController.go:284.57,287.3 2 2
restaurante/controllers/ReservaController.go:287.8,295.3 4 1
restaurante/controllers/ReservaController.go:296.2,296.63 1 2
restaurante/controllers/ReservaController.go:296.63,299.3 2 2
restaurante/controllers/ReservaController.go:299.8,307.3 4 0
restaurante/controllers/ReservaController.go:310.2,315.16 4 2
restaurante/controllers/ReservaController.go:315.16,324.3 4 1
restaurante/controllers/ReservaController.go:327.2,333.15 3 1
restaurante/controllers/ReservaController.go:347.35,352.27 3 9
restaurante/controllers/ReservaController.go:352.27,361.3 4 1
restaurante/controllers/ReservaController.go:364.2,365.49 2 8
restaurante/controllers/ReservaController.go:365.49,373.3 4 1
restaurante/controllers/ReservaController.go:376.2,377.72 2 7
restaurante/controllers/ReservaController.go:377.72,386.3 4 1
restaurante/controllers/ReservaController.go:389.2,390.55 2 6
restaurante/controllers/ReservaController.go:390.55,393.3 2 0
restaurante/controllers/ReservaController.go:394.2,394.54 1 6
restaurante/controllers/ReservaController.go:394.54,397.3 2 0
restaurante/controllers/ReservaController.go:398.2,398.77 1 6
restaurante/controllers/ReservaController.go:398.77,399.24 1 0
restaurante/controllers/ReservaController.go:399.24,404.4 4 0
restaurante/controllers/ReservaController.go:408.2,408.74 1 6
restaurante/controllers/ReservaController.go:408.74,410.17 2 6
restaurante/controllers/ReservaController.go:410.17,419.4 4 1
restaurante/controllers/ReservaController.go:420.3,420.29 1 5
restaurante/controllers/ReservaController.go:423.2,423.71 1 5
restaurante/controllers/ReservaController.go:423.71,425.17 2 5
restaurante/controllers/ReservaController.go:425.17,434.4 4 1
restaurante/controllers/ReservaController.go:435.3,435.28 1 4
restaurante/controllers/ReservaController.go:438.2,438.53 1 4
restaurante/controllers/ReservaController.go:438.53,440.3 1 4
restaurante/controllers/ReservaController.go:442.2,442.58 1 4
restaurante/controllers/ReservaController.go:442.58,444.32 2 2
restaurante/controllers/ReservaController.go:444.32,446.4 1 1
restaurante/controllers/ReservaController.go:449.2,449.60 1 4
restaurante/controllers/ReservaController.go:449.60,451.3 1 1
restaurante/controllers/ReservaController.go:453.2,453.54 1 4
restaurante/controllers/ReservaController.go:453.54,455.3 1 1
restaurante/controllers/ReservaController.go:457.2,457.57 1 4
restaurante/controllers/ReservaController.go:457.57,460.3 2 3
restaurante/controllers/ReservaController.go:460.8,468.3 4 1
restaurante/controllers/ReservaController.go:469.2,469.63 1 3
restaurante/controllers/ReservaController.go:469.63,472.3 2 3
restaurante/controllers/ReservaController.go:472.8,480.3 4 0
restaurante/controllers/ReservaController.go:483.2,486.54 2 3
restaurante/controllers/ReservaController.go:486.54,495.3 4 1
restaurante/controllers/ReservaController.go:498.2,504.15 3 2
restaurante/controllers/ReservaController.go:519.46,529.24 8 3
restaurante/controllers/ReservaController.go:529.24,532.17 3 3
restaurante/controllers/ReservaController.go:532.17,540.4 4 1
restaurante/controllers/ReservaController.go:541.3,541.18 1 2
restaurante/controllers/ReservaController.go:544.2,545.16 2 2
restaurante/controllers/ReservaController.go:545.16,554.3 4 1
restaurante/controllers/ReservaController.go:557.2,557.26 1 1
restaurante/controllers/ReservaController.go:557.26,562.3 4 1
restaurante/controllers/ReservaController.go:565.2,565.24 1 1
restaurante/controllers/ReservaController.go:565.24,574.3 4 0
restaurante/controllers/ReservaController.go:576.2,582.15 3 1
restaurante/controllers/ReservaController.go:595.38,600.27 3 4
restaurante/controllers/ReservaController.go:600.27,609.3 4 1
restaurante/controllers/ReservaController.go:612.2,613.49 2 3
restaurante/controllers/ReservaController.go:613.49,621.3 4 1
restaurante/controllers/ReservaController.go:624.2,629.84 4 2
restaurante/controllers/ReservaController.go:629.84,638.3 4 1
restaurante/controllers/ReservaController.go:641.2,647.15 3 1
restaurante/controllers/RestauranteController.go:27.76,27.109 1 1
restaurante/controllers/RestauranteController.go:29.66,29.113 1 1
restaurante/controllers/RestauranteController.go:30.67,30.98 1 2
restaurante/controllers/RestauranteController.go:31.62,31.86 1 1
restaurante/controllers/RestauranteController.go:32.78,32.111 1 1
restaurante/controllers/RestauranteController.go:33.78,33.111 1 1
restaurante/controllers/RestauranteController.go:34.35,34.77 1 9
restaurante/controllers/RestauranteController.go:45.42,50.16 4 2
restaurante/controllers/RestauranteController.go:50.16,59.3 4 1
restaurante/controllers/RestauranteController.go:60.2,66.15 3 1
restaurante/controllers/RestauranteController.go:79.43,83.27 3 4
restaurante/controllers/RestauranteController.go:83.27,92.3 4 1
restaurante/controllers/RestauranteController.go:94.2,97.26 3 3
restaurante/controllers/RestauranteController.go:97.26,106.3 4 1
restaurante/controllers/RestauranteController.go:108.2,114.15 3 2
restaurante/controllers/RestauranteController.go:127.40,132.78 3 3
restaurante/controllers/RestauranteController.go:132.78,141.3 4 1
restaurante/controllers/RestauranteController.go:143.2,144.16 2 2
restaurante/controllers/RestauranteController.go:144.16,153.3 4 1
restaurante/controllers/RestauranteController.go:155.2,161.15 3 1
restaurante/controllers/RestauranteController.go:175.39,181.27 4 4
restaurante/controllers/RestauranteController.go:181.27,190.3 4 1
restaurante/controllers/RestauranteController.go:192.2,194.33 2 3
restaurante/controllers/RestauranteController.go:194.33,196.86 2 2
restaurante/controllers/RestauranteController.go:196.86,205.4 4 1
restaurante/controllers/RestauranteController.go:208.3,211.17 3 1
restaurante/controllers/RestauranteController.go:211.17,220.4 4 0
restaurante/controllers/RestauranteController.go:222.3,228.16 3 1
restaurante/controllers/RestauranteController.go:229.8,236.3 3 1
restaurante/controllers/RestauranteController.go:249.42,255.27 4 2
restaurante/controllers/RestauranteController.go:255.27,264.3 4 1
restaurante/controllers/RestauranteController.go:266.2,268.50 2 1
restaurante/controllers/RestauranteController.go:268.50,275.3 3 0
restaurante/controllers/RestauranteController.go:275.8,283.3 3 1
restaurante/controllers/RestauranteDiaController.go:12.41,12.64 1 6
restaurante/controllers/RestauranteDiaController.go:27.45,38.69 4 3
restaurante/controllers/RestauranteDiaController.go:38.69,41.3 2 2
restaurante/controllers/RestauranteDiaController.go:42.2,42.38 1 3
restaurante/controllers/RestauranteDiaController.go:42.38,45.3 2 3
restaurante/controllers/RestauranteDiaController.go:46.2,52.66 2 3
restaurante/controllers/RestauranteDiaController.go:52.66,56.3 4 2
restaurante/controllers/RestauranteDiaController.go:57.2,58.25 2 1
restaurante/controllers/RestauranteDiaController.go:58.25,65.3 1 1
restaurante/controllers/RestauranteDiaController.go:66.2,67.15 2 1
restaurante/controllers/RestauranteDiaController.go:80.46,97.56 5 3
restaurante/controllers/RestauranteDiaController.go:97.56,101.3 4 2
restaurante/controllers/RestauranteDiaController.go:102.2,109.15 3 1
restaurante/controllers/SubcategoriaController.go:26.75,26.108 1 2
restaurante/controllers/SubcategoriaController.go:27.82,27.138 1 1
restaurante/controllers/SubcategoriaController.go:30.67,30.113 1 2
restaurante/controllers/SubcategoriaController.go:31.61,31.85 1 1
restaurante/controllers/SubcategoriaController.go:32.66,32.97 1 1
restaurante/controllers/SubcategoriaController.go:33.77,33.110 1 1
restaurante/controllers/SubcategoriaController.go:34.77,34.110 1 1
restaurante/controllers/SubcategoriaController.go:36.39,36.80 1 0
restaurante/controllers/SubcategoriaController.go:49.43,52.71 3 3
restaurante/controllers/SubcategoriaController.go:52.71,52.115 1 1
restaurante/controllers/SubcategoriaController.go:53.2,54.41 2 3
restaurante/controllers/SubcategoriaController.go:54.41,58.3 4 1
restaurante/controllers/SubcategoriaController.go:59.2,60.15 2 2
restaurante/controllers/SubcategoriaController.go:72.44,76.35 4 2
restaurante/controllers/SubcategoriaController.go:76.35,80.3 4 1
restaurante/controllers/SubcategoriaController.go:81.2,82.15 2 1
restaurante/controllers/SubcategoriaController.go:95.41,98.111 3 3
restaurante/controllers/SubcategoriaController.go:98.111,102.3 4 1
restaurante/controllers/SubcategoriaController.go:103.2,104.40 2 2
restaurante/controllers/SubcategoriaController.go:104.40,108.3 4 1
restaurante/controllers/SubcategoriaController.go:109.2,111.15 3 1
restaurante/controllers/SubcategoriaController.go:124.40,128.35 4 4
restaurante/controllers/SubcategoriaController.go:128.35,132.3 4 1
restaurante/controllers/SubcategoriaController.go:133.2,134.69 2 3
restaurante/controllers/SubcategoriaController.go:134.69,138.3 4 1
restaurante/controllers/SubcategoriaController.go:139.2,140.22 2 2
restaurante/controllers/SubcategoriaController.go:140.22,140.78 2 2
restaurante/controllers/SubcategoriaController.go:141.2,141.27 1 2
restaurante/controllers/SubcategoriaController.go:141.27,141.142 2 1
restaurante/controllers/SubcategoriaController.go:142.2,142.49 1 2
restaurante/controllers/SubcategoriaController.go:142.49,146.3 4 1
restaurante/controllers/SubcategoriaController.go:147.2,148.15 2 1
restaurante/controllers/SubcategoriaController.go:160.43,163.82 3 2
restaurante/controllers/SubcategoriaController.go:163.82,167.3 4 1
restaurante/controllers/SubcategoriaController.go:168.2,169.15 2 1
restaurante/controllers/TrabajadorController.go:25.58,27.16 2 5
restaurante/controllers/TrabajadorController.go:27.16,29.3 1 0
restaurante/controllers/TrabajadorController.go:30.2,30.36 1 5
restaurante/controllers/TrabajadorController.go:34.64,35.47 1 6
restaurante/controllers/TrabajadorController.go:35.47,36.40 1 4
restaurante/controllers/TrabajadorController.go:36.40,38.4 1 2
restaurante/controllers/TrabajadorController.go:40.2,40.12 1 4
restaurante/controllers/TrabajadorController.go:57.41,63.24 4 4
restaurante/controllers/TrabajadorController.go:63.24,65.3 1 2
restaurante/controllers/TrabajadorController.go:66.2,72.19 5 4
restaurante/controllers/TrabajadorController.go:72.19,74.3 1 1
restaurante/controllers/TrabajadorController.go:74.8,74.30 1 3
restaurante/controllers/TrabajadorController.go:74.30,76.3 1 3
restaurante/controllers/TrabajadorController.go:79.2,79.24 1 4
restaurante/controllers/TrabajadorController.go:79.24,81.17 2 2
restaurante/controllers/TrabajadorController.go:81.17,86.4 4 1
restaurante/controllers/TrabajadorController.go:87.3,87.48 1 1
restaurante/controllers/TrabajadorController.go:89.2,89.15 1 3
restaurante/controllers/TrabajadorController.go:89.15,91.3 1 1
restaurante/controllers/TrabajadorController.go:94.2,95.16 2 3
restaurante/controllers/TrabajadorController.go:95.16,104.3 4 1
restaurante/controllers/TrabajadorController.go:107.2,107.30 1 2
restaurante/controllers/TrabajadorController.go:107.30,109.42 2 1
restaurante/controllers/TrabajadorController.go:109.42,112.4 2 1
restaurante/controllers/TrabajadorController.go:113.3,113.46 1 1
restaurante/controllers/TrabajadorController.go:113.46,116.4 2 1
restaurante/controllers/TrabajadorController.go:117.3,121.31 3 1
restaurante/controllers/TrabajadorController.go:121.31,123.4 1 1
restaurante/controllers/TrabajadorController.go:127.2,127.28 1 2
restaurante/controllers/TrabajadorController.go:127.28,136.3 4 1
restaurante/controllers/TrabajadorController.go:139.2,145.15 3 1
restaurante/controllers/TrabajadorController.go:159.42,163.27 3 3
restaurante/controllers/TrabajadorController.go:163.27,171.3 4 1
restaurante/controllers/TrabajadorController.go:173.2,175.26 3 2
restaurante/controllers/TrabajadorController.go:175.26,183.3 4 1
restaurante/controllers/TrabajadorController.go:185.2,189.30 3 1
restaurante/controllers/TrabajadorController.go:189.30,191.3 1 1
restaurante/controllers/TrabajadorController.go:192.2,198.15 3 1
restaurante/controllers/TrabajadorController.go:212.39,217.72 3 13
restaurante/controllers/TrabajadorController.go:217.72,226.3 4 1
restaurante/controllers/TrabajadorController.go:227.2,232.59 3 12
restaurante/controllers/TrabajadorController.go:232.59,234.3 1 11
restaurante/controllers/TrabajadorController.go:234.8,242.3 4 1
restaurante/controllers/TrabajadorController.go:245.2,245.64 1 11
restaurante/controllers/TrabajadorController.go:245.64,247.3 1 10
restaurante/controllers/TrabajadorController.go:247.8,255.3 4 1
restaurante/controllers/TrabajadorController.go:258.2,258.70 1 10
restaurante/controllers/TrabajadorController.go:258.70,260.3 1 9
restaurante/controllers/TrabajadorController.go:260.8,268.3 4 1
restaurante/controllers/TrabajadorController.go:271.2,271.55 1 9
restaurante/controllers/TrabajadorController.go:271.55,273.3 1 8
restaurante/controllers/TrabajadorController.go:273.8,281.3 4 1
restaurante/controllers/TrabajadorController.go:284.2,284.88 1 8
restaurante/controllers/TrabajadorController.go:284.88,286.17 2 7
restaurante/controllers/TrabajadorController.go:286.17,295.4 4 1
restaurante/controllers/TrabajadorController.go:296.3,296.40 1 6
restaurante/controllers/TrabajadorController.go:297.8,305.3 4 1
restaurante/controllers/TrabajadorController.go:308.2,308.49 1 6
restaurante/controllers/TrabajadorController.go:308.49,310.3 1 5
restaurante/controllers/TrabajadorController.go:310.8,318.3 4 1
restaurante/controllers/TrabajadorController.go:321.2,321.70 1 5
restaurante/controllers/TrabajadorController.go:321.70,323.17 2 4
restaurante/controllers/TrabajadorController.go:323.17,332.4 4 1
restaurante/controllers/TrabajadorController.go:333.3,333.39 1 3
restaurante/controllers/TrabajadorController.go:334.8,342.3 4 1
restaurante/controllers/TrabajadorController.go:345.2,345.52 1 3
restaurante/controllers/TrabajadorController.go:345.52,347.3 1 1
restaurante/controllers/TrabajadorController.go:350.2,350.63 1 3
restaurante/controllers/TrabajadorController.go:350.63,353.3 2 1
restaurante/controllers/TrabajadorController.go:356.2,356.97 1 3
restaurante/controllers/TrabajadorController.go:356.97,358.17 2 2
restaurante/controllers/TrabajadorController.go:358.17,367.4 4 1
restaurante/controllers/TrabajadorController.go:368.3,368.44 1 1
restaurante/controllers/TrabajadorController.go:372.2,373.16 2 2
restaurante/controllers/TrabajadorController.go:373.16,382.3 4 1
restaurante/controllers/TrabajadorController.go:385.2,393.15 4 1
restaurante/controllers/TrabajadorController.go:408.38,412.27 3 11
restaurante/controllers/TrabajadorController.go:412.27,420.3 4 1
restaurante/controllers/TrabajadorController.go:423.2,424.44 2 10
restaurante/controllers/TrabajadorController.go:424.44,432.3 4 1
restaurante/controllers/TrabajadorController.go:435.2,436.72 2 9
restaurante/controllers/TrabajadorController.go:436.72,445.3 4 1
restaurante/controllers/TrabajadorController.go:448.2,448.48 1 8
restaurante/controllers/TrabajadorController.go:448.48,449.26 1 58
restaurante/controllers/TrabajadorController.go:449.26,450.49 1 116
restaurante/controllers/TrabajadorController.go:450.49,452.5 1 16
restaurante/controllers/TrabajadorController.go:454.3,454.19 1 42
restaurante/controllers/TrabajadorController.go:456.2,456.51 1 8
restaurante/controllers/TrabajadorController.go:456.51,457.26 1 8
restaurante/controllers/TrabajadorController.go:457.26,458.39 1 16
restaurante/controllers/TrabajadorController.go:458.39,460.5 1 1
restaurante/controllers/TrabajadorController.go:462.3,462.18 1 7
restaurante/controllers/TrabajadorController.go:464.2,464.47 1 8
restaurante/controllers/TrabajadorController.go:464.47,465.26 1 8
restaurante/controllers/TrabajadorController.go:465.26,466.36 1 16
restaurante/controllers/TrabajadorController.go:466.36,468.5 1 1
restaurante/controllers/TrabajadorController.go:470.3,470.22 1 7
restaurante/controllers/TrabajadorController.go:473.2,473.45 1 8
restaurante/controllers/TrabajadorController.go:473.45,473.70 1 2
restaurante/controllers/TrabajadorController.go:474.2,474.49 1 8
restaurante/controllers/TrabajadorController.go:474.49,474.76 1 1
restaurante/controllers/TrabajadorController.go:475.2,475.39 1 8
restaurante/controllers/TrabajadorController.go:475.39,475.83 1 1
restaurante/controllers/TrabajadorController.go:476.2,476.47 1 8
restaurante/controllers/TrabajadorController.go:476.47,476.79 1 1
restaurante/controllers/TrabajadorController.go:477.2,477.44 1 8
restaurante/controllers/TrabajadorController.go:477.44,477.68 1 1
restaurante/controllers/TrabajadorController.go:478.2,478.49 1 8
restaurante/controllers/TrabajadorController.go:478.49,478.77 1 2
restaurante/controllers/TrabajadorController.go:480.2,480.58 1 8
restaurante/controllers/TrabajadorController.go:480.58,482.17 2 3
restaurante/controllers/TrabajadorController.go:482.17,487.4 4 1
restaurante/controllers/TrabajadorController.go:488.3,488.40 1 2
restaurante/controllers/TrabajadorController.go:490.2,490.56 1 7
restaurante/controllers/TrabajadorController.go:490.56,492.17 2 3
restaurante/controllers/TrabajadorController.go:492.17,497.4 4 1
restaurante/controllers/TrabajadorController.go:498.3,499.41 2 2
restaurante/controllers/TrabajadorController.go:501.2,501.64 1 6
restaurante/controllers/TrabajadorController.go:501.64,503.17 2 2
restaurante/controllers/TrabajadorController.go:503.17,508.4 4 1
restaurante/controllers/TrabajadorController.go:509.3,510.49 2 1
restaurante/controllers/TrabajadorController.go:512.2,512.49 1 5
restaurante/controllers/TrabajadorController.go:512.49,514.17 2 2
restaurante/controllers/TrabajadorController.go:514.17,519.4 4 1
restaurante/controllers/TrabajadorController.go:520.3,520.39 1 1
restaurante/controllers/TrabajadorController.go:524.2,524.90 1 4
restaurante/controllers/TrabajadorController.go:524.90,529.3 4 1
restaurante/controllers/TrabajadorController.go:532.2,532.49 1 3
restaurante/controllers/TrabajadorController.go:532.49,537.3 4 1
restaurante/controllers/TrabajadorController.go:540.2,545.15 4 2
restaurante/controllers/TrabajadorController.go:559.41,565.27 4 5
restaurante/controllers/TrabajadorController.go:565.27,574.3 4 1
restaurante/controllers/TrabajadorController.go:577.2,578.44 2 4
restaurante/controllers/TrabajadorController.go:578.44,579.27 1 2
restaurante/controllers/TrabajadorController.go:579.27,582.4 2 1
restaurante/controllers/TrabajadorController.go:582.9,585.4 2 1
restaurante/controllers/TrabajadorController.go:586.3,587.9 2 2
restaurante/controllers/TrabajadorController.go:591.2,595.65 3 2
restaurante/controllers/TrabajadorController.go:595.65,600.3 4 1
restaurante/controllers/TrabajadorController.go:601.2,605.15 4 1
restaurante/docs/docs.go:6461.13,6463.2 1 1
restaurante/models/CambiosHorario.go:18.45,20.2 1 2
restaurante/models/CambiosHorario.go:21.13,23.2 1 1
restaurante/models/CambiosHorario.go:25.55,34.2 2 1
restaurante/models/Categoria.go:12.40,14.2 1 1
restaurante/models/Categoria.go:16.13,18.2 1 1
restaurante/models/Cliente.go:18.38,20.2 1 1
restaurante/models/Cliente.go:22.13,24.2 1 1
restaurante/models/ControlNomina.go:16.44,18.2 1 2
restaurante/models/ControlNomina.go:20.13,22.2 1 1
restaurante/models/ControlNomina.go:25.44,27.2 1 6
restaurante/models/ControlNomina.go:35.62,36.22 1 2
restaurante/models/ControlNomina.go:36.22,38.3 1 1
restaurante/models/ControlNomina.go:39.2,39.20 1 1
restaurante/models/ControlNomina.go:43.78,44.22 1 2
restaurante/models/ControlNomina.go:44.22,46.3 1 1
restaurante/models/ControlNomina.go:47.2,47.29 1 1
restaurante/models/DetallePedido.go:14.44,16.2 1 1
restaurante/models/DetallePedido.go:19.50,21.2 1 1
restaurante/models/DetallePedido.go:23.13,25.2 1 1
restaurante/models/Domicilio.go:36.40,36.62 1 2
restaurante/models/Domicilio.go:38.13,40.2 1 1
restaurante/models/HorarioTrabajador.go:18.48,20.2 1 1
restaurante/models/HorarioTrabajador.go:23.54,25.2 1 1
restaurante/models/HorarioTrabajador.go:28.47,30.2 1 2
restaurante/models/HorarioTrabajador.go:32.13,34.2 1 1
restaurante/models/HorarioTrabajador.go:36.58,43.42 1 2
restaurante/models/HorarioTrabajador.go:43.42,44.40 1 2
restaurante/models/HorarioTrabajador.go:44.40,46.5 1 1
restaurante/models/HorarioTrabajador.go:47.4,47.14 1 1
restaurante/models/Incidencia.go:19.41,21.2 1 2
restaurante/models/Incidencia.go:23.13,25.2 1 1
restaurante/models/Incidencia.go:27.51,36.2 2 1
restaurante/models/MetodoPago.go:11.41,13.2 1 1
restaurante/models/MetodoPago.go:15.13,17.2 1 1
restaurante/models/Nomina.go:18.37,20.2 1 2
restaurante/models/Nomina.go:22.13,24.2 1 1
restaurante/models/Nomina.go:26.47,35.2 2 1
restaurante/models/Nomina.go:36.51,44.51 3 7
restaurante/models/Nomina.go:44.51,46.3 1 2
restaurante/models/Nomina.go:47.2,47.21 1 5
restaurante/models/Nomina.go:47.21,49.17 2 2
restaurante/models/Nomina.go:49.17,51.4 1 1
restaurante/models/Nomina.go:52.3,52.14 1 1
restaurante/models/Nomina.go:54.2,54.12 1 4
restaurante/models/NominaTrabajador.go:40.47,42.2 1 2
restaurante/models/NominaTrabajador.go:44.13,46.2 1 1
restaurante/models/NominaTrabajador.go:48.53,52.2 1 1
restaurante/models/NominaTrabajador.go:58.61,71.49 3 10
restaurante/models/NominaTrabajador.go:71.49,73.3 1 1
restaurante/models/NominaTrabajador.go:75.2,75.26 1 9
restaurante/models/NominaTrabajador.go:75.26,77.3 1 3
restaurante/models/NominaTrabajador.go:78.2,82.72 3 9
restaurante/models/NominaTrabajador.go:82.72,85.53 2 8
restaurante/models/NominaTrabajador.go:85.53,87.4 1 4
restaurante/models/NominaTrabajador.go:89.3,90.49 2 4
restaurante/models/NominaTrabajador.go:90.49,92.4 1 2
restaurante/models/NominaTrabajador.go:93.3,93.18 1 2
restaurante/models/NominaTrabajador.go:97.2,98.26 2 9
restaurante/models/NominaTrabajador.go:98.26,100.3 1 3
restaurante/models/NominaTrabajador.go:101.2,101.26 1 9
restaurante/models/NominaTrabajador.go:101.26,102.61 1 8
restaurante/models/NominaTrabajador.go:102.61,104.4 1 8
restaurante/models/NominaTrabajador.go:108.2,108.64 1 9
restaurante/models/NominaTrabajador.go:108.64,110.53 2 8
restaurante/models/NominaTrabajador.go:110.53,112.4 1 4
restaurante/models/NominaTrabajador.go:113.3,114.49 2 4
restaurante/models/NominaTrabajador.go:114.49,116.4 1 2
restaurante/models/NominaTrabajador.go:117.3,117.18 1 2
restaurante/models/NominaTrabajador.go:120.2,121.25 2 9
restaurante/models/NominaTrabajador.go:121.25,123.3 1 4
restaurante/models/NominaTrabajador.go:124.2,124.25 1 9
restaurante/models/NominaTrabajador.go:124.25,125.56 1 8
restaurante/models/NominaTrabajador.go:125.56,127.4 1 8
restaurante/models/NominaTrabajador.go:130.2,130.12 1 9
restaurante/models/Pago.go:21.35,23.2 1 1
restaurante/models/Pago.go:25.13,27.2 1 1
restaurante/models/Pago.go:29.45,42.2 2 2
restaurante/models/Pedido.go:38.37,40.2 1 2
restaurante/models/Pedido.go:42.13,44.2 1 1
restaurante/models/Pedido.go:46.47,59.2 2 1
restaurante/models/PrecioProductoHist.go:18.49,20.2 1 1
restaurante/models/PrecioProductoHist.go:23.55,25.2 1 1
restaurante/models/PrecioProductoHist.go:27.13,29.2 1 1
restaurante/models/Producto.go:23.39,25.2 1 1
restaurante/models/Producto.go:39.49,49.34 1 2
restaurante/models/Producto.go:49.34,50.35 1 2
restaurante/models/Producto.go:50.35,52.5 1 1
restaurante/models/Producto.go:53.4,53.12 1 1
restaurante/models/Producto.go:56.2,56.25 1 2
restaurante/models/Producto.go:59.53,61.50 2 4
restaurante/models/Producto.go:61.50,63.3 1 1
restaurante/models/Producto.go:64.2,70.21 7 3
restaurante/models/Producto.go:70.21,71.73 1 2
restaurante/models/Producto.go:71.73,73.4 1 1
restaurante/models/Producto.go:73.9,75.4 1 1
restaurante/models/Producto.go:76.8,78.3 1 1
restaurante/models/Producto.go:79.2,80.30 2 2
restaurante/models/Producto.go:80.30,82.3 1 1
restaurante/models/Producto.go:82.8,84.3 1 1
restaurante/models/Producto.go:85.2,85.12 1 2
restaurante/models/Producto.go:88.13,89.47 1 1
restaurante/models/Producto.go:89.47,91.3 1 1
restaurante/models/Reserva.go:25.38,27.2 1 2
restaurante/models/Reserva.go:29.13,31.2 1 1
restaurante/models/Reserva.go:33.48,44.2 2 3
restaurante/models/ReservaContacto.go:13.46,15.2 1 1
restaurante/models/ReservaContacto.go:18.40,19.67 1 4
restaurante/models/ReservaContacto.go:19.67,21.3 1 2
restaurante/models/ReservaContacto.go:22.2,22.13 1 2
restaurante/models/ReservaContacto.go:25.13,27.2 1 1
restaurante/models/Restaurante.go:16.42,18.2 1 1
restaurante/models/Restaurante.go:20.13,22.2 1 1
restaurante/models/RestauranteDia.go:11.45,13.2 1 1
restaurante/models/RestauranteDia.go:16.51,18.2 1 1
restaurante/models/RestauranteDia.go:20.13,22.2 1 1
restaurante/models/Subcategoria.go:13.43,15.2 1 1
restaurante/models/Subcategoria.go:17.13,19.2 1 1
restaurante/models/Trabajador.go:26.41,28.2 1 2
restaurante/models/Trabajador.go:30.13,32.2 1 1
restaurante/models/Trabajador.go:34.51,42.36 2 2
restaurante/models/Trabajador.go:42.36,43.33 1 2
restaurante/models/Trabajador.go:43.33,46.5 2 1
restaurante/models/Trabajador.go:47.4,47.14 1 1
restaurante/models/Trabajador.go:50.32,51.29 1 2
restaurante/models/Trabajador.go:51.29,54.5 2 1
restaurante/models/Trabajador.go:55.4,55.14 1 1
restaurante/models/enums.go:82.39,83.11 1 2
restaurante/models/enums.go:84.83,85.14 1 1
restaurante/models/enums.go:87.2,87.14 1 1
restaurante/models/enums.go:100.45,101.11 1 6
restaurante/models/enums.go:102.97,103.14 1 3
restaurante/models/enums.go:105.2,105.14 1 3
