mode: atomic
restaurante/main.go:21.13,23.42 1 1
restaurante/main.go:23.42,26.3 2 0
restaurante/main.go:26.8,28.3 1 1
restaurante/main.go:29.2,30.54 2 1
restaurante/main.go:34.32,37.6 2 1
restaurante/main.go:37.6,40.43 2 1
restaurante/main.go:40.43,45.18 3 0
restaurante/main.go:45.18,47.5 1 0
restaurante/main.go:47.10,49.5 1 0
restaurante/main.go:53.3,53.30 1 1
restaurante/main.go:57.45,59.95 1 0
restaurante/main.go:59.95,63.3 3 0
restaurante/main.go:75.13,92.13 5 1
restaurante/main.go:92.13,94.3 1 1
restaurante/main.go:97.2,97.11 1 1
restaurante/tests/http_utils.go:14.64,18.2 3 4
restaurante/routers/router.go:9.13,132.2 4 1
restaurante/controllers/CambiosHorarioController.go:19.96,21.2 1 0
restaurante/controllers/CambiosHorarioController.go:31.95,33.3 1 0
restaurante/controllers/CambiosHorarioController.go:34.89,36.3 1 0
restaurante/controllers/CambiosHorarioController.go:37.93,39.3 1 0
restaurante/controllers/CambiosHorarioController.go:40.89,42.3 1 0
restaurante/controllers/CambiosHorarioController.go:43.71,45.3 1 0
restaurante/controllers/CambiosHorarioController.go:57.45,62.16 4 2
restaurante/controllers/CambiosHorarioController.go:62.16,71.3 4 1
restaurante/controllers/CambiosHorarioController.go:73.2,74.35 2 1
restaurante/controllers/CambiosHorarioController.go:74.35,80.35 2 2
restaurante/controllers/CambiosHorarioController.go:80.35,82.4 1 0
restaurante/controllers/CambiosHorarioController.go:82.9,84.4 1 2
restaurante/controllers/CambiosHorarioController.go:85.3,85.33 1 2
restaurante/controllers/CambiosHorarioController.go:85.33,87.4 1 0
restaurante/controllers/CambiosHorarioController.go:87.9,89.4 1 2
restaurante/controllers/CambiosHorarioController.go:90.3,90.33 1 2
restaurante/controllers/CambiosHorarioController.go:93.2,98.15 2 1
restaurante/controllers/CambiosHorarioController.go:111.55,118.26 5 2
restaurante/controllers/CambiosHorarioController.go:118.26,126.3 4 1
restaurante/controllers/CambiosHorarioController.go:126.8,126.23 1 1
restaurante/controllers/CambiosHorarioController.go:126.23,135.3 4 1
restaurante/controllers/CambiosHorarioController.go:137.2,142.40 2 0
restaurante/controllers/CambiosHorarioController.go:142.40,144.3 1 0
restaurante/controllers/CambiosHorarioController.go:145.2,145.38 1 0
restaurante/controllers/CambiosHorarioController.go:145.38,147.3 1 0
restaurante/controllers/CambiosHorarioController.go:149.2,155.15 3 0
restaurante/controllers/CambiosHorarioController.go:169.43,174.72 4 5
restaurante/controllers/CambiosHorarioController.go:174.72,183.3 4 1
restaurante/controllers/CambiosHorarioController.go:185.2,185.80 1 4
restaurante/controllers/CambiosHorarioController.go:185.80,187.17 2 3
restaurante/controllers/CambiosHorarioController.go:187.17,196.4 4 0
restaurante/controllers/CambiosHorarioController.go:197.3,197.29 1 3
restaurante/controllers/CambiosHorarioController.go:198.8,206.3 4 1
restaurante/controllers/CambiosHorarioController.go:208.2,208.48 1 3
restaurante/controllers/CambiosHorarioController.go:208.48,210.3 1 3
restaurante/controllers/CambiosHorarioController.go:210.8,218.3 4 0
restaurante/controllers/CambiosHorarioController.go:220.2,220.22 1 3
restaurante/controllers/CambiosHorarioController.go:220.22,225.3 4 2
restaurante/controllers/CambiosHorarioController.go:225.8,226.89 1 1
restaurante/controllers/CambiosHorarioController.go:226.89,228.18 2 0
restaurante/controllers/CambiosHorarioController.go:228.18,237.5 4 0
restaurante/controllers/CambiosHorarioController.go:238.4,238.39 1 0
restaurante/controllers/CambiosHorarioController.go:239.9,247.4 4 1
restaurante/controllers/CambiosHorarioController.go:249.3,249.83 1 0
restaurante/controllers/CambiosHorarioController.go:249.83,251.18 2 0
restaurante/controllers/CambiosHorarioController.go:251.18,260.5 4 0
restaurante/controllers/CambiosHorarioController.go:261.4,261.37 1 0
restaurante/controllers/CambiosHorarioController.go:262.9,270.4 4 0
restaurante/controllers/CambiosHorarioController.go:273.2,273.60 1 2
restaurante/controllers/CambiosHorarioController.go:273.60,282.3 4 1
restaurante/controllers/CambiosHorarioController.go:284.2,289.34 2 1
restaurante/controllers/CambiosHorarioController.go:289.34,291.3 1 1
restaurante/controllers/CambiosHorarioController.go:292.2,292.32 1 1
restaurante/controllers/CambiosHorarioController.go:292.32,295.3 1 1
restaurante/controllers/CambiosHorarioController.go:297.2,303.15 3 1
restaurante/controllers/CambiosHorarioController.go:319.42,322.27 3 4
restaurante/controllers/CambiosHorarioController.go:322.27,330.3 4 1
restaurante/controllers/CambiosHorarioController.go:332.2,333.72 2 3
restaurante/controllers/CambiosHorarioController.go:333.72,342.3 4 1
restaurante/controllers/CambiosHorarioController.go:344.2,345.74 2 2
restaurante/controllers/CambiosHorarioController.go:345.74,354.3 4 1
restaurante/controllers/CambiosHorarioController.go:354.8,354.23 1 1
restaurante/controllers/CambiosHorarioController.go:354.23,363.3 4 0
restaurante/controllers/CambiosHorarioController.go:365.2,365.80 1 1
restaurante/controllers/CambiosHorarioController.go:365.80,367.17 2 1
restaurante/controllers/CambiosHorarioController.go:367.17,376.4 4 0
restaurante/controllers/CambiosHorarioController.go:377.3,377.29 1 1
restaurante/controllers/CambiosHorarioController.go:380.2,380.48 1 1
restaurante/controllers/CambiosHorarioController.go:380.48,382.15 2 1
restaurante/controllers/CambiosHorarioController.go:382.15,387.4 4 0
restaurante/controllers/CambiosHorarioController.go:390.2,390.21 1 1
restaurante/controllers/CambiosHorarioController.go:390.21,391.89 1 1
restaurante/controllers/CambiosHorarioController.go:391.89,393.18 2 1
restaurante/controllers/CambiosHorarioController.go:393.18,402.5 4 0
restaurante/controllers/CambiosHorarioController.go:403.4,403.39 1 1
restaurante/controllers/CambiosHorarioController.go:406.3,406.83 1 1
restaurante/controllers/CambiosHorarioController.go:406.83,408.18 2 1
restaurante/controllers/CambiosHorarioController.go:408.18,417.5 4 0
restaurante/controllers/CambiosHorarioController.go:418.4,418.37 1 1
restaurante/controllers/CambiosHorarioController.go:422.2,422.60 1 1
restaurante/controllers/CambiosHorarioController.go:422.60,431.3 4 0
restaurante/controllers/CambiosHorarioController.go:433.2,438.34 2 1
restaurante/controllers/CambiosHorarioController.go:438.34,440.3 1 1
restaurante/controllers/CambiosHorarioController.go:441.2,441.32 1 1
restaurante/controllers/CambiosHorarioController.go:441.32,443.3 1 1
restaurante/controllers/CambiosHorarioController.go:445.2,451.15 3 1
restaurante/controllers/CambiosHorarioController.go:465.45,468.27 3 3
restaurante/controllers/CambiosHorarioController.go:468.27,476.3 4 1
restaurante/controllers/CambiosHorarioController.go:478.2,478.60 1 2
restaurante/controllers/CambiosHorarioController.go:478.60,486.3 3 0
restaurante/controllers/CambiosHorarioController.go:486.8,486.21 1 2
restaurante/controllers/CambiosHorarioController.go:486.21,494.3 3 1
restaurante/controllers/CambiosHorarioController.go:494.8,501.3 3 1
restaurante/controllers/ClienteController.go:19.38,21.2 1 1
restaurante/controllers/ClienteController.go:23.39,24.16 1 3
restaurante/controllers/ClienteController.go:24.16,26.3 1 0
restaurante/controllers/ClienteController.go:28.2,30.71 2 3
restaurante/controllers/ClienteController.go:46.38,54.16 5 1
restaurante/controllers/ClienteController.go:54.16,63.3 4 1
restaurante/controllers/ClienteController.go:66.2,66.42 1 0
restaurante/controllers/ClienteController.go:66.42,68.36 2 0
restaurante/controllers/ClienteController.go:68.36,73.4 1 0
restaurante/controllers/ClienteController.go:75.3,82.9 4 0
restaurante/controllers/ClienteController.go:86.2,86.26 1 0
restaurante/controllers/ClienteController.go:86.26,88.3 1 0
restaurante/controllers/ClienteController.go:90.2,96.15 3 0
restaurante/controllers/ClienteController.go:110.39,114.27 3 2
restaurante/controllers/ClienteController.go:114.27,123.3 4 1
restaurante/controllers/ClienteController.go:125.2,128.26 3 1
restaurante/controllers/ClienteController.go:128.26,136.3 4 0
restaurante/controllers/ClienteController.go:136.8,136.23 1 1
restaurante/controllers/ClienteController.go:136.23,145.3 4 1
restaurante/controllers/ClienteController.go:148.2,156.15 4 0
restaurante/controllers/ClienteController.go:170.36,174.74 3 2
restaurante/controllers/ClienteController.go:174.74,183.3 4 1
restaurante/controllers/ClienteController.go:186.2,186.71 1 1
restaurante/controllers/ClienteController.go:186.71,189.3 2 0
restaurante/controllers/ClienteController.go:192.2,193.16 2 1
restaurante/controllers/ClienteController.go:193.16,202.3 4 0
restaurante/controllers/ClienteController.go:203.2,206.45 2 1
restaurante/controllers/ClienteController.go:206.45,207.28 1 1
restaurante/controllers/ClienteController.go:207.28,216.4 4 0
restaurante/controllers/ClienteController.go:217.3,224.9 4 1
restaurante/controllers/ClienteController.go:228.2,236.15 4 0
restaurante/controllers/ClienteController.go:252.35,258.27 4 2
restaurante/controllers/ClienteController.go:258.27,267.3 4 1
restaurante/controllers/ClienteController.go:270.2,271.41 2 1
restaurante/controllers/ClienteController.go:271.41,272.27 1 1
restaurante/controllers/ClienteController.go:272.27,279.4 3 0
restaurante/controllers/ClienteController.go:279.9,287.4 3 1
restaurante/controllers/ClienteController.go:288.3,288.9 1 1
restaurante/controllers/ClienteController.go:292.2,293.81 2 0
restaurante/controllers/ClienteController.go:293.81,302.3 4 0
restaurante/controllers/ClienteController.go:305.2,309.34 3 0
restaurante/controllers/ClienteController.go:309.34,311.3 1 0
restaurante/controllers/ClienteController.go:312.2,312.22 1 0
restaurante/controllers/ClienteController.go:312.22,314.3 1 0
restaurante/controllers/ClienteController.go:314.8,317.3 2 0
restaurante/controllers/ClienteController.go:320.2,320.35 1 0
restaurante/controllers/ClienteController.go:320.35,322.17 2 0
restaurante/controllers/ClienteController.go:322.17,331.4 4 0
restaurante/controllers/ClienteController.go:332.3,332.51 1 0
restaurante/controllers/ClienteController.go:333.8,336.3 1 0
restaurante/controllers/ClienteController.go:339.2,339.52 1 0
restaurante/controllers/ClienteController.go:339.52,340.28 1 0
restaurante/controllers/ClienteController.go:340.28,349.4 4 0
restaurante/controllers/ClienteController.go:350.3,357.9 4 0
restaurante/controllers/ClienteController.go:361.2,369.15 4 0
restaurante/controllers/ClienteController.go:383.38,389.27 4 2
restaurante/controllers/ClienteController.go:389.27,397.3 4 1
restaurante/controllers/ClienteController.go:399.2,401.46 2 1
restaurante/controllers/ClienteController.go:401.46,408.3 3 0
restaurante/controllers/ClienteController.go:408.8,416.3 3 1
restaurante/controllers/DomicilioController.go:33.40,45.21 8 1
restaurante/controllers/DomicilioController.go:45.21,47.3 1 0
restaurante/controllers/DomicilioController.go:48.2,48.20 1 1
restaurante/controllers/DomicilioController.go:48.20,50.3 1 0
restaurante/controllers/DomicilioController.go:51.2,51.21 1 1
restaurante/controllers/DomicilioController.go:51.21,53.3 1 0
restaurante/controllers/DomicilioController.go:54.2,54.17 1 1
restaurante/controllers/DomicilioController.go:54.17,56.3 1 0
restaurante/controllers/DomicilioController.go:59.2,59.23 1 1
restaurante/controllers/DomicilioController.go:59.23,65.3 2 0
restaurante/controllers/DomicilioController.go:68.2,70.16 3 1
restaurante/controllers/DomicilioController.go:70.16,79.3 4 1
restaurante/controllers/DomicilioController.go:82.2,82.16 1 0
restaurante/controllers/DomicilioController.go:82.16,90.3 4 0
restaurante/controllers/DomicilioController.go:93.2,99.15 3 0
restaurante/controllers/DomicilioController.go:113.41,117.27 3 1
restaurante/controllers/DomicilioController.go:117.27,126.3 4 1
restaurante/controllers/DomicilioController.go:128.2,131.26 3 0
restaurante/controllers/DomicilioController.go:131.26,140.3 4 0
restaurante/controllers/DomicilioController.go:142.2,148.15 3 0
restaurante/controllers/DomicilioController.go:162.38,168.72 4 5
restaurante/controllers/DomicilioController.go:168.72,177.3 4 1
restaurante/controllers/DomicilioController.go:180.2,180.73 1 4
restaurante/controllers/DomicilioController.go:180.73,182.3 1 3
restaurante/controllers/DomicilioController.go:182.8,190.3 4 1
restaurante/controllers/DomicilioController.go:192.2,192.76 1 3
restaurante/controllers/DomicilioController.go:192.76,194.17 2 3
restaurante/controllers/DomicilioController.go:194.17,203.4 4 1
restaurante/controllers/DomicilioController.go:204.3,204.31 1 2
restaurante/controllers/DomicilioController.go:205.8,213.3 4 0
restaurante/controllers/DomicilioController.go:215.2,215.70 1 2
restaurante/controllers/DomicilioController.go:215.70,217.3 1 1
restaurante/controllers/DomicilioController.go:217.8,225.3 4 1
restaurante/controllers/DomicilioController.go:228.2,228.56 1 1
restaurante/controllers/DomicilioController.go:228.56,230.3 1 0
restaurante/controllers/DomicilioController.go:231.2,231.52 1 1
restaurante/controllers/DomicilioController.go:231.52,233.3 1 0
restaurante/controllers/DomicilioController.go:234.2,234.62 1 1
restaurante/controllers/DomicilioController.go:234.62,236.3 1 0
restaurante/controllers/DomicilioController.go:237.2,237.54 1 1
restaurante/controllers/DomicilioController.go:237.54,239.3 1 0
restaurante/controllers/DomicilioController.go:242.2,247.16 4 1
restaurante/controllers/DomicilioController.go:247.16,256.3 4 1
restaurante/controllers/DomicilioController.go:259.2,265.15 3 0
restaurante/controllers/DomicilioController.go:280.37,286.27 4 1
restaurante/controllers/DomicilioController.go:286.27,295.3 4 1
restaurante/controllers/DomicilioController.go:298.2,299.53 2 0
restaurante/controllers/DomicilioController.go:299.53,307.3 4 0
restaurante/controllers/DomicilioController.go:310.2,311.72 2 0
restaurante/controllers/DomicilioController.go:311.72,320.3 4 0
restaurante/controllers/DomicilioController.go:323.2,323.54 1 0
restaurante/controllers/DomicilioController.go:323.54,325.3 1 0
restaurante/controllers/DomicilioController.go:326.2,326.52 1 0
restaurante/controllers/DomicilioController.go:326.52,328.3 1 0
restaurante/controllers/DomicilioController.go:329.2,329.56 1 0
restaurante/controllers/DomicilioController.go:329.56,331.3 1 0
restaurante/controllers/DomicilioController.go:332.2,332.52 1 0
restaurante/controllers/DomicilioController.go:332.52,334.3 1 0
restaurante/controllers/DomicilioController.go:335.2,335.54 1 0
restaurante/controllers/DomicilioController.go:335.54,337.3 1 0
restaurante/controllers/DomicilioController.go:340.2,343.48 2 0
restaurante/controllers/DomicilioController.go:343.48,352.3 4 0
restaurante/controllers/DomicilioController.go:355.2,361.15 3 0
restaurante/controllers/DomicilioController.go:375.40,380.27 4 1
restaurante/controllers/DomicilioController.go:380.27,389.3 4 1
restaurante/controllers/DomicilioController.go:391.2,393.48 2 0
restaurante/controllers/DomicilioController.go:393.48,400.3 3 0
restaurante/controllers/DomicilioController.go:400.8,408.3 3 0
restaurante/controllers/DomicilioController.go:424.53,432.43 5 1
restaurante/controllers/DomicilioController.go:432.43,440.3 4 1
restaurante/controllers/DomicilioController.go:443.2,443.46 1 0
restaurante/controllers/DomicilioController.go:443.46,451.3 4 0
restaurante/controllers/DomicilioController.go:454.2,456.75 2 0
restaurante/controllers/DomicilioController.go:456.75,465.3 4 0
restaurante/controllers/DomicilioController.go:467.2,473.15 3 0
restaurante/controllers/IncidenciaController.go:28.41,33.16 4 1
restaurante/controllers/IncidenciaController.go:33.16,42.3 4 1
restaurante/controllers/IncidenciaController.go:44.2,50.15 3 0
restaurante/controllers/IncidenciaController.go:68.55,73.34 3 3
restaurante/controllers/IncidenciaController.go:73.34,81.3 4 1
restaurante/controllers/IncidenciaController.go:83.2,84.39 2 2
restaurante/controllers/IncidenciaController.go:84.39,92.3 4 1
restaurante/controllers/IncidenciaController.go:94.2,95.59 2 1
restaurante/controllers/IncidenciaController.go:95.59,103.3 4 1
restaurante/controllers/IncidenciaController.go:106.2,117.51 5 0
restaurante/controllers/IncidenciaController.go:117.51,125.3 4 0
restaurante/controllers/IncidenciaController.go:125.8,125.23 1 0
restaurante/controllers/IncidenciaController.go:125.23,134.3 4 0
restaurante/controllers/IncidenciaController.go:137.2,143.15 3 0
restaurante/controllers/IncidenciaController.go:158.39,164.72 4 4
restaurante/controllers/IncidenciaController.go:164.72,173.3 4 4
restaurante/controllers/IncidenciaController.go:176.2,176.67 1 0
restaurante/controllers/IncidenciaController.go:176.67,178.17 2 0
restaurante/controllers/IncidenciaController.go:178.17,187.4 4 0
restaurante/controllers/IncidenciaController.go:188.3,188.32 1 0
restaurante/controllers/IncidenciaController.go:189.8,197.3 4 0
restaurante/controllers/IncidenciaController.go:200.2,200.47 1 0
restaurante/controllers/IncidenciaController.go:200.47,202.3 1 0
restaurante/controllers/IncidenciaController.go:202.8,210.3 4 0
restaurante/controllers/IncidenciaController.go:213.2,213.44 1 0
restaurante/controllers/IncidenciaController.go:213.44,215.3 1 0
restaurante/controllers/IncidenciaController.go:215.8,223.3 4 0
restaurante/controllers/IncidenciaController.go:226.2,226.64 1 0
restaurante/controllers/IncidenciaController.go:226.64,228.3 1 0
restaurante/controllers/IncidenciaController.go:228.8,236.3 4 0
restaurante/controllers/IncidenciaController.go:239.2,239.69 1 0
restaurante/controllers/IncidenciaController.go:239.69,242.3 2 0
restaurante/controllers/IncidenciaController.go:245.2,246.16 2 0
restaurante/controllers/IncidenciaController.go:246.16,255.3 4 0
restaurante/controllers/IncidenciaController.go:258.2,274.15 4 0
restaurante/controllers/IncidenciaController.go:291.38,297.27 4 3
restaurante/controllers/IncidenciaController.go:297.27,305.3 4 1
restaurante/controllers/IncidenciaController.go:308.2,309.54 2 2
restaurante/controllers/IncidenciaController.go:309.54,317.3 4 0
restaurante/controllers/IncidenciaController.go:320.2,321.72 2 2
restaurante/controllers/IncidenciaController.go:321.72,330.3 4 2
restaurante/controllers/IncidenciaController.go:333.2,333.67 1 0
restaurante/controllers/IncidenciaController.go:333.67,335.17 2 0
restaurante/controllers/IncidenciaController.go:335.17,344.4 4 0
restaurante/controllers/IncidenciaController.go:345.3,345.32 1 0
restaurante/controllers/IncidenciaController.go:348.2,348.47 1 0
restaurante/controllers/IncidenciaController.go:348.47,350.3 1 0
restaurante/controllers/IncidenciaController.go:352.2,352.44 1 0
restaurante/controllers/IncidenciaController.go:352.44,354.3 1 0
restaurante/controllers/IncidenciaController.go:356.2,356.64 1 0
restaurante/controllers/IncidenciaController.go:356.64,358.3 1 0
restaurante/controllers/IncidenciaController.go:360.2,360.69 1 0
restaurante/controllers/IncidenciaController.go:360.69,363.3 2 0
restaurante/controllers/IncidenciaController.go:366.2,366.49 1 0
restaurante/controllers/IncidenciaController.go:366.49,375.3 4 0
restaurante/controllers/IncidenciaController.go:378.2,394.15 4 0
restaurante/controllers/IncidenciaController.go:408.41,411.16 3 1
restaurante/controllers/IncidenciaController.go:411.16,419.3 4 1
restaurante/controllers/IncidenciaController.go:421.2,422.26 2 0
restaurante/controllers/IncidenciaController.go:422.26,430.3 4 0
restaurante/controllers/IncidenciaController.go:430.8,430.23 1 0
restaurante/controllers/IncidenciaController.go:430.23,439.3 4 0
restaurante/controllers/IncidenciaController.go:441.2,446.15 3 0
restaurante/controllers/LoginController.go:51.35,53.79 2 6
restaurante/controllers/LoginController.go:53.79,62.3 4 1
restaurante/controllers/LoginController.go:64.2,70.16 4 5
restaurante/controllers/LoginController.go:70.16,72.108 1 2
restaurante/controllers/LoginController.go:72.108,80.4 4 1
restaurante/controllers/LoginController.go:81.3,84.9 3 1
restaurante/controllers/LoginController.go:88.2,91.16 3 3
restaurante/controllers/LoginController.go:91.16,93.105 1 2
restaurante/controllers/LoginController.go:93.105,101.4 4 1
restaurante/controllers/LoginController.go:102.3,105.9 3 1
restaurante/controllers/LoginController.go:109.2,114.15 3 1
restaurante/controllers/LoginController.go:118.80,133.16 6 3
restaurante/controllers/LoginController.go:133.16,142.3 4 0
restaurante/controllers/LoginController.go:144.2,153.15 3 3
restaurante/controllers/LoginController.go:156.42,158.37 1 6
restaurante/controllers/LoginController.go:158.37,162.3 3 1
restaurante/controllers/LoginController.go:165.2,165.83 1 5
restaurante/controllers/LoginController.go:165.83,168.3 2 1
restaurante/controllers/LoginController.go:171.2,172.22 2 4
restaurante/controllers/LoginController.go:172.22,180.3 4 1
restaurante/controllers/LoginController.go:181.2,184.56 2 3
restaurante/controllers/LoginController.go:184.56,186.3 1 1
restaurante/controllers/LoginController.go:187.2,190.101 3 3
restaurante/controllers/LoginController.go:190.101,192.3 1 2
restaurante/controllers/LoginController.go:194.2,194.32 1 3
restaurante/controllers/LoginController.go:194.32,202.3 4 1
restaurante/controllers/LoginController.go:204.2,204.47 1 2
restaurante/controllers/MetodoPagoController.go:29.81,31.2 1 1
restaurante/controllers/MetodoPagoController.go:37.71,39.2 1 1
restaurante/controllers/MetodoPagoController.go:41.60,41.98 1 7
restaurante/controllers/MetodoPagoController.go:57.41,62.16 4 1
restaurante/controllers/MetodoPagoController.go:62.16,71.3 4 1
restaurante/controllers/MetodoPagoController.go:73.2,79.15 3 0
restaurante/controllers/MetodoPagoController.go:93.42,97.27 3 3
restaurante/controllers/MetodoPagoController.go:97.27,106.3 4 1
restaurante/controllers/MetodoPagoController.go:108.2,111.26 3 2
restaurante/controllers/MetodoPagoController.go:111.26,120.3 4 1
restaurante/controllers/MetodoPagoController.go:122.2,128.15 3 1
restaurante/controllers/MetodoPagoController.go:142.39,146.73 3 2
restaurante/controllers/MetodoPagoController.go:146.73,155.3 4 1
restaurante/controllers/MetodoPagoController.go:157.2,158.16 2 1
restaurante/controllers/MetodoPagoController.go:158.16,167.3 4 0
restaurante/controllers/MetodoPagoController.go:169.2,175.15 3 1
restaurante/controllers/MetodoPagoController.go:190.38,196.27 4 4
restaurante/controllers/MetodoPagoController.go:196.27,205.3 4 1
restaurante/controllers/MetodoPagoController.go:207.2,209.28 2 3
restaurante/controllers/MetodoPagoController.go:209.28,211.81 2 2
restaurante/controllers/MetodoPagoController.go:211.81,220.4 4 1
restaurante/controllers/MetodoPagoController.go:222.3,224.17 3 1
restaurante/controllers/MetodoPagoController.go:224.17,233.4 4 0
restaurante/controllers/MetodoPagoController.go:235.3,241.16 3 1
restaurante/controllers/MetodoPagoController.go:242.8,249.3 3 1
restaurante/controllers/MetodoPagoController.go:263.41,269.27 4 3
restaurante/controllers/MetodoPagoController.go:269.27,278.3 4 1
restaurante/controllers/MetodoPagoController.go:280.2,282.45 2 2
restaurante/controllers/MetodoPagoController.go:282.45,289.3 3 1
restaurante/controllers/MetodoPagoController.go:289.8,297.3 3 1
restaurante/controllers/NominaController.go:37.37,42.16 4 1
restaurante/controllers/NominaController.go:42.16,51.3 4 1
restaurante/controllers/NominaController.go:53.2,58.33 5 0
restaurante/controllers/NominaController.go:58.33,59.64 1 0
restaurante/controllers/NominaController.go:59.64,60.12 1 0
restaurante/controllers/NominaController.go:62.3,62.63 1 0
restaurante/controllers/NominaController.go:62.63,63.12 1 0
restaurante/controllers/NominaController.go:65.3,65.46 1 0
restaurante/controllers/NominaController.go:65.46,66.12 1 0
restaurante/controllers/NominaController.go:68.3,68.52 1 0
restaurante/controllers/NominaController.go:71.2,71.31 1 0
restaurante/controllers/NominaController.go:71.31,79.3 4 0
restaurante/controllers/NominaController.go:81.2,87.15 3 0
restaurante/controllers/NominaController.go:102.35,106.72 3 2
restaurante/controllers/NominaController.go:106.72,115.3 4 1
restaurante/controllers/NominaController.go:117.2,117.26 1 1
restaurante/controllers/NominaController.go:117.26,119.3 1 1
restaurante/controllers/NominaController.go:121.2,121.51 1 1
restaurante/controllers/NominaController.go:121.51,123.3 1 1
restaurante/controllers/NominaController.go:125.2,128.16 3 1
restaurante/controllers/NominaController.go:128.16,137.3 4 1
restaurante/controllers/NominaController.go:139.2,143.16 3 0
restaurante/controllers/NominaController.go:143.16,152.3 4 0
restaurante/controllers/NominaController.go:154.2,160.15 3 0
restaurante/controllers/NominaController.go:176.34,182.27 4 2
restaurante/controllers/NominaController.go:182.27,191.3 4 1
restaurante/controllers/NominaController.go:194.2,195.50 2 1
restaurante/controllers/NominaController.go:195.50,203.3 4 0
restaurante/controllers/NominaController.go:206.2,206.36 1 1
restaurante/controllers/NominaController.go:206.36,214.3 4 0
restaurante/controllers/NominaController.go:215.2,218.62 2 1
restaurante/controllers/NominaController.go:218.62,227.3 4 1
restaurante/controllers/NominaController.go:230.2,236.15 3 0
restaurante/controllers/NominaController.go:250.37,255.27 4 2
restaurante/controllers/NominaController.go:255.27,264.3 4 1
restaurante/controllers/NominaController.go:266.2,267.40 2 1
restaurante/controllers/NominaController.go:267.40,275.3 4 1
restaurante/controllers/NominaController.go:277.2,278.62 2 0
restaurante/controllers/NominaController.go:278.62,287.3 4 0
restaurante/controllers/NominaController.go:289.2,294.15 3 0
restaurante/controllers/NominaTrabajadorController.go:28.47,34.16 4 1
restaurante/controllers/NominaTrabajadorController.go:34.16,43.3 4 1
restaurante/controllers/NominaTrabajadorController.go:46.2,47.33 2 0
restaurante/controllers/NominaTrabajadorController.go:47.33,57.3 1 0
restaurante/controllers/NominaTrabajadorController.go:60.2,66.15 3 0
restaurante/controllers/NominaTrabajadorController.go:81.45,87.72 4 3
restaurante/controllers/NominaTrabajadorController.go:87.72,96.3 4 1
restaurante/controllers/NominaTrabajadorController.go:99.2,99.40 1 2
restaurante/controllers/NominaTrabajadorController.go:99.40,107.3 4 1
restaurante/controllers/NominaTrabajadorController.go:108.2,123.16 7 1
restaurante/controllers/NominaTrabajadorController.go:123.16,132.3 4 1
restaurante/controllers/NominaTrabajadorController.go:135.2,136.41 2 0
restaurante/controllers/NominaTrabajadorController.go:136.41,137.23 1 0
restaurante/controllers/NominaTrabajadorController.go:137.23,139.4 1 0
restaurante/controllers/NominaTrabajadorController.go:139.9,141.4 1 0
restaurante/controllers/NominaTrabajadorController.go:143.2,150.16 4 0
restaurante/controllers/NominaTrabajadorController.go:150.16,159.3 4 0
restaurante/controllers/NominaTrabajadorController.go:160.2,172.16 7 0
restaurante/controllers/NominaTrabajadorController.go:172.16,181.3 4 0
restaurante/controllers/NominaTrabajadorController.go:184.2,199.15 4 0
restaurante/controllers/NominaTrabajadorController.go:219.56,229.20 8 2
restaurante/controllers/NominaTrabajadorController.go:229.20,237.3 4 1
restaurante/controllers/NominaTrabajadorController.go:240.2,249.12 4 1
restaurante/controllers/NominaTrabajadorController.go:249.12,251.3 1 0
restaurante/controllers/NominaTrabajadorController.go:254.2,254.11 1 1
restaurante/controllers/NominaTrabajadorController.go:254.11,256.3 1 0
restaurante/controllers/NominaTrabajadorController.go:256.8,256.20 1 1
restaurante/controllers/NominaTrabajadorController.go:256.20,258.3 1 0
restaurante/controllers/NominaTrabajadorController.go:261.2,261.25 1 1
restaurante/controllers/NominaTrabajadorController.go:261.25,264.3 2 0
restaurante/controllers/NominaTrabajadorController.go:267.2,270.50 2 1
restaurante/controllers/NominaTrabajadorController.go:270.50,278.3 4 1
restaurante/controllers/NominaTrabajadorController.go:278.8,278.23 1 0
restaurante/controllers/NominaTrabajadorController.go:278.23,287.3 4 0
restaurante/controllers/NominaTrabajadorController.go:290.2,296.15 3 0
restaurante/controllers/NominaTrabajadorController.go:299.50,315.2 2 2
restaurante/controllers/NominaTrabajadorController.go:330.56,336.37 4 2
restaurante/controllers/NominaTrabajadorController.go:336.37,344.3 4 1
restaurante/controllers/NominaTrabajadorController.go:347.2,371.16 6 1
restaurante/controllers/NominaTrabajadorController.go:371.16,380.3 4 1
restaurante/controllers/NominaTrabajadorController.go:382.2,382.26 1 0
restaurante/controllers/NominaTrabajadorController.go:382.26,390.3 4 0
restaurante/controllers/NominaTrabajadorController.go:393.2,399.15 3 0
restaurante/controllers/PagoController.go:42.35,47.16 4 1
restaurante/controllers/PagoController.go:47.16,56.3 4 1
restaurante/controllers/PagoController.go:59.2,59.23 1 0
restaurante/controllers/PagoController.go:59.23,64.31 3 0
restaurante/controllers/PagoController.go:64.31,66.4 1 0
restaurante/controllers/PagoController.go:70.2,79.29 8 0
restaurante/controllers/PagoController.go:79.29,80.62 1 0
restaurante/controllers/PagoController.go:80.62,81.12 1 0
restaurante/controllers/PagoController.go:83.3,83.54 1 0
restaurante/controllers/PagoController.go:83.54,84.12 1 0
restaurante/controllers/PagoController.go:86.3,86.61 1 0
restaurante/controllers/PagoController.go:86.61,87.12 1 0
restaurante/controllers/PagoController.go:89.3,89.44 1 0
restaurante/controllers/PagoController.go:89.44,90.12 1 0
restaurante/controllers/PagoController.go:92.3,92.49 1 0
restaurante/controllers/PagoController.go:92.49,93.12 1 0
restaurante/controllers/PagoController.go:95.3,95.63 1 0
restaurante/controllers/PagoController.go:95.63,96.12 1 0
restaurante/controllers/PagoController.go:99.3,99.46 1 0
restaurante/controllers/PagoController.go:103.2,103.29 1 0
restaurante/controllers/PagoController.go:103.29,111.3 4 0
restaurante/controllers/PagoController.go:114.2,120.15 3 0
restaurante/controllers/PagoController.go:134.36,138.27 3 1
restaurante/controllers/PagoController.go:138.27,147.3 4 1
restaurante/controllers/PagoController.go:149.2,151.26 3 0
restaurante/controllers/PagoController.go:151.26,160.3 4 0
restaurante/controllers/PagoController.go:163.2,167.26 3 0
restaurante/controllers/PagoController.go:167.26,169.3 1 0
restaurante/controllers/PagoController.go:171.2,177.15 3 0
restaurante/controllers/PagoController.go:191.33,196.72 3 5
restaurante/controllers/PagoController.go:196.72,205.3 4 5
restaurante/controllers/PagoController.go:208.2,211.67 2 0
restaurante/controllers/PagoController.go:211.67,213.17 2 0
restaurante/controllers/PagoController.go:213.17,222.4 4 0
restaurante/controllers/PagoController.go:223.3,223.26 1 0
restaurante/controllers/PagoController.go:224.8,232.3 4 0
restaurante/controllers/PagoController.go:235.2,235.64 1 0
restaurante/controllers/PagoController.go:235.64,237.60 1 0
restaurante/controllers/PagoController.go:237.60,246.4 4 0
restaurante/controllers/PagoController.go:247.3,247.22 1 0
restaurante/controllers/PagoController.go:248.8,256.3 4 0
restaurante/controllers/PagoController.go:259.2,259.47 1 0
restaurante/controllers/PagoController.go:259.47,261.3 1 0
restaurante/controllers/PagoController.go:261.8,269.3 4 0
restaurante/controllers/PagoController.go:272.2,272.69 1 0
restaurante/controllers/PagoController.go:272.69,273.37 1 0
restaurante/controllers/PagoController.go:273.37,282.4 4 0
restaurante/controllers/PagoController.go:283.3,283.28 1 0
restaurante/controllers/PagoController.go:286.2,286.66 1 0
restaurante/controllers/PagoController.go:286.66,289.3 2 0
restaurante/controllers/PagoController.go:289.8,298.3 4 0
restaurante/controllers/PagoController.go:301.2,302.16 2 0
restaurante/controllers/PagoController.go:302.16,311.3 4 0
restaurante/controllers/PagoController.go:313.2,319.15 3 0
restaurante/controllers/PagoController.go:334.32,340.27 4 3
restaurante/controllers/PagoController.go:340.27,349.3 4 1
restaurante/controllers/PagoController.go:352.2,353.48 2 2
restaurante/controllers/PagoController.go:353.48,361.3 4 0
restaurante/controllers/PagoController.go:364.2,365.72 2 2
restaurante/controllers/PagoController.go:365.72,374.3 4 2
restaurante/controllers/PagoController.go:377.2,377.67 1 0
restaurante/controllers/PagoController.go:377.67,379.17 2 0
restaurante/controllers/PagoController.go:379.17,388.4 4 0
restaurante/controllers/PagoController.go:389.3,389.26 1 0
restaurante/controllers/PagoController.go:393.2,393.64 1 0
restaurante/controllers/PagoController.go:393.64,395.60 1 0
restaurante/controllers/PagoController.go:395.60,404.4 4 0
restaurante/controllers/PagoController.go:405.3,405.22 1 0
restaurante/controllers/PagoController.go:406.8,414.3 4 0
restaurante/controllers/PagoController.go:416.2,416.47 1 0
restaurante/controllers/PagoController.go:416.47,418.3 1 0
restaurante/controllers/PagoController.go:420.2,420.69 1 0
restaurante/controllers/PagoController.go:420.69,421.37 1 0
restaurante/controllers/PagoController.go:421.37,429.4 4 0
restaurante/controllers/PagoController.go:430.3,430.28 1 0
restaurante/controllers/PagoController.go:433.2,433.55 1 0
restaurante/controllers/PagoController.go:433.55,435.3 1 0
restaurante/controllers/PagoController.go:438.2,440.66 2 0
restaurante/controllers/PagoController.go:440.66,443.3 2 0
restaurante/controllers/PagoController.go:443.8,452.3 4 0
restaurante/controllers/PagoController.go:455.2,455.43 1 0
restaurante/controllers/PagoController.go:455.43,464.3 4 0
restaurante/controllers/PagoController.go:467.2,473.15 3 0
restaurante/controllers/PagoController.go:487.35,492.27 4 2
restaurante/controllers/PagoController.go:492.27,501.3 4 1
restaurante/controllers/PagoController.go:503.2,505.43 2 1
restaurante/controllers/PagoController.go:505.43,512.3 3 0
restaurante/controllers/PagoController.go:512.8,520.3 3 1
restaurante/controllers/PedidoClienteController.go:27.44,32.16 4 1
restaurante/controllers/PedidoClienteController.go:32.16,41.3 4 1
restaurante/controllers/PedidoClienteController.go:43.2,49.15 3 0
restaurante/controllers/PedidoClienteController.go:65.42,70.75 3 3
restaurante/controllers/PedidoClienteController.go:70.75,79.3 4 1
restaurante/controllers/PedidoClienteController.go:82.2,82.70 1 2
restaurante/controllers/PedidoClienteController.go:82.70,90.3 4 1
restaurante/controllers/PedidoClienteController.go:93.2,93.67 1 1
restaurante/controllers/PedidoClienteController.go:93.67,96.46 2 0
restaurante/controllers/PedidoClienteController.go:96.46,105.4 4 0
restaurante/controllers/PedidoClienteController.go:108.3,109.45 2 0
restaurante/controllers/PedidoClienteController.go:109.45,118.4 4 0
restaurante/controllers/PedidoClienteController.go:121.3,125.17 3 0
restaurante/controllers/PedidoClienteController.go:125.17,133.4 4 0
restaurante/controllers/PedidoClienteController.go:136.3,137.17 2 0
restaurante/controllers/PedidoClienteController.go:137.17,146.4 4 0
restaurante/controllers/PedidoClienteController.go:147.3,148.13 2 0
restaurante/controllers/PedidoClienteController.go:152.2,152.16 1 1
restaurante/controllers/PedidoClienteController.go:152.16,154.3 1 1
restaurante/controllers/PedidoClienteController.go:157.2,163.15 3 0
restaurante/controllers/PedidoController.go:34.37,59.17 12 1
restaurante/controllers/PedidoController.go:59.17,62.3 2 0
restaurante/controllers/PedidoController.go:64.2,64.32 1 1
restaurante/controllers/PedidoController.go:64.32,67.3 2 0
restaurante/controllers/PedidoController.go:69.2,69.26 1 1
restaurante/controllers/PedidoController.go:69.26,72.15 3 0
restaurante/controllers/PedidoController.go:72.15,75.4 2 0
restaurante/controllers/PedidoController.go:78.2,78.17 1 1
restaurante/controllers/PedidoController.go:78.17,81.3 2 0
restaurante/controllers/PedidoController.go:83.2,83.22 1 1
restaurante/controllers/PedidoController.go:83.22,86.3 2 0
restaurante/controllers/PedidoController.go:88.2,88.25 1 1
restaurante/controllers/PedidoController.go:88.25,89.16 1 0
restaurante/controllers/PedidoController.go:89.16,91.4 1 0
restaurante/controllers/PedidoController.go:91.9,93.4 1 0
restaurante/controllers/PedidoController.go:97.2,99.16 3 1
restaurante/controllers/PedidoController.go:99.16,107.3 3 1
restaurante/controllers/PedidoController.go:110.2,110.23 1 0
restaurante/controllers/PedidoController.go:110.23,117.3 3 0
restaurante/controllers/PedidoController.go:120.2,125.15 2 0
restaurante/controllers/PedidoController.go:140.35,143.45 2 1
restaurante/controllers/PedidoController.go:143.45,152.3 4 0
restaurante/controllers/PedidoController.go:154.2,161.45 6 1
restaurante/controllers/PedidoController.go:161.45,170.3 4 1
restaurante/controllers/PedidoController.go:172.2,178.15 3 0
restaurante/controllers/PedidoController.go:196.46,203.40 5 1
restaurante/controllers/PedidoController.go:203.40,208.3 4 1
restaurante/controllers/PedidoController.go:211.2,212.64 2 0
restaurante/controllers/PedidoController.go:212.64,217.3 4 0
restaurante/controllers/PedidoController.go:219.2,220.15 2 0
restaurante/controllers/PedidoController.go:236.41,243.40 5 1
restaurante/controllers/PedidoController.go:243.40,248.3 4 1
restaurante/controllers/PedidoController.go:251.2,253.76 3 0
restaurante/controllers/PedidoController.go:253.76,258.3 4 0
restaurante/controllers/PedidoController.go:261.2,262.38 2 0
restaurante/controllers/PedidoController.go:262.38,265.3 2 0
restaurante/controllers/PedidoController.go:267.2,268.15 2 0
restaurante/controllers/PedidoController.go:284.49,292.40 5 1
restaurante/controllers/PedidoController.go:292.40,300.3 4 1
restaurante/controllers/PedidoController.go:303.2,305.62 2 0
restaurante/controllers/PedidoController.go:305.62,314.3 4 0
restaurante/controllers/PedidoController.go:316.2,322.15 3 0
restaurante/controllers/PedidoController.go:338.47,343.19 3 2
restaurante/controllers/PedidoController.go:343.19,350.3 3 1
restaurante/controllers/PedidoController.go:353.2,384.16 4 1
restaurante/controllers/PedidoController.go:384.16,392.3 3 1
restaurante/controllers/PedidoController.go:395.2,400.15 2 0
restaurante/controllers/ProductoController.go:32.39,44.16 8 1
restaurante/controllers/ProductoController.go:44.16,46.3 1 0
restaurante/controllers/ProductoController.go:47.2,47.21 1 1
restaurante/controllers/ProductoController.go:47.21,49.3 1 0
restaurante/controllers/ProductoController.go:50.2,50.24 1 1
restaurante/controllers/ProductoController.go:50.24,52.3 1 0
restaurante/controllers/ProductoController.go:55.2,56.16 2 1
restaurante/controllers/ProductoController.go:56.16,65.3 4 1
restaurante/controllers/ProductoController.go:68.2,68.27 1 0
restaurante/controllers/ProductoController.go:68.27,69.20 1 0
restaurante/controllers/ProductoController.go:69.20,71.4 1 0
restaurante/controllers/ProductoController.go:71.9,71.39 1 0
restaurante/controllers/ProductoController.go:71.39,73.4 1 0
restaurante/controllers/ProductoController.go:76.2,82.15 3 0
restaurante/controllers/ProductoController.go:95.40,99.27 3 2
restaurante/controllers/ProductoController.go:99.27,108.3 4 1
restaurante/controllers/ProductoController.go:110.2,111.16 2 1
restaurante/controllers/ProductoController.go:111.16,119.3 4 1
restaurante/controllers/ProductoController.go:121.2,127.15 3 0
restaurante/controllers/ProductoController.go:148.37,163.52 12 1
restaurante/controllers/ProductoController.go:163.52,171.3 4 1
restaurante/controllers/ProductoController.go:174.2,175.16 2 0
restaurante/controllers/ProductoController.go:175.16,183.3 4 0
restaurante/controllers/ProductoController.go:184.2,188.16 3 0
restaurante/controllers/ProductoController.go:188.16,197.3 4 0
restaurante/controllers/ProductoController.go:199.2,205.15 3 0
restaurante/controllers/ProductoController.go:225.36,231.27 4 1
restaurante/controllers/ProductoController.go:231.27,240.3 4 1
restaurante/controllers/ProductoController.go:242.2,244.30 2 0
restaurante/controllers/ProductoController.go:244.30,258.53 9 0
restaurante/controllers/ProductoController.go:258.53,266.4 4 0
restaurante/controllers/ProductoController.go:269.3,270.17 2 0
restaurante/controllers/ProductoController.go:270.17,278.4 4 0
restaurante/controllers/ProductoController.go:279.3,279.19 1 0
restaurante/controllers/ProductoController.go:279.19,281.4 1 0
restaurante/controllers/ProductoController.go:284.3,284.27 1 0
restaurante/controllers/ProductoController.go:284.27,292.4 4 0
restaurante/controllers/ProductoController.go:295.3,295.47 1 0
restaurante/controllers/ProductoController.go:295.47,304.4 4 0
restaurante/controllers/ProductoController.go:306.3,312.16 3 0
restaurante/controllers/ProductoController.go:313.8,320.3 3 0
restaurante/controllers/ProductoController.go:335.39,341.27 4 1
restaurante/controllers/ProductoController.go:341.27,350.3 4 1
restaurante/controllers/ProductoController.go:353.2,354.16 2 0
restaurante/controllers/ProductoController.go:354.16,362.3 4 0
restaurante/controllers/ProductoController.go:363.2,363.49 1 0
restaurante/controllers/ProductoController.go:363.49,371.3 4 0
restaurante/controllers/ProductoController.go:373.2,374.65 2 0
restaurante/controllers/ProductoController.go:374.65,383.3 4 0
restaurante/controllers/ProductoController.go:385.2,390.15 3 0
restaurante/controllers/ProductoController.go:394.59,396.16 2 3
restaurante/controllers/ProductoController.go:396.16,397.33 1 1
restaurante/controllers/ProductoController.go:397.33,399.4 1 1
restaurante/controllers/ProductoController.go:400.3,400.63 1 0
restaurante/controllers/ProductoController.go:402.2,404.33 2 2
restaurante/controllers/ProductoController.go:404.33,406.3 1 1
restaurante/controllers/ProductoController.go:408.2,409.16 2 1
restaurante/controllers/ProductoController.go:409.16,411.3 1 0
restaurante/controllers/ProductoController.go:412.2,412.58 1 1
restaurante/controllers/ProductoController.go:415.56,416.27 1 6
restaurante/controllers/ProductoController.go:416.27,418.3 1 2
restaurante/controllers/ProductoController.go:419.2,419.26 1 4
restaurante/controllers/ProductoController.go:419.26,421.3 1 1
restaurante/controllers/ProductoController.go:422.2,422.56 1 3
restaurante/controllers/ProductoController.go:422.56,424.3 1 1
restaurante/controllers/ProductoController.go:425.2,425.93 1 2
restaurante/controllers/ProductoController.go:425.93,427.3 1 1
restaurante/controllers/ProductoController.go:428.2,428.12 1 1
restaurante/controllers/ProductoController.go:431.71,433.41 2 1
restaurante/controllers/ProductoController.go:433.41,434.27 1 1
restaurante/controllers/ProductoController.go:434.27,436.4 1 0
restaurante/controllers/ProductoController.go:437.3,437.65 1 1
restaurante/controllers/ProductoController.go:439.2,439.22 1 0
restaurante/controllers/ProductoPedidoController.go:34.45,36.33 2 2
restaurante/controllers/ProductoPedidoController.go:36.33,43.3 3 1
restaurante/controllers/ProductoPedidoController.go:45.2,52.26 4 1
restaurante/controllers/ProductoPedidoController.go:52.26,59.3 3 0
restaurante/controllers/ProductoPedidoController.go:59.8,59.23 1 1
restaurante/controllers/ProductoPedidoController.go:59.23,67.3 3 1
restaurante/controllers/ProductoPedidoController.go:70.2,71.93 2 0
restaurante/controllers/ProductoPedidoController.go:71.93,79.3 3 0
restaurante/controllers/ProductoPedidoController.go:82.2,83.35 2 0
restaurante/controllers/ProductoPedidoController.go:83.35,92.3 2 0
restaurante/controllers/ProductoPedidoController.go:95.2,105.15 3 0
restaurante/controllers/ProductoPedidoController.go:120.43,126.72 2 3
restaurante/controllers/ProductoPedidoController.go:126.72,134.3 3 1
restaurante/controllers/ProductoPedidoController.go:137.2,137.62 1 2
restaurante/controllers/ProductoPedidoController.go:137.62,144.3 3 1
restaurante/controllers/ProductoPedidoController.go:147.2,148.16 2 1
restaurante/controllers/ProductoPedidoController.go:148.16,156.3 3 0
restaurante/controllers/ProductoPedidoController.go:158.2,165.16 4 1
restaurante/controllers/ProductoPedidoController.go:165.16,173.3 3 1
restaurante/controllers/ProductoPedidoController.go:175.2,180.15 2 0
restaurante/controllers/ProductoPedidoController.go:197.45,199.33 2 4
restaurante/controllers/ProductoPedidoController.go:199.33,206.3 3 1
restaurante/controllers/ProductoPedidoController.go:209.2,210.82 2 3
restaurante/controllers/ProductoPedidoController.go:210.82,218.3 3 1
restaurante/controllers/ProductoPedidoController.go:220.2,220.31 1 2
restaurante/controllers/ProductoPedidoController.go:220.31,227.3 3 1
restaurante/controllers/ProductoPedidoController.go:229.2,236.26 4 1
restaurante/controllers/ProductoPedidoController.go:236.26,243.3 3 0
restaurante/controllers/ProductoPedidoController.go:243.8,243.23 1 1
restaurante/controllers/ProductoPedidoController.go:243.23,251.3 3 1
restaurante/controllers/ProductoPedidoController.go:254.2,255.16 2 0
restaurante/controllers/ProductoPedidoController.go:255.16,263.3 3 0
restaurante/controllers/ProductoPedidoController.go:266.2,267.75 2 0
restaurante/controllers/ProductoPedidoController.go:267.75,275.3 3 0
restaurante/controllers/ProductoPedidoController.go:277.2,282.15 2 0
restaurante/controllers/ReservaController.go:36.38,41.16 4 1
restaurante/controllers/ReservaController.go:41.16,50.3 4 1
restaurante/controllers/ReservaController.go:53.2,53.26 1 0
restaurante/controllers/ReservaController.go:53.26,58.34 4 0
restaurante/controllers/ReservaController.go:58.34,60.4 1 0
restaurante/controllers/ReservaController.go:63.2,69.15 3 0
restaurante/controllers/ReservaController.go:82.39,86.27 3 1
restaurante/controllers/ReservaController.go:86.27,95.3 4 1
restaurante/controllers/ReservaController.go:97.2,100.26 3 0
restaurante/controllers/ReservaController.go:100.26,109.3 4 0
restaurante/controllers/ReservaController.go:110.2,113.29 4 0
restaurante/controllers/ReservaController.go:113.29,115.3 1 0
restaurante/controllers/ReservaController.go:117.2,123.15 3 0
restaurante/controllers/ReservaController.go:136.36,141.72 3 3
restaurante/controllers/ReservaController.go:141.72,150.3 4 1
restaurante/controllers/ReservaController.go:153.2,156.74 2 2
restaurante/controllers/ReservaController.go:156.74,158.17 2 2
restaurante/controllers/ReservaController.go:158.17,167.4 4 1
restaurante/controllers/ReservaController.go:168.3,168.29 1 1
restaurante/controllers/ReservaController.go:169.8,177.3 4 0
restaurante/controllers/ReservaController.go:180.2,180.71 1 1
restaurante/controllers/ReservaController.go:180.71,182.17 2 0
restaurante/controllers/ReservaController.go:182.17,191.4 4 0
restaurante/controllers/ReservaController.go:192.3,192.25 1 0
restaurante/controllers/ReservaController.go:193.8,201.3 4 1
restaurante/controllers/ReservaController.go:204.2,204.53 1 0
restaurante/controllers/ReservaController.go:204.53,206.3 1 0
restaurante/controllers/ReservaController.go:206.8,214.3 4 0
restaurante/controllers/ReservaController.go:217.2,217.71 1 0
restaurante/controllers/ReservaController.go:217.71,218.33 1 0
restaurante/controllers/ReservaController.go:218.33,227.4 4 0
restaurante/controllers/ReservaController.go:228.3,228.35 1 0
restaurante/controllers/ReservaController.go:232.2,232.60 1 0
restaurante/controllers/ReservaController.go:232.60,234.3 1 0
restaurante/controllers/ReservaController.go:237.2,237.54 1 0
restaurante/controllers/ReservaController.go:237.54,239.3 1 0
restaurante/controllers/ReservaController.go:241.2,241.64 1 0
restaurante/controllers/ReservaController.go:241.64,243.3 1 0
restaurante/controllers/ReservaController.go:244.2,244.52 1 0
restaurante/controllers/ReservaController.go:244.52,246.3 1 0
restaurante/controllers/ReservaController.go:247.2,247.69 1 0
restaurante/controllers/ReservaController.go:247.69,250.3 2 0
restaurante/controllers/ReservaController.go:250.8,258.3 4 0
restaurante/controllers/ReservaController.go:261.2,266.16 4 0
restaurante/controllers/ReservaController.go:266.16,275.3 4 0
restaurante/controllers/ReservaController.go:278.2,284.15 3 0
restaurante/controllers/ReservaController.go:298.35,304.27 4 1
restaurante/controllers/ReservaController.go:304.27,313.3 4 1
restaurante/controllers/ReservaController.go:316.2,317.41 2 0
restaurante/controllers/ReservaController.go:317.41,325.3 4 0
restaurante/controllers/ReservaController.go:328.2,329.72 2 0
restaurante/controllers/ReservaController.go:329.72,338.3 4 0
restaurante/controllers/ReservaController.go:341.2,341.74 1 0
restaurante/controllers/ReservaController.go:341.74,343.17 2 0
restaurante/controllers/ReservaController.go:343.17,352.4 4 0
restaurante/controllers/ReservaController.go:353.3,353.29 1 0
restaurante/controllers/ReservaController.go:356.2,356.71 1 0
restaurante/controllers/ReservaController.go:356.71,358.17 2 0
restaurante/controllers/ReservaController.go:358.17,367.4 4 0
restaurante/controllers/ReservaController.go:368.3,368.25 1 0
restaurante/controllers/ReservaController.go:371.2,371.53 1 0
restaurante/controllers/ReservaController.go:371.53,373.3 1 0
restaurante/controllers/ReservaController.go:375.2,375.84 1 0
restaurante/controllers/ReservaController.go:375.84,377.3 1 0
restaurante/controllers/ReservaController.go:379.2,379.60 1 0
restaurante/controllers/ReservaController.go:379.60,381.3 1 0
restaurante/controllers/ReservaController.go:383.2,383.54 1 0
restaurante/controllers/ReservaController.go:383.54,385.3 1 0
restaurante/controllers/ReservaController.go:387.2,387.64 1 0
restaurante/controllers/ReservaController.go:387.64,389.3 1 0
restaurante/controllers/ReservaController.go:390.2,390.52 1 0
restaurante/controllers/ReservaController.go:390.52,392.3 1 0
restaurante/controllers/ReservaController.go:393.2,393.69 1 0
restaurante/controllers/ReservaController.go:393.69,396.3 2 0
restaurante/controllers/ReservaController.go:396.8,404.3 4 0
restaurante/controllers/ReservaController.go:407.2,410.46 2 0
restaurante/controllers/ReservaController.go:410.46,419.3 4 0
restaurante/controllers/ReservaController.go:422.2,428.15 3 0
restaurante/controllers/ReservaController.go:443.46,454.44 6 2
restaurante/controllers/ReservaController.go:454.44,456.3 1 1
restaurante/controllers/ReservaController.go:458.2,458.24 1 2
restaurante/controllers/ReservaController.go:458.24,460.17 2 2
restaurante/controllers/ReservaController.go:460.17,468.4 4 1
restaurante/controllers/ReservaController.go:469.3,469.44 1 1
restaurante/controllers/ReservaController.go:473.2,474.16 2 1
restaurante/controllers/ReservaController.go:474.16,483.3 4 1
restaurante/controllers/ReservaController.go:486.2,486.26 1 0
restaurante/controllers/ReservaController.go:486.26,490.34 4 0
restaurante/controllers/ReservaController.go:490.34,492.4 1 0
restaurante/controllers/ReservaController.go:495.2,501.15 3 0
restaurante/controllers/ReservaController.go:514.38,520.27 4 1
restaurante/controllers/ReservaController.go:520.27,529.3 4 1
restaurante/controllers/ReservaController.go:532.2,533.41 2 0
restaurante/controllers/ReservaController.go:533.41,541.3 4 0
restaurante/controllers/ReservaController.go:544.2,549.76 4 0
restaurante/controllers/ReservaController.go:549.76,558.3 4 0
restaurante/controllers/ReservaController.go:561.2,567.15 3 0
restaurante/controllers/RestauranteController.go:26.42,31.16 4 1
restaurante/controllers/RestauranteController.go:31.16,40.3 4 1
restaurante/controllers/RestauranteController.go:42.2,42.30 1 0
restaurante/controllers/RestauranteController.go:42.30,43.46 1 0
restaurante/controllers/RestauranteController.go:43.46,45.4 1 0
restaurante/controllers/RestauranteController.go:48.2,54.15 3 0
restaurante/controllers/RestauranteController.go:67.43,71.27 3 2
restaurante/controllers/RestauranteController.go:71.27,80.3 4 1
restaurante/controllers/RestauranteController.go:82.2,85.26 3 1
restaurante/controllers/RestauranteController.go:85.26,94.3 4 0
restaurante/controllers/RestauranteController.go:96.2,102.15 3 1
restaurante/controllers/RestauranteController.go:115.40,120.78 3 2
restaurante/controllers/RestauranteController.go:120.78,129.3 4 1
restaurante/controllers/RestauranteController.go:132.2,132.41 1 1
restaurante/controllers/RestauranteController.go:132.41,134.83 2 0
restaurante/controllers/RestauranteController.go:134.83,136.4 1 0
restaurante/controllers/RestauranteController.go:139.2,140.16 2 1
restaurante/controllers/RestauranteController.go:140.16,149.3 4 1
restaurante/controllers/RestauranteController.go:151.2,157.15 3 0
restaurante/controllers/RestauranteController.go:171.39,177.27 4 2
restaurante/controllers/RestauranteController.go:177.27,186.3 4 1
restaurante/controllers/RestauranteController.go:188.2,190.33 2 1
restaurante/controllers/RestauranteController.go:190.33,192.86 2 0
restaurante/controllers/RestauranteController.go:192.86,201.4 4 0
restaurante/controllers/RestauranteController.go:204.3,207.49 2 0
restaurante/controllers/RestauranteController.go:207.49,209.91 2 0
restaurante/controllers/RestauranteController.go:209.91,211.5 1 0
restaurante/controllers/RestauranteController.go:214.3,215.17 2 0
restaurante/controllers/RestauranteController.go:215.17,224.4 4 0
restaurante/controllers/RestauranteController.go:226.3,232.16 3 0
restaurante/controllers/RestauranteController.go:233.8,240.3 3 1
restaurante/controllers/RestauranteController.go:253.42,259.27 4 2
restaurante/controllers/RestauranteController.go:259.27,268.3 4 1
restaurante/controllers/RestauranteController.go:270.2,272.50 2 1
restaurante/controllers/RestauranteController.go:272.50,279.3 3 0
restaurante/controllers/RestauranteController.go:279.8,287.3 3 1
restaurante/controllers/TrabajadorController.go:22.52,24.16 2 1
restaurante/controllers/TrabajadorController.go:24.16,26.3 1 0
restaurante/controllers/TrabajadorController.go:27.2,27.36 1 1
restaurante/controllers/TrabajadorController.go:31.64,32.47 1 3
restaurante/controllers/TrabajadorController.go:32.47,33.40 1 2
restaurante/controllers/TrabajadorController.go:33.40,35.4 1 1
restaurante/controllers/TrabajadorController.go:37.2,37.12 1 2
restaurante/controllers/TrabajadorController.go:54.41,66.19 8 1
restaurante/controllers/TrabajadorController.go:66.19,68.3 1 0
restaurante/controllers/TrabajadorController.go:68.8,68.30 1 1
restaurante/controllers/TrabajadorController.go:68.30,70.3 1 1
restaurante/controllers/TrabajadorController.go:73.2,73.24 1 1
restaurante/controllers/TrabajadorController.go:73.24,75.3 1 0
restaurante/controllers/TrabajadorController.go:76.2,76.15 1 1
restaurante/controllers/TrabajadorController.go:76.15,78.3 1 0
restaurante/controllers/TrabajadorController.go:81.2,82.16 2 1
restaurante/controllers/TrabajadorController.go:82.16,91.3 4 1
restaurante/controllers/TrabajadorController.go:94.2,94.30 1 0
restaurante/controllers/TrabajadorController.go:94.30,96.42 2 0
restaurante/controllers/TrabajadorController.go:96.42,99.4 2 0
restaurante/controllers/TrabajadorController.go:100.3,100.46 1 0
restaurante/controllers/TrabajadorController.go:100.46,103.4 2 0
restaurante/controllers/TrabajadorController.go:104.3,104.88 1 0
restaurante/controllers/TrabajadorController.go:108.2,108.28 1 0
restaurante/controllers/TrabajadorController.go:108.28,116.3 4 0
restaurante/controllers/TrabajadorController.go:119.2,125.15 3 0
restaurante/controllers/TrabajadorController.go:139.42,143.27 3 1
restaurante/controllers/TrabajadorController.go:143.27,151.3 4 1
restaurante/controllers/TrabajadorController.go:153.2,155.26 3 0
restaurante/controllers/TrabajadorController.go:155.26,163.3 4 0
restaurante/controllers/TrabajadorController.go:165.2,172.15 4 0
restaurante/controllers/TrabajadorController.go:186.39,191.72 3 2
restaurante/controllers/TrabajadorController.go:191.72,200.3 4 1
restaurante/controllers/TrabajadorController.go:201.2,206.59 3 1
restaurante/controllers/TrabajadorController.go:206.59,208.3 1 0
restaurante/controllers/TrabajadorController.go:208.8,216.3 4 1
restaurante/controllers/TrabajadorController.go:219.2,219.64 1 0
restaurante/controllers/TrabajadorController.go:219.64,221.3 1 0
restaurante/controllers/TrabajadorController.go:221.8,229.3 4 0
restaurante/controllers/TrabajadorController.go:232.2,232.70 1 0
restaurante/controllers/TrabajadorController.go:232.70,234.3 1 0
restaurante/controllers/TrabajadorController.go:234.8,242.3 4 0
restaurante/controllers/TrabajadorController.go:245.2,245.55 1 0
restaurante/controllers/TrabajadorController.go:245.55,247.3 1 0
restaurante/controllers/TrabajadorController.go:247.8,255.3 4 0
restaurante/controllers/TrabajadorController.go:258.2,258.88 1 0
restaurante/controllers/TrabajadorController.go:258.88,260.17 2 0
restaurante/controllers/TrabajadorController.go:260.17,269.4 4 0
restaurante/controllers/TrabajadorController.go:270.3,270.40 1 0
restaurante/controllers/TrabajadorController.go:271.8,279.3 4 0
restaurante/controllers/TrabajadorController.go:282.2,282.49 1 0
restaurante/controllers/TrabajadorController.go:282.49,284.3 1 0
restaurante/controllers/TrabajadorController.go:284.8,292.3 4 0
restaurante/controllers/TrabajadorController.go:295.2,295.70 1 0
restaurante/controllers/TrabajadorController.go:295.70,297.17 2 0
restaurante/controllers/TrabajadorController.go:297.17,306.4 4 0
restaurante/controllers/TrabajadorController.go:307.3,307.39 1 0
restaurante/controllers/TrabajadorController.go:308.8,316.3 4 0
restaurante/controllers/TrabajadorController.go:319.2,319.52 1 0
restaurante/controllers/TrabajadorController.go:319.52,321.3 1 0
restaurante/controllers/TrabajadorController.go:324.2,324.63 1 0
restaurante/controllers/TrabajadorController.go:324.63,327.3 2 0
restaurante/controllers/TrabajadorController.go:330.2,330.97 1 0
restaurante/controllers/TrabajadorController.go:330.97,332.17 2 0
restaurante/controllers/TrabajadorController.go:332.17,341.4 4 0
restaurante/controllers/TrabajadorController.go:342.3,342.44 1 0
restaurante/controllers/TrabajadorController.go:346.2,347.16 2 0
restaurante/controllers/TrabajadorController.go:347.16,356.3 4 0
restaurante/controllers/TrabajadorController.go:359.2,367.15 4 0
restaurante/controllers/TrabajadorController.go:382.38,386.27 3 1
restaurante/controllers/TrabajadorController.go:386.27,394.3 4 1
restaurante/controllers/TrabajadorController.go:397.2,398.44 2 0
restaurante/controllers/TrabajadorController.go:398.44,406.3 4 0
restaurante/controllers/TrabajadorController.go:409.2,410.72 2 0
restaurante/controllers/TrabajadorController.go:410.72,419.3 4 0
restaurante/controllers/TrabajadorController.go:422.2,422.64 1 0
restaurante/controllers/TrabajadorController.go:422.64,424.3 1 0
restaurante/controllers/TrabajadorController.go:426.2,426.70 1 0
restaurante/controllers/TrabajadorController.go:426.70,428.3 1 0
restaurante/controllers/TrabajadorController.go:430.2,430.55 1 0
restaurante/controllers/TrabajadorController.go:430.55,432.3 1 0
restaurante/controllers/TrabajadorController.go:434.2,434.49 1 0
restaurante/controllers/TrabajadorController.go:434.49,436.3 1 0
restaurante/controllers/TrabajadorController.go:438.2,438.44 1 0
restaurante/controllers/TrabajadorController.go:438.44,440.3 1 0
restaurante/controllers/TrabajadorController.go:442.2,442.70 1 0
restaurante/controllers/TrabajadorController.go:442.70,444.3 1 0
restaurante/controllers/TrabajadorController.go:446.2,446.67 1 0
restaurante/controllers/TrabajadorController.go:446.67,448.3 1 0
restaurante/controllers/TrabajadorController.go:450.2,450.89 1 0
restaurante/controllers/TrabajadorController.go:450.89,452.17 2 0
restaurante/controllers/TrabajadorController.go:452.17,461.4 4 0
restaurante/controllers/TrabajadorController.go:462.3,462.40 1 0
restaurante/controllers/TrabajadorController.go:465.2,465.86 1 0
restaurante/controllers/TrabajadorController.go:465.86,467.17 2 0
restaurante/controllers/TrabajadorController.go:467.17,476.4 4 0
restaurante/controllers/TrabajadorController.go:477.3,478.41 2 0
restaurante/controllers/TrabajadorController.go:481.2,481.98 1 0
restaurante/controllers/TrabajadorController.go:481.98,483.17 2 0
restaurante/controllers/TrabajadorController.go:483.17,492.4 4 0
restaurante/controllers/TrabajadorController.go:493.3,494.49 2 0
restaurante/controllers/TrabajadorController.go:497.2,497.70 1 0
restaurante/controllers/TrabajadorController.go:497.70,499.17 2 0
restaurante/controllers/TrabajadorController.go:499.17,508.4 4 0
restaurante/controllers/TrabajadorController.go:509.3,509.39 1 0
restaurante/controllers/TrabajadorController.go:513.2,513.90 1 0
restaurante/controllers/TrabajadorController.go:513.90,521.3 4 0
restaurante/controllers/TrabajadorController.go:524.2,524.49 1 0
restaurante/controllers/TrabajadorController.go:524.49,533.3 4 0
restaurante/controllers/TrabajadorController.go:536.2,545.15 4 0
restaurante/controllers/TrabajadorController.go:559.41,565.27 4 2
restaurante/controllers/TrabajadorController.go:565.27,574.3 4 1
restaurante/controllers/TrabajadorController.go:577.2,578.44 2 1
restaurante/controllers/TrabajadorController.go:578.44,579.27 1 1
restaurante/controllers/TrabajadorController.go:579.27,585.4 2 0
restaurante/controllers/TrabajadorController.go:585.9,592.4 2 1
restaurante/controllers/TrabajadorController.go:593.3,594.9 2 1
restaurante/controllers/TrabajadorController.go:598.2,602.65 3 0
restaurante/controllers/TrabajadorController.go:602.65,611.3 4 0
restaurante/controllers/TrabajadorController.go:612.2,620.15 4 0
restaurante/docs/docs.go:3999.13,4001.2 1 1
restaurante/models/CambiosHorario.go:18.45,20.2 1 2
restaurante/models/CambiosHorario.go:21.13,23.2 1 1
restaurante/models/CambiosHorario.go:25.55,34.2 2 1
restaurante/models/Cliente.go:18.38,20.2 1 1
restaurante/models/Cliente.go:22.13,24.2 1 1
restaurante/models/Domicilio.go:25.40,27.2 1 2
restaurante/models/Domicilio.go:29.13,31.2 1 1
restaurante/models/Domicilio.go:34.50,47.2 2 1
restaurante/models/Incidencia.go:19.41,21.2 1 2
restaurante/models/Incidencia.go:23.13,25.2 1 1
restaurante/models/Incidencia.go:27.51,36.2 2 1
restaurante/models/MetodoPago.go:12.41,14.2 1 1
restaurante/models/MetodoPago.go:16.13,18.2 1 1
restaurante/models/Nomina.go:17.37,19.2 1 2
restaurante/models/Nomina.go:21.13,23.2 1 1
restaurante/models/Nomina.go:25.47,34.2 2 1
restaurante/models/NominaTrabajador.go:38.47,40.2 1 1
restaurante/models/NominaTrabajador.go:42.13,44.2 1 1
restaurante/models/Pago.go:21.35,23.2 1 1
restaurante/models/Pago.go:25.13,27.2 1 1
restaurante/models/Pago.go:29.45,40.2 2 1
restaurante/models/Pedido.go:33.37,35.2 1 2
restaurante/models/Pedido.go:37.13,39.2 1 1
restaurante/models/Pedido.go:41.47,53.2 2 1
restaurante/models/PedidoCliente.go:11.45,13.2 1 1
restaurante/models/PedidoCliente.go:15.13,17.2 1 1
restaurante/models/Producto.go:18.39,20.2 1 1
restaurante/models/Producto.go:22.13,24.2 1 1
restaurante/models/ProductoPedido.go:11.45,13.2 1 1
restaurante/models/ProductoPedido.go:15.13,17.2 1 1
restaurante/models/Reserva.go:26.38,28.2 1 2
restaurante/models/Reserva.go:30.13,32.2 1 1
restaurante/models/Reserva.go:34.48,43.2 2 1
restaurante/models/Restaurante.go:20.42,22.2 1 1
restaurante/models/Restaurante.go:25.61,27.16 2 2
restaurante/models/Restaurante.go:27.16,29.3 1 1
restaurante/models/Restaurante.go:30.2,31.12 2 1
restaurante/models/Restaurante.go:35.60,39.2 3 2
restaurante/models/Restaurante.go:41.13,43.2 1 1
restaurante/models/Trabajador.go:26.41,28.2 1 2
restaurante/models/Trabajador.go:30.13,32.2 1 1
restaurante/models/Trabajador.go:34.51,42.36 2 2
restaurante/models/Trabajador.go:42.36,43.33 1 2
restaurante/models/Trabajador.go:43.33,46.5 2 1
restaurante/models/Trabajador.go:47.4,47.14 1 1
restaurante/models/Trabajador.go:50.32,51.29 1 2
restaurante/models/Trabajador.go:51.29,54.5 2 1
restaurante/models/Trabajador.go:55.4,55.14 1 1
restaurante/database/database.go:19.21,31.16 8 2
restaurante/database/database.go:31.16,33.3 1 1
restaurante/database/database.go:35.2,38.12 3 1
restaurante/database/database.go:43.21,46.16 3 2
restaurante/database/database.go:46.16,49.3 2 1
