mode: atomic
restaurante/main.go:22.13,24.42 1 1
restaurante/main.go:24.42,27.3 2 0
restaurante/main.go:27.8,29.3 1 1
restaurante/main.go:30.2,31.54 2 1
restaurante/main.go:35.32,38.6 2 1
restaurante/main.go:38.6,41.43 2 1
restaurante/main.go:41.43,49.47 3 0
restaurante/main.go:49.47,51.5 1 0
restaurante/main.go:51.10,52.118 1 0
restaurante/main.go:52.118,54.6 1 0
restaurante/main.go:54.11,56.6 1 0
restaurante/main.go:61.3,61.30 1 1
restaurante/main.go:65.45,67.95 1 0
restaurante/main.go:67.95,71.3 3 0
restaurante/main.go:83.13,100.13 5 1
restaurante/main.go:100.13,102.3 1 1
restaurante/main.go:105.2,105.11 1 1
restaurante/routers/router.go:9.13,132.2 4 1
restaurante/docs/docs.go:4302.13,4304.2 1 1
restaurante/tests/http_utils.go:14.64,18.2 3 6
restaurante/tests/seed_data.go:12.21,15.96 2 1
restaurante/tests/seed_data.go:15.96,17.3 1 1
restaurante/tests/seed_data.go:19.2,19.94 1 1
restaurante/tests/seed_data.go:19.94,21.3 1 1
restaurante/tests/seed_data.go:23.2,23.159 1 1
restaurante/tests/seed_data.go:23.159,25.3 1 1
restaurante/tests/seed_data.go:27.2,28.48 2 1
restaurante/tests/seed_data.go:28.48,39.44 3 0
restaurante/tests/seed_data.go:39.44,41.4 1 0
restaurante/tests/seed_data.go:42.8,42.23 1 1
restaurante/tests/seed_data.go:42.23,44.3 1 0
restaurante/tests/seed_data.go:46.2,52.17 3 1
restaurante/tests/seed_data.go:52.17,54.3 1 1
restaurante/tests/seed_data.go:56.2,61.23 3 1
restaurante/tests/seed_data.go:61.23,63.3 1 1
restaurante/controllers/CambiosHorarioController.go:19.96,21.2 1 0
restaurante/controllers/CambiosHorarioController.go:31.95,33.3 1 0
restaurante/controllers/CambiosHorarioController.go:34.89,36.3 1 0
restaurante/controllers/CambiosHorarioController.go:37.93,39.3 1 0
restaurante/controllers/CambiosHorarioController.go:40.89,42.3 1 0
restaurante/controllers/CambiosHorarioController.go:43.71,45.3 1 0
restaurante/controllers/CambiosHorarioController.go:57.45,62.16 4 3
restaurante/controllers/CambiosHorarioController.go:62.16,71.3 4 1
restaurante/controllers/CambiosHorarioController.go:73.2,74.35 2 2
restaurante/controllers/CambiosHorarioController.go:74.35,80.35 2 3
restaurante/controllers/CambiosHorarioController.go:80.35,82.4 1 1
restaurante/controllers/CambiosHorarioController.go:82.9,84.4 1 2
restaurante/controllers/CambiosHorarioController.go:85.3,85.36 1 3
restaurante/controllers/CambiosHorarioController.go:85.36,87.4 1 1
restaurante/controllers/CambiosHorarioController.go:87.9,89.4 1 2
restaurante/controllers/CambiosHorarioController.go:90.3,90.33 1 3
restaurante/controllers/CambiosHorarioController.go:93.2,98.15 2 2
restaurante/controllers/CambiosHorarioController.go:111.55,118.26 5 3
restaurante/controllers/CambiosHorarioController.go:118.26,126.3 4 1
restaurante/controllers/CambiosHorarioController.go:126.8,126.23 1 2
restaurante/controllers/CambiosHorarioController.go:126.23,135.3 4 1
restaurante/controllers/CambiosHorarioController.go:137.2,142.40 2 1
restaurante/controllers/CambiosHorarioController.go:142.40,144.3 1 1
restaurante/controllers/CambiosHorarioController.go:145.2,145.41 1 1
restaurante/controllers/CambiosHorarioController.go:145.41,147.3 1 1
restaurante/controllers/CambiosHorarioController.go:149.2,155.15 3 1
restaurante/controllers/CambiosHorarioController.go:169.43,174.72 4 11
restaurante/controllers/CambiosHorarioController.go:174.72,183.3 4 1
restaurante/controllers/CambiosHorarioController.go:185.2,185.80 1 10
restaurante/controllers/CambiosHorarioController.go:185.80,187.17 2 9
restaurante/controllers/CambiosHorarioController.go:187.17,196.4 4 1
restaurante/controllers/CambiosHorarioController.go:197.3,197.29 1 8
restaurante/controllers/CambiosHorarioController.go:198.8,206.3 4 1
restaurante/controllers/CambiosHorarioController.go:208.2,208.48 1 8
restaurante/controllers/CambiosHorarioController.go:208.48,210.3 1 7
restaurante/controllers/CambiosHorarioController.go:210.8,218.3 4 1
restaurante/controllers/CambiosHorarioController.go:220.2,220.22 1 7
restaurante/controllers/CambiosHorarioController.go:220.22,225.3 4 2
restaurante/controllers/CambiosHorarioController.go:225.8,226.89 1 5
restaurante/controllers/CambiosHorarioController.go:226.89,228.18 2 4
restaurante/controllers/CambiosHorarioController.go:228.18,237.5 4 1
restaurante/controllers/CambiosHorarioController.go:238.4,238.39 1 3
restaurante/controllers/CambiosHorarioController.go:239.9,247.4 4 1
restaurante/controllers/CambiosHorarioController.go:249.3,249.83 1 3
restaurante/controllers/CambiosHorarioController.go:249.83,251.18 2 2
restaurante/controllers/CambiosHorarioController.go:251.18,260.5 4 1
restaurante/controllers/CambiosHorarioController.go:261.4,261.36 1 1
restaurante/controllers/CambiosHorarioController.go:262.9,270.4 4 1
restaurante/controllers/CambiosHorarioController.go:273.2,273.60 1 3
restaurante/controllers/CambiosHorarioController.go:273.60,282.3 4 1
restaurante/controllers/CambiosHorarioController.go:284.2,289.34 2 2
restaurante/controllers/CambiosHorarioController.go:289.34,291.3 1 2
restaurante/controllers/CambiosHorarioController.go:292.2,292.35 1 2
restaurante/controllers/CambiosHorarioController.go:292.35,294.3 1 2
restaurante/controllers/CambiosHorarioController.go:296.2,302.15 3 2
restaurante/controllers/CambiosHorarioController.go:318.42,321.27 3 10
restaurante/controllers/CambiosHorarioController.go:321.27,329.3 4 1
restaurante/controllers/CambiosHorarioController.go:331.2,332.72 2 9
restaurante/controllers/CambiosHorarioController.go:332.72,341.3 4 1
restaurante/controllers/CambiosHorarioController.go:343.2,344.74 2 8
restaurante/controllers/CambiosHorarioController.go:344.74,353.3 4 1
restaurante/controllers/CambiosHorarioController.go:353.8,353.23 1 7
restaurante/controllers/CambiosHorarioController.go:353.23,362.3 4 1
restaurante/controllers/CambiosHorarioController.go:364.2,364.80 1 6
restaurante/controllers/CambiosHorarioController.go:364.80,366.17 2 2
restaurante/controllers/CambiosHorarioController.go:366.17,375.4 4 1
restaurante/controllers/CambiosHorarioController.go:376.3,376.29 1 1
restaurante/controllers/CambiosHorarioController.go:379.2,379.48 1 5
restaurante/controllers/CambiosHorarioController.go:379.48,381.15 2 5
restaurante/controllers/CambiosHorarioController.go:381.15,386.4 4 1
restaurante/controllers/CambiosHorarioController.go:389.2,389.21 1 5
restaurante/controllers/CambiosHorarioController.go:389.21,390.89 1 4
restaurante/controllers/CambiosHorarioController.go:390.89,392.18 2 4
restaurante/controllers/CambiosHorarioController.go:392.18,401.5 4 1
restaurante/controllers/CambiosHorarioController.go:402.4,402.39 1 3
restaurante/controllers/CambiosHorarioController.go:405.3,405.83 1 3
restaurante/controllers/CambiosHorarioController.go:405.83,407.18 2 3
restaurante/controllers/CambiosHorarioController.go:407.18,416.5 4 1
restaurante/controllers/CambiosHorarioController.go:417.4,417.36 1 2
restaurante/controllers/CambiosHorarioController.go:421.2,421.60 1 3
restaurante/controllers/CambiosHorarioController.go:421.60,430.3 4 1
restaurante/controllers/CambiosHorarioController.go:432.2,437.34 2 2
restaurante/controllers/CambiosHorarioController.go:437.34,439.3 1 2
restaurante/controllers/CambiosHorarioController.go:440.2,440.35 1 2
restaurante/controllers/CambiosHorarioController.go:440.35,442.3 1 2
restaurante/controllers/CambiosHorarioController.go:444.2,450.15 3 2
restaurante/controllers/CambiosHorarioController.go:464.45,467.27 3 4
restaurante/controllers/CambiosHorarioController.go:467.27,475.3 4 1
restaurante/controllers/CambiosHorarioController.go:477.2,477.60 1 3
restaurante/controllers/CambiosHorarioController.go:477.60,485.3 3 1
restaurante/controllers/CambiosHorarioController.go:485.8,485.21 1 2
restaurante/controllers/CambiosHorarioController.go:485.21,493.3 3 1
restaurante/controllers/CambiosHorarioController.go:493.8,500.3 3 1
restaurante/controllers/ClienteController.go:16.85,18.2 1 0
restaurante/controllers/ClienteController.go:20.62,22.2 1 0
restaurante/controllers/ClienteController.go:24.73,26.2 1 0
restaurante/controllers/ClienteController.go:28.73,30.2 1 0
restaurante/controllers/ClienteController.go:32.73,34.2 1 0
restaurante/controllers/ClienteController.go:42.38,44.2 1 6
restaurante/controllers/ClienteController.go:46.39,47.16 1 8
restaurante/controllers/ClienteController.go:47.16,49.3 1 1
restaurante/controllers/ClienteController.go:51.2,53.71 2 7
restaurante/controllers/ClienteController.go:69.38,82.39 6 5
restaurante/controllers/ClienteController.go:82.39,87.17 3 2
restaurante/controllers/ClienteController.go:87.17,89.4 1 1
restaurante/controllers/ClienteController.go:91.3,92.67 2 2
restaurante/controllers/ClienteController.go:92.67,101.4 4 1
restaurante/controllers/ClienteController.go:102.8,105.17 2 3
restaurante/controllers/ClienteController.go:105.17,114.4 4 1
restaurante/controllers/ClienteController.go:118.2,118.42 1 3
restaurante/controllers/ClienteController.go:118.42,120.36 2 1
restaurante/controllers/ClienteController.go:120.36,125.4 1 1
restaurante/controllers/ClienteController.go:127.3,134.9 4 1
restaurante/controllers/ClienteController.go:138.2,138.26 1 2
restaurante/controllers/ClienteController.go:138.26,140.3 1 2
restaurante/controllers/ClienteController.go:142.2,148.15 3 2
restaurante/controllers/ClienteController.go:162.39,166.27 3 4
restaurante/controllers/ClienteController.go:166.27,175.3 4 1
restaurante/controllers/ClienteController.go:177.2,180.26 3 3
restaurante/controllers/ClienteController.go:180.26,188.3 4 1
restaurante/controllers/ClienteController.go:188.8,188.23 1 2
restaurante/controllers/ClienteController.go:188.23,197.3 4 1
restaurante/controllers/ClienteController.go:200.2,208.15 4 1
restaurante/controllers/ClienteController.go:222.36,226.74 3 6
restaurante/controllers/ClienteController.go:226.74,235.3 4 1
restaurante/controllers/ClienteController.go:238.2,239.22 2 5
restaurante/controllers/ClienteController.go:239.22,247.3 4 1
restaurante/controllers/ClienteController.go:248.2,252.16 3 4
restaurante/controllers/ClienteController.go:252.16,261.3 4 1
restaurante/controllers/ClienteController.go:262.2,265.53 2 3
restaurante/controllers/ClienteController.go:265.53,266.28 1 2
restaurante/controllers/ClienteController.go:266.28,275.4 4 1
restaurante/controllers/ClienteController.go:276.3,283.9 4 1
restaurante/controllers/ClienteController.go:287.2,295.15 4 1
restaurante/controllers/ClienteController.go:311.35,316.27 3 9
restaurante/controllers/ClienteController.go:316.27,325.3 4 1
restaurante/controllers/ClienteController.go:328.2,329.49 2 8
restaurante/controllers/ClienteController.go:329.49,330.27 1 2
restaurante/controllers/ClienteController.go:330.27,337.4 3 1
restaurante/controllers/ClienteController.go:337.9,345.4 3 1
restaurante/controllers/ClienteController.go:346.3,346.9 1 2
restaurante/controllers/ClienteController.go:350.2,351.81 2 6
restaurante/controllers/ClienteController.go:351.81,360.3 4 1
restaurante/controllers/ClienteController.go:363.2,367.22 3 5
restaurante/controllers/ClienteController.go:367.22,369.3 1 4
restaurante/controllers/ClienteController.go:369.8,371.3 1 1
restaurante/controllers/ClienteController.go:374.2,374.35 1 5
restaurante/controllers/ClienteController.go:374.35,376.17 2 2
restaurante/controllers/ClienteController.go:376.17,385.4 4 1
restaurante/controllers/ClienteController.go:386.3,386.51 1 1
restaurante/controllers/ClienteController.go:387.8,390.3 1 3
restaurante/controllers/ClienteController.go:393.2,393.60 1 4
restaurante/controllers/ClienteController.go:393.60,394.28 1 2
restaurante/controllers/ClienteController.go:394.28,403.4 4 1
restaurante/controllers/ClienteController.go:404.3,411.9 4 1
restaurante/controllers/ClienteController.go:415.2,423.15 4 2
restaurante/controllers/ClienteController.go:437.38,442.27 3 3
restaurante/controllers/ClienteController.go:442.27,450.3 4 1
restaurante/controllers/ClienteController.go:452.2,454.54 2 2
restaurante/controllers/ClienteController.go:454.54,461.3 3 1
restaurante/controllers/ClienteController.go:461.8,469.3 3 1
restaurante/controllers/DomicilioController.go:21.44,22.52 1 2
restaurante/controllers/DomicilioController.go:23.104,24.14 1 1
restaurante/controllers/DomicilioController.go:26.2,26.14 1 1
restaurante/controllers/DomicilioController.go:45.40,58.21 9 3
restaurante/controllers/DomicilioController.go:58.21,60.3 1 0
restaurante/controllers/DomicilioController.go:61.2,61.20 1 3
restaurante/controllers/DomicilioController.go:61.20,63.3 1 0
restaurante/controllers/DomicilioController.go:64.2,64.21 1 3
restaurante/controllers/DomicilioController.go:64.21,66.3 1 0
restaurante/controllers/DomicilioController.go:67.2,67.17 1 3
restaurante/controllers/DomicilioController.go:67.17,69.3 1 0
restaurante/controllers/DomicilioController.go:70.2,70.18 1 3
restaurante/controllers/DomicilioController.go:70.18,72.3 1 0
restaurante/controllers/DomicilioController.go:75.2,75.23 1 3
restaurante/controllers/DomicilioController.go:75.23,81.3 2 0
restaurante/controllers/DomicilioController.go:84.2,86.16 3 3
restaurante/controllers/DomicilioController.go:86.16,95.3 4 1
restaurante/controllers/DomicilioController.go:98.2,98.16 1 2
restaurante/controllers/DomicilioController.go:98.16,106.3 4 1
restaurante/controllers/DomicilioController.go:109.2,115.15 3 1
restaurante/controllers/DomicilioController.go:130.41,133.27 3 3
restaurante/controllers/DomicilioController.go:133.27,142.3 4 1
restaurante/controllers/DomicilioController.go:144.2,145.53 2 2
restaurante/controllers/DomicilioController.go:145.53,154.3 4 1
restaurante/controllers/DomicilioController.go:157.2,205.19 10 1
restaurante/controllers/DomicilioController.go:205.19,211.3 1 1
restaurante/controllers/DomicilioController.go:212.2,212.19 1 1
restaurante/controllers/DomicilioController.go:212.19,214.26 2 1
restaurante/controllers/DomicilioController.go:214.26,216.4 1 1
restaurante/controllers/DomicilioController.go:217.3,218.26 2 1
restaurante/controllers/DomicilioController.go:218.26,220.4 1 1
restaurante/controllers/DomicilioController.go:220.9,220.41 1 0
restaurante/controllers/DomicilioController.go:220.41,222.4 1 0
restaurante/controllers/DomicilioController.go:223.3,224.23 2 1
restaurante/controllers/DomicilioController.go:224.23,227.4 2 1
restaurante/controllers/DomicilioController.go:228.3,235.4 1 1
restaurante/controllers/DomicilioController.go:238.2,244.15 3 1
restaurante/controllers/DomicilioController.go:258.38,260.72 2 2
restaurante/controllers/DomicilioController.go:260.72,269.3 4 0
restaurante/controllers/DomicilioController.go:271.2,271.51 1 2
restaurante/controllers/DomicilioController.go:271.51,279.3 4 0
restaurante/controllers/DomicilioController.go:281.2,282.16 2 2
restaurante/controllers/DomicilioController.go:282.16,291.3 4 0
restaurante/controllers/DomicilioController.go:293.2,298.32 2 2
restaurante/controllers/DomicilioController.go:298.32,300.3 1 0
restaurante/controllers/DomicilioController.go:301.2,301.28 1 2
restaurante/controllers/DomicilioController.go:301.28,303.3 1 0
restaurante/controllers/DomicilioController.go:304.2,304.24 1 2
restaurante/controllers/DomicilioController.go:304.24,305.52 1 0
restaurante/controllers/DomicilioController.go:305.52,310.4 4 0
restaurante/controllers/DomicilioController.go:311.3,311.83 1 0
restaurante/controllers/DomicilioController.go:313.2,313.31 1 2
restaurante/controllers/DomicilioController.go:313.31,315.3 1 0
restaurante/controllers/DomicilioController.go:317.2,320.29 4 2
restaurante/controllers/DomicilioController.go:320.29,323.3 2 0
restaurante/controllers/DomicilioController.go:324.2,324.32 1 2
restaurante/controllers/DomicilioController.go:324.32,327.3 2 0
restaurante/controllers/DomicilioController.go:328.2,328.33 1 2
restaurante/controllers/DomicilioController.go:328.33,331.3 2 0
restaurante/controllers/DomicilioController.go:332.2,332.28 1 2
restaurante/controllers/DomicilioController.go:332.28,335.3 2 0
restaurante/controllers/DomicilioController.go:337.2,338.20 2 2
restaurante/controllers/DomicilioController.go:338.20,340.3 1 6
restaurante/controllers/DomicilioController.go:341.2,344.70 2 2
restaurante/controllers/DomicilioController.go:344.70,353.3 4 1
restaurante/controllers/DomicilioController.go:355.2,358.64 3 1
restaurante/controllers/DomicilioController.go:358.64,362.3 3 1
restaurante/controllers/DomicilioController.go:364.2,370.15 3 1
restaurante/controllers/DomicilioController.go:385.37,388.27 3 4
restaurante/controllers/DomicilioController.go:388.27,397.3 4 1
restaurante/controllers/DomicilioController.go:399.2,400.53 2 3
restaurante/controllers/DomicilioController.go:400.53,408.3 4 1
restaurante/controllers/DomicilioController.go:410.2,411.72 2 2
restaurante/controllers/DomicilioController.go:411.72,420.3 4 1
restaurante/controllers/DomicilioController.go:422.2,422.54 1 1
restaurante/controllers/DomicilioController.go:422.54,424.3 1 1
restaurante/controllers/DomicilioController.go:425.2,425.52 1 1
restaurante/controllers/DomicilioController.go:425.52,427.3 1 1
restaurante/controllers/DomicilioController.go:428.2,428.54 1 1
restaurante/controllers/DomicilioController.go:428.54,430.3 1 0
restaurante/controllers/DomicilioController.go:431.2,433.48 2 1
restaurante/controllers/DomicilioController.go:433.48,442.3 4 0
restaurante/controllers/DomicilioController.go:444.2,447.64 3 1
restaurante/controllers/DomicilioController.go:447.64,451.3 3 1
restaurante/controllers/DomicilioController.go:453.2,459.15 3 1
restaurante/controllers/DomicilioController.go:473.40,476.27 3 3
restaurante/controllers/DomicilioController.go:476.27,485.3 4 1
restaurante/controllers/DomicilioController.go:487.2,488.48 2 2
restaurante/controllers/DomicilioController.go:488.48,494.3 2 1
restaurante/controllers/DomicilioController.go:494.8,501.3 2 1
restaurante/controllers/DomicilioController.go:502.2,502.15 1 2
restaurante/controllers/DomicilioController.go:518.53,527.16 5 2
restaurante/controllers/DomicilioController.go:527.16,536.3 4 0
restaurante/controllers/DomicilioController.go:538.2,539.16 2 2
restaurante/controllers/DomicilioController.go:539.16,548.3 4 0
restaurante/controllers/DomicilioController.go:550.2,550.19 1 2
restaurante/controllers/DomicilioController.go:550.19,552.137 2 1
restaurante/controllers/DomicilioController.go:552.137,558.4 2 0
restaurante/controllers/DomicilioController.go:558.9,564.4 2 1
restaurante/controllers/DomicilioController.go:565.3,566.9 2 1
restaurante/controllers/DomicilioController.go:569.2,583.15 4 1
restaurante/controllers/HorarioTrabajadorController.go:18.34,19.48 1 5
restaurante/controllers/HorarioTrabajadorController.go:21.76,22.14 1 3
restaurante/controllers/HorarioTrabajadorController.go:23.10,24.15 1 2
restaurante/controllers/HorarioTrabajadorController.go:40.48,46.65 5 0
restaurante/controllers/HorarioTrabajadorController.go:46.65,49.3 2 0
restaurante/controllers/HorarioTrabajadorController.go:50.2,50.59 1 0
restaurante/controllers/HorarioTrabajadorController.go:50.59,53.3 2 0
restaurante/controllers/HorarioTrabajadorController.go:54.2,54.20 1 0
restaurante/controllers/HorarioTrabajadorController.go:54.20,56.3 1 0
restaurante/controllers/HorarioTrabajadorController.go:58.2,59.70 2 0
restaurante/controllers/HorarioTrabajadorController.go:59.70,68.3 4 0
restaurante/controllers/HorarioTrabajadorController.go:70.2,76.15 3 0
restaurante/controllers/HorarioTrabajadorController.go:91.46,99.72 2 3
restaurante/controllers/HorarioTrabajadorController.go:99.72,108.3 4 0
restaurante/controllers/HorarioTrabajadorController.go:110.2,111.22 2 3
restaurante/controllers/HorarioTrabajadorController.go:111.22,116.3 4 1
restaurante/controllers/HorarioTrabajadorController.go:118.2,120.32 3 2
restaurante/controllers/HorarioTrabajadorController.go:120.32,128.3 4 0
restaurante/controllers/HorarioTrabajadorController.go:130.2,137.27 2 2
restaurante/controllers/HorarioTrabajadorController.go:137.27,142.3 4 1
restaurante/controllers/HorarioTrabajadorController.go:144.2,148.23 2 1
restaurante/controllers/HorarioTrabajadorController.go:148.23,157.3 4 0
restaurante/controllers/HorarioTrabajadorController.go:159.2,165.15 3 1
restaurante/controllers/HorarioTrabajadorController.go:183.45,185.28 2 2
restaurante/controllers/HorarioTrabajadorController.go:185.28,190.3 4 0
restaurante/controllers/HorarioTrabajadorController.go:191.2,192.35 2 2
restaurante/controllers/HorarioTrabajadorController.go:192.35,197.3 4 1
restaurante/controllers/HorarioTrabajadorController.go:199.2,204.45 3 1
restaurante/controllers/HorarioTrabajadorController.go:204.45,209.3 4 0
restaurante/controllers/HorarioTrabajadorController.go:209.8,209.23 1 1
restaurante/controllers/HorarioTrabajadorController.go:209.23,214.3 4 0
restaurante/controllers/HorarioTrabajadorController.go:216.2,217.72 2 1
restaurante/controllers/HorarioTrabajadorController.go:217.72,222.3 4 0
restaurante/controllers/HorarioTrabajadorController.go:224.2,224.49 1 1
restaurante/controllers/HorarioTrabajadorController.go:224.49,225.54 1 0
restaurante/controllers/HorarioTrabajadorController.go:225.54,227.4 1 0
restaurante/controllers/HorarioTrabajadorController.go:227.9,232.4 4 0
restaurante/controllers/HorarioTrabajadorController.go:234.2,234.46 1 1
restaurante/controllers/HorarioTrabajadorController.go:234.46,235.54 1 1
restaurante/controllers/HorarioTrabajadorController.go:235.54,237.4 1 1
restaurante/controllers/HorarioTrabajadorController.go:237.9,242.4 4 0
restaurante/controllers/HorarioTrabajadorController.go:245.2,247.27 3 1
restaurante/controllers/HorarioTrabajadorController.go:247.27,252.3 4 0
restaurante/controllers/HorarioTrabajadorController.go:254.2,257.23 1 1
restaurante/controllers/HorarioTrabajadorController.go:257.23,262.3 4 0
restaurante/controllers/HorarioTrabajadorController.go:264.2,266.15 3 1
restaurante/controllers/HorarioTrabajadorController.go:283.48,285.28 2 0
restaurante/controllers/HorarioTrabajadorController.go:285.28,290.3 4 0
restaurante/controllers/HorarioTrabajadorController.go:291.2,292.15 2 0
restaurante/controllers/HorarioTrabajadorController.go:292.15,297.3 4 0
restaurante/controllers/HorarioTrabajadorController.go:299.2,304.45 3 0
restaurante/controllers/HorarioTrabajadorController.go:304.45,309.3 4 0
restaurante/controllers/HorarioTrabajadorController.go:309.8,309.23 1 0
restaurante/controllers/HorarioTrabajadorController.go:309.23,314.3 4 0
restaurante/controllers/HorarioTrabajadorController.go:316.2,319.23 1 0
restaurante/controllers/HorarioTrabajadorController.go:319.23,324.3 4 0
restaurante/controllers/HorarioTrabajadorController.go:326.2,328.15 3 0
restaurante/controllers/IncidenciaController.go:28.41,33.16 4 1
restaurante/controllers/IncidenciaController.go:33.16,42.3 4 1
restaurante/controllers/IncidenciaController.go:44.2,50.15 3 0
restaurante/controllers/IncidenciaController.go:68.55,73.34 3 3
restaurante/controllers/IncidenciaController.go:73.34,81.3 4 1
restaurante/controllers/IncidenciaController.go:83.2,84.39 2 2
restaurante/controllers/IncidenciaController.go:84.39,92.3 4 1
restaurante/controllers/IncidenciaController.go:94.2,95.59 2 1
restaurante/controllers/IncidenciaController.go:95.59,103.3 4 1
restaurante/controllers/IncidenciaController.go:106.2,117.51 5 0
restaurante/controllers/IncidenciaController.go:117.51,125.3 4 0
restaurante/controllers/IncidenciaController.go:125.8,125.23 1 0
restaurante/controllers/IncidenciaController.go:125.23,134.3 4 0
restaurante/controllers/IncidenciaController.go:137.2,143.15 3 0
restaurante/controllers/IncidenciaController.go:158.39,164.72 4 5
restaurante/controllers/IncidenciaController.go:164.72,173.3 4 5
restaurante/controllers/IncidenciaController.go:176.2,176.77 1 0
restaurante/controllers/IncidenciaController.go:176.77,178.17 2 0
restaurante/controllers/IncidenciaController.go:178.17,187.4 4 0
restaurante/controllers/IncidenciaController.go:188.3,188.32 1 0
restaurante/controllers/IncidenciaController.go:189.8,197.3 4 0
restaurante/controllers/IncidenciaController.go:200.2,200.47 1 0
restaurante/controllers/IncidenciaController.go:200.47,202.3 1 0
restaurante/controllers/IncidenciaController.go:202.8,210.3 4 0
restaurante/controllers/IncidenciaController.go:213.2,213.44 1 0
restaurante/controllers/IncidenciaController.go:213.44,215.3 1 0
restaurante/controllers/IncidenciaController.go:215.8,223.3 4 0
restaurante/controllers/IncidenciaController.go:226.2,226.64 1 0
restaurante/controllers/IncidenciaController.go:226.64,228.3 1 0
restaurante/controllers/IncidenciaController.go:228.8,236.3 4 0
restaurante/controllers/IncidenciaController.go:239.2,239.83 1 0
restaurante/controllers/IncidenciaController.go:239.83,242.3 2 0
restaurante/controllers/IncidenciaController.go:242.8,250.3 4 0
restaurante/controllers/IncidenciaController.go:253.2,254.16 2 0
restaurante/controllers/IncidenciaController.go:254.16,263.3 4 0
restaurante/controllers/IncidenciaController.go:266.2,272.39 1 0
restaurante/controllers/IncidenciaController.go:272.39,273.49 1 0
restaurante/controllers/IncidenciaController.go:273.49,275.5 1 0
restaurante/controllers/IncidenciaController.go:276.4,276.12 1 0
restaurante/controllers/IncidenciaController.go:281.2,287.15 3 0
restaurante/controllers/IncidenciaController.go:304.38,310.27 4 3
restaurante/controllers/IncidenciaController.go:310.27,318.3 4 1
restaurante/controllers/IncidenciaController.go:321.2,322.54 2 2
restaurante/controllers/IncidenciaController.go:322.54,330.3 4 0
restaurante/controllers/IncidenciaController.go:333.2,334.72 2 2
restaurante/controllers/IncidenciaController.go:334.72,343.3 4 2
restaurante/controllers/IncidenciaController.go:346.2,346.77 1 0
restaurante/controllers/IncidenciaController.go:346.77,348.17 2 0
restaurante/controllers/IncidenciaController.go:348.17,357.4 4 0
restaurante/controllers/IncidenciaController.go:358.3,358.32 1 0
restaurante/controllers/IncidenciaController.go:361.2,361.47 1 0
restaurante/controllers/IncidenciaController.go:361.47,363.3 1 0
restaurante/controllers/IncidenciaController.go:365.2,365.44 1 0
restaurante/controllers/IncidenciaController.go:365.44,367.3 1 0
restaurante/controllers/IncidenciaController.go:369.2,369.64 1 0
restaurante/controllers/IncidenciaController.go:369.64,371.3 1 0
restaurante/controllers/IncidenciaController.go:373.2,373.83 1 0
restaurante/controllers/IncidenciaController.go:373.83,376.3 2 0
restaurante/controllers/IncidenciaController.go:379.2,379.49 1 0
restaurante/controllers/IncidenciaController.go:379.49,388.3 4 0
restaurante/controllers/IncidenciaController.go:391.2,397.39 1 0
restaurante/controllers/IncidenciaController.go:397.39,398.49 1 0
restaurante/controllers/IncidenciaController.go:398.49,400.5 1 0
restaurante/controllers/IncidenciaController.go:401.4,401.12 1 0
restaurante/controllers/IncidenciaController.go:406.2,412.15 3 0
restaurante/controllers/IncidenciaController.go:426.41,429.16 3 1
restaurante/controllers/IncidenciaController.go:429.16,437.3 4 1
restaurante/controllers/IncidenciaController.go:439.2,440.26 2 0
restaurante/controllers/IncidenciaController.go:440.26,448.3 4 0
restaurante/controllers/IncidenciaController.go:448.8,448.23 1 0
restaurante/controllers/IncidenciaController.go:448.23,457.3 4 0
restaurante/controllers/IncidenciaController.go:459.2,464.15 3 0
restaurante/controllers/LoginController.go:51.35,53.79 2 6
restaurante/controllers/LoginController.go:53.79,62.3 4 1
restaurante/controllers/LoginController.go:64.2,70.16 4 5
restaurante/controllers/LoginController.go:70.16,72.108 1 2
restaurante/controllers/LoginController.go:72.108,80.4 4 1
restaurante/controllers/LoginController.go:81.3,84.9 3 1
restaurante/controllers/LoginController.go:88.2,91.16 3 3
restaurante/controllers/LoginController.go:91.16,93.105 1 2
restaurante/controllers/LoginController.go:93.105,101.4 4 1
restaurante/controllers/LoginController.go:102.3,105.9 3 1
restaurante/controllers/LoginController.go:109.2,114.15 3 1
restaurante/controllers/LoginController.go:118.82,133.16 6 3
restaurante/controllers/LoginController.go:133.16,142.3 4 0
restaurante/controllers/LoginController.go:144.2,153.15 3 3
restaurante/controllers/LoginController.go:156.42,158.37 1 6
restaurante/controllers/LoginController.go:158.37,162.3 3 1
restaurante/controllers/LoginController.go:165.2,165.83 1 5
restaurante/controllers/LoginController.go:165.83,168.3 2 1
restaurante/controllers/LoginController.go:171.2,172.22 2 4
restaurante/controllers/LoginController.go:172.22,180.3 4 1
restaurante/controllers/LoginController.go:181.2,184.56 2 3
restaurante/controllers/LoginController.go:184.56,186.3 1 1
restaurante/controllers/LoginController.go:187.2,190.101 3 3
restaurante/controllers/LoginController.go:190.101,192.3 1 2
restaurante/controllers/LoginController.go:194.2,194.32 1 3
restaurante/controllers/LoginController.go:194.32,202.3 4 1
restaurante/controllers/LoginController.go:204.2,204.47 1 2
restaurante/controllers/MetodoPagoController.go:29.81,31.2 1 1
restaurante/controllers/MetodoPagoController.go:37.71,39.2 1 1
restaurante/controllers/MetodoPagoController.go:41.60,41.98 1 7
restaurante/controllers/MetodoPagoController.go:57.41,62.16 4 1
restaurante/controllers/MetodoPagoController.go:62.16,71.3 4 1
restaurante/controllers/MetodoPagoController.go:73.2,79.15 3 0
restaurante/controllers/MetodoPagoController.go:93.42,97.27 3 3
restaurante/controllers/MetodoPagoController.go:97.27,106.3 4 1
restaurante/controllers/MetodoPagoController.go:108.9,111.26 3 2
restaurante/controllers/MetodoPagoController.go:111.26,120.3 4 1
restaurante/controllers/MetodoPagoController.go:122.2,128.15 3 1
restaurante/controllers/MetodoPagoController.go:142.39,146.73 3 2
restaurante/controllers/MetodoPagoController.go:146.73,155.3 4 1
restaurante/controllers/MetodoPagoController.go:157.2,158.16 2 1
restaurante/controllers/MetodoPagoController.go:158.16,167.3 4 0
restaurante/controllers/MetodoPagoController.go:169.2,175.15 3 1
restaurante/controllers/MetodoPagoController.go:190.38,196.27 4 4
restaurante/controllers/MetodoPagoController.go:196.27,205.3 4 1
restaurante/controllers/MetodoPagoController.go:207.9,209.28 2 3
restaurante/controllers/MetodoPagoController.go:209.28,211.81 2 2
restaurante/controllers/MetodoPagoController.go:211.81,220.4 4 1
restaurante/controllers/MetodoPagoController.go:222.17,224.17 3 1
restaurante/controllers/MetodoPagoController.go:224.17,233.4 4 0
restaurante/controllers/MetodoPagoController.go:235.3,241.16 3 1
restaurante/controllers/MetodoPagoController.go:242.8,249.3 3 1
restaurante/controllers/MetodoPagoController.go:263.41,269.27 4 3
restaurante/controllers/MetodoPagoController.go:269.27,278.3 4 1
restaurante/controllers/MetodoPagoController.go:280.9,282.45 2 2
restaurante/controllers/MetodoPagoController.go:282.45,289.3 3 1
restaurante/controllers/MetodoPagoController.go:289.8,297.3 3 1
restaurante/controllers/NominaController.go:37.37,42.16 4 1
restaurante/controllers/NominaController.go:42.16,51.3 4 1
restaurante/controllers/NominaController.go:53.2,58.33 5 0
restaurante/controllers/NominaController.go:58.33,59.64 1 0
restaurante/controllers/NominaController.go:59.64,60.12 1 0
restaurante/controllers/NominaController.go:62.3,62.63 1 0
restaurante/controllers/NominaController.go:62.63,63.12 1 0
restaurante/controllers/NominaController.go:65.3,65.46 1 0
restaurante/controllers/NominaController.go:65.46,66.12 1 0
restaurante/controllers/NominaController.go:68.3,68.52 1 0
restaurante/controllers/NominaController.go:71.2,71.31 1 0
restaurante/controllers/NominaController.go:71.31,79.3 4 0
restaurante/controllers/NominaController.go:81.2,87.15 3 0
restaurante/controllers/NominaController.go:102.35,109.72 5 2
restaurante/controllers/NominaController.go:109.72,118.3 4 1
restaurante/controllers/NominaController.go:119.2,119.26 1 1
restaurante/controllers/NominaController.go:119.26,121.3 1 1
restaurante/controllers/NominaController.go:123.2,123.51 1 1
restaurante/controllers/NominaController.go:123.51,125.3 1 1
restaurante/controllers/NominaController.go:127.2,130.16 3 1
restaurante/controllers/NominaController.go:130.16,139.3 4 1
restaurante/controllers/NominaController.go:142.2,142.9 1 0
restaurante/controllers/NominaController.go:142.9,143.114 1 0
restaurante/controllers/NominaController.go:143.114,152.4 4 0
restaurante/controllers/NominaController.go:155.2,155.9 1 0
restaurante/controllers/NominaController.go:155.9,156.68 1 0
restaurante/controllers/NominaController.go:156.68,165.4 4 0
restaurante/controllers/NominaController.go:168.2,172.16 3 0
restaurante/controllers/NominaController.go:172.16,181.3 4 0
restaurante/controllers/NominaController.go:183.2,189.15 3 0
restaurante/controllers/NominaController.go:205.34,211.27 4 2
restaurante/controllers/NominaController.go:211.27,220.3 4 1
restaurante/controllers/NominaController.go:223.2,224.50 2 1
restaurante/controllers/NominaController.go:224.50,232.3 4 0
restaurante/controllers/NominaController.go:235.2,235.53 1 1
restaurante/controllers/NominaController.go:235.53,243.3 4 0
restaurante/controllers/NominaController.go:244.2,247.62 2 1
restaurante/controllers/NominaController.go:247.62,256.3 4 1
restaurante/controllers/NominaController.go:259.2,265.15 3 0
restaurante/controllers/NominaController.go:279.37,284.27 4 2
restaurante/controllers/NominaController.go:284.27,293.3 4 1
restaurante/controllers/NominaController.go:295.2,296.40 2 1
restaurante/controllers/NominaController.go:296.40,304.3 4 1
restaurante/controllers/NominaController.go:306.2,307.62 2 0
restaurante/controllers/NominaController.go:307.62,316.3 4 0
restaurante/controllers/NominaController.go:318.2,323.15 3 0
restaurante/controllers/NominaTrabajadorController.go:28.47,34.16 4 1
restaurante/controllers/NominaTrabajadorController.go:34.16,43.3 4 1
restaurante/controllers/NominaTrabajadorController.go:46.2,52.15 3 0
restaurante/controllers/NominaTrabajadorController.go:67.45,73.72 4 3
restaurante/controllers/NominaTrabajadorController.go:73.72,82.3 4 1
restaurante/controllers/NominaTrabajadorController.go:85.2,85.40 1 2
restaurante/controllers/NominaTrabajadorController.go:85.40,93.3 4 1
restaurante/controllers/NominaTrabajadorController.go:94.2,109.16 7 1
restaurante/controllers/NominaTrabajadorController.go:109.16,118.3 4 1
restaurante/controllers/NominaTrabajadorController.go:121.2,122.41 2 0
restaurante/controllers/NominaTrabajadorController.go:122.41,123.23 1 0
restaurante/controllers/NominaTrabajadorController.go:123.23,125.4 1 0
restaurante/controllers/NominaTrabajadorController.go:125.9,127.4 1 0
restaurante/controllers/NominaTrabajadorController.go:129.2,136.16 4 0
restaurante/controllers/NominaTrabajadorController.go:136.16,145.3 4 0
restaurante/controllers/NominaTrabajadorController.go:146.2,154.16 5 0
restaurante/controllers/NominaTrabajadorController.go:154.16,163.3 4 0
restaurante/controllers/NominaTrabajadorController.go:166.2,180.15 4 0
restaurante/controllers/NominaTrabajadorController.go:200.56,210.20 8 2
restaurante/controllers/NominaTrabajadorController.go:210.20,218.3 4 1
restaurante/controllers/NominaTrabajadorController.go:221.2,230.12 4 1
restaurante/controllers/NominaTrabajadorController.go:230.12,232.3 1 0
restaurante/controllers/NominaTrabajadorController.go:235.2,235.11 1 1
restaurante/controllers/NominaTrabajadorController.go:235.11,237.3 1 0
restaurante/controllers/NominaTrabajadorController.go:237.8,237.20 1 1
restaurante/controllers/NominaTrabajadorController.go:237.20,239.3 1 0
restaurante/controllers/NominaTrabajadorController.go:242.2,242.25 1 1
restaurante/controllers/NominaTrabajadorController.go:242.25,245.3 2 0
restaurante/controllers/NominaTrabajadorController.go:248.2,251.50 2 1
restaurante/controllers/NominaTrabajadorController.go:251.50,259.3 4 1
restaurante/controllers/NominaTrabajadorController.go:259.8,259.23 1 0
restaurante/controllers/NominaTrabajadorController.go:259.23,268.3 4 0
restaurante/controllers/NominaTrabajadorController.go:271.2,277.15 3 0
restaurante/controllers/NominaTrabajadorController.go:280.50,296.2 2 2
restaurante/controllers/NominaTrabajadorController.go:311.56,317.37 4 2
restaurante/controllers/NominaTrabajadorController.go:317.37,325.3 4 1
restaurante/controllers/NominaTrabajadorController.go:328.2,350.16 6 1
restaurante/controllers/NominaTrabajadorController.go:350.16,359.3 4 1
restaurante/controllers/NominaTrabajadorController.go:361.2,361.26 1 0
restaurante/controllers/NominaTrabajadorController.go:361.26,369.3 4 0
restaurante/controllers/NominaTrabajadorController.go:372.2,378.15 3 0
restaurante/controllers/PagoController.go:28.31,28.54 1 14
restaurante/controllers/PagoController.go:53.35,58.16 4 5
restaurante/controllers/PagoController.go:58.16,67.3 4 1
restaurante/controllers/PagoController.go:70.2,70.23 1 4
restaurante/controllers/PagoController.go:70.23,74.3 3 10
restaurante/controllers/PagoController.go:77.2,86.29 8 4
restaurante/controllers/PagoController.go:86.29,87.62 1 10
restaurante/controllers/PagoController.go:87.62,88.12 1 1
restaurante/controllers/PagoController.go:90.3,90.54 1 9
restaurante/controllers/PagoController.go:90.54,91.12 1 1
restaurante/controllers/PagoController.go:93.3,93.61 1 8
restaurante/controllers/PagoController.go:93.61,94.12 1 1
restaurante/controllers/PagoController.go:96.3,96.44 1 7
restaurante/controllers/PagoController.go:96.44,97.12 1 1
restaurante/controllers/PagoController.go:99.3,99.49 1 6
restaurante/controllers/PagoController.go:99.49,100.12 1 2
restaurante/controllers/PagoController.go:102.3,102.123 1 4
restaurante/controllers/PagoController.go:102.123,103.12 1 1
restaurante/controllers/PagoController.go:106.3,106.46 1 3
restaurante/controllers/PagoController.go:110.2,110.29 1 4
restaurante/controllers/PagoController.go:110.29,118.3 4 1
restaurante/controllers/PagoController.go:121.2,127.15 3 3
restaurante/controllers/PagoController.go:141.36,145.27 3 3
restaurante/controllers/PagoController.go:145.27,154.3 4 1
restaurante/controllers/PagoController.go:156.2,158.26 3 2
restaurante/controllers/PagoController.go:158.26,167.3 4 1
restaurante/controllers/PagoController.go:170.2,180.15 6 1
restaurante/controllers/PagoController.go:194.33,209.69 4 10
restaurante/controllers/PagoController.go:209.69,218.3 4 1
restaurante/controllers/PagoController.go:221.2,221.24 1 9
restaurante/controllers/PagoController.go:221.24,226.3 4 1
restaurante/controllers/PagoController.go:227.2,228.16 2 8
restaurante/controllers/PagoController.go:228.16,233.3 4 1
restaurante/controllers/PagoController.go:235.2,235.23 1 7
restaurante/controllers/PagoController.go:235.23,240.3 4 1
restaurante/controllers/PagoController.go:241.2,242.16 2 6
restaurante/controllers/PagoController.go:242.16,247.3 4 1
restaurante/controllers/PagoController.go:249.2,249.19 1 5
restaurante/controllers/PagoController.go:249.19,254.3 4 1
restaurante/controllers/PagoController.go:256.2,256.25 1 4
restaurante/controllers/PagoController.go:256.25,261.3 4 0
restaurante/controllers/PagoController.go:262.2,263.43 2 4
restaurante/controllers/PagoController.go:263.43,272.3 4 1
restaurante/controllers/PagoController.go:274.2,274.26 1 3
restaurante/controllers/PagoController.go:274.26,279.3 4 1
restaurante/controllers/PagoController.go:282.2,283.24 2 2
restaurante/controllers/PagoController.go:283.24,285.3 1 0
restaurante/controllers/PagoController.go:287.2,298.43 2 2
restaurante/controllers/PagoController.go:298.43,303.3 4 1
restaurante/controllers/PagoController.go:305.2,311.15 3 1
restaurante/controllers/PagoController.go:326.32,332.27 4 11
restaurante/controllers/PagoController.go:332.27,341.3 4 1
restaurante/controllers/PagoController.go:344.2,345.48 2 10
restaurante/controllers/PagoController.go:345.48,353.3 4 1
restaurante/controllers/PagoController.go:356.2,357.72 2 9
restaurante/controllers/PagoController.go:357.72,366.3 4 1
restaurante/controllers/PagoController.go:369.2,369.67 1 8
restaurante/controllers/PagoController.go:369.67,371.17 2 3
restaurante/controllers/PagoController.go:371.17,380.4 4 0
restaurante/controllers/PagoController.go:381.3,381.26 1 3
restaurante/controllers/PagoController.go:385.2,385.64 1 8
restaurante/controllers/PagoController.go:385.64,388.17 2 3
restaurante/controllers/PagoController.go:388.17,397.4 4 0
restaurante/controllers/PagoController.go:398.3,398.25 1 3
restaurante/controllers/PagoController.go:399.8,407.3 4 5
restaurante/controllers/PagoController.go:409.2,409.47 1 3
restaurante/controllers/PagoController.go:409.47,411.3 1 2
restaurante/controllers/PagoController.go:413.2,413.69 1 3
restaurante/controllers/PagoController.go:413.69,415.37 2 2
restaurante/controllers/PagoController.go:415.37,423.4 4 0
restaurante/controllers/PagoController.go:424.3,424.28 1 2
restaurante/controllers/PagoController.go:427.2,427.55 1 3
restaurante/controllers/PagoController.go:427.55,429.3 1 1
restaurante/controllers/PagoController.go:432.2,434.87 2 3
restaurante/controllers/PagoController.go:434.87,437.3 2 3
restaurante/controllers/PagoController.go:437.8,445.3 4 0
restaurante/controllers/PagoController.go:448.2,448.43 1 3
restaurante/controllers/PagoController.go:448.43,457.3 4 1
restaurante/controllers/PagoController.go:460.2,466.15 3 2
restaurante/controllers/PagoController.go:480.35,485.27 4 3
restaurante/controllers/PagoController.go:485.27,494.3 4 1
restaurante/controllers/PagoController.go:496.2,498.43 2 2
restaurante/controllers/PagoController.go:498.43,505.3 3 1
restaurante/controllers/PagoController.go:505.8,513.3 3 1
restaurante/controllers/PedidoController.go:35.37,59.17 12 4
restaurante/controllers/PedidoController.go:59.17,62.3 2 1
restaurante/controllers/PedidoController.go:64.2,64.32 1 4
restaurante/controllers/PedidoController.go:64.32,67.3 2 1
restaurante/controllers/PedidoController.go:69.2,69.26 1 4
restaurante/controllers/PedidoController.go:69.26,72.15 3 1
restaurante/controllers/PedidoController.go:72.15,75.4 2 1
restaurante/controllers/PedidoController.go:78.2,78.17 1 4
restaurante/controllers/PedidoController.go:78.17,81.3 2 1
restaurante/controllers/PedidoController.go:83.2,83.22 1 4
restaurante/controllers/PedidoController.go:83.22,86.3 2 1
restaurante/controllers/PedidoController.go:88.2,88.25 1 4
restaurante/controllers/PedidoController.go:88.25,89.16 1 2
restaurante/controllers/PedidoController.go:89.16,91.4 1 1
restaurante/controllers/PedidoController.go:91.9,93.4 1 1
restaurante/controllers/PedidoController.go:97.2,99.16 3 4
restaurante/controllers/PedidoController.go:99.16,107.3 3 1
restaurante/controllers/PedidoController.go:110.2,110.23 1 3
restaurante/controllers/PedidoController.go:110.23,117.3 3 2
restaurante/controllers/PedidoController.go:120.2,125.15 2 1
restaurante/controllers/PedidoController.go:140.35,149.69 2 4
restaurante/controllers/PedidoController.go:149.69,158.3 4 1
restaurante/controllers/PedidoController.go:160.2,170.24 7 3
restaurante/controllers/PedidoController.go:170.24,172.3 1 1
restaurante/controllers/PedidoController.go:172.8,174.3 1 2
restaurante/controllers/PedidoController.go:175.2,175.29 1 3
restaurante/controllers/PedidoController.go:175.29,177.3 1 0
restaurante/controllers/PedidoController.go:181.2,181.27 1 3
restaurante/controllers/PedidoController.go:181.27,183.3 1 0
restaurante/controllers/PedidoController.go:185.2,185.54 1 3
restaurante/controllers/PedidoController.go:185.54,193.3 4 1
restaurante/controllers/PedidoController.go:195.2,196.45 2 2
restaurante/controllers/PedidoController.go:196.45,205.3 4 1
restaurante/controllers/PedidoController.go:207.2,213.15 3 1
restaurante/controllers/PedidoController.go:229.46,236.262 5 3
restaurante/controllers/PedidoController.go:236.262,241.3 4 1
restaurante/controllers/PedidoController.go:244.2,245.64 2 2
restaurante/controllers/PedidoController.go:245.64,250.3 4 1
restaurante/controllers/PedidoController.go:252.2,253.15 2 1
restaurante/controllers/PedidoController.go:269.41,275.262 5 3
restaurante/controllers/PedidoController.go:275.262,280.3 4 1
restaurante/controllers/PedidoController.go:283.2,284.76 2 2
restaurante/controllers/PedidoController.go:284.76,289.3 4 1
restaurante/controllers/PedidoController.go:292.2,292.129 1 1
restaurante/controllers/PedidoController.go:292.130,295.3 0 0
restaurante/controllers/PedidoController.go:297.2,298.15 2 1
restaurante/controllers/PedidoController.go:314.49,318.127 3 4
restaurante/controllers/PedidoController.go:318.127,326.3 4 1
restaurante/controllers/PedidoController.go:328.2,332.262 3 3
restaurante/controllers/PedidoController.go:332.262,340.3 4 1
restaurante/controllers/PedidoController.go:343.2,343.120 1 2
restaurante/controllers/PedidoController.go:343.120,352.3 4 1
restaurante/controllers/PedidoController.go:355.2,362.15 4 1
restaurante/controllers/PedidoController.go:378.47,383.19 3 3
restaurante/controllers/PedidoController.go:383.19,390.3 3 1
restaurante/controllers/PedidoController.go:393.2,427.16 4 2
restaurante/controllers/PedidoController.go:427.16,435.3 3 1
restaurante/controllers/PedidoController.go:438.2,443.15 2 1
restaurante/controllers/ProductoController.go:32.39,42.16 6 1
restaurante/controllers/ProductoController.go:42.16,44.3 1 0
restaurante/controllers/ProductoController.go:47.2,48.16 2 1
restaurante/controllers/ProductoController.go:48.16,57.3 4 1
restaurante/controllers/ProductoController.go:60.2,60.27 1 0
restaurante/controllers/ProductoController.go:60.27,61.20 1 0
restaurante/controllers/ProductoController.go:61.20,63.4 1 0
restaurante/controllers/ProductoController.go:66.2,72.15 3 0
restaurante/controllers/ProductoController.go:85.40,89.27 3 2
restaurante/controllers/ProductoController.go:89.27,98.3 4 1
restaurante/controllers/ProductoController.go:100.2,101.16 2 1
restaurante/controllers/ProductoController.go:101.16,109.3 4 1
restaurante/controllers/ProductoController.go:111.2,117.15 3 0
restaurante/controllers/ProductoController.go:130.37,134.75 3 1
restaurante/controllers/ProductoController.go:134.75,139.3 4 1
restaurante/controllers/ProductoController.go:141.2,143.52 2 0
restaurante/controllers/ProductoController.go:143.52,148.3 4 0
restaurante/controllers/ProductoController.go:150.2,150.47 1 0
restaurante/controllers/ProductoController.go:150.47,155.3 4 0
restaurante/controllers/ProductoController.go:157.2,158.43 2 0
restaurante/controllers/ProductoController.go:158.43,163.3 4 0
restaurante/controllers/ProductoController.go:165.2,167.15 3 0
restaurante/controllers/ProductoController.go:181.36,186.27 4 1
restaurante/controllers/ProductoController.go:186.27,191.3 4 1
restaurante/controllers/ProductoController.go:193.2,195.30 2 0
restaurante/controllers/ProductoController.go:195.30,199.73 3 0
restaurante/controllers/ProductoController.go:199.73,204.4 4 0
restaurante/controllers/ProductoController.go:206.3,213.28 8 0
restaurante/controllers/ProductoController.go:213.28,215.4 1 0
restaurante/controllers/ProductoController.go:217.3,217.53 1 0
restaurante/controllers/ProductoController.go:217.53,222.4 4 0
restaurante/controllers/ProductoController.go:224.3,224.44 1 0
restaurante/controllers/ProductoController.go:224.44,229.4 4 0
restaurante/controllers/ProductoController.go:231.3,231.47 1 0
restaurante/controllers/ProductoController.go:231.47,236.4 4 0
restaurante/controllers/ProductoController.go:238.3,238.41 1 0
restaurante/controllers/ProductoController.go:238.41,240.45 2 0
restaurante/controllers/ProductoController.go:240.45,245.5 4 0
restaurante/controllers/ProductoController.go:248.3,250.16 3 0
restaurante/controllers/ProductoController.go:251.8,255.3 3 0
restaurante/controllers/ProductoController.go:270.39,276.27 4 1
restaurante/controllers/ProductoController.go:276.27,285.3 4 1
restaurante/controllers/ProductoController.go:288.2,289.16 2 0
restaurante/controllers/ProductoController.go:289.16,297.3 4 0
restaurante/controllers/ProductoController.go:298.2,298.67 1 0
restaurante/controllers/ProductoController.go:298.67,306.3 4 0
restaurante/controllers/ProductoController.go:308.2,309.65 2 0
restaurante/controllers/ProductoController.go:309.65,318.3 4 0
restaurante/controllers/ProductoController.go:320.2,325.15 3 0
restaurante/controllers/ProductoController.go:328.56,329.27 1 6
restaurante/controllers/ProductoController.go:329.27,331.3 1 1
restaurante/controllers/ProductoController.go:332.2,332.26 1 5
restaurante/controllers/ProductoController.go:332.26,334.3 1 2
restaurante/controllers/ProductoController.go:335.2,335.56 1 3
restaurante/controllers/ProductoController.go:335.56,337.3 1 1
restaurante/controllers/ProductoController.go:338.2,338.130 1 2
restaurante/controllers/ProductoController.go:338.130,340.3 1 1
restaurante/controllers/ProductoController.go:341.2,341.12 1 1
restaurante/controllers/ProductoController.go:344.71,346.41 2 1
restaurante/controllers/ProductoController.go:346.41,347.27 1 1
restaurante/controllers/ProductoController.go:347.27,349.4 1 0
restaurante/controllers/ProductoController.go:350.3,350.65 1 1
restaurante/controllers/ProductoController.go:352.2,352.22 1 0
restaurante/controllers/ProductoPedidoController.go:18.55,18.78 1 3
restaurante/controllers/ProductoPedidoController.go:48.45,50.33 2 3
restaurante/controllers/ProductoPedidoController.go:50.33,57.3 3 1
restaurante/controllers/ProductoPedidoController.go:59.2,63.30 3 2
restaurante/controllers/ProductoPedidoController.go:63.30,71.3 3 1
restaurante/controllers/ProductoPedidoController.go:73.2,73.24 1 1
restaurante/controllers/ProductoPedidoController.go:73.24,80.3 3 0
restaurante/controllers/ProductoPedidoController.go:82.2,92.15 3 1
restaurante/controllers/ProductoPedidoController.go:107.43,113.72 2 4
restaurante/controllers/ProductoPedidoController.go:113.72,121.3 3 1
restaurante/controllers/ProductoPedidoController.go:123.2,123.53 1 3
restaurante/controllers/ProductoPedidoController.go:123.53,130.3 3 1
restaurante/controllers/ProductoPedidoController.go:132.2,134.35 3 2
restaurante/controllers/ProductoPedidoController.go:134.35,142.47 4 2
restaurante/controllers/ProductoPedidoController.go:142.47,150.4 3 1
restaurante/controllers/ProductoPedidoController.go:153.3,157.34 2 1
restaurante/controllers/ProductoPedidoController.go:157.34,165.4 3 0
restaurante/controllers/ProductoPedidoController.go:167.3,167.43 1 1
restaurante/controllers/ProductoPedidoController.go:170.2,180.15 3 1
restaurante/controllers/ProductoPedidoController.go:197.45,199.33 2 5
restaurante/controllers/ProductoPedidoController.go:199.33,206.3 3 1
restaurante/controllers/ProductoPedidoController.go:209.2,210.82 2 4
restaurante/controllers/ProductoPedidoController.go:210.82,218.3 3 1
restaurante/controllers/ProductoPedidoController.go:220.2,220.31 1 3
restaurante/controllers/ProductoPedidoController.go:220.31,227.3 3 1
restaurante/controllers/ProductoPedidoController.go:229.2,232.61 3 2
restaurante/controllers/ProductoPedidoController.go:232.61,240.3 3 1
restaurante/controllers/ProductoPedidoController.go:242.2,242.39 1 1
restaurante/controllers/ProductoPedidoController.go:242.39,250.3 3 0
restaurante/controllers/ProductoPedidoController.go:252.2,253.36 2 1
restaurante/controllers/ProductoPedidoController.go:253.36,261.47 4 1
restaurante/controllers/ProductoPedidoController.go:261.47,269.4 3 0
restaurante/controllers/ProductoPedidoController.go:272.3,276.34 2 1
restaurante/controllers/ProductoPedidoController.go:276.34,284.4 3 0
restaurante/controllers/ProductoPedidoController.go:286.3,286.43 1 1
restaurante/controllers/ProductoPedidoController.go:289.2,299.15 3 1
restaurante/controllers/ReservaController.go:26.85,28.2 1 1
restaurante/controllers/ReservaController.go:30.62,32.2 1 0
restaurante/controllers/ReservaController.go:34.73,36.2 1 0
restaurante/controllers/ReservaController.go:38.89,40.2 1 0
restaurante/controllers/ReservaController.go:42.152,44.17 2 0
restaurante/controllers/ReservaController.go:44.17,46.3 1 0
restaurante/controllers/ReservaController.go:47.2,47.14 1 0
restaurante/controllers/ReservaController.go:47.14,49.3 1 0
restaurante/controllers/ReservaController.go:50.2,50.25 1 0
restaurante/controllers/ReservaController.go:62.38,67.16 4 2
restaurante/controllers/ReservaController.go:67.16,76.3 4 1
restaurante/controllers/ReservaController.go:79.2,79.26 1 1
restaurante/controllers/ReservaController.go:79.26,84.3 4 1
restaurante/controllers/ReservaController.go:86.2,92.15 3 1
restaurante/controllers/ReservaController.go:105.39,109.27 3 3
restaurante/controllers/ReservaController.go:109.27,118.3 4 1
restaurante/controllers/ReservaController.go:120.2,123.26 3 2
restaurante/controllers/ReservaController.go:123.26,132.3 4 1
restaurante/controllers/ReservaController.go:133.2,144.15 7 1
restaurante/controllers/ReservaController.go:157.36,162.72 3 11
restaurante/controllers/ReservaController.go:162.72,171.3 4 1
restaurante/controllers/ReservaController.go:174.2,175.55 2 10
restaurante/controllers/ReservaController.go:175.55,178.3 2 1
restaurante/controllers/ReservaController.go:179.2,179.54 1 10
restaurante/controllers/ReservaController.go:179.54,182.3 2 1
restaurante/controllers/ReservaController.go:183.2,183.77 1 10
restaurante/controllers/ReservaController.go:183.77,184.24 1 1
restaurante/controllers/ReservaController.go:184.24,189.4 4 1
restaurante/controllers/ReservaController.go:193.2,196.74 2 9
restaurante/controllers/ReservaController.go:196.74,198.17 2 8
restaurante/controllers/ReservaController.go:198.17,207.4 4 1
restaurante/controllers/ReservaController.go:208.3,208.29 1 7
restaurante/controllers/ReservaController.go:209.8,217.3 4 1
restaurante/controllers/ReservaController.go:220.2,220.71 1 7
restaurante/controllers/ReservaController.go:220.71,222.17 2 6
restaurante/controllers/ReservaController.go:222.17,231.4 4 1
restaurante/controllers/ReservaController.go:232.3,232.28 1 5
restaurante/controllers/ReservaController.go:233.8,241.3 4 1
restaurante/controllers/ReservaController.go:244.2,244.53 1 5
restaurante/controllers/ReservaController.go:244.53,246.3 1 4
restaurante/controllers/ReservaController.go:246.8,254.3 4 1
restaurante/controllers/ReservaController.go:257.2,257.58 1 4
restaurante/controllers/ReservaController.go:257.58,259.19 2 2
restaurante/controllers/ReservaController.go:259.19,260.34 1 2
restaurante/controllers/ReservaController.go:260.34,269.5 4 1
restaurante/controllers/ReservaController.go:270.4,270.36 1 1
restaurante/controllers/ReservaController.go:275.2,275.60 1 3
restaurante/controllers/ReservaController.go:275.60,277.3 1 1
restaurante/controllers/ReservaController.go:280.2,280.54 1 3
restaurante/controllers/ReservaController.go:280.54,282.3 1 1
restaurante/controllers/ReservaController.go:284.2,284.57 1 3
restaurante/controllers/ReservaController.go:284.57,287.3 2 2
restaurante/controllers/ReservaController.go:287.8,295.3 4 1
restaurante/controllers/ReservaController.go:296.2,296.63 1 2
restaurante/controllers/ReservaController.go:296.63,299.3 2 2
restaurante/controllers/ReservaController.go:299.8,307.3 4 0
restaurante/controllers/ReservaController.go:310.2,315.16 4 2
restaurante/controllers/ReservaController.go:315.16,324.3 4 1
restaurante/controllers/ReservaController.go:327.2,333.15 3 1
restaurante/controllers/ReservaController.go:347.35,352.27 3 9
restaurante/controllers/ReservaController.go:352.27,361.3 4 1
restaurante/controllers/ReservaController.go:364.2,365.49 2 8
restaurante/controllers/ReservaController.go:365.49,373.3 4 1
restaurante/controllers/ReservaController.go:376.2,377.72 2 7
restaurante/controllers/ReservaController.go:377.72,386.3 4 1
restaurante/controllers/ReservaController.go:389.2,390.55 2 6
restaurante/controllers/ReservaController.go:390.55,393.3 2 0
restaurante/controllers/ReservaController.go:394.2,394.54 1 6
restaurante/controllers/ReservaController.go:394.54,397.3 2 0
restaurante/controllers/ReservaController.go:398.2,398.77 1 6
restaurante/controllers/ReservaController.go:398.77,399.24 1 0
restaurante/controllers/ReservaController.go:399.24,404.4 4 0
restaurante/controllers/ReservaController.go:408.2,408.74 1 6
restaurante/controllers/ReservaController.go:408.74,410.17 2 6
restaurante/controllers/ReservaController.go:410.17,419.4 4 1
restaurante/controllers/ReservaController.go:420.3,420.29 1 5
restaurante/controllers/ReservaController.go:423.2,423.71 1 5
restaurante/controllers/ReservaController.go:423.71,425.17 2 5
restaurante/controllers/ReservaController.go:425.17,434.4 4 1
restaurante/controllers/ReservaController.go:435.3,435.28 1 4
restaurante/controllers/ReservaController.go:438.2,438.53 1 4
restaurante/controllers/ReservaController.go:438.53,440.3 1 4
restaurante/controllers/ReservaController.go:442.2,442.58 1 4
restaurante/controllers/ReservaController.go:442.58,444.32 2 2
restaurante/controllers/ReservaController.go:444.32,446.4 1 1
restaurante/controllers/ReservaController.go:449.2,449.60 1 4
restaurante/controllers/ReservaController.go:449.60,451.3 1 1
restaurante/controllers/ReservaController.go:453.2,453.54 1 4
restaurante/controllers/ReservaController.go:453.54,455.3 1 1
restaurante/controllers/ReservaController.go:457.2,457.57 1 4
restaurante/controllers/ReservaController.go:457.57,460.3 2 3
restaurante/controllers/ReservaController.go:460.8,468.3 4 1
restaurante/controllers/ReservaController.go:469.2,469.63 1 3
restaurante/controllers/ReservaController.go:469.63,472.3 2 3
restaurante/controllers/ReservaController.go:472.8,480.3 4 0
restaurante/controllers/ReservaController.go:483.2,486.54 2 3
restaurante/controllers/ReservaController.go:486.54,495.3 4 1
restaurante/controllers/ReservaController.go:498.2,504.15 3 2
restaurante/controllers/ReservaController.go:519.46,529.24 8 3
restaurante/controllers/ReservaController.go:529.24,532.17 3 3
restaurante/controllers/ReservaController.go:532.17,540.4 4 1
restaurante/controllers/ReservaController.go:541.3,541.18 1 2
restaurante/controllers/ReservaController.go:544.2,545.16 2 2
restaurante/controllers/ReservaController.go:545.16,554.3 4 1
restaurante/controllers/ReservaController.go:557.2,557.26 1 1
restaurante/controllers/ReservaController.go:557.26,562.3 4 1
restaurante/controllers/ReservaController.go:564.2,570.15 3 1
restaurante/controllers/ReservaController.go:583.38,588.27 3 4
restaurante/controllers/ReservaController.go:588.27,597.3 4 1
restaurante/controllers/ReservaController.go:600.2,601.49 2 3
restaurante/controllers/ReservaController.go:601.49,609.3 4 1
restaurante/controllers/ReservaController.go:612.2,617.84 4 2
restaurante/controllers/ReservaController.go:617.84,626.3 4 1
restaurante/controllers/ReservaController.go:629.2,635.15 3 1
restaurante/controllers/RestauranteController.go:26.42,31.16 4 1
restaurante/controllers/RestauranteController.go:31.16,40.3 4 1
restaurante/controllers/RestauranteController.go:41.2,47.15 3 0
restaurante/controllers/RestauranteController.go:60.43,64.27 3 2
restaurante/controllers/RestauranteController.go:64.27,73.3 4 1
restaurante/controllers/RestauranteController.go:75.2,78.26 3 1
restaurante/controllers/RestauranteController.go:78.26,87.3 4 0
restaurante/controllers/RestauranteController.go:89.2,95.15 3 1
restaurante/controllers/RestauranteController.go:108.40,113.78 3 2
restaurante/controllers/RestauranteController.go:113.78,122.3 4 1
restaurante/controllers/RestauranteController.go:124.2,125.16 2 1
restaurante/controllers/RestauranteController.go:125.16,134.3 4 1
restaurante/controllers/RestauranteController.go:136.2,142.15 3 0
restaurante/controllers/RestauranteController.go:156.39,162.27 4 2
restaurante/controllers/RestauranteController.go:162.27,171.3 4 1
restaurante/controllers/RestauranteController.go:173.2,175.33 2 1
restaurante/controllers/RestauranteController.go:175.33,177.86 2 0
restaurante/controllers/RestauranteController.go:177.86,186.4 4 0
restaurante/controllers/RestauranteController.go:189.3,192.17 3 0
restaurante/controllers/RestauranteController.go:192.17,201.4 4 0
restaurante/controllers/RestauranteController.go:203.3,209.16 3 0
restaurante/controllers/RestauranteController.go:210.8,217.3 3 1
restaurante/controllers/RestauranteController.go:230.42,236.27 4 2
restaurante/controllers/RestauranteController.go:236.27,245.3 4 1
restaurante/controllers/RestauranteController.go:247.2,249.50 2 1
restaurante/controllers/RestauranteController.go:249.50,256.3 3 0
restaurante/controllers/RestauranteController.go:256.8,264.3 3 1
restaurante/controllers/TrabajadorController.go:25.58,27.16 2 3
restaurante/controllers/TrabajadorController.go:27.16,29.3 1 0
restaurante/controllers/TrabajadorController.go:30.2,30.36 1 3
restaurante/controllers/TrabajadorController.go:34.64,35.47 1 8
restaurante/controllers/TrabajadorController.go:35.47,36.40 1 2
restaurante/controllers/TrabajadorController.go:36.40,38.4 1 1
restaurante/controllers/TrabajadorController.go:40.2,40.12 1 7
restaurante/controllers/TrabajadorController.go:57.41,69.19 8 3
restaurante/controllers/TrabajadorController.go:69.19,71.3 1 1
restaurante/controllers/TrabajadorController.go:71.8,71.30 1 2
restaurante/controllers/TrabajadorController.go:71.30,73.3 1 2
restaurante/controllers/TrabajadorController.go:76.2,76.24 1 3
restaurante/controllers/TrabajadorController.go:76.24,78.3 1 1
restaurante/controllers/TrabajadorController.go:79.2,79.15 1 3
restaurante/controllers/TrabajadorController.go:79.15,81.3 1 1
restaurante/controllers/TrabajadorController.go:84.2,85.16 2 3
restaurante/controllers/TrabajadorController.go:85.16,94.3 4 1
restaurante/controllers/TrabajadorController.go:97.2,97.30 1 2
restaurante/controllers/TrabajadorController.go:97.30,99.42 2 1
restaurante/controllers/TrabajadorController.go:99.42,102.4 2 1
restaurante/controllers/TrabajadorController.go:103.3,103.46 1 1
restaurante/controllers/TrabajadorController.go:103.46,106.4 2 1
restaurante/controllers/TrabajadorController.go:107.3,111.31 3 1
restaurante/controllers/TrabajadorController.go:111.31,113.4 1 1
restaurante/controllers/TrabajadorController.go:117.2,117.28 1 2
restaurante/controllers/TrabajadorController.go:117.28,125.3 4 1
restaurante/controllers/TrabajadorController.go:128.2,134.15 3 1
restaurante/controllers/TrabajadorController.go:148.42,152.27 3 3
restaurante/controllers/TrabajadorController.go:152.27,160.3 4 1
restaurante/controllers/TrabajadorController.go:162.2,164.26 3 2
restaurante/controllers/TrabajadorController.go:164.26,172.3 4 1
restaurante/controllers/TrabajadorController.go:174.2,178.30 3 1
restaurante/controllers/TrabajadorController.go:178.30,180.3 1 1
restaurante/controllers/TrabajadorController.go:181.2,187.15 3 1
restaurante/controllers/TrabajadorController.go:201.39,206.72 3 8
restaurante/controllers/TrabajadorController.go:206.72,215.3 4 1
restaurante/controllers/TrabajadorController.go:216.2,221.59 3 7
restaurante/controllers/TrabajadorController.go:221.59,223.3 1 6
restaurante/controllers/TrabajadorController.go:223.8,231.3 4 1
restaurante/controllers/TrabajadorController.go:234.2,234.64 1 6
restaurante/controllers/TrabajadorController.go:234.64,236.3 1 5
restaurante/controllers/TrabajadorController.go:236.8,244.3 4 1
restaurante/controllers/TrabajadorController.go:247.2,247.70 1 5
restaurante/controllers/TrabajadorController.go:247.70,249.3 1 5
restaurante/controllers/TrabajadorController.go:249.8,257.3 4 0
restaurante/controllers/TrabajadorController.go:260.2,260.55 1 5
restaurante/controllers/TrabajadorController.go:260.55,262.32 2 5
restaurante/controllers/TrabajadorController.go:262.32,270.4 4 1
restaurante/controllers/TrabajadorController.go:271.8,279.3 4 0
restaurante/controllers/TrabajadorController.go:282.2,282.88 1 4
restaurante/controllers/TrabajadorController.go:282.88,284.17 2 4
restaurante/controllers/TrabajadorController.go:284.17,293.4 4 1
restaurante/controllers/TrabajadorController.go:294.3,294.40 1 3
restaurante/controllers/TrabajadorController.go:295.8,303.3 4 0
restaurante/controllers/TrabajadorController.go:306.2,306.49 1 3
restaurante/controllers/TrabajadorController.go:306.49,308.3 1 3
restaurante/controllers/TrabajadorController.go:308.8,316.3 4 0
restaurante/controllers/TrabajadorController.go:319.2,319.70 1 3
restaurante/controllers/TrabajadorController.go:319.70,321.17 2 3
restaurante/controllers/TrabajadorController.go:321.17,330.4 4 1
restaurante/controllers/TrabajadorController.go:331.3,331.39 1 2
restaurante/controllers/TrabajadorController.go:332.8,340.3 4 0
restaurante/controllers/TrabajadorController.go:343.2,343.52 1 2
restaurante/controllers/TrabajadorController.go:343.52,345.3 1 0
restaurante/controllers/TrabajadorController.go:348.2,348.63 1 2
restaurante/controllers/TrabajadorController.go:348.63,351.3 2 0
restaurante/controllers/TrabajadorController.go:354.2,354.97 1 2
restaurante/controllers/TrabajadorController.go:354.97,356.17 2 1
restaurante/controllers/TrabajadorController.go:356.17,365.4 4 1
restaurante/controllers/TrabajadorController.go:366.3,366.44 1 0
restaurante/controllers/TrabajadorController.go:370.2,371.16 2 1
restaurante/controllers/TrabajadorController.go:371.16,380.3 4 1
restaurante/controllers/TrabajadorController.go:383.2,391.15 4 0
restaurante/controllers/TrabajadorController.go:406.38,410.27 3 9
restaurante/controllers/TrabajadorController.go:410.27,418.3 4 1
restaurante/controllers/TrabajadorController.go:421.2,422.44 2 8
restaurante/controllers/TrabajadorController.go:422.44,430.3 4 1
restaurante/controllers/TrabajadorController.go:433.2,434.72 2 7
restaurante/controllers/TrabajadorController.go:434.72,443.3 4 1
restaurante/controllers/TrabajadorController.go:446.2,446.64 1 6
restaurante/controllers/TrabajadorController.go:446.64,448.3 1 0
restaurante/controllers/TrabajadorController.go:450.2,450.70 1 6
restaurante/controllers/TrabajadorController.go:450.70,452.3 1 0
restaurante/controllers/TrabajadorController.go:454.2,454.55 1 6
restaurante/controllers/TrabajadorController.go:454.55,456.19 2 0
restaurante/controllers/TrabajadorController.go:456.19,461.4 4 0
restaurante/controllers/TrabajadorController.go:462.3,462.21 1 0
restaurante/controllers/TrabajadorController.go:465.2,465.49 1 6
restaurante/controllers/TrabajadorController.go:465.49,467.3 1 0
restaurante/controllers/TrabajadorController.go:469.2,469.44 1 6
restaurante/controllers/TrabajadorController.go:469.44,471.3 1 0
restaurante/controllers/TrabajadorController.go:473.2,473.70 1 6
restaurante/controllers/TrabajadorController.go:473.70,475.3 1 0
restaurante/controllers/TrabajadorController.go:477.2,477.89 1 6
restaurante/controllers/TrabajadorController.go:477.89,479.17 2 0
restaurante/controllers/TrabajadorController.go:479.17,488.4 4 0
restaurante/controllers/TrabajadorController.go:489.3,489.40 1 0
restaurante/controllers/TrabajadorController.go:492.2,492.86 1 6
restaurante/controllers/TrabajadorController.go:492.86,494.17 2 0
restaurante/controllers/TrabajadorController.go:494.17,503.4 4 0
restaurante/controllers/TrabajadorController.go:504.3,505.41 2 0
restaurante/controllers/TrabajadorController.go:508.2,508.98 1 6
restaurante/controllers/TrabajadorController.go:508.98,510.17 2 0
restaurante/controllers/TrabajadorController.go:510.17,519.4 4 0
restaurante/controllers/TrabajadorController.go:520.3,521.49 2 0
restaurante/controllers/TrabajadorController.go:524.2,524.70 1 6
restaurante/controllers/TrabajadorController.go:524.70,526.17 2 0
restaurante/controllers/TrabajadorController.go:526.17,535.4 4 0
restaurante/controllers/TrabajadorController.go:536.3,536.39 1 0
restaurante/controllers/TrabajadorController.go:540.2,540.90 1 6
restaurante/controllers/TrabajadorController.go:540.90,548.3 4 0
restaurante/controllers/TrabajadorController.go:551.2,551.49 1 6
restaurante/controllers/TrabajadorController.go:551.49,560.3 4 1
restaurante/controllers/TrabajadorController.go:563.2,572.15 4 5
restaurante/controllers/TrabajadorController.go:586.41,592.27 4 5
restaurante/controllers/TrabajadorController.go:592.27,601.3 4 1
restaurante/controllers/TrabajadorController.go:604.2,605.44 2 4
restaurante/controllers/TrabajadorController.go:605.44,606.27 1 2
restaurante/controllers/TrabajadorController.go:606.27,612.4 2 1
restaurante/controllers/TrabajadorController.go:612.9,619.4 2 1
restaurante/controllers/TrabajadorController.go:620.3,621.9 2 2
restaurante/controllers/TrabajadorController.go:625.2,629.65 3 2
restaurante/controllers/TrabajadorController.go:629.65,638.3 4 1
restaurante/controllers/TrabajadorController.go:639.2,647.15 4 1
